[0.120s] Invoking command in '/home/chris/ros_ws/build/naoqi_libqicore': CMAKE_PREFIX_PATH=/home/chris/ros_ws/install/naoqi_libqi:/home/chris/ros_ws/install/pepper_meshes:/home/chris/ros_ws/install/naoqi_driver:/home/chris/ros_ws/install/naoqi_libqicore:/home/chris/ros_ws/install/naoqi_bridge_msgs:/home/chris/ros_ws/install/nao_meshes:/opt/ros/humble LD_LIBRARY_PATH=/home/chris/ros_ws/install/naoqi_libqi/lib:/home/chris/ros_ws/install/naoqi_driver/lib:/home/chris/ros_ws/install/naoqi_libqicore/lib:/home/chris/ros_ws/install/naoqi_bridge_msgs/lib:/opt/ros/humble/opt/rviz_ogre_vendor/lib:/opt/ros/humble/lib/x86_64-linux-gnu:/opt/ros/humble/lib /usr/bin/cmake /home/chris/ros_ws/src/naoqi_libqicore -DCMAKE_INSTALL_PREFIX=/home/chris/ros_ws/install/naoqi_libqicore
[0.130s] -- Found ament_cmake: 1.3.12 (/opt/ros/humble/share/ament_cmake/cmake)
[0.227s] -- Override CMake install command with custom implementation using symlinks instead of copying resources
[0.234s] -- Found naoqi_libqi: 3.0.3 (/home/chris/ros_ws/install/naoqi_libqi/share/naoqi_libqi/cmake)
[0.306s] -- Configuring done
[0.320s] -- Generating done
[0.323s] -- Build files have been written to: /home/chris/ros_ws/build/naoqi_libqicore
[0.326s] Invoked command in '/home/chris/ros_ws/build/naoqi_libqicore' returned '0': CMAKE_PREFIX_PATH=/home/chris/ros_ws/install/naoqi_libqi:/home/chris/ros_ws/install/pepper_meshes:/home/chris/ros_ws/install/naoqi_driver:/home/chris/ros_ws/install/naoqi_libqicore:/home/chris/ros_ws/install/naoqi_bridge_msgs:/home/chris/ros_ws/install/nao_meshes:/opt/ros/humble LD_LIBRARY_PATH=/home/chris/ros_ws/install/naoqi_libqi/lib:/home/chris/ros_ws/install/naoqi_driver/lib:/home/chris/ros_ws/install/naoqi_libqicore/lib:/home/chris/ros_ws/install/naoqi_bridge_msgs/lib:/opt/ros/humble/opt/rviz_ogre_vendor/lib:/opt/ros/humble/lib/x86_64-linux-gnu:/opt/ros/humble/lib /usr/bin/cmake /home/chris/ros_ws/src/naoqi_libqicore -DCMAKE_INSTALL_PREFIX=/home/chris/ros_ws/install/naoqi_libqicore
[0.327s] Invoking command in '/home/chris/ros_ws/build/naoqi_libqicore': CMAKE_PREFIX_PATH=/home/chris/ros_ws/install/naoqi_libqi:/home/chris/ros_ws/install/pepper_meshes:/home/chris/ros_ws/install/naoqi_driver:/home/chris/ros_ws/install/naoqi_libqicore:/home/chris/ros_ws/install/naoqi_bridge_msgs:/home/chris/ros_ws/install/nao_meshes:/opt/ros/humble LD_LIBRARY_PATH=/home/chris/ros_ws/install/naoqi_libqi/lib:/home/chris/ros_ws/install/naoqi_driver/lib:/home/chris/ros_ws/install/naoqi_libqicore/lib:/home/chris/ros_ws/install/naoqi_bridge_msgs/lib:/opt/ros/humble/opt/rviz_ogre_vendor/lib:/opt/ros/humble/lib/x86_64-linux-gnu:/opt/ros/humble/lib /usr/bin/cmake --build /home/chris/ros_ws/build/naoqi_libqicore -- -j20 -l20
[0.371s] [35m[1mConsolidate compiler generated dependencies of target qicore[0m
[0.422s] [100%] Built target qicore
[0.431s] Invoked command in '/home/chris/ros_ws/build/naoqi_libqicore' returned '0': CMAKE_PREFIX_PATH=/home/chris/ros_ws/install/naoqi_libqi:/home/chris/ros_ws/install/pepper_meshes:/home/chris/ros_ws/install/naoqi_driver:/home/chris/ros_ws/install/naoqi_libqicore:/home/chris/ros_ws/install/naoqi_bridge_msgs:/home/chris/ros_ws/install/nao_meshes:/opt/ros/humble LD_LIBRARY_PATH=/home/chris/ros_ws/install/naoqi_libqi/lib:/home/chris/ros_ws/install/naoqi_driver/lib:/home/chris/ros_ws/install/naoqi_libqicore/lib:/home/chris/ros_ws/install/naoqi_bridge_msgs/lib:/opt/ros/humble/opt/rviz_ogre_vendor/lib:/opt/ros/humble/lib/x86_64-linux-gnu:/opt/ros/humble/lib /usr/bin/cmake --build /home/chris/ros_ws/build/naoqi_libqicore -- -j20 -l20
[0.433s] Invoking command in '/home/chris/ros_ws/build/naoqi_libqicore': CMAKE_PREFIX_PATH=/home/chris/ros_ws/install/naoqi_libqi:/home/chris/ros_ws/install/pepper_meshes:/home/chris/ros_ws/install/naoqi_driver:/home/chris/ros_ws/install/naoqi_libqicore:/home/chris/ros_ws/install/naoqi_bridge_msgs:/home/chris/ros_ws/install/nao_meshes:/opt/ros/humble LD_LIBRARY_PATH=/home/chris/ros_ws/install/naoqi_libqi/lib:/home/chris/ros_ws/install/naoqi_driver/lib:/home/chris/ros_ws/install/naoqi_libqicore/lib:/home/chris/ros_ws/install/naoqi_bridge_msgs/lib:/opt/ros/humble/opt/rviz_ogre_vendor/lib:/opt/ros/humble/lib/x86_64-linux-gnu:/opt/ros/humble/lib /usr/bin/cmake --install /home/chris/ros_ws/build/naoqi_libqicore
[0.438s] -- Install configuration: ""
[0.439s] -- Execute custom install script
[0.439s] -- Up-to-date symlink: /home/chris/ros_ws/install/naoqi_libqicore/include/qicore/api.hpp
[0.439s] -- Up-to-date symlink: /home/chris/ros_ws/install/naoqi_libqicore/include/qicore/loglistener.hpp
[0.440s] -- Up-to-date symlink: /home/chris/ros_ws/install/naoqi_libqicore/include/qicore/logmanager.hpp
[0.440s] -- Up-to-date symlink: /home/chris/ros_ws/install/naoqi_libqicore/include/qicore/logmessage.hpp
[0.441s] -- Up-to-date symlink: /home/chris/ros_ws/install/naoqi_libqicore/include/qicore/logprovider.hpp
[0.441s] -- Up-to-date symlink: /home/chris/ros_ws/install/naoqi_libqicore/include/qicore/file.hpp
[0.442s] -- Up-to-date symlink: /home/chris/ros_ws/install/naoqi_libqicore/include/qicore/fileoperation.hxx
[0.442s] -- Up-to-date symlink: /home/chris/ros_ws/install/naoqi_libqicore/lib/libqicore.a
[0.442s] -- Up-to-date symlink: /home/chris/ros_ws/install/naoqi_libqicore/share/naoqi_libqicore/package.xml
[0.443s] -- Up-to-date symlink: /home/chris/ros_ws/install/naoqi_libqicore/share/naoqi_libqicore/environment/library_path.sh
[0.443s] -- Up-to-date symlink: /home/chris/ros_ws/install/naoqi_libqicore/share/naoqi_libqicore/environment/library_path.dsv
[0.443s] -- Up-to-date symlink: /home/chris/ros_ws/install/naoqi_libqicore/share/ament_index/resource_index/package_run_dependencies/naoqi_libqicore
[0.443s] -- Up-to-date symlink: /home/chris/ros_ws/install/naoqi_libqicore/share/ament_index/resource_index/parent_prefix_path/naoqi_libqicore
[0.444s] -- Up-to-date symlink: /home/chris/ros_ws/install/naoqi_libqicore/share/naoqi_libqicore/environment/ament_prefix_path.sh
[0.444s] -- Up-to-date symlink: /home/chris/ros_ws/install/naoqi_libqicore/share/naoqi_libqicore/environment/ament_prefix_path.dsv
[0.444s] -- Up-to-date symlink: /home/chris/ros_ws/install/naoqi_libqicore/share/naoqi_libqicore/environment/path.sh
[0.445s] -- Up-to-date symlink: /home/chris/ros_ws/install/naoqi_libqicore/share/naoqi_libqicore/environment/path.dsv
[0.445s] -- Up-to-date symlink: /home/chris/ros_ws/install/naoqi_libqicore/share/naoqi_libqicore/local_setup.bash
[0.445s] -- Up-to-date symlink: /home/chris/ros_ws/install/naoqi_libqicore/share/naoqi_libqicore/local_setup.sh
[0.446s] -- Up-to-date symlink: /home/chris/ros_ws/install/naoqi_libqicore/share/naoqi_libqicore/local_setup.zsh
[0.446s] -- Up-to-date symlink: /home/chris/ros_ws/install/naoqi_libqicore/share/naoqi_libqicore/local_setup.dsv
[0.446s] -- Symlinking: /home/chris/ros_ws/install/naoqi_libqicore/share/naoqi_libqicore/package.dsv
[0.454s] -- Up-to-date symlink: /home/chris/ros_ws/install/naoqi_libqicore/share/ament_index/resource_index/packages/naoqi_libqicore
[0.454s] -- Up-to-date symlink: /home/chris/ros_ws/install/naoqi_libqicore/share/naoqi_libqicore/cmake/ament_cmake_export_libraries-extras.cmake
[0.454s] -- Up-to-date symlink: /home/chris/ros_ws/install/naoqi_libqicore/share/naoqi_libqicore/cmake/ament_cmake_export_include_directories-extras.cmake
[0.455s] -- Up-to-date symlink: /home/chris/ros_ws/install/naoqi_libqicore/share/naoqi_libqicore/cmake/ament_cmake_export_dependencies-extras.cmake
[0.456s] -- Up-to-date symlink: /home/chris/ros_ws/install/naoqi_libqicore/share/naoqi_libqicore/cmake/naoqi_libqicoreConfig.cmake
[0.456s] -- Up-to-date symlink: /home/chris/ros_ws/install/naoqi_libqicore/share/naoqi_libqicore/cmake/naoqi_libqicoreConfig-version.cmake
[0.456s] -- Up-to-date symlink: /home/chris/ros_ws/install/naoqi_libqicore/share/naoqi_libqicore/package.xml
[0.458s] Invoked command in '/home/chris/ros_ws/build/naoqi_libqicore' returned '0': CMAKE_PREFIX_PATH=/home/chris/ros_ws/install/naoqi_libqi:/home/chris/ros_ws/install/pepper_meshes:/home/chris/ros_ws/install/naoqi_driver:/home/chris/ros_ws/install/naoqi_libqicore:/home/chris/ros_ws/install/naoqi_bridge_msgs:/home/chris/ros_ws/install/nao_meshes:/opt/ros/humble LD_LIBRARY_PATH=/home/chris/ros_ws/install/naoqi_libqi/lib:/home/chris/ros_ws/install/naoqi_driver/lib:/home/chris/ros_ws/install/naoqi_libqicore/lib:/home/chris/ros_ws/install/naoqi_bridge_msgs/lib:/opt/ros/humble/opt/rviz_ogre_vendor/lib:/opt/ros/humble/lib/x86_64-linux-gnu:/opt/ros/humble/lib /usr/bin/cmake --install /home/chris/ros_ws/build/naoqi_libqicore
