[0.091s] Invoking command in '/home/chris/ros_ws/build/naoqi_libqicore': CMAKE_PREFIX_PATH=/home/chris/ros_ws/install/naoqi_libqi:/home/chris/ros_ws/install/pepper_meshes:/home/chris/ros_ws/install/naoqi_driver:/home/chris/ros_ws/install/naoqi_libqicore:/home/chris/ros_ws/install/naoqi_bridge_msgs:/home/chris/ros_ws/install/nao_meshes:/opt/ros/humble LD_LIBRARY_PATH=/home/chris/ros_ws/install/naoqi_libqi/lib:/home/chris/ros_ws/install/naoqi_driver/lib:/home/chris/ros_ws/install/naoqi_libqicore/lib:/home/chris/ros_ws/install/naoqi_bridge_msgs/lib:/opt/ros/humble/opt/rviz_ogre_vendor/lib:/opt/ros/humble/lib/x86_64-linux-gnu:/opt/ros/humble/lib /usr/bin/cmake --build /home/chris/ros_ws/build/naoqi_libqicore -- -j20 -l20
[0.171s] [100%] Built target qicore
[0.181s] Invoked command in '/home/chris/ros_ws/build/naoqi_libqicore' returned '0': CMAKE_PREFIX_PATH=/home/chris/ros_ws/install/naoqi_libqi:/home/chris/ros_ws/install/pepper_meshes:/home/chris/ros_ws/install/naoqi_driver:/home/chris/ros_ws/install/naoqi_libqicore:/home/chris/ros_ws/install/naoqi_bridge_msgs:/home/chris/ros_ws/install/nao_meshes:/opt/ros/humble LD_LIBRARY_PATH=/home/chris/ros_ws/install/naoqi_libqi/lib:/home/chris/ros_ws/install/naoqi_driver/lib:/home/chris/ros_ws/install/naoqi_libqicore/lib:/home/chris/ros_ws/install/naoqi_bridge_msgs/lib:/opt/ros/humble/opt/rviz_ogre_vendor/lib:/opt/ros/humble/lib/x86_64-linux-gnu:/opt/ros/humble/lib /usr/bin/cmake --build /home/chris/ros_ws/build/naoqi_libqicore -- -j20 -l20
[0.184s] Invoking command in '/home/chris/ros_ws/build/naoqi_libqicore': CMAKE_PREFIX_PATH=/home/chris/ros_ws/install/naoqi_libqi:/home/chris/ros_ws/install/pepper_meshes:/home/chris/ros_ws/install/naoqi_driver:/home/chris/ros_ws/install/naoqi_libqicore:/home/chris/ros_ws/install/naoqi_bridge_msgs:/home/chris/ros_ws/install/nao_meshes:/opt/ros/humble LD_LIBRARY_PATH=/home/chris/ros_ws/install/naoqi_libqi/lib:/home/chris/ros_ws/install/naoqi_driver/lib:/home/chris/ros_ws/install/naoqi_libqicore/lib:/home/chris/ros_ws/install/naoqi_bridge_msgs/lib:/opt/ros/humble/opt/rviz_ogre_vendor/lib:/opt/ros/humble/lib/x86_64-linux-gnu:/opt/ros/humble/lib /usr/bin/cmake --install /home/chris/ros_ws/build/naoqi_libqicore
[0.191s] -- Install configuration: ""
[0.192s] -- Execute custom install script
[0.192s] -- Up-to-date symlink: /home/chris/ros_ws/install/naoqi_libqicore/include/qicore/api.hpp
[0.193s] -- Up-to-date symlink: /home/chris/ros_ws/install/naoqi_libqicore/include/qicore/loglistener.hpp
[0.194s] -- Up-to-date symlink: /home/chris/ros_ws/install/naoqi_libqicore/include/qicore/logmanager.hpp
[0.195s] -- Up-to-date symlink: /home/chris/ros_ws/install/naoqi_libqicore/include/qicore/logmessage.hpp
[0.195s] -- Up-to-date symlink: /home/chris/ros_ws/install/naoqi_libqicore/include/qicore/logprovider.hpp
[0.196s] -- Up-to-date symlink: /home/chris/ros_ws/install/naoqi_libqicore/include/qicore/file.hpp
[0.197s] -- Up-to-date symlink: /home/chris/ros_ws/install/naoqi_libqicore/include/qicore/fileoperation.hxx
[0.198s] -- Up-to-date symlink: /home/chris/ros_ws/install/naoqi_libqicore/lib/libqicore.a
[0.198s] -- Up-to-date symlink: /home/chris/ros_ws/install/naoqi_libqicore/share/naoqi_libqicore/package.xml
[0.199s] -- Up-to-date symlink: /home/chris/ros_ws/install/naoqi_libqicore/share/naoqi_libqicore/environment/library_path.sh
[0.200s] -- Up-to-date symlink: /home/chris/ros_ws/install/naoqi_libqicore/share/naoqi_libqicore/environment/library_path.dsv
[0.200s] -- Up-to-date symlink: /home/chris/ros_ws/install/naoqi_libqicore/share/ament_index/resource_index/package_run_dependencies/naoqi_libqicore
[0.201s] -- Up-to-date symlink: /home/chris/ros_ws/install/naoqi_libqicore/share/ament_index/resource_index/parent_prefix_path/naoqi_libqicore
[0.201s] -- Up-to-date symlink: /home/chris/ros_ws/install/naoqi_libqicore/share/naoqi_libqicore/environment/ament_prefix_path.sh
[0.202s] -- Up-to-date symlink: /home/chris/ros_ws/install/naoqi_libqicore/share/naoqi_libqicore/environment/ament_prefix_path.dsv
[0.202s] -- Up-to-date symlink: /home/chris/ros_ws/install/naoqi_libqicore/share/naoqi_libqicore/environment/path.sh
[0.203s] -- Up-to-date symlink: /home/chris/ros_ws/install/naoqi_libqicore/share/naoqi_libqicore/environment/path.dsv
[0.203s] -- Up-to-date symlink: /home/chris/ros_ws/install/naoqi_libqicore/share/naoqi_libqicore/local_setup.bash
[0.204s] -- Up-to-date symlink: /home/chris/ros_ws/install/naoqi_libqicore/share/naoqi_libqicore/local_setup.sh
[0.204s] -- Up-to-date symlink: /home/chris/ros_ws/install/naoqi_libqicore/share/naoqi_libqicore/local_setup.zsh
[0.204s] -- Up-to-date symlink: /home/chris/ros_ws/install/naoqi_libqicore/share/naoqi_libqicore/local_setup.dsv
[0.205s] -- Symlinking: /home/chris/ros_ws/install/naoqi_libqicore/share/naoqi_libqicore/package.dsv
[0.212s] -- Up-to-date symlink: /home/chris/ros_ws/install/naoqi_libqicore/share/ament_index/resource_index/packages/naoqi_libqicore
[0.213s] -- Up-to-date symlink: /home/chris/ros_ws/install/naoqi_libqicore/share/naoqi_libqicore/cmake/ament_cmake_export_libraries-extras.cmake
[0.214s] -- Up-to-date symlink: /home/chris/ros_ws/install/naoqi_libqicore/share/naoqi_libqicore/cmake/ament_cmake_export_include_directories-extras.cmake
[0.214s] -- Up-to-date symlink: /home/chris/ros_ws/install/naoqi_libqicore/share/naoqi_libqicore/cmake/ament_cmake_export_dependencies-extras.cmake
[0.214s] -- Up-to-date symlink: /home/chris/ros_ws/install/naoqi_libqicore/share/naoqi_libqicore/cmake/naoqi_libqicoreConfig.cmake
[0.215s] -- Up-to-date symlink: /home/chris/ros_ws/install/naoqi_libqicore/share/naoqi_libqicore/cmake/naoqi_libqicoreConfig-version.cmake
[0.215s] -- Up-to-date symlink: /home/chris/ros_ws/install/naoqi_libqicore/share/naoqi_libqicore/package.xml
[0.218s] Invoked command in '/home/chris/ros_ws/build/naoqi_libqicore' returned '0': CMAKE_PREFIX_PATH=/home/chris/ros_ws/install/naoqi_libqi:/home/chris/ros_ws/install/pepper_meshes:/home/chris/ros_ws/install/naoqi_driver:/home/chris/ros_ws/install/naoqi_libqicore:/home/chris/ros_ws/install/naoqi_bridge_msgs:/home/chris/ros_ws/install/nao_meshes:/opt/ros/humble LD_LIBRARY_PATH=/home/chris/ros_ws/install/naoqi_libqi/lib:/home/chris/ros_ws/install/naoqi_driver/lib:/home/chris/ros_ws/install/naoqi_libqicore/lib:/home/chris/ros_ws/install/naoqi_bridge_msgs/lib:/opt/ros/humble/opt/rviz_ogre_vendor/lib:/opt/ros/humble/lib/x86_64-linux-gnu:/opt/ros/humble/lib /usr/bin/cmake --install /home/chris/ros_ws/build/naoqi_libqicore
