[1.722s] Invoking command in '/home/chris/ros_ws/build/rtabmap_examples': AMENT_PREFIX_PATH=/home/chris/ros_ws/install/rtabmap_slam:/home/chris/ros_ws/install/rtabmap_odom:/home/chris/ros_ws/install/rtabmap_viz:/home/chris/ros_ws/install/rtabmap_util:/home/chris/ros_ws/install/rtabmap_sync:/home/chris/ros_ws/install/rtabmap_rviz_plugins:/home/chris/ros_ws/install/rtabmap_conversions:/home/chris/ros_ws/install/rtabmap_msgs:${AMENT_PREFIX_PATH} CMAKE_PREFIX_PATH=/home/chris/ros_ws/install/rtabmap_slam:/home/chris/ros_ws/install/rtabmap_odom:/home/chris/ros_ws/install/rtabmap_viz:/home/chris/ros_ws/install/rtabmap_util:/home/chris/ros_ws/install/rtabmap_sync:/home/chris/ros_ws/install/rtabmap_rviz_plugins:/home/chris/ros_ws/install/rtabmap_conversions:/home/chris/ros_ws/install/rtabmap_msgs:/home/chris/ros_ws/install/rtabmap:/home/chris/ros_ws/install/wall_follower:/home/chris/ros_ws/install/pepper_wall_follower:/home/chris/ros_ws/install/pepper_meshes:/home/chris/ros_ws/install/naoqi_driver:/home/chris/ros_ws/install/naoqi_libqicore:/home/chris/ros_ws/install/naoqi_libqi:/home/chris/ros_ws/install/naoqi_bridge_msgs:/home/chris/ros_ws/install/nao_meshes:/opt/ros/humble LD_LIBRARY_PATH=/home/chris/ros_ws/install/rtabmap_slam/lib:/home/chris/ros_ws/install/rtabmap_odom/lib:/home/chris/ros_ws/install/rtabmap_util/lib:/home/chris/ros_ws/install/rtabmap_sync/lib:/home/chris/ros_ws/install/rtabmap_rviz_plugins/lib:/home/chris/ros_ws/install/rtabmap_conversions/lib:/home/chris/ros_ws/install/rtabmap_msgs/lib:/home/chris/ros_ws/install/rtabmap/lib:${LD_LIBRARY_PATH} PATH=/home/chris/ros_ws/install/rtabmap/bin:${PATH} PKG_CONFIG_PATH=/home/chris/ros_ws/install/rtabmap/lib/x86_64-linux-gnu/pkgconfig:/home/chris/ros_ws/install/rtabmap/lib/pkgconfig PYTHONPATH=/home/chris/ros_ws/install/rtabmap_msgs/local/lib/python3.10/dist-packages:${PYTHONPATH} /usr/bin/cmake /home/chris/ros_ws/src/rtabmap_ros/rtabmap_examples -DCMAKE_BUILD_TYPE=Release -DAMENT_CMAKE_SYMLINK_INSTALL=1 -DCMAKE_INSTALL_PREFIX=/home/chris/ros_ws/install/rtabmap_examples
[1.910s] -- The C compiler identification is GNU 11.4.0
[2.722s] -- The CXX compiler identification is GNU 11.4.0
[3.773s] -- Detecting C compiler ABI info
[4.052s] -- Detecting C compiler ABI info - done
[4.057s] -- Check for working C compiler: /usr/bin/cc - skipped
[4.057s] -- Detecting C compile features
[4.058s] -- Detecting C compile features - done
[4.060s] -- Detecting CXX compiler ABI info
[4.247s] -- Detecting CXX compiler ABI info - done
[4.253s] -- Check for working CXX compiler: /usr/bin/c++ - skipped
[4.254s] -- Detecting CXX compile features
[4.254s] -- Detecting CXX compile features - done
[4.273s] -- Found ament_cmake: 1.3.12 (/opt/ros/humble/share/ament_cmake/cmake)
[4.462s] -- Found Python3: /usr/bin/python3 (found version "3.10.12") found components: Interpreter 
[4.562s] -- Override CMake install command with custom implementation using symlinks instead of copying resources
[4.687s] -- Configuring done
[4.690s] -- Generating done
[4.691s] -- Build files have been written to: /home/chris/ros_ws/build/rtabmap_examples
[4.706s] Invoked command in '/home/chris/ros_ws/build/rtabmap_examples' returned '0': AMENT_PREFIX_PATH=/home/chris/ros_ws/install/rtabmap_slam:/home/chris/ros_ws/install/rtabmap_odom:/home/chris/ros_ws/install/rtabmap_viz:/home/chris/ros_ws/install/rtabmap_util:/home/chris/ros_ws/install/rtabmap_sync:/home/chris/ros_ws/install/rtabmap_rviz_plugins:/home/chris/ros_ws/install/rtabmap_conversions:/home/chris/ros_ws/install/rtabmap_msgs:${AMENT_PREFIX_PATH} CMAKE_PREFIX_PATH=/home/chris/ros_ws/install/rtabmap_slam:/home/chris/ros_ws/install/rtabmap_odom:/home/chris/ros_ws/install/rtabmap_viz:/home/chris/ros_ws/install/rtabmap_util:/home/chris/ros_ws/install/rtabmap_sync:/home/chris/ros_ws/install/rtabmap_rviz_plugins:/home/chris/ros_ws/install/rtabmap_conversions:/home/chris/ros_ws/install/rtabmap_msgs:/home/chris/ros_ws/install/rtabmap:/home/chris/ros_ws/install/wall_follower:/home/chris/ros_ws/install/pepper_wall_follower:/home/chris/ros_ws/install/pepper_meshes:/home/chris/ros_ws/install/naoqi_driver:/home/chris/ros_ws/install/naoqi_libqicore:/home/chris/ros_ws/install/naoqi_libqi:/home/chris/ros_ws/install/naoqi_bridge_msgs:/home/chris/ros_ws/install/nao_meshes:/opt/ros/humble LD_LIBRARY_PATH=/home/chris/ros_ws/install/rtabmap_slam/lib:/home/chris/ros_ws/install/rtabmap_odom/lib:/home/chris/ros_ws/install/rtabmap_util/lib:/home/chris/ros_ws/install/rtabmap_sync/lib:/home/chris/ros_ws/install/rtabmap_rviz_plugins/lib:/home/chris/ros_ws/install/rtabmap_conversions/lib:/home/chris/ros_ws/install/rtabmap_msgs/lib:/home/chris/ros_ws/install/rtabmap/lib:${LD_LIBRARY_PATH} PATH=/home/chris/ros_ws/install/rtabmap/bin:${PATH} PKG_CONFIG_PATH=/home/chris/ros_ws/install/rtabmap/lib/x86_64-linux-gnu/pkgconfig:/home/chris/ros_ws/install/rtabmap/lib/pkgconfig PYTHONPATH=/home/chris/ros_ws/install/rtabmap_msgs/local/lib/python3.10/dist-packages:${PYTHONPATH} /usr/bin/cmake /home/chris/ros_ws/src/rtabmap_ros/rtabmap_examples -DCMAKE_BUILD_TYPE=Release -DAMENT_CMAKE_SYMLINK_INSTALL=1 -DCMAKE_INSTALL_PREFIX=/home/chris/ros_ws/install/rtabmap_examples
[4.707s] Invoking command in '/home/chris/ros_ws/build/rtabmap_examples': AMENT_PREFIX_PATH=/home/chris/ros_ws/install/rtabmap_slam:/home/chris/ros_ws/install/rtabmap_odom:/home/chris/ros_ws/install/rtabmap_viz:/home/chris/ros_ws/install/rtabmap_util:/home/chris/ros_ws/install/rtabmap_sync:/home/chris/ros_ws/install/rtabmap_rviz_plugins:/home/chris/ros_ws/install/rtabmap_conversions:/home/chris/ros_ws/install/rtabmap_msgs:${AMENT_PREFIX_PATH} CMAKE_PREFIX_PATH=/home/chris/ros_ws/install/rtabmap_slam:/home/chris/ros_ws/install/rtabmap_odom:/home/chris/ros_ws/install/rtabmap_viz:/home/chris/ros_ws/install/rtabmap_util:/home/chris/ros_ws/install/rtabmap_sync:/home/chris/ros_ws/install/rtabmap_rviz_plugins:/home/chris/ros_ws/install/rtabmap_conversions:/home/chris/ros_ws/install/rtabmap_msgs:/home/chris/ros_ws/install/rtabmap:/home/chris/ros_ws/install/wall_follower:/home/chris/ros_ws/install/pepper_wall_follower:/home/chris/ros_ws/install/pepper_meshes:/home/chris/ros_ws/install/naoqi_driver:/home/chris/ros_ws/install/naoqi_libqicore:/home/chris/ros_ws/install/naoqi_libqi:/home/chris/ros_ws/install/naoqi_bridge_msgs:/home/chris/ros_ws/install/nao_meshes:/opt/ros/humble LD_LIBRARY_PATH=/home/chris/ros_ws/install/rtabmap_slam/lib:/home/chris/ros_ws/install/rtabmap_odom/lib:/home/chris/ros_ws/install/rtabmap_util/lib:/home/chris/ros_ws/install/rtabmap_sync/lib:/home/chris/ros_ws/install/rtabmap_rviz_plugins/lib:/home/chris/ros_ws/install/rtabmap_conversions/lib:/home/chris/ros_ws/install/rtabmap_msgs/lib:/home/chris/ros_ws/install/rtabmap/lib:${LD_LIBRARY_PATH} PATH=/home/chris/ros_ws/install/rtabmap/bin:${PATH} PKG_CONFIG_PATH=/home/chris/ros_ws/install/rtabmap/lib/x86_64-linux-gnu/pkgconfig:/home/chris/ros_ws/install/rtabmap/lib/pkgconfig PYTHONPATH=/home/chris/ros_ws/install/rtabmap_msgs/local/lib/python3.10/dist-packages:${PYTHONPATH} /usr/bin/cmake --build /home/chris/ros_ws/build/rtabmap_examples
[4.743s] Invoked command in '/home/chris/ros_ws/build/rtabmap_examples' returned '0': AMENT_PREFIX_PATH=/home/chris/ros_ws/install/rtabmap_slam:/home/chris/ros_ws/install/rtabmap_odom:/home/chris/ros_ws/install/rtabmap_viz:/home/chris/ros_ws/install/rtabmap_util:/home/chris/ros_ws/install/rtabmap_sync:/home/chris/ros_ws/install/rtabmap_rviz_plugins:/home/chris/ros_ws/install/rtabmap_conversions:/home/chris/ros_ws/install/rtabmap_msgs:${AMENT_PREFIX_PATH} CMAKE_PREFIX_PATH=/home/chris/ros_ws/install/rtabmap_slam:/home/chris/ros_ws/install/rtabmap_odom:/home/chris/ros_ws/install/rtabmap_viz:/home/chris/ros_ws/install/rtabmap_util:/home/chris/ros_ws/install/rtabmap_sync:/home/chris/ros_ws/install/rtabmap_rviz_plugins:/home/chris/ros_ws/install/rtabmap_conversions:/home/chris/ros_ws/install/rtabmap_msgs:/home/chris/ros_ws/install/rtabmap:/home/chris/ros_ws/install/wall_follower:/home/chris/ros_ws/install/pepper_wall_follower:/home/chris/ros_ws/install/pepper_meshes:/home/chris/ros_ws/install/naoqi_driver:/home/chris/ros_ws/install/naoqi_libqicore:/home/chris/ros_ws/install/naoqi_libqi:/home/chris/ros_ws/install/naoqi_bridge_msgs:/home/chris/ros_ws/install/nao_meshes:/opt/ros/humble LD_LIBRARY_PATH=/home/chris/ros_ws/install/rtabmap_slam/lib:/home/chris/ros_ws/install/rtabmap_odom/lib:/home/chris/ros_ws/install/rtabmap_util/lib:/home/chris/ros_ws/install/rtabmap_sync/lib:/home/chris/ros_ws/install/rtabmap_rviz_plugins/lib:/home/chris/ros_ws/install/rtabmap_conversions/lib:/home/chris/ros_ws/install/rtabmap_msgs/lib:/home/chris/ros_ws/install/rtabmap/lib:${LD_LIBRARY_PATH} PATH=/home/chris/ros_ws/install/rtabmap/bin:${PATH} PKG_CONFIG_PATH=/home/chris/ros_ws/install/rtabmap/lib/x86_64-linux-gnu/pkgconfig:/home/chris/ros_ws/install/rtabmap/lib/pkgconfig PYTHONPATH=/home/chris/ros_ws/install/rtabmap_msgs/local/lib/python3.10/dist-packages:${PYTHONPATH} /usr/bin/cmake --build /home/chris/ros_ws/build/rtabmap_examples
[4.745s] Invoking command in '/home/chris/ros_ws/build/rtabmap_examples': AMENT_PREFIX_PATH=/home/chris/ros_ws/install/rtabmap_slam:/home/chris/ros_ws/install/rtabmap_odom:/home/chris/ros_ws/install/rtabmap_viz:/home/chris/ros_ws/install/rtabmap_util:/home/chris/ros_ws/install/rtabmap_sync:/home/chris/ros_ws/install/rtabmap_rviz_plugins:/home/chris/ros_ws/install/rtabmap_conversions:/home/chris/ros_ws/install/rtabmap_msgs:${AMENT_PREFIX_PATH} CMAKE_PREFIX_PATH=/home/chris/ros_ws/install/rtabmap_slam:/home/chris/ros_ws/install/rtabmap_odom:/home/chris/ros_ws/install/rtabmap_viz:/home/chris/ros_ws/install/rtabmap_util:/home/chris/ros_ws/install/rtabmap_sync:/home/chris/ros_ws/install/rtabmap_rviz_plugins:/home/chris/ros_ws/install/rtabmap_conversions:/home/chris/ros_ws/install/rtabmap_msgs:/home/chris/ros_ws/install/rtabmap:/home/chris/ros_ws/install/wall_follower:/home/chris/ros_ws/install/pepper_wall_follower:/home/chris/ros_ws/install/pepper_meshes:/home/chris/ros_ws/install/naoqi_driver:/home/chris/ros_ws/install/naoqi_libqicore:/home/chris/ros_ws/install/naoqi_libqi:/home/chris/ros_ws/install/naoqi_bridge_msgs:/home/chris/ros_ws/install/nao_meshes:/opt/ros/humble LD_LIBRARY_PATH=/home/chris/ros_ws/install/rtabmap_slam/lib:/home/chris/ros_ws/install/rtabmap_odom/lib:/home/chris/ros_ws/install/rtabmap_util/lib:/home/chris/ros_ws/install/rtabmap_sync/lib:/home/chris/ros_ws/install/rtabmap_rviz_plugins/lib:/home/chris/ros_ws/install/rtabmap_conversions/lib:/home/chris/ros_ws/install/rtabmap_msgs/lib:/home/chris/ros_ws/install/rtabmap/lib:${LD_LIBRARY_PATH} PATH=/home/chris/ros_ws/install/rtabmap/bin:${PATH} PKG_CONFIG_PATH=/home/chris/ros_ws/install/rtabmap/lib/x86_64-linux-gnu/pkgconfig:/home/chris/ros_ws/install/rtabmap/lib/pkgconfig PYTHONPATH=/home/chris/ros_ws/install/rtabmap_msgs/local/lib/python3.10/dist-packages:${PYTHONPATH} /usr/bin/cmake --install /home/chris/ros_ws/build/rtabmap_examples
[4.753s] -- Install configuration: "Release"
[4.753s] -- Execute custom install script
[4.755s] -- Symlinking: /home/chris/ros_ws/install/rtabmap_examples/share/rtabmap_examples/launch/depthai.launch.py
[4.763s] -- Symlinking: /home/chris/ros_ws/install/rtabmap_examples/share/rtabmap_examples/launch/euroc_datasets.launch.py
[4.773s] -- Symlinking: /home/chris/ros_ws/install/rtabmap_examples/share/rtabmap_examples/launch/k4a.launch.py
[4.781s] -- Symlinking: /home/chris/ros_ws/install/rtabmap_examples/share/rtabmap_examples/launch/kinect_xbox_360.launch.py
[4.790s] -- Symlinking: /home/chris/ros_ws/install/rtabmap_examples/share/rtabmap_examples/launch/lidar3d.launch.py
[4.799s] -- Symlinking: /home/chris/ros_ws/install/rtabmap_examples/share/rtabmap_examples/launch/lidar3d_assemble.launch.py
[4.807s] -- Symlinking: /home/chris/ros_ws/install/rtabmap_examples/share/rtabmap_examples/launch/lidar3d_assemble_x2.launch.py
[4.815s] -- Symlinking: /home/chris/ros_ws/install/rtabmap_examples/share/rtabmap_examples/launch/realsense_d400.launch.py
[4.823s] -- Symlinking: /home/chris/ros_ws/install/rtabmap_examples/share/rtabmap_examples/launch/realsense_d435i_color.launch.py
[4.831s] -- Symlinking: /home/chris/ros_ws/install/rtabmap_examples/share/rtabmap_examples/launch/realsense_d435i_infra.launch.py
[4.839s] -- Symlinking: /home/chris/ros_ws/install/rtabmap_examples/share/rtabmap_examples/launch/realsense_d435i_stereo.launch.py
[4.849s] -- Symlinking: /home/chris/ros_ws/install/rtabmap_examples/share/rtabmap_examples/launch/rgbdslam_datasets.launch.py
[4.857s] -- Symlinking: /home/chris/ros_ws/install/rtabmap_examples/share/rtabmap_examples/launch/rtabmap_D405x2.launch.py
[4.866s] -- Symlinking: /home/chris/ros_ws/install/rtabmap_examples/share/rtabmap_examples/launch/rtabmap_D405x3.launch.py
[4.874s] -- Symlinking: /home/chris/ros_ws/install/rtabmap_examples/share/rtabmap_examples/launch/vlp16_zed.launch.py
[4.883s] -- Symlinking: /home/chris/ros_ws/install/rtabmap_examples/share/rtabmap_examples/launch/zed.launch.py
[4.895s] -- Symlinking: /home/chris/ros_ws/install/rtabmap_examples/share/rtabmap_examples/config/euroc_left.yaml
[4.903s] -- Symlinking: /home/chris/ros_ws/install/rtabmap_examples/share/rtabmap_examples/config/euroc_right.yaml
[4.911s] -- Symlinking: /home/chris/ros_ws/install/rtabmap_examples/share/rtabmap_examples/config/slam_D405x2_config.rviz
[4.921s] -- Symlinking: /home/chris/ros_ws/install/rtabmap_examples/share/rtabmap_examples/config/slam_D405x3_config.rviz
[4.930s] -- Symlinking: /home/chris/ros_ws/install/rtabmap_examples/share/ament_index/resource_index/package_run_dependencies/rtabmap_examples
[4.939s] -- Symlinking: /home/chris/ros_ws/install/rtabmap_examples/share/ament_index/resource_index/parent_prefix_path/rtabmap_examples
[4.946s] -- Symlinking: /home/chris/ros_ws/install/rtabmap_examples/share/rtabmap_examples/environment/ament_prefix_path.sh
[4.955s] -- Symlinking: /home/chris/ros_ws/install/rtabmap_examples/share/rtabmap_examples/environment/ament_prefix_path.dsv
[4.963s] -- Symlinking: /home/chris/ros_ws/install/rtabmap_examples/share/rtabmap_examples/environment/path.sh
[4.971s] -- Symlinking: /home/chris/ros_ws/install/rtabmap_examples/share/rtabmap_examples/environment/path.dsv
[4.980s] -- Symlinking: /home/chris/ros_ws/install/rtabmap_examples/share/rtabmap_examples/local_setup.bash
[4.989s] -- Symlinking: /home/chris/ros_ws/install/rtabmap_examples/share/rtabmap_examples/local_setup.sh
[4.998s] -- Symlinking: /home/chris/ros_ws/install/rtabmap_examples/share/rtabmap_examples/local_setup.zsh
[5.006s] -- Symlinking: /home/chris/ros_ws/install/rtabmap_examples/share/rtabmap_examples/local_setup.dsv
[5.014s] -- Symlinking: /home/chris/ros_ws/install/rtabmap_examples/share/rtabmap_examples/package.dsv
[5.023s] -- Symlinking: /home/chris/ros_ws/install/rtabmap_examples/share/ament_index/resource_index/packages/rtabmap_examples
[5.031s] -- Symlinking: /home/chris/ros_ws/install/rtabmap_examples/share/rtabmap_examples/cmake/rtabmap_examplesConfig.cmake
[5.039s] -- Symlinking: /home/chris/ros_ws/install/rtabmap_examples/share/rtabmap_examples/cmake/rtabmap_examplesConfig-version.cmake
[5.048s] -- Symlinking: /home/chris/ros_ws/install/rtabmap_examples/share/rtabmap_examples/package.xml
[5.060s] Invoked command in '/home/chris/ros_ws/build/rtabmap_examples' returned '0': AMENT_PREFIX_PATH=/home/chris/ros_ws/install/rtabmap_slam:/home/chris/ros_ws/install/rtabmap_odom:/home/chris/ros_ws/install/rtabmap_viz:/home/chris/ros_ws/install/rtabmap_util:/home/chris/ros_ws/install/rtabmap_sync:/home/chris/ros_ws/install/rtabmap_rviz_plugins:/home/chris/ros_ws/install/rtabmap_conversions:/home/chris/ros_ws/install/rtabmap_msgs:${AMENT_PREFIX_PATH} CMAKE_PREFIX_PATH=/home/chris/ros_ws/install/rtabmap_slam:/home/chris/ros_ws/install/rtabmap_odom:/home/chris/ros_ws/install/rtabmap_viz:/home/chris/ros_ws/install/rtabmap_util:/home/chris/ros_ws/install/rtabmap_sync:/home/chris/ros_ws/install/rtabmap_rviz_plugins:/home/chris/ros_ws/install/rtabmap_conversions:/home/chris/ros_ws/install/rtabmap_msgs:/home/chris/ros_ws/install/rtabmap:/home/chris/ros_ws/install/wall_follower:/home/chris/ros_ws/install/pepper_wall_follower:/home/chris/ros_ws/install/pepper_meshes:/home/chris/ros_ws/install/naoqi_driver:/home/chris/ros_ws/install/naoqi_libqicore:/home/chris/ros_ws/install/naoqi_libqi:/home/chris/ros_ws/install/naoqi_bridge_msgs:/home/chris/ros_ws/install/nao_meshes:/opt/ros/humble LD_LIBRARY_PATH=/home/chris/ros_ws/install/rtabmap_slam/lib:/home/chris/ros_ws/install/rtabmap_odom/lib:/home/chris/ros_ws/install/rtabmap_util/lib:/home/chris/ros_ws/install/rtabmap_sync/lib:/home/chris/ros_ws/install/rtabmap_rviz_plugins/lib:/home/chris/ros_ws/install/rtabmap_conversions/lib:/home/chris/ros_ws/install/rtabmap_msgs/lib:/home/chris/ros_ws/install/rtabmap/lib:${LD_LIBRARY_PATH} PATH=/home/chris/ros_ws/install/rtabmap/bin:${PATH} PKG_CONFIG_PATH=/home/chris/ros_ws/install/rtabmap/lib/x86_64-linux-gnu/pkgconfig:/home/chris/ros_ws/install/rtabmap/lib/pkgconfig PYTHONPATH=/home/chris/ros_ws/install/rtabmap_msgs/local/lib/python3.10/dist-packages:${PYTHONPATH} /usr/bin/cmake --install /home/chris/ros_ws/build/rtabmap_examples
