-- The C compiler identification is GNU 11.4.0
-- The CXX compiler identification is GNU 11.4.0
-- Detecting C compiler ABI info
-- Detecting C compiler ABI info - done
-- Check for working C compiler: /usr/bin/cc - skipped
-- Detecting C compile features
-- Detecting C compile features - done
-- Detecting CXX compiler ABI info
-- Detecting CXX compiler ABI info - done
-- Check for working CXX compiler: /usr/bin/c++ - skipped
-- Detecting CXX compile features
-- Detecting CXX compile features - done
-- Found ament_cmake: 1.3.12 (/opt/ros/humble/share/ament_cmake/cmake)
-- Found Python3: /usr/bin/python3 (found version "3.10.12") found components: Interpreter 
-- Override CMake install command with custom implementation using symlinks instead of copying resources
-- Found rclcpp: 16.0.15 (/opt/ros/humble/share/rclcpp/cmake)
-- Found rosidl_generator_c: 3.1.7 (/opt/ros/humble/share/rosidl_generator_c/cmake)
-- Found rosidl_adapter: 3.1.7 (/opt/ros/humble/share/rosidl_adapter/cmake)
-- Found rosidl_generator_cpp: 3.1.7 (/opt/ros/humble/share/rosidl_generator_cpp/cmake)
-- Using all available rosidl_typesupport_c: rosidl_typesupport_fastrtps_c;rosidl_typesupport_introspection_c
-- Using all available rosidl_typesupport_cpp: rosidl_typesupport_fastrtps_cpp;rosidl_typesupport_introspection_cpp
-- Found rmw_implementation_cmake: 6.1.2 (/opt/ros/humble/share/rmw_implementation_cmake/cmake)
-- Found rmw_fastrtps_cpp: 6.2.8 (/opt/ros/humble/share/rmw_fastrtps_cpp/cmake)
-- Found OpenSSL: /usr/lib/x86_64-linux-gnu/libcrypto.so (found version "3.0.2")  
-- Found FastRTPS: /opt/ros/humble/include  
-- Using RMW implementation 'rmw_fastrtps_cpp' as default
-- Looking for pthread.h
-- Looking for pthread.h - found
-- Performing Test CMAKE_HAVE_LIBC_PTHREAD
-- Performing Test CMAKE_HAVE_LIBC_PTHREAD - Success
-- Found Threads: TRUE  
-- Found rclpy: 3.3.17 (/opt/ros/humble/share/rclpy/cmake)
-- Found geometry_msgs: 4.9.0 (/opt/ros/humble/share/geometry_msgs/cmake)
-- Found nav_msgs: 4.9.0 (/opt/ros/humble/share/nav_msgs/cmake)
-- Found sensor_msgs: 4.9.0 (/opt/ros/humble/share/sensor_msgs/cmake)
-- Found tf2: 0.25.16 (/opt/ros/humble/share/tf2/cmake)
-- Configuring done
-- Generating done
-- Build files have been written to: /home/chris/ros_ws/build/wall_follower
[ 50%] [32mBuilding CXX object CMakeFiles/wall_follower.dir/src/wall_follower.cpp.o[0m
[ 50%] Built target ament_cmake_python_symlink_wall_follower
running egg_info
creating wall_follower.egg-info
writing wall_follower.egg-info/PKG-INFO
writing dependency_links to wall_follower.egg-info/dependency_links.txt
writing top-level names to wall_follower.egg-info/top_level.txt
writing manifest file 'wall_follower.egg-info/SOURCES.txt'
reading manifest file 'wall_follower.egg-info/SOURCES.txt'
writing manifest file 'wall_follower.egg-info/SOURCES.txt'
[ 50%] Built target ament_cmake_python_build_wall_follower_egg
[100%] [32m[1mLinking CXX executable wall_follower[0m
[100%] Built target wall_follower
-- Install configuration: ""
-- Execute custom install script
-- Symlinking: /home/chris/ros_ws/install/wall_follower/lib/wall_follower/wall_follower
-- Symlinking: /home/chris/ros_ws/install/wall_follower/share/wall_follower//launch/wall_follower.launch.py
-- Symlinking: /home/chris/ros_ws/install/wall_follower/include//wall_follower/wall_follower.hpp
-- Symlinking: /home/chris/ros_ws/install/wall_follower/share/wall_follower/environment/pythonpath.sh
-- Symlinking: /home/chris/ros_ws/install/wall_follower/share/wall_follower/environment/pythonpath.dsv
-- Symlinking: /home/chris/ros_ws/install/wall_follower/local/lib/python3.10/dist-packages/wall_follower-0.0.0-py3.10.egg-info/PKG-INFO
-- Symlinking: /home/chris/ros_ws/install/wall_follower/local/lib/python3.10/dist-packages/wall_follower-0.0.0-py3.10.egg-info/SOURCES.txt
-- Symlinking: /home/chris/ros_ws/install/wall_follower/local/lib/python3.10/dist-packages/wall_follower-0.0.0-py3.10.egg-info/dependency_links.txt
-- Symlinking: /home/chris/ros_ws/install/wall_follower/local/lib/python3.10/dist-packages/wall_follower-0.0.0-py3.10.egg-info/top_level.txt
-- Symlinking: /home/chris/ros_ws/install/wall_follower/local/lib/python3.10/dist-packages/wall_follower/__init__.py
-- Symlinking: /home/chris/ros_ws/install/wall_follower/local/lib/python3.10/dist-packages/wall_follower/landmark.py
-- Symlinking: /home/chris/ros_ws/install/wall_follower/lib/wall_follower/see_marker.py
-- Symlinking: /home/chris/ros_ws/install/wall_follower/lib/wall_follower/point_transformer.py
-- Symlinking: /home/chris/ros_ws/install/wall_follower/share/ament_index/resource_index/package_run_dependencies/wall_follower
-- Symlinking: /home/chris/ros_ws/install/wall_follower/share/ament_index/resource_index/parent_prefix_path/wall_follower
-- Symlinking: /home/chris/ros_ws/install/wall_follower/share/wall_follower/environment/ament_prefix_path.sh
-- Symlinking: /home/chris/ros_ws/install/wall_follower/share/wall_follower/environment/ament_prefix_path.dsv
-- Symlinking: /home/chris/ros_ws/install/wall_follower/share/wall_follower/environment/path.sh
-- Symlinking: /home/chris/ros_ws/install/wall_follower/share/wall_follower/environment/path.dsv
-- Symlinking: /home/chris/ros_ws/install/wall_follower/share/wall_follower/local_setup.bash
-- Symlinking: /home/chris/ros_ws/install/wall_follower/share/wall_follower/local_setup.sh
-- Symlinking: /home/chris/ros_ws/install/wall_follower/share/wall_follower/local_setup.zsh
-- Symlinking: /home/chris/ros_ws/install/wall_follower/share/wall_follower/local_setup.dsv
-- Symlinking: /home/chris/ros_ws/install/wall_follower/share/wall_follower/package.dsv
-- Symlinking: /home/chris/ros_ws/install/wall_follower/share/ament_index/resource_index/packages/wall_follower
-- Symlinking: /home/chris/ros_ws/install/wall_follower/share/wall_follower/cmake/ament_cmake_export_include_directories-extras.cmake
-- Symlinking: /home/chris/ros_ws/install/wall_follower/share/wall_follower/cmake/ament_cmake_export_dependencies-extras.cmake
-- Symlinking: /home/chris/ros_ws/install/wall_follower/share/wall_follower/cmake/wall_followerConfig.cmake
-- Symlinking: /home/chris/ros_ws/install/wall_follower/share/wall_follower/cmake/wall_followerConfig-version.cmake
-- Symlinking: /home/chris/ros_ws/install/wall_follower/share/wall_follower/package.xml
Listing '/home/chris/ros_ws/install/wall_follower/local/lib/python3.10/dist-packages/wall_follower'...
Compiling '/home/chris/ros_ws/install/wall_follower/local/lib/python3.10/dist-packages/wall_follower/__init__.py'...
Compiling '/home/chris/ros_ws/install/wall_follower/local/lib/python3.10/dist-packages/wall_follower/landmark.py'...
