[0.939s] DEBUG:colcon:Command line arguments: ['/usr/bin/colcon', 'build', '--symlink-install', '--packages-skip', 'nao_meshes', 'pepper_meshes', '--parallel-workers', '1']
[0.939s] DEBUG:colcon:Parsed command line arguments: Namespace(log_base=None, log_level=None, verb_name='build', build_base='build', install_base='install', merge_install=False, symlink_install=True, test_result_base=None, continue_on_error=False, executor='parallel', parallel_workers=1, event_handlers=None, ignore_user_meta=False, metas=['./colcon.meta'], base_paths=['.'], packages_ignore=None, packages_ignore_regex=None, paths=None, packages_up_to=None, packages_up_to_regex=None, packages_above=None, packages_above_and_dependencies=None, packages_above_depth=None, packages_select_by_dep=None, packages_skip_by_dep=None, packages_skip_up_to=None, packages_select_build_failed=False, packages_skip_build_finished=False, packages_select_test_failures=False, packages_skip_test_passed=False, packages_select=None, packages_skip=['nao_meshes', 'pepper_meshes'], packages_select_regex=None, packages_skip_regex=None, packages_start=None, packages_end=None, allow_overriding=[], cmake_args=None, cmake_target=None, cmake_target_skip_unavailable=False, cmake_clean_cache=False, cmake_clean_first=False, cmake_force_configure=False, ament_cmake_args=None, catkin_cmake_args=None, catkin_skip_building_tests=False, verb_parser=<colcon_defaults.argument_parser.defaults.DefaultArgumentsDecorator object at 0x726477133460>, verb_extension=<colcon_core.verb.build.BuildVerb object at 0x726477274400>, main=<bound method BuildVerb.main of <colcon_core.verb.build.BuildVerb object at 0x726477274400>>)
[1.731s] Level 1:colcon.colcon_core.package_discovery:discover_packages(colcon_meta) check parameters
[1.732s] Level 1:colcon.colcon_core.package_discovery:discover_packages(recursive) check parameters
[1.732s] Level 1:colcon.colcon_core.package_discovery:discover_packages(ignore) check parameters
[1.732s] Level 1:colcon.colcon_core.package_discovery:discover_packages(path) check parameters
[1.732s] Level 1:colcon.colcon_core.package_discovery:discover_packages(colcon_meta) discover
[1.732s] Level 1:colcon.colcon_core.package_discovery:discover_packages(recursive) discover
[1.732s] INFO:colcon.colcon_core.package_discovery:Crawling recursively for packages in '/home/chris/ros_ws'
[1.732s] Level 1:colcon.colcon_core.package_identification:_identify(.) by extensions ['ignore', 'ignore_ament_install']
[1.733s] Level 1:colcon.colcon_core.package_identification:_identify(.) by extension 'ignore'
[1.733s] Level 1:colcon.colcon_core.package_identification:_identify(.) by extension 'ignore_ament_install'
[1.733s] Level 1:colcon.colcon_core.package_identification:_identify(.) by extensions ['colcon_pkg']
[1.733s] Level 1:colcon.colcon_core.package_identification:_identify(.) by extension 'colcon_pkg'
[1.733s] Level 1:colcon.colcon_core.package_identification:_identify(.) by extensions ['colcon_meta']
[1.733s] Level 1:colcon.colcon_core.package_identification:_identify(.) by extension 'colcon_meta'
[1.733s] Level 1:colcon.colcon_core.package_identification:_identify(.) by extensions ['ros']
[1.733s] Level 1:colcon.colcon_core.package_identification:_identify(.) by extension 'ros'
[1.764s] Level 1:colcon.colcon_core.package_identification:_identify(.) by extensions ['cmake', 'python']
[1.765s] Level 1:colcon.colcon_core.package_identification:_identify(.) by extension 'cmake'
[1.765s] Level 1:colcon.colcon_core.package_identification:_identify(.) by extension 'python'
[1.765s] Level 1:colcon.colcon_core.package_identification:_identify(.) by extensions ['python_setup_py']
[1.765s] Level 1:colcon.colcon_core.package_identification:_identify(.) by extension 'python_setup_py'
[1.766s] Level 1:colcon.colcon_core.package_identification:_identify(build) by extensions ['ignore', 'ignore_ament_install']
[1.766s] Level 1:colcon.colcon_core.package_identification:_identify(build) by extension 'ignore'
[1.767s] Level 1:colcon.colcon_core.package_identification:_identify(build) ignored
[1.768s] Level 1:colcon.colcon_core.package_identification:_identify(install) by extensions ['ignore', 'ignore_ament_install']
[1.768s] Level 1:colcon.colcon_core.package_identification:_identify(install) by extension 'ignore'
[1.768s] Level 1:colcon.colcon_core.package_identification:_identify(install) ignored
[1.769s] Level 1:colcon.colcon_core.package_identification:_identify(log) by extensions ['ignore', 'ignore_ament_install']
[1.769s] Level 1:colcon.colcon_core.package_identification:_identify(log) by extension 'ignore'
[1.769s] Level 1:colcon.colcon_core.package_identification:_identify(log) ignored
[1.769s] Level 1:colcon.colcon_core.package_identification:_identify(src) by extensions ['ignore', 'ignore_ament_install']
[1.769s] Level 1:colcon.colcon_core.package_identification:_identify(src) by extension 'ignore'
[1.769s] Level 1:colcon.colcon_core.package_identification:_identify(src) by extension 'ignore_ament_install'
[1.769s] Level 1:colcon.colcon_core.package_identification:_identify(src) by extensions ['colcon_pkg']
[1.770s] Level 1:colcon.colcon_core.package_identification:_identify(src) by extension 'colcon_pkg'
[1.770s] Level 1:colcon.colcon_core.package_identification:_identify(src) by extensions ['colcon_meta']
[1.770s] Level 1:colcon.colcon_core.package_identification:_identify(src) by extension 'colcon_meta'
[1.770s] Level 1:colcon.colcon_core.package_identification:_identify(src) by extensions ['ros']
[1.770s] Level 1:colcon.colcon_core.package_identification:_identify(src) by extension 'ros'
[1.770s] Level 1:colcon.colcon_core.package_identification:_identify(src) by extensions ['cmake', 'python']
[1.770s] Level 1:colcon.colcon_core.package_identification:_identify(src) by extension 'cmake'
[1.770s] Level 1:colcon.colcon_core.package_identification:_identify(src) by extension 'python'
[1.770s] Level 1:colcon.colcon_core.package_identification:_identify(src) by extensions ['python_setup_py']
[1.770s] Level 1:colcon.colcon_core.package_identification:_identify(src) by extension 'python_setup_py'
[1.771s] Level 1:colcon.colcon_core.package_identification:_identify(src/nao_meshes) by extensions ['ignore', 'ignore_ament_install']
[1.772s] Level 1:colcon.colcon_core.package_identification:_identify(src/nao_meshes) by extension 'ignore'
[1.772s] Level 1:colcon.colcon_core.package_identification:_identify(src/nao_meshes) by extension 'ignore_ament_install'
[1.772s] Level 1:colcon.colcon_core.package_identification:_identify(src/nao_meshes) by extensions ['colcon_pkg']
[1.772s] Level 1:colcon.colcon_core.package_identification:_identify(src/nao_meshes) by extension 'colcon_pkg'
[1.772s] Level 1:colcon.colcon_core.package_identification:_identify(src/nao_meshes) by extensions ['colcon_meta']
[1.772s] Level 1:colcon.colcon_core.package_identification:_identify(src/nao_meshes) by extension 'colcon_meta'
[1.772s] Level 1:colcon.colcon_core.package_identification:_identify(src/nao_meshes) by extensions ['ros']
[1.772s] Level 1:colcon.colcon_core.package_identification:_identify(src/nao_meshes) by extension 'ros'
[1.781s] DEBUG:colcon.colcon_core.package_identification:Package 'src/nao_meshes' with type 'ros.ament_cmake' and name 'nao_meshes'
[1.782s] Level 1:colcon.colcon_core.package_identification:_identify(src/naoqi_bridge_msgs) by extensions ['ignore', 'ignore_ament_install']
[1.782s] Level 1:colcon.colcon_core.package_identification:_identify(src/naoqi_bridge_msgs) by extension 'ignore'
[1.782s] Level 1:colcon.colcon_core.package_identification:_identify(src/naoqi_bridge_msgs) by extension 'ignore_ament_install'
[1.782s] Level 1:colcon.colcon_core.package_identification:_identify(src/naoqi_bridge_msgs) by extensions ['colcon_pkg']
[1.782s] Level 1:colcon.colcon_core.package_identification:_identify(src/naoqi_bridge_msgs) by extension 'colcon_pkg'
[1.782s] Level 1:colcon.colcon_core.package_identification:_identify(src/naoqi_bridge_msgs) by extensions ['colcon_meta']
[1.782s] Level 1:colcon.colcon_core.package_identification:_identify(src/naoqi_bridge_msgs) by extension 'colcon_meta'
[1.783s] Level 1:colcon.colcon_core.package_identification:_identify(src/naoqi_bridge_msgs) by extensions ['ros']
[1.783s] Level 1:colcon.colcon_core.package_identification:_identify(src/naoqi_bridge_msgs) by extension 'ros'
[1.785s] DEBUG:colcon.colcon_core.package_identification:Package 'src/naoqi_bridge_msgs' with type 'ros.ament_cmake' and name 'naoqi_bridge_msgs'
[1.785s] Level 1:colcon.colcon_core.package_identification:_identify(src/naoqi_driver2) by extensions ['ignore', 'ignore_ament_install']
[1.786s] Level 1:colcon.colcon_core.package_identification:_identify(src/naoqi_driver2) by extension 'ignore'
[1.786s] Level 1:colcon.colcon_core.package_identification:_identify(src/naoqi_driver2) by extension 'ignore_ament_install'
[1.786s] Level 1:colcon.colcon_core.package_identification:_identify(src/naoqi_driver2) by extensions ['colcon_pkg']
[1.786s] Level 1:colcon.colcon_core.package_identification:_identify(src/naoqi_driver2) by extension 'colcon_pkg'
[1.786s] Level 1:colcon.colcon_core.package_identification:_identify(src/naoqi_driver2) by extensions ['colcon_meta']
[1.786s] Level 1:colcon.colcon_core.package_identification:_identify(src/naoqi_driver2) by extension 'colcon_meta'
[1.786s] Level 1:colcon.colcon_core.package_identification:_identify(src/naoqi_driver2) by extensions ['ros']
[1.786s] Level 1:colcon.colcon_core.package_identification:_identify(src/naoqi_driver2) by extension 'ros'
[1.790s] DEBUG:colcon.colcon_core.package_identification:Package 'src/naoqi_driver2' with type 'ros.ament_cmake' and name 'naoqi_driver'
[1.791s] Level 1:colcon.colcon_core.package_identification:_identify(src/naoqi_libqi) by extensions ['ignore', 'ignore_ament_install']
[1.791s] Level 1:colcon.colcon_core.package_identification:_identify(src/naoqi_libqi) by extension 'ignore'
[1.791s] Level 1:colcon.colcon_core.package_identification:_identify(src/naoqi_libqi) by extension 'ignore_ament_install'
[1.791s] Level 1:colcon.colcon_core.package_identification:_identify(src/naoqi_libqi) by extensions ['colcon_pkg']
[1.791s] Level 1:colcon.colcon_core.package_identification:_identify(src/naoqi_libqi) by extension 'colcon_pkg'
[1.791s] Level 1:colcon.colcon_core.package_identification:_identify(src/naoqi_libqi) by extensions ['colcon_meta']
[1.791s] Level 1:colcon.colcon_core.package_identification:_identify(src/naoqi_libqi) by extension 'colcon_meta'
[1.791s] Level 1:colcon.colcon_core.package_identification:_identify(src/naoqi_libqi) by extensions ['ros']
[1.791s] Level 1:colcon.colcon_core.package_identification:_identify(src/naoqi_libqi) by extension 'ros'
[1.794s] DEBUG:colcon.colcon_core.package_identification:Package 'src/naoqi_libqi' with type 'ros.ament_cmake' and name 'naoqi_libqi'
[1.795s] Level 1:colcon.colcon_core.package_identification:_identify(src/naoqi_libqicore) by extensions ['ignore', 'ignore_ament_install']
[1.795s] Level 1:colcon.colcon_core.package_identification:_identify(src/naoqi_libqicore) by extension 'ignore'
[1.795s] Level 1:colcon.colcon_core.package_identification:_identify(src/naoqi_libqicore) by extension 'ignore_ament_install'
[1.795s] Level 1:colcon.colcon_core.package_identification:_identify(src/naoqi_libqicore) by extensions ['colcon_pkg']
[1.795s] Level 1:colcon.colcon_core.package_identification:_identify(src/naoqi_libqicore) by extension 'colcon_pkg'
[1.795s] Level 1:colcon.colcon_core.package_identification:_identify(src/naoqi_libqicore) by extensions ['colcon_meta']
[1.795s] Level 1:colcon.colcon_core.package_identification:_identify(src/naoqi_libqicore) by extension 'colcon_meta'
[1.795s] Level 1:colcon.colcon_core.package_identification:_identify(src/naoqi_libqicore) by extensions ['ros']
[1.795s] Level 1:colcon.colcon_core.package_identification:_identify(src/naoqi_libqicore) by extension 'ros'
[1.797s] DEBUG:colcon.colcon_core.package_identification:Package 'src/naoqi_libqicore' with type 'ros.ament_cmake' and name 'naoqi_libqicore'
[1.797s] Level 1:colcon.colcon_core.package_identification:_identify(src/pepper_meshes) by extensions ['ignore', 'ignore_ament_install']
[1.798s] Level 1:colcon.colcon_core.package_identification:_identify(src/pepper_meshes) by extension 'ignore'
[1.798s] Level 1:colcon.colcon_core.package_identification:_identify(src/pepper_meshes) by extension 'ignore_ament_install'
[1.798s] Level 1:colcon.colcon_core.package_identification:_identify(src/pepper_meshes) by extensions ['colcon_pkg']
[1.798s] Level 1:colcon.colcon_core.package_identification:_identify(src/pepper_meshes) by extension 'colcon_pkg'
[1.798s] Level 1:colcon.colcon_core.package_identification:_identify(src/pepper_meshes) by extensions ['colcon_meta']
[1.798s] Level 1:colcon.colcon_core.package_identification:_identify(src/pepper_meshes) by extension 'colcon_meta'
[1.798s] Level 1:colcon.colcon_core.package_identification:_identify(src/pepper_meshes) by extensions ['ros']
[1.798s] Level 1:colcon.colcon_core.package_identification:_identify(src/pepper_meshes) by extension 'ros'
[1.799s] DEBUG:colcon.colcon_core.package_identification:Package 'src/pepper_meshes' with type 'ros.ament_cmake' and name 'pepper_meshes'
[1.799s] Level 1:colcon.colcon_core.package_discovery:discover_packages(recursive) using defaults
[1.800s] Level 1:colcon.colcon_core.package_discovery:discover_packages(ignore) discover
[1.800s] Level 1:colcon.colcon_core.package_discovery:discover_packages(ignore) using defaults
[1.800s] Level 1:colcon.colcon_core.package_discovery:discover_packages(path) discover
[1.800s] Level 1:colcon.colcon_core.package_discovery:discover_packages(path) using defaults
[1.853s] DEBUG:colcon.colcon_core.package_augmentation.check_dependency_constraint:naoqi_driver depends on naoqi_bridge_msgs which has version 2.1.0 which satisfies to be greater than or equal to 2.0.0
[1.855s] INFO:colcon.colcon_core.package_selection:Skipping package 'nao_meshes' in 'src/nao_meshes'
[1.855s] INFO:colcon.colcon_core.package_selection:Skipping package 'pepper_meshes' in 'src/pepper_meshes'
[1.857s] Level 1:colcon.colcon_core.package_discovery:discover_packages(prefix_path) check parameters
[1.857s] Level 1:colcon.colcon_core.package_discovery:discover_packages(prefix_path) discover
[1.869s] DEBUG:colcon.colcon_installed_package_information.package_discovery:Found 6 installed packages in /home/chris/ros_ws/install
[1.872s] DEBUG:colcon.colcon_installed_package_information.package_discovery:Found 277 installed packages in /opt/ros/humble
[1.890s] Level 1:colcon.colcon_core.package_discovery:discover_packages(prefix_path) using defaults
[2.081s] Level 5:colcon.colcon_core.verb:set package 'naoqi_bridge_msgs' build argument 'cmake_args' from command line to 'None'
[2.081s] Level 5:colcon.colcon_core.verb:set package 'naoqi_bridge_msgs' build argument 'cmake_target' from command line to 'None'
[2.081s] Level 5:colcon.colcon_core.verb:set package 'naoqi_bridge_msgs' build argument 'cmake_target_skip_unavailable' from command line to 'False'
[2.082s] Level 5:colcon.colcon_core.verb:set package 'naoqi_bridge_msgs' build argument 'cmake_clean_cache' from command line to 'False'
[2.082s] Level 5:colcon.colcon_core.verb:set package 'naoqi_bridge_msgs' build argument 'cmake_clean_first' from command line to 'False'
[2.082s] Level 5:colcon.colcon_core.verb:set package 'naoqi_bridge_msgs' build argument 'cmake_force_configure' from command line to 'False'
[2.082s] Level 5:colcon.colcon_core.verb:set package 'naoqi_bridge_msgs' build argument 'ament_cmake_args' from command line to 'None'
[2.082s] Level 5:colcon.colcon_core.verb:set package 'naoqi_bridge_msgs' build argument 'catkin_cmake_args' from command line to 'None'
[2.082s] Level 5:colcon.colcon_core.verb:set package 'naoqi_bridge_msgs' build argument 'catkin_skip_building_tests' from command line to 'False'
[2.082s] DEBUG:colcon.colcon_core.verb:Building package 'naoqi_bridge_msgs' with the following arguments: {'ament_cmake_args': None, 'build_base': '/home/chris/ros_ws/build/naoqi_bridge_msgs', 'catkin_cmake_args': None, 'catkin_skip_building_tests': False, 'cmake_args': None, 'cmake_clean_cache': False, 'cmake_clean_first': False, 'cmake_force_configure': False, 'cmake_target': None, 'cmake_target_skip_unavailable': False, 'install_base': '/home/chris/ros_ws/install/naoqi_bridge_msgs', 'merge_install': False, 'path': '/home/chris/ros_ws/src/naoqi_bridge_msgs', 'symlink_install': True, 'test_result_base': None}
[2.082s] Level 5:colcon.colcon_core.verb:set package 'naoqi_libqi' build argument 'cmake_args' from command line to 'None'
[2.083s] Level 5:colcon.colcon_core.verb:set package 'naoqi_libqi' build argument 'cmake_target' from command line to 'None'
[2.083s] Level 5:colcon.colcon_core.verb:set package 'naoqi_libqi' build argument 'cmake_target_skip_unavailable' from command line to 'False'
[2.083s] Level 5:colcon.colcon_core.verb:set package 'naoqi_libqi' build argument 'cmake_clean_cache' from command line to 'False'
[2.083s] Level 5:colcon.colcon_core.verb:set package 'naoqi_libqi' build argument 'cmake_clean_first' from command line to 'False'
[2.083s] Level 5:colcon.colcon_core.verb:set package 'naoqi_libqi' build argument 'cmake_force_configure' from command line to 'False'
[2.083s] Level 5:colcon.colcon_core.verb:set package 'naoqi_libqi' build argument 'ament_cmake_args' from command line to 'None'
[2.083s] Level 5:colcon.colcon_core.verb:set package 'naoqi_libqi' build argument 'catkin_cmake_args' from command line to 'None'
[2.083s] Level 5:colcon.colcon_core.verb:set package 'naoqi_libqi' build argument 'catkin_skip_building_tests' from command line to 'False'
[2.083s] DEBUG:colcon.colcon_core.verb:Building package 'naoqi_libqi' with the following arguments: {'ament_cmake_args': None, 'build_base': '/home/chris/ros_ws/build/naoqi_libqi', 'catkin_cmake_args': None, 'catkin_skip_building_tests': False, 'cmake_args': None, 'cmake_clean_cache': False, 'cmake_clean_first': False, 'cmake_force_configure': False, 'cmake_target': None, 'cmake_target_skip_unavailable': False, 'install_base': '/home/chris/ros_ws/install/naoqi_libqi', 'merge_install': False, 'path': '/home/chris/ros_ws/src/naoqi_libqi', 'symlink_install': True, 'test_result_base': None}
[2.083s] Level 5:colcon.colcon_core.verb:set package 'naoqi_libqicore' build argument 'cmake_args' from command line to 'None'
[2.084s] Level 5:colcon.colcon_core.verb:set package 'naoqi_libqicore' build argument 'cmake_target' from command line to 'None'
[2.084s] Level 5:colcon.colcon_core.verb:set package 'naoqi_libqicore' build argument 'cmake_target_skip_unavailable' from command line to 'False'
[2.084s] Level 5:colcon.colcon_core.verb:set package 'naoqi_libqicore' build argument 'cmake_clean_cache' from command line to 'False'
[2.084s] Level 5:colcon.colcon_core.verb:set package 'naoqi_libqicore' build argument 'cmake_clean_first' from command line to 'False'
[2.084s] Level 5:colcon.colcon_core.verb:set package 'naoqi_libqicore' build argument 'cmake_force_configure' from command line to 'False'
[2.084s] Level 5:colcon.colcon_core.verb:set package 'naoqi_libqicore' build argument 'ament_cmake_args' from command line to 'None'
[2.084s] Level 5:colcon.colcon_core.verb:set package 'naoqi_libqicore' build argument 'catkin_cmake_args' from command line to 'None'
[2.084s] Level 5:colcon.colcon_core.verb:set package 'naoqi_libqicore' build argument 'catkin_skip_building_tests' from command line to 'False'
[2.084s] DEBUG:colcon.colcon_core.verb:Building package 'naoqi_libqicore' with the following arguments: {'ament_cmake_args': None, 'build_base': '/home/chris/ros_ws/build/naoqi_libqicore', 'catkin_cmake_args': None, 'catkin_skip_building_tests': False, 'cmake_args': None, 'cmake_clean_cache': False, 'cmake_clean_first': False, 'cmake_force_configure': False, 'cmake_target': None, 'cmake_target_skip_unavailable': False, 'install_base': '/home/chris/ros_ws/install/naoqi_libqicore', 'merge_install': False, 'path': '/home/chris/ros_ws/src/naoqi_libqicore', 'symlink_install': True, 'test_result_base': None}
[2.084s] Level 5:colcon.colcon_core.verb:set package 'naoqi_driver' build argument 'cmake_args' from command line to 'None'
[2.085s] Level 5:colcon.colcon_core.verb:set package 'naoqi_driver' build argument 'cmake_target' from command line to 'None'
[2.085s] Level 5:colcon.colcon_core.verb:set package 'naoqi_driver' build argument 'cmake_target_skip_unavailable' from command line to 'False'
[2.085s] Level 5:colcon.colcon_core.verb:set package 'naoqi_driver' build argument 'cmake_clean_cache' from command line to 'False'
[2.085s] Level 5:colcon.colcon_core.verb:set package 'naoqi_driver' build argument 'cmake_clean_first' from command line to 'False'
[2.085s] Level 5:colcon.colcon_core.verb:set package 'naoqi_driver' build argument 'cmake_force_configure' from command line to 'False'
[2.085s] Level 5:colcon.colcon_core.verb:set package 'naoqi_driver' build argument 'ament_cmake_args' from command line to 'None'
[2.085s] Level 5:colcon.colcon_core.verb:set package 'naoqi_driver' build argument 'catkin_cmake_args' from command line to 'None'
[2.085s] Level 5:colcon.colcon_core.verb:set package 'naoqi_driver' build argument 'catkin_skip_building_tests' from command line to 'False'
[2.085s] DEBUG:colcon.colcon_core.verb:Building package 'naoqi_driver' with the following arguments: {'ament_cmake_args': None, 'build_base': '/home/chris/ros_ws/build/naoqi_driver', 'catkin_cmake_args': None, 'catkin_skip_building_tests': False, 'cmake_args': None, 'cmake_clean_cache': False, 'cmake_clean_first': False, 'cmake_force_configure': False, 'cmake_target': None, 'cmake_target_skip_unavailable': False, 'install_base': '/home/chris/ros_ws/install/naoqi_driver', 'merge_install': False, 'path': '/home/chris/ros_ws/src/naoqi_driver2', 'symlink_install': True, 'test_result_base': None}
[2.085s] INFO:colcon.colcon_core.executor:Executing jobs using 'parallel' executor
[2.088s] DEBUG:colcon.colcon_parallel_executor.executor.parallel:run_until_complete
[2.088s] INFO:colcon.colcon_ros.task.ament_cmake.build:Building ROS package in '/home/chris/ros_ws/src/naoqi_libqi' with build type 'ament_cmake'
[2.089s] INFO:colcon.colcon_cmake.task.cmake.build:Building CMake package in '/home/chris/ros_ws/src/naoqi_libqi'
[2.103s] INFO:colcon.colcon_core.plugin_system:Skipping extension 'colcon_core.shell.bat': Not used on non-Windows systems
[2.104s] INFO:colcon.colcon_core.shell:Skip shell extension 'powershell' for command environment: Not usable outside of PowerShell
[2.104s] DEBUG:colcon.colcon_core.shell:Skip shell extension 'dsv' for command environment
[2.128s] DEBUG:colcon.colcon_core.event_handler.log_command:Invoking command in '/home/chris/ros_ws/build/naoqi_libqi': CMAKE_PREFIX_PATH=${CMAKE_PREFIX_PATH}:/opt/ros/humble /usr/bin/cmake --build /home/chris/ros_ws/build/naoqi_libqi -- -j20 -l20
[2.720s] DEBUG:colcon.colcon_core.event_handler.log_command:Invoked command in '/home/chris/ros_ws/build/naoqi_libqi' returned '0': CMAKE_PREFIX_PATH=${CMAKE_PREFIX_PATH}:/opt/ros/humble /usr/bin/cmake --build /home/chris/ros_ws/build/naoqi_libqi -- -j20 -l20
[2.734s] DEBUG:colcon.colcon_core.event_handler.log_command:Invoking command in '/home/chris/ros_ws/build/naoqi_libqi': CMAKE_PREFIX_PATH=${CMAKE_PREFIX_PATH}:/opt/ros/humble /usr/bin/cmake --install /home/chris/ros_ws/build/naoqi_libqi
[2.891s] Level 1:colcon.colcon_core.environment:create_environment_scripts_only(naoqi_libqi)
[2.893s] DEBUG:colcon.colcon_core.event_handler.log_command:Invoked command in '/home/chris/ros_ws/build/naoqi_libqi' returned '0': CMAKE_PREFIX_PATH=${CMAKE_PREFIX_PATH}:/opt/ros/humble /usr/bin/cmake --install /home/chris/ros_ws/build/naoqi_libqi
[2.905s] Level 1:colcon.colcon_core.environment:checking '/home/chris/ros_ws/install/naoqi_libqi' for CMake module files
[2.907s] Level 1:colcon.colcon_core.environment:checking '/home/chris/ros_ws/install/naoqi_libqi' for CMake config files
[2.917s] Level 1:colcon.colcon_core.shell:create_environment_hook('naoqi_libqi', 'cmake_prefix_path')
[2.917s] INFO:colcon.colcon_core.shell:Creating environment hook '/home/chris/ros_ws/install/naoqi_libqi/share/naoqi_libqi/hook/cmake_prefix_path.ps1'
[2.919s] INFO:colcon.colcon_core.shell:Creating environment descriptor '/home/chris/ros_ws/install/naoqi_libqi/share/naoqi_libqi/hook/cmake_prefix_path.dsv'
[2.920s] INFO:colcon.colcon_core.shell:Creating environment hook '/home/chris/ros_ws/install/naoqi_libqi/share/naoqi_libqi/hook/cmake_prefix_path.sh'
[2.922s] Level 1:colcon.colcon_core.environment:checking '/home/chris/ros_ws/install/naoqi_libqi/lib'
[2.923s] Level 1:colcon.colcon_core.shell:create_environment_hook('naoqi_libqi', 'ld_library_path_lib')
[2.923s] INFO:colcon.colcon_core.shell:Creating environment hook '/home/chris/ros_ws/install/naoqi_libqi/share/naoqi_libqi/hook/ld_library_path_lib.ps1'
[2.924s] INFO:colcon.colcon_core.shell:Creating environment descriptor '/home/chris/ros_ws/install/naoqi_libqi/share/naoqi_libqi/hook/ld_library_path_lib.dsv'
[2.925s] INFO:colcon.colcon_core.shell:Creating environment hook '/home/chris/ros_ws/install/naoqi_libqi/share/naoqi_libqi/hook/ld_library_path_lib.sh'
[2.925s] Level 1:colcon.colcon_core.environment:checking '/home/chris/ros_ws/install/naoqi_libqi/bin'
[2.925s] Level 1:colcon.colcon_core.environment:checking '/home/chris/ros_ws/install/naoqi_libqi/lib/pkgconfig/naoqi_libqi.pc'
[2.926s] Level 1:colcon.colcon_core.environment:checking '/home/chris/ros_ws/install/naoqi_libqi/lib/python3.10/site-packages'
[2.926s] Level 1:colcon.colcon_core.environment:checking '/home/chris/ros_ws/install/naoqi_libqi/bin'
[2.926s] INFO:colcon.colcon_core.shell:Creating package script '/home/chris/ros_ws/install/naoqi_libqi/share/naoqi_libqi/package.ps1'
[2.928s] INFO:colcon.colcon_core.shell:Creating package descriptor '/home/chris/ros_ws/install/naoqi_libqi/share/naoqi_libqi/package.dsv'
[2.929s] INFO:colcon.colcon_core.shell:Creating package script '/home/chris/ros_ws/install/naoqi_libqi/share/naoqi_libqi/package.sh'
[2.930s] INFO:colcon.colcon_core.shell:Creating package script '/home/chris/ros_ws/install/naoqi_libqi/share/naoqi_libqi/package.bash'
[2.932s] INFO:colcon.colcon_core.shell:Creating package script '/home/chris/ros_ws/install/naoqi_libqi/share/naoqi_libqi/package.zsh'
[2.933s] Level 1:colcon.colcon_core.environment:create_file_with_runtime_dependencies(/home/chris/ros_ws/install/naoqi_libqi/share/colcon-core/packages/naoqi_libqi)
[2.934s] Level 1:colcon.colcon_core.environment:create_environment_scripts_only(naoqi_libqi)
[2.934s] Level 1:colcon.colcon_core.environment:checking '/home/chris/ros_ws/install/naoqi_libqi' for CMake module files
[2.934s] Level 1:colcon.colcon_core.environment:checking '/home/chris/ros_ws/install/naoqi_libqi' for CMake config files
[2.936s] Level 1:colcon.colcon_core.shell:create_environment_hook('naoqi_libqi', 'cmake_prefix_path')
[2.936s] INFO:colcon.colcon_core.shell:Creating environment hook '/home/chris/ros_ws/install/naoqi_libqi/share/naoqi_libqi/hook/cmake_prefix_path.ps1'
[2.937s] INFO:colcon.colcon_core.shell:Creating environment descriptor '/home/chris/ros_ws/install/naoqi_libqi/share/naoqi_libqi/hook/cmake_prefix_path.dsv'
[2.937s] INFO:colcon.colcon_core.shell:Creating environment hook '/home/chris/ros_ws/install/naoqi_libqi/share/naoqi_libqi/hook/cmake_prefix_path.sh'
[2.938s] Level 1:colcon.colcon_core.environment:checking '/home/chris/ros_ws/install/naoqi_libqi/lib'
[2.938s] Level 1:colcon.colcon_core.shell:create_environment_hook('naoqi_libqi', 'ld_library_path_lib')
[2.938s] INFO:colcon.colcon_core.shell:Creating environment hook '/home/chris/ros_ws/install/naoqi_libqi/share/naoqi_libqi/hook/ld_library_path_lib.ps1'
[2.939s] INFO:colcon.colcon_core.shell:Creating environment descriptor '/home/chris/ros_ws/install/naoqi_libqi/share/naoqi_libqi/hook/ld_library_path_lib.dsv'
[2.939s] INFO:colcon.colcon_core.shell:Creating environment hook '/home/chris/ros_ws/install/naoqi_libqi/share/naoqi_libqi/hook/ld_library_path_lib.sh'
[2.940s] Level 1:colcon.colcon_core.environment:checking '/home/chris/ros_ws/install/naoqi_libqi/bin'
[2.940s] Level 1:colcon.colcon_core.environment:checking '/home/chris/ros_ws/install/naoqi_libqi/lib/pkgconfig/naoqi_libqi.pc'
[2.941s] Level 1:colcon.colcon_core.environment:checking '/home/chris/ros_ws/install/naoqi_libqi/lib/python3.10/site-packages'
[2.941s] Level 1:colcon.colcon_core.environment:checking '/home/chris/ros_ws/install/naoqi_libqi/bin'
[2.941s] INFO:colcon.colcon_core.shell:Creating package script '/home/chris/ros_ws/install/naoqi_libqi/share/naoqi_libqi/package.ps1'
[2.942s] INFO:colcon.colcon_core.shell:Creating package descriptor '/home/chris/ros_ws/install/naoqi_libqi/share/naoqi_libqi/package.dsv'
[2.943s] INFO:colcon.colcon_core.shell:Creating package script '/home/chris/ros_ws/install/naoqi_libqi/share/naoqi_libqi/package.sh'
[2.943s] INFO:colcon.colcon_core.shell:Creating package script '/home/chris/ros_ws/install/naoqi_libqi/share/naoqi_libqi/package.bash'
[2.944s] INFO:colcon.colcon_core.shell:Creating package script '/home/chris/ros_ws/install/naoqi_libqi/share/naoqi_libqi/package.zsh'
[2.945s] Level 1:colcon.colcon_core.environment:create_file_with_runtime_dependencies(/home/chris/ros_ws/install/naoqi_libqi/share/colcon-core/packages/naoqi_libqi)
[2.946s] INFO:colcon.colcon_ros.task.ament_cmake.build:Building ROS package in '/home/chris/ros_ws/src/naoqi_bridge_msgs' with build type 'ament_cmake'
[2.946s] INFO:colcon.colcon_cmake.task.cmake.build:Building CMake package in '/home/chris/ros_ws/src/naoqi_bridge_msgs'
[2.947s] INFO:colcon.colcon_core.shell:Skip shell extension 'powershell' for command environment: Not usable outside of PowerShell
[2.947s] DEBUG:colcon.colcon_core.shell:Skip shell extension 'dsv' for command environment
[2.965s] DEBUG:colcon.colcon_core.event_handler.log_command:Invoking command in '/home/chris/ros_ws/build/naoqi_bridge_msgs': CMAKE_PREFIX_PATH=${CMAKE_PREFIX_PATH}:/opt/ros/humble /usr/bin/cmake --build /home/chris/ros_ws/build/naoqi_bridge_msgs -- -j20 -l20
[3.509s] DEBUG:colcon.colcon_core.event_handler.log_command:Invoked command in '/home/chris/ros_ws/build/naoqi_bridge_msgs' returned '0': CMAKE_PREFIX_PATH=${CMAKE_PREFIX_PATH}:/opt/ros/humble /usr/bin/cmake --build /home/chris/ros_ws/build/naoqi_bridge_msgs -- -j20 -l20
[3.514s] DEBUG:colcon.colcon_core.event_handler.log_command:Invoking command in '/home/chris/ros_ws/build/naoqi_bridge_msgs': CMAKE_PREFIX_PATH=${CMAKE_PREFIX_PATH}:/opt/ros/humble /usr/bin/cmake --install /home/chris/ros_ws/build/naoqi_bridge_msgs
[4.470s] Level 1:colcon.colcon_core.environment:create_environment_scripts_only(naoqi_bridge_msgs)
[4.471s] DEBUG:colcon.colcon_core.event_handler.log_command:Invoked command in '/home/chris/ros_ws/build/naoqi_bridge_msgs' returned '0': CMAKE_PREFIX_PATH=${CMAKE_PREFIX_PATH}:/opt/ros/humble /usr/bin/cmake --install /home/chris/ros_ws/build/naoqi_bridge_msgs
[4.472s] Level 1:colcon.colcon_core.environment:checking '/home/chris/ros_ws/install/naoqi_bridge_msgs' for CMake module files
[4.475s] Level 1:colcon.colcon_core.environment:checking '/home/chris/ros_ws/install/naoqi_bridge_msgs' for CMake config files
[4.508s] Level 1:colcon.colcon_core.shell:create_environment_hook('naoqi_bridge_msgs', 'cmake_prefix_path')
[4.509s] INFO:colcon.colcon_core.shell:Creating environment hook '/home/chris/ros_ws/install/naoqi_bridge_msgs/share/naoqi_bridge_msgs/hook/cmake_prefix_path.ps1'
[4.510s] INFO:colcon.colcon_core.shell:Creating environment descriptor '/home/chris/ros_ws/install/naoqi_bridge_msgs/share/naoqi_bridge_msgs/hook/cmake_prefix_path.dsv'
[4.510s] INFO:colcon.colcon_core.shell:Creating environment hook '/home/chris/ros_ws/install/naoqi_bridge_msgs/share/naoqi_bridge_msgs/hook/cmake_prefix_path.sh'
[4.511s] Level 1:colcon.colcon_core.environment:checking '/home/chris/ros_ws/install/naoqi_bridge_msgs/lib'
[4.512s] Level 1:colcon.colcon_core.shell:create_environment_hook('naoqi_bridge_msgs', 'ld_library_path_lib')
[4.513s] INFO:colcon.colcon_core.shell:Creating environment hook '/home/chris/ros_ws/install/naoqi_bridge_msgs/share/naoqi_bridge_msgs/hook/ld_library_path_lib.ps1'
[4.514s] INFO:colcon.colcon_core.shell:Creating environment descriptor '/home/chris/ros_ws/install/naoqi_bridge_msgs/share/naoqi_bridge_msgs/hook/ld_library_path_lib.dsv'
[4.515s] INFO:colcon.colcon_core.shell:Creating environment hook '/home/chris/ros_ws/install/naoqi_bridge_msgs/share/naoqi_bridge_msgs/hook/ld_library_path_lib.sh'
[4.516s] Level 1:colcon.colcon_core.environment:checking '/home/chris/ros_ws/install/naoqi_bridge_msgs/bin'
[4.516s] Level 1:colcon.colcon_core.environment:checking '/home/chris/ros_ws/install/naoqi_bridge_msgs/lib/pkgconfig/naoqi_bridge_msgs.pc'
[4.517s] Level 1:colcon.colcon_core.environment:checking '/home/chris/ros_ws/install/naoqi_bridge_msgs/lib/python3.10/site-packages'
[4.517s] Level 1:colcon.colcon_core.environment:checking '/home/chris/ros_ws/install/naoqi_bridge_msgs/bin'
[4.518s] INFO:colcon.colcon_core.shell:Creating package script '/home/chris/ros_ws/install/naoqi_bridge_msgs/share/naoqi_bridge_msgs/package.ps1'
[4.520s] INFO:colcon.colcon_core.shell:Creating package descriptor '/home/chris/ros_ws/install/naoqi_bridge_msgs/share/naoqi_bridge_msgs/package.dsv'
[4.521s] INFO:colcon.colcon_core.shell:Creating package script '/home/chris/ros_ws/install/naoqi_bridge_msgs/share/naoqi_bridge_msgs/package.sh'
[4.522s] INFO:colcon.colcon_core.shell:Creating package script '/home/chris/ros_ws/install/naoqi_bridge_msgs/share/naoqi_bridge_msgs/package.bash'
[4.523s] INFO:colcon.colcon_core.shell:Creating package script '/home/chris/ros_ws/install/naoqi_bridge_msgs/share/naoqi_bridge_msgs/package.zsh'
[4.524s] Level 1:colcon.colcon_core.environment:create_file_with_runtime_dependencies(/home/chris/ros_ws/install/naoqi_bridge_msgs/share/colcon-core/packages/naoqi_bridge_msgs)
[4.525s] Level 1:colcon.colcon_core.environment:create_environment_scripts_only(naoqi_bridge_msgs)
[4.526s] Level 1:colcon.colcon_core.environment:checking '/home/chris/ros_ws/install/naoqi_bridge_msgs' for CMake module files
[4.527s] Level 1:colcon.colcon_core.environment:checking '/home/chris/ros_ws/install/naoqi_bridge_msgs' for CMake config files
[4.535s] Level 1:colcon.colcon_core.shell:create_environment_hook('naoqi_bridge_msgs', 'cmake_prefix_path')
[4.535s] INFO:colcon.colcon_core.shell:Creating environment hook '/home/chris/ros_ws/install/naoqi_bridge_msgs/share/naoqi_bridge_msgs/hook/cmake_prefix_path.ps1'
[4.536s] INFO:colcon.colcon_core.shell:Creating environment descriptor '/home/chris/ros_ws/install/naoqi_bridge_msgs/share/naoqi_bridge_msgs/hook/cmake_prefix_path.dsv'
[4.536s] INFO:colcon.colcon_core.shell:Creating environment hook '/home/chris/ros_ws/install/naoqi_bridge_msgs/share/naoqi_bridge_msgs/hook/cmake_prefix_path.sh'
[4.537s] Level 1:colcon.colcon_core.environment:checking '/home/chris/ros_ws/install/naoqi_bridge_msgs/lib'
[4.537s] Level 1:colcon.colcon_core.shell:create_environment_hook('naoqi_bridge_msgs', 'ld_library_path_lib')
[4.537s] INFO:colcon.colcon_core.shell:Creating environment hook '/home/chris/ros_ws/install/naoqi_bridge_msgs/share/naoqi_bridge_msgs/hook/ld_library_path_lib.ps1'
[4.538s] INFO:colcon.colcon_core.shell:Creating environment descriptor '/home/chris/ros_ws/install/naoqi_bridge_msgs/share/naoqi_bridge_msgs/hook/ld_library_path_lib.dsv'
[4.538s] INFO:colcon.colcon_core.shell:Creating environment hook '/home/chris/ros_ws/install/naoqi_bridge_msgs/share/naoqi_bridge_msgs/hook/ld_library_path_lib.sh'
[4.539s] Level 1:colcon.colcon_core.environment:checking '/home/chris/ros_ws/install/naoqi_bridge_msgs/bin'
[4.539s] Level 1:colcon.colcon_core.environment:checking '/home/chris/ros_ws/install/naoqi_bridge_msgs/lib/pkgconfig/naoqi_bridge_msgs.pc'
[4.539s] Level 1:colcon.colcon_core.environment:checking '/home/chris/ros_ws/install/naoqi_bridge_msgs/lib/python3.10/site-packages'
[4.539s] Level 1:colcon.colcon_core.environment:checking '/home/chris/ros_ws/install/naoqi_bridge_msgs/bin'
[4.540s] INFO:colcon.colcon_core.shell:Creating package script '/home/chris/ros_ws/install/naoqi_bridge_msgs/share/naoqi_bridge_msgs/package.ps1'
[4.540s] INFO:colcon.colcon_core.shell:Creating package descriptor '/home/chris/ros_ws/install/naoqi_bridge_msgs/share/naoqi_bridge_msgs/package.dsv'
[4.541s] INFO:colcon.colcon_core.shell:Creating package script '/home/chris/ros_ws/install/naoqi_bridge_msgs/share/naoqi_bridge_msgs/package.sh'
[4.542s] INFO:colcon.colcon_core.shell:Creating package script '/home/chris/ros_ws/install/naoqi_bridge_msgs/share/naoqi_bridge_msgs/package.bash'
[4.542s] INFO:colcon.colcon_core.shell:Creating package script '/home/chris/ros_ws/install/naoqi_bridge_msgs/share/naoqi_bridge_msgs/package.zsh'
[4.543s] Level 1:colcon.colcon_core.environment:create_file_with_runtime_dependencies(/home/chris/ros_ws/install/naoqi_bridge_msgs/share/colcon-core/packages/naoqi_bridge_msgs)
[4.543s] INFO:colcon.colcon_ros.task.ament_cmake.build:Building ROS package in '/home/chris/ros_ws/src/naoqi_libqicore' with build type 'ament_cmake'
[4.544s] INFO:colcon.colcon_cmake.task.cmake.build:Building CMake package in '/home/chris/ros_ws/src/naoqi_libqicore'
[4.544s] INFO:colcon.colcon_core.shell:Skip shell extension 'powershell' for command environment: Not usable outside of PowerShell
[4.544s] DEBUG:colcon.colcon_core.shell:Skip shell extension 'dsv' for command environment
[4.806s] DEBUG:colcon.colcon_core.event_handler.log_command:Invoking command in '/home/chris/ros_ws/build/naoqi_libqicore': CMAKE_PREFIX_PATH=/home/chris/ros_ws/install/naoqi_libqi:/home/chris/ros_ws/install/pepper_meshes:/home/chris/ros_ws/install/naoqi_driver:/home/chris/ros_ws/install/naoqi_libqicore:/home/chris/ros_ws/install/naoqi_bridge_msgs:/home/chris/ros_ws/install/nao_meshes:/opt/ros/humble LD_LIBRARY_PATH=/home/chris/ros_ws/install/naoqi_libqi/lib:/home/chris/ros_ws/install/naoqi_driver/lib:/home/chris/ros_ws/install/naoqi_libqicore/lib:/home/chris/ros_ws/install/naoqi_bridge_msgs/lib:/opt/ros/humble/opt/rviz_ogre_vendor/lib:/opt/ros/humble/lib/x86_64-linux-gnu:/opt/ros/humble/lib /usr/bin/cmake --build /home/chris/ros_ws/build/naoqi_libqicore -- -j20 -l20
[4.959s] DEBUG:colcon.colcon_core.event_handler.log_command:Invoked command in '/home/chris/ros_ws/build/naoqi_libqicore' returned '0': CMAKE_PREFIX_PATH=/home/chris/ros_ws/install/naoqi_libqi:/home/chris/ros_ws/install/pepper_meshes:/home/chris/ros_ws/install/naoqi_driver:/home/chris/ros_ws/install/naoqi_libqicore:/home/chris/ros_ws/install/naoqi_bridge_msgs:/home/chris/ros_ws/install/nao_meshes:/opt/ros/humble LD_LIBRARY_PATH=/home/chris/ros_ws/install/naoqi_libqi/lib:/home/chris/ros_ws/install/naoqi_driver/lib:/home/chris/ros_ws/install/naoqi_libqicore/lib:/home/chris/ros_ws/install/naoqi_bridge_msgs/lib:/opt/ros/humble/opt/rviz_ogre_vendor/lib:/opt/ros/humble/lib/x86_64-linux-gnu:/opt/ros/humble/lib /usr/bin/cmake --build /home/chris/ros_ws/build/naoqi_libqicore -- -j20 -l20
[4.964s] DEBUG:colcon.colcon_core.event_handler.log_command:Invoking command in '/home/chris/ros_ws/build/naoqi_libqicore': CMAKE_PREFIX_PATH=/home/chris/ros_ws/install/naoqi_libqi:/home/chris/ros_ws/install/pepper_meshes:/home/chris/ros_ws/install/naoqi_driver:/home/chris/ros_ws/install/naoqi_libqicore:/home/chris/ros_ws/install/naoqi_bridge_msgs:/home/chris/ros_ws/install/nao_meshes:/opt/ros/humble LD_LIBRARY_PATH=/home/chris/ros_ws/install/naoqi_libqi/lib:/home/chris/ros_ws/install/naoqi_driver/lib:/home/chris/ros_ws/install/naoqi_libqicore/lib:/home/chris/ros_ws/install/naoqi_bridge_msgs/lib:/opt/ros/humble/opt/rviz_ogre_vendor/lib:/opt/ros/humble/lib/x86_64-linux-gnu:/opt/ros/humble/lib /usr/bin/cmake --install /home/chris/ros_ws/build/naoqi_libqicore
[5.025s] Level 1:colcon.colcon_core.environment:create_environment_scripts_only(naoqi_libqicore)
[5.026s] Level 1:colcon.colcon_core.environment:checking '/home/chris/ros_ws/install/naoqi_libqicore' for CMake module files
[5.026s] DEBUG:colcon.colcon_core.event_handler.log_command:Invoked command in '/home/chris/ros_ws/build/naoqi_libqicore' returned '0': CMAKE_PREFIX_PATH=/home/chris/ros_ws/install/naoqi_libqi:/home/chris/ros_ws/install/pepper_meshes:/home/chris/ros_ws/install/naoqi_driver:/home/chris/ros_ws/install/naoqi_libqicore:/home/chris/ros_ws/install/naoqi_bridge_msgs:/home/chris/ros_ws/install/nao_meshes:/opt/ros/humble LD_LIBRARY_PATH=/home/chris/ros_ws/install/naoqi_libqi/lib:/home/chris/ros_ws/install/naoqi_driver/lib:/home/chris/ros_ws/install/naoqi_libqicore/lib:/home/chris/ros_ws/install/naoqi_bridge_msgs/lib:/opt/ros/humble/opt/rviz_ogre_vendor/lib:/opt/ros/humble/lib/x86_64-linux-gnu:/opt/ros/humble/lib /usr/bin/cmake --install /home/chris/ros_ws/build/naoqi_libqicore
[5.029s] Level 1:colcon.colcon_core.environment:checking '/home/chris/ros_ws/install/naoqi_libqicore' for CMake config files
[5.032s] Level 1:colcon.colcon_core.shell:create_environment_hook('naoqi_libqicore', 'cmake_prefix_path')
[5.033s] INFO:colcon.colcon_core.shell:Creating environment hook '/home/chris/ros_ws/install/naoqi_libqicore/share/naoqi_libqicore/hook/cmake_prefix_path.ps1'
[5.034s] INFO:colcon.colcon_core.shell:Creating environment descriptor '/home/chris/ros_ws/install/naoqi_libqicore/share/naoqi_libqicore/hook/cmake_prefix_path.dsv'
[5.034s] INFO:colcon.colcon_core.shell:Creating environment hook '/home/chris/ros_ws/install/naoqi_libqicore/share/naoqi_libqicore/hook/cmake_prefix_path.sh'
[5.035s] Level 1:colcon.colcon_core.environment:checking '/home/chris/ros_ws/install/naoqi_libqicore/lib'
[5.037s] Level 1:colcon.colcon_core.environment:checking '/home/chris/ros_ws/install/naoqi_libqicore/bin'
[5.037s] Level 1:colcon.colcon_core.environment:checking '/home/chris/ros_ws/install/naoqi_libqicore/lib/pkgconfig/naoqi_libqicore.pc'
[5.038s] Level 1:colcon.colcon_core.environment:checking '/home/chris/ros_ws/install/naoqi_libqicore/lib/python3.10/site-packages'
[5.038s] Level 1:colcon.colcon_core.environment:checking '/home/chris/ros_ws/install/naoqi_libqicore/bin'
[5.039s] INFO:colcon.colcon_core.shell:Creating package script '/home/chris/ros_ws/install/naoqi_libqicore/share/naoqi_libqicore/package.ps1'
[5.040s] INFO:colcon.colcon_core.shell:Creating package descriptor '/home/chris/ros_ws/install/naoqi_libqicore/share/naoqi_libqicore/package.dsv'
[5.041s] INFO:colcon.colcon_core.shell:Creating package script '/home/chris/ros_ws/install/naoqi_libqicore/share/naoqi_libqicore/package.sh'
[5.043s] INFO:colcon.colcon_core.shell:Creating package script '/home/chris/ros_ws/install/naoqi_libqicore/share/naoqi_libqicore/package.bash'
[5.043s] INFO:colcon.colcon_core.shell:Creating package script '/home/chris/ros_ws/install/naoqi_libqicore/share/naoqi_libqicore/package.zsh'
[5.045s] Level 1:colcon.colcon_core.environment:create_file_with_runtime_dependencies(/home/chris/ros_ws/install/naoqi_libqicore/share/colcon-core/packages/naoqi_libqicore)
[5.046s] Level 1:colcon.colcon_core.environment:create_environment_scripts_only(naoqi_libqicore)
[5.047s] Level 1:colcon.colcon_core.environment:checking '/home/chris/ros_ws/install/naoqi_libqicore' for CMake module files
[5.047s] Level 1:colcon.colcon_core.environment:checking '/home/chris/ros_ws/install/naoqi_libqicore' for CMake config files
[5.048s] Level 1:colcon.colcon_core.shell:create_environment_hook('naoqi_libqicore', 'cmake_prefix_path')
[5.048s] INFO:colcon.colcon_core.shell:Creating environment hook '/home/chris/ros_ws/install/naoqi_libqicore/share/naoqi_libqicore/hook/cmake_prefix_path.ps1'
[5.049s] INFO:colcon.colcon_core.shell:Creating environment descriptor '/home/chris/ros_ws/install/naoqi_libqicore/share/naoqi_libqicore/hook/cmake_prefix_path.dsv'
[5.050s] INFO:colcon.colcon_core.shell:Creating environment hook '/home/chris/ros_ws/install/naoqi_libqicore/share/naoqi_libqicore/hook/cmake_prefix_path.sh'
[5.052s] Level 1:colcon.colcon_core.environment:checking '/home/chris/ros_ws/install/naoqi_libqicore/lib'
[5.052s] Level 1:colcon.colcon_core.environment:checking '/home/chris/ros_ws/install/naoqi_libqicore/bin'
[5.053s] Level 1:colcon.colcon_core.environment:checking '/home/chris/ros_ws/install/naoqi_libqicore/lib/pkgconfig/naoqi_libqicore.pc'
[5.053s] Level 1:colcon.colcon_core.environment:checking '/home/chris/ros_ws/install/naoqi_libqicore/lib/python3.10/site-packages'
[5.054s] Level 1:colcon.colcon_core.environment:checking '/home/chris/ros_ws/install/naoqi_libqicore/bin'
[5.055s] INFO:colcon.colcon_core.shell:Creating package script '/home/chris/ros_ws/install/naoqi_libqicore/share/naoqi_libqicore/package.ps1'
[5.056s] INFO:colcon.colcon_core.shell:Creating package descriptor '/home/chris/ros_ws/install/naoqi_libqicore/share/naoqi_libqicore/package.dsv'
[5.057s] INFO:colcon.colcon_core.shell:Creating package script '/home/chris/ros_ws/install/naoqi_libqicore/share/naoqi_libqicore/package.sh'
[5.058s] INFO:colcon.colcon_core.shell:Creating package script '/home/chris/ros_ws/install/naoqi_libqicore/share/naoqi_libqicore/package.bash'
[5.059s] INFO:colcon.colcon_core.shell:Creating package script '/home/chris/ros_ws/install/naoqi_libqicore/share/naoqi_libqicore/package.zsh'
[5.061s] Level 1:colcon.colcon_core.environment:create_file_with_runtime_dependencies(/home/chris/ros_ws/install/naoqi_libqicore/share/colcon-core/packages/naoqi_libqicore)
[5.062s] INFO:colcon.colcon_ros.task.ament_cmake.build:Building ROS package in '/home/chris/ros_ws/src/naoqi_driver2' with build type 'ament_cmake'
[5.063s] INFO:colcon.colcon_cmake.task.cmake.build:Building CMake package in '/home/chris/ros_ws/src/naoqi_driver2'
[5.064s] INFO:colcon.colcon_core.shell:Skip shell extension 'powershell' for command environment: Not usable outside of PowerShell
[5.064s] DEBUG:colcon.colcon_core.shell:Skip shell extension 'dsv' for command environment
[6.249s] DEBUG:colcon.colcon_core.event_handler.log_command:Invoking command in '/home/chris/ros_ws/build/naoqi_driver': CMAKE_PREFIX_PATH=/home/chris/ros_ws/install/naoqi_libqicore:/home/chris/ros_ws/install/naoqi_libqi:/home/chris/ros_ws/install/naoqi_bridge_msgs:/home/chris/ros_ws/install/pepper_meshes:/home/chris/ros_ws/install/naoqi_driver:/home/chris/ros_ws/install/nao_meshes:/opt/ros/humble LD_LIBRARY_PATH=/home/chris/ros_ws/install/naoqi_libqi/lib:/home/chris/ros_ws/install/naoqi_bridge_msgs/lib:/home/chris/ros_ws/install/naoqi_driver/lib:/home/chris/ros_ws/install/naoqi_libqicore/lib:/opt/ros/humble/opt/rviz_ogre_vendor/lib:/opt/ros/humble/lib/x86_64-linux-gnu:/opt/ros/humble/lib /usr/bin/cmake --build /home/chris/ros_ws/build/naoqi_driver -- -j20 -l20
[6.845s] DEBUG:colcon.colcon_core.event_handler.log_command:Invoked command in '/home/chris/ros_ws/build/naoqi_driver' returned '0': CMAKE_PREFIX_PATH=/home/chris/ros_ws/install/naoqi_libqicore:/home/chris/ros_ws/install/naoqi_libqi:/home/chris/ros_ws/install/naoqi_bridge_msgs:/home/chris/ros_ws/install/pepper_meshes:/home/chris/ros_ws/install/naoqi_driver:/home/chris/ros_ws/install/nao_meshes:/opt/ros/humble LD_LIBRARY_PATH=/home/chris/ros_ws/install/naoqi_libqi/lib:/home/chris/ros_ws/install/naoqi_bridge_msgs/lib:/home/chris/ros_ws/install/naoqi_driver/lib:/home/chris/ros_ws/install/naoqi_libqicore/lib:/opt/ros/humble/opt/rviz_ogre_vendor/lib:/opt/ros/humble/lib/x86_64-linux-gnu:/opt/ros/humble/lib /usr/bin/cmake --build /home/chris/ros_ws/build/naoqi_driver -- -j20 -l20
[6.848s] DEBUG:colcon.colcon_core.event_handler.log_command:Invoking command in '/home/chris/ros_ws/build/naoqi_driver': CMAKE_PREFIX_PATH=/home/chris/ros_ws/install/naoqi_libqicore:/home/chris/ros_ws/install/naoqi_libqi:/home/chris/ros_ws/install/naoqi_bridge_msgs:/home/chris/ros_ws/install/pepper_meshes:/home/chris/ros_ws/install/naoqi_driver:/home/chris/ros_ws/install/nao_meshes:/opt/ros/humble LD_LIBRARY_PATH=/home/chris/ros_ws/install/naoqi_libqi/lib:/home/chris/ros_ws/install/naoqi_bridge_msgs/lib:/home/chris/ros_ws/install/naoqi_driver/lib:/home/chris/ros_ws/install/naoqi_libqicore/lib:/opt/ros/humble/opt/rviz_ogre_vendor/lib:/opt/ros/humble/lib/x86_64-linux-gnu:/opt/ros/humble/lib /usr/bin/cmake --install /home/chris/ros_ws/build/naoqi_driver
[6.888s] Level 1:colcon.colcon_core.environment:create_environment_scripts_only(naoqi_driver)
[6.888s] Level 1:colcon.colcon_core.environment:checking '/home/chris/ros_ws/install/naoqi_driver' for CMake module files
[6.889s] DEBUG:colcon.colcon_core.event_handler.log_command:Invoked command in '/home/chris/ros_ws/build/naoqi_driver' returned '0': CMAKE_PREFIX_PATH=/home/chris/ros_ws/install/naoqi_libqicore:/home/chris/ros_ws/install/naoqi_libqi:/home/chris/ros_ws/install/naoqi_bridge_msgs:/home/chris/ros_ws/install/pepper_meshes:/home/chris/ros_ws/install/naoqi_driver:/home/chris/ros_ws/install/nao_meshes:/opt/ros/humble LD_LIBRARY_PATH=/home/chris/ros_ws/install/naoqi_libqi/lib:/home/chris/ros_ws/install/naoqi_bridge_msgs/lib:/home/chris/ros_ws/install/naoqi_driver/lib:/home/chris/ros_ws/install/naoqi_libqicore/lib:/opt/ros/humble/opt/rviz_ogre_vendor/lib:/opt/ros/humble/lib/x86_64-linux-gnu:/opt/ros/humble/lib /usr/bin/cmake --install /home/chris/ros_ws/build/naoqi_driver
[6.890s] Level 1:colcon.colcon_core.environment:checking '/home/chris/ros_ws/install/naoqi_driver' for CMake config files
[6.895s] Level 1:colcon.colcon_core.shell:create_environment_hook('naoqi_driver', 'cmake_prefix_path')
[6.895s] INFO:colcon.colcon_core.shell:Creating environment hook '/home/chris/ros_ws/install/naoqi_driver/share/naoqi_driver/hook/cmake_prefix_path.ps1'
[6.896s] INFO:colcon.colcon_core.shell:Creating environment descriptor '/home/chris/ros_ws/install/naoqi_driver/share/naoqi_driver/hook/cmake_prefix_path.dsv'
[6.896s] INFO:colcon.colcon_core.shell:Creating environment hook '/home/chris/ros_ws/install/naoqi_driver/share/naoqi_driver/hook/cmake_prefix_path.sh'
[6.897s] Level 1:colcon.colcon_core.environment:checking '/home/chris/ros_ws/install/naoqi_driver/lib'
[6.897s] Level 1:colcon.colcon_core.shell:create_environment_hook('naoqi_driver', 'ld_library_path_lib')
[6.898s] INFO:colcon.colcon_core.shell:Creating environment hook '/home/chris/ros_ws/install/naoqi_driver/share/naoqi_driver/hook/ld_library_path_lib.ps1'
[6.898s] INFO:colcon.colcon_core.shell:Creating environment descriptor '/home/chris/ros_ws/install/naoqi_driver/share/naoqi_driver/hook/ld_library_path_lib.dsv'
[6.899s] INFO:colcon.colcon_core.shell:Creating environment hook '/home/chris/ros_ws/install/naoqi_driver/share/naoqi_driver/hook/ld_library_path_lib.sh'
[6.899s] Level 1:colcon.colcon_core.environment:checking '/home/chris/ros_ws/install/naoqi_driver/bin'
[6.899s] Level 1:colcon.colcon_core.environment:checking '/home/chris/ros_ws/install/naoqi_driver/lib/pkgconfig/naoqi_driver.pc'
[6.900s] Level 1:colcon.colcon_core.environment:checking '/home/chris/ros_ws/install/naoqi_driver/lib/python3.10/site-packages'
[6.900s] Level 1:colcon.colcon_core.environment:checking '/home/chris/ros_ws/install/naoqi_driver/bin'
[6.900s] INFO:colcon.colcon_core.shell:Creating package script '/home/chris/ros_ws/install/naoqi_driver/share/naoqi_driver/package.ps1'
[6.901s] INFO:colcon.colcon_core.shell:Creating package descriptor '/home/chris/ros_ws/install/naoqi_driver/share/naoqi_driver/package.dsv'
[6.901s] INFO:colcon.colcon_core.shell:Creating package script '/home/chris/ros_ws/install/naoqi_driver/share/naoqi_driver/package.sh'
[6.902s] INFO:colcon.colcon_core.shell:Creating package script '/home/chris/ros_ws/install/naoqi_driver/share/naoqi_driver/package.bash'
[6.902s] INFO:colcon.colcon_core.shell:Creating package script '/home/chris/ros_ws/install/naoqi_driver/share/naoqi_driver/package.zsh'
[6.902s] Level 1:colcon.colcon_core.environment:create_file_with_runtime_dependencies(/home/chris/ros_ws/install/naoqi_driver/share/colcon-core/packages/naoqi_driver)
[6.903s] Level 1:colcon.colcon_core.environment:create_environment_scripts_only(naoqi_driver)
[6.904s] Level 1:colcon.colcon_core.environment:checking '/home/chris/ros_ws/install/naoqi_driver' for CMake module files
[6.904s] Level 1:colcon.colcon_core.environment:checking '/home/chris/ros_ws/install/naoqi_driver' for CMake config files
[6.905s] Level 1:colcon.colcon_core.shell:create_environment_hook('naoqi_driver', 'cmake_prefix_path')
[6.905s] INFO:colcon.colcon_core.shell:Creating environment hook '/home/chris/ros_ws/install/naoqi_driver/share/naoqi_driver/hook/cmake_prefix_path.ps1'
[6.906s] INFO:colcon.colcon_core.shell:Creating environment descriptor '/home/chris/ros_ws/install/naoqi_driver/share/naoqi_driver/hook/cmake_prefix_path.dsv'
[6.907s] INFO:colcon.colcon_core.shell:Creating environment hook '/home/chris/ros_ws/install/naoqi_driver/share/naoqi_driver/hook/cmake_prefix_path.sh'
[6.908s] Level 1:colcon.colcon_core.environment:checking '/home/chris/ros_ws/install/naoqi_driver/lib'
[6.908s] Level 1:colcon.colcon_core.shell:create_environment_hook('naoqi_driver', 'ld_library_path_lib')
[6.908s] INFO:colcon.colcon_core.shell:Creating environment hook '/home/chris/ros_ws/install/naoqi_driver/share/naoqi_driver/hook/ld_library_path_lib.ps1'
[6.909s] INFO:colcon.colcon_core.shell:Creating environment descriptor '/home/chris/ros_ws/install/naoqi_driver/share/naoqi_driver/hook/ld_library_path_lib.dsv'
[6.910s] INFO:colcon.colcon_core.shell:Creating environment hook '/home/chris/ros_ws/install/naoqi_driver/share/naoqi_driver/hook/ld_library_path_lib.sh'
[6.911s] Level 1:colcon.colcon_core.environment:checking '/home/chris/ros_ws/install/naoqi_driver/bin'
[6.911s] Level 1:colcon.colcon_core.environment:checking '/home/chris/ros_ws/install/naoqi_driver/lib/pkgconfig/naoqi_driver.pc'
[6.912s] Level 1:colcon.colcon_core.environment:checking '/home/chris/ros_ws/install/naoqi_driver/lib/python3.10/site-packages'
[6.912s] Level 1:colcon.colcon_core.environment:checking '/home/chris/ros_ws/install/naoqi_driver/bin'
[6.912s] INFO:colcon.colcon_core.shell:Creating package script '/home/chris/ros_ws/install/naoqi_driver/share/naoqi_driver/package.ps1'
[6.913s] INFO:colcon.colcon_core.shell:Creating package descriptor '/home/chris/ros_ws/install/naoqi_driver/share/naoqi_driver/package.dsv'
[6.914s] INFO:colcon.colcon_core.shell:Creating package script '/home/chris/ros_ws/install/naoqi_driver/share/naoqi_driver/package.sh'
[6.914s] INFO:colcon.colcon_core.shell:Creating package script '/home/chris/ros_ws/install/naoqi_driver/share/naoqi_driver/package.bash'
[6.915s] INFO:colcon.colcon_core.shell:Creating package script '/home/chris/ros_ws/install/naoqi_driver/share/naoqi_driver/package.zsh'
[6.915s] Level 1:colcon.colcon_core.environment:create_file_with_runtime_dependencies(/home/chris/ros_ws/install/naoqi_driver/share/colcon-core/packages/naoqi_driver)
[6.916s] DEBUG:colcon.colcon_parallel_executor.executor.parallel:closing loop
[6.917s] DEBUG:colcon.colcon_parallel_executor.executor.parallel:loop closed
[6.917s] DEBUG:colcon.colcon_parallel_executor.executor.parallel:run_until_complete finished with '0'
[6.917s] DEBUG:colcon.colcon_core.event_reactor:joining thread
[7.099s] INFO:colcon.colcon_core.plugin_system:Skipping extension 'colcon_notification.desktop_notification.notify_send': Could not find 'notify-send'
[7.100s] INFO:colcon.colcon_core.plugin_system:Skipping extension 'colcon_notification.desktop_notification.terminal_notifier': Not used on non-Darwin systems
[7.100s] INFO:colcon.colcon_core.plugin_system:Skipping extension 'colcon_notification.desktop_notification.win32': Not used on non-Windows systems
[7.100s] INFO:colcon.colcon_notification.desktop_notification:Sending desktop notification using 'notify2'
[7.100s] DEBUG:colcon.colcon_notification.desktop_notification.notify2:Failed to initialize notify2: org.freedesktop.DBus.Error.FileNotFound: Failed to connect to socket /run/user/1000/bus: No such file or directory
[7.101s] DEBUG:colcon.colcon_core.event_reactor:joined thread
[7.101s] INFO:colcon.colcon_core.shell:Creating prefix script '/home/chris/ros_ws/install/local_setup.ps1'
[7.104s] INFO:colcon.colcon_core.shell:Creating prefix util module '/home/chris/ros_ws/install/_local_setup_util_ps1.py'
[7.107s] INFO:colcon.colcon_core.shell:Creating prefix chain script '/home/chris/ros_ws/install/setup.ps1'
[7.110s] INFO:colcon.colcon_core.shell:Creating prefix script '/home/chris/ros_ws/install/local_setup.sh'
[7.112s] INFO:colcon.colcon_core.shell:Creating prefix util module '/home/chris/ros_ws/install/_local_setup_util_sh.py'
[7.113s] INFO:colcon.colcon_core.shell:Creating prefix chain script '/home/chris/ros_ws/install/setup.sh'
[7.116s] INFO:colcon.colcon_core.shell:Creating prefix script '/home/chris/ros_ws/install/local_setup.bash'
[7.118s] INFO:colcon.colcon_core.shell:Creating prefix chain script '/home/chris/ros_ws/install/setup.bash'
[7.121s] INFO:colcon.colcon_core.shell:Creating prefix script '/home/chris/ros_ws/install/local_setup.zsh'
[7.123s] INFO:colcon.colcon_core.shell:Creating prefix chain script '/home/chris/ros_ws/install/setup.zsh'
