[0.035s] Invoking command in '/home/chris/ros_ws/build/pepper_meshes': CMAKE_PREFIX_PATH=${CMAKE_PREFIX_PATH}:/opt/ros/humble /usr/bin/cmake --build /home/chris/ros_ws/build/pepper_meshes -- -j20 -l20
[15.695s] Built target install_meshes
[15.707s] Invoked command in '/home/chris/ros_ws/build/pepper_meshes' returned '0': CMAKE_PREFIX_PATH=${CMAKE_PREFIX_PATH}:/opt/ros/humble /usr/bin/cmake --build /home/chris/ros_ws/build/pepper_meshes -- -j20 -l20
[15.708s] Invoking command in '/home/chris/ros_ws/build/pepper_meshes': CMAKE_PREFIX_PATH=${CMAKE_PREFIX_PATH}:/opt/ros/humble /usr/bin/cmake --install /home/chris/ros_ws/build/pepper_meshes
[15.716s] -- Install configuration: ""
[15.717s] -- Execute custom install script
[15.718s] -- Up-to-date symlink: /home/chris/ros_ws/install/pepper_meshes/share/pepper_meshes/meshes/1.0/HeadPitch.dae
[15.719s] -- Up-to-date symlink: /home/chris/ros_ws/install/pepper_meshes/share/pepper_meshes/meshes/1.0/HeadPitch_0.10.stl
[15.719s] -- Up-to-date symlink: /home/chris/ros_ws/install/pepper_meshes/share/pepper_meshes/meshes/1.0/HeadYaw.dae
[15.719s] -- Up-to-date symlink: /home/chris/ros_ws/install/pepper_meshes/share/pepper_meshes/meshes/1.0/HeadYaw_0.10.stl
[15.719s] -- Up-to-date symlink: /home/chris/ros_ws/install/pepper_meshes/share/pepper_meshes/meshes/1.0/HipPitch.dae
[15.719s] -- Up-to-date symlink: /home/chris/ros_ws/install/pepper_meshes/share/pepper_meshes/meshes/1.0/HipPitch_0.10.stl
[15.720s] -- Up-to-date symlink: /home/chris/ros_ws/install/pepper_meshes/share/pepper_meshes/meshes/1.0/HipRoll.dae
[15.720s] -- Up-to-date symlink: /home/chris/ros_ws/install/pepper_meshes/share/pepper_meshes/meshes/1.0/HipRoll_0.10.stl
[15.720s] -- Up-to-date symlink: /home/chris/ros_ws/install/pepper_meshes/share/pepper_meshes/meshes/1.0/KneePitch.dae
[15.720s] -- Up-to-date symlink: /home/chris/ros_ws/install/pepper_meshes/share/pepper_meshes/meshes/1.0/KneePitch_0.10.stl
[15.720s] -- Up-to-date symlink: /home/chris/ros_ws/install/pepper_meshes/share/pepper_meshes/meshes/1.0/LElbowRoll.dae
[15.720s] -- Up-to-date symlink: /home/chris/ros_ws/install/pepper_meshes/share/pepper_meshes/meshes/1.0/LElbowRoll_0.10.stl
[15.720s] -- Up-to-date symlink: /home/chris/ros_ws/install/pepper_meshes/share/pepper_meshes/meshes/1.0/LElbowYaw.dae
[15.720s] -- Up-to-date symlink: /home/chris/ros_ws/install/pepper_meshes/share/pepper_meshes/meshes/1.0/LElbowYaw_0.10.stl
[15.720s] -- Up-to-date symlink: /home/chris/ros_ws/install/pepper_meshes/share/pepper_meshes/meshes/1.0/LFinger11.dae
[15.721s] -- Up-to-date symlink: /home/chris/ros_ws/install/pepper_meshes/share/pepper_meshes/meshes/1.0/LFinger11_0.10.stl
[15.721s] -- Up-to-date symlink: /home/chris/ros_ws/install/pepper_meshes/share/pepper_meshes/meshes/1.0/LFinger12.dae
[15.721s] -- Up-to-date symlink: /home/chris/ros_ws/install/pepper_meshes/share/pepper_meshes/meshes/1.0/LFinger12_0.10.stl
[15.721s] -- Up-to-date symlink: /home/chris/ros_ws/install/pepper_meshes/share/pepper_meshes/meshes/1.0/LFinger13.dae
[15.721s] -- Up-to-date symlink: /home/chris/ros_ws/install/pepper_meshes/share/pepper_meshes/meshes/1.0/LFinger13_0.10.stl
[15.722s] -- Up-to-date symlink: /home/chris/ros_ws/install/pepper_meshes/share/pepper_meshes/meshes/1.0/LFinger21.dae
[15.722s] -- Up-to-date symlink: /home/chris/ros_ws/install/pepper_meshes/share/pepper_meshes/meshes/1.0/LFinger21_0.10.stl
[15.722s] -- Up-to-date symlink: /home/chris/ros_ws/install/pepper_meshes/share/pepper_meshes/meshes/1.0/LFinger22.dae
[15.722s] -- Up-to-date symlink: /home/chris/ros_ws/install/pepper_meshes/share/pepper_meshes/meshes/1.0/LFinger22_0.10.stl
[15.722s] -- Up-to-date symlink: /home/chris/ros_ws/install/pepper_meshes/share/pepper_meshes/meshes/1.0/LFinger23.dae
[15.722s] -- Up-to-date symlink: /home/chris/ros_ws/install/pepper_meshes/share/pepper_meshes/meshes/1.0/LFinger23_0.10.stl
[15.722s] -- Up-to-date symlink: /home/chris/ros_ws/install/pepper_meshes/share/pepper_meshes/meshes/1.0/LFinger31.dae
[15.723s] -- Up-to-date symlink: /home/chris/ros_ws/install/pepper_meshes/share/pepper_meshes/meshes/1.0/LFinger31_0.10.stl
[15.723s] -- Up-to-date symlink: /home/chris/ros_ws/install/pepper_meshes/share/pepper_meshes/meshes/1.0/LFinger32.dae
[15.723s] -- Up-to-date symlink: /home/chris/ros_ws/install/pepper_meshes/share/pepper_meshes/meshes/1.0/LFinger32_0.10.stl
[15.723s] -- Up-to-date symlink: /home/chris/ros_ws/install/pepper_meshes/share/pepper_meshes/meshes/1.0/LFinger33.dae
[15.723s] -- Up-to-date symlink: /home/chris/ros_ws/install/pepper_meshes/share/pepper_meshes/meshes/1.0/LFinger33_0.10.stl
[15.723s] -- Up-to-date symlink: /home/chris/ros_ws/install/pepper_meshes/share/pepper_meshes/meshes/1.0/LFinger41.dae
[15.723s] -- Up-to-date symlink: /home/chris/ros_ws/install/pepper_meshes/share/pepper_meshes/meshes/1.0/LFinger41_0.10.stl
[15.723s] -- Up-to-date symlink: /home/chris/ros_ws/install/pepper_meshes/share/pepper_meshes/meshes/1.0/LFinger42.dae
[15.724s] -- Up-to-date symlink: /home/chris/ros_ws/install/pepper_meshes/share/pepper_meshes/meshes/1.0/LFinger42_0.10.stl
[15.724s] -- Up-to-date symlink: /home/chris/ros_ws/install/pepper_meshes/share/pepper_meshes/meshes/1.0/LFinger43.dae
[15.724s] -- Up-to-date symlink: /home/chris/ros_ws/install/pepper_meshes/share/pepper_meshes/meshes/1.0/LFinger43_0.10.stl
[15.724s] -- Up-to-date symlink: /home/chris/ros_ws/install/pepper_meshes/share/pepper_meshes/meshes/1.0/LShoulderPitch.dae
[15.724s] -- Up-to-date symlink: /home/chris/ros_ws/install/pepper_meshes/share/pepper_meshes/meshes/1.0/LShoulderPitch_0.10.stl
[15.725s] -- Up-to-date symlink: /home/chris/ros_ws/install/pepper_meshes/share/pepper_meshes/meshes/1.0/LShoulderRoll.dae
[15.725s] -- Up-to-date symlink: /home/chris/ros_ws/install/pepper_meshes/share/pepper_meshes/meshes/1.0/LShoulderRoll_0.10.stl
[15.725s] -- Up-to-date symlink: /home/chris/ros_ws/install/pepper_meshes/share/pepper_meshes/meshes/1.0/LThumb1.dae
[15.725s] -- Up-to-date symlink: /home/chris/ros_ws/install/pepper_meshes/share/pepper_meshes/meshes/1.0/LThumb1_0.10.stl
[15.725s] -- Up-to-date symlink: /home/chris/ros_ws/install/pepper_meshes/share/pepper_meshes/meshes/1.0/LThumb2.dae
[15.726s] -- Up-to-date symlink: /home/chris/ros_ws/install/pepper_meshes/share/pepper_meshes/meshes/1.0/LThumb2_0.10.stl
[15.726s] -- Up-to-date symlink: /home/chris/ros_ws/install/pepper_meshes/share/pepper_meshes/meshes/1.0/LWristYaw.dae
[15.726s] -- Up-to-date symlink: /home/chris/ros_ws/install/pepper_meshes/share/pepper_meshes/meshes/1.0/LWristYaw_0.10.stl
[15.726s] -- Up-to-date symlink: /home/chris/ros_ws/install/pepper_meshes/share/pepper_meshes/meshes/1.0/RElbowRoll.dae
[15.726s] -- Up-to-date symlink: /home/chris/ros_ws/install/pepper_meshes/share/pepper_meshes/meshes/1.0/RElbowRoll_0.10.stl
[15.726s] -- Up-to-date symlink: /home/chris/ros_ws/install/pepper_meshes/share/pepper_meshes/meshes/1.0/RElbowYaw.dae
[15.726s] -- Up-to-date symlink: /home/chris/ros_ws/install/pepper_meshes/share/pepper_meshes/meshes/1.0/RElbowYaw_0.10.stl
[15.726s] -- Up-to-date symlink: /home/chris/ros_ws/install/pepper_meshes/share/pepper_meshes/meshes/1.0/RFinger11.dae
[15.727s] -- Up-to-date symlink: /home/chris/ros_ws/install/pepper_meshes/share/pepper_meshes/meshes/1.0/RFinger11_0.10.stl
[15.727s] -- Up-to-date symlink: /home/chris/ros_ws/install/pepper_meshes/share/pepper_meshes/meshes/1.0/RFinger12.dae
[15.727s] -- Up-to-date symlink: /home/chris/ros_ws/install/pepper_meshes/share/pepper_meshes/meshes/1.0/RFinger12_0.10.stl
[15.727s] -- Up-to-date symlink: /home/chris/ros_ws/install/pepper_meshes/share/pepper_meshes/meshes/1.0/RFinger13.dae
[15.727s] -- Up-to-date symlink: /home/chris/ros_ws/install/pepper_meshes/share/pepper_meshes/meshes/1.0/RFinger13_0.10.stl
[15.727s] -- Up-to-date symlink: /home/chris/ros_ws/install/pepper_meshes/share/pepper_meshes/meshes/1.0/RFinger21.dae
[15.728s] -- Up-to-date symlink: /home/chris/ros_ws/install/pepper_meshes/share/pepper_meshes/meshes/1.0/RFinger21_0.10.stl
[15.728s] -- Up-to-date symlink: /home/chris/ros_ws/install/pepper_meshes/share/pepper_meshes/meshes/1.0/RFinger22.dae
[15.728s] -- Up-to-date symlink: /home/chris/ros_ws/install/pepper_meshes/share/pepper_meshes/meshes/1.0/RFinger22_0.10.stl
[15.728s] -- Up-to-date symlink: /home/chris/ros_ws/install/pepper_meshes/share/pepper_meshes/meshes/1.0/RFinger23.dae
[15.728s] -- Up-to-date symlink: /home/chris/ros_ws/install/pepper_meshes/share/pepper_meshes/meshes/1.0/RFinger23_0.10.stl
[15.728s] -- Up-to-date symlink: /home/chris/ros_ws/install/pepper_meshes/share/pepper_meshes/meshes/1.0/RFinger31.dae
[15.728s] -- Up-to-date symlink: /home/chris/ros_ws/install/pepper_meshes/share/pepper_meshes/meshes/1.0/RFinger31_0.10.stl
[15.728s] -- Up-to-date symlink: /home/chris/ros_ws/install/pepper_meshes/share/pepper_meshes/meshes/1.0/RFinger32.dae
[15.728s] -- Up-to-date symlink: /home/chris/ros_ws/install/pepper_meshes/share/pepper_meshes/meshes/1.0/RFinger32_0.10.stl
[15.728s] -- Up-to-date symlink: /home/chris/ros_ws/install/pepper_meshes/share/pepper_meshes/meshes/1.0/RFinger33.dae
[15.728s] -- Up-to-date symlink: /home/chris/ros_ws/install/pepper_meshes/share/pepper_meshes/meshes/1.0/RFinger33_0.10.stl
[15.728s] -- Up-to-date symlink: /home/chris/ros_ws/install/pepper_meshes/share/pepper_meshes/meshes/1.0/RFinger41.dae
[15.728s] -- Up-to-date symlink: /home/chris/ros_ws/install/pepper_meshes/share/pepper_meshes/meshes/1.0/RFinger41_0.10.stl
[15.729s] -- Up-to-date symlink: /home/chris/ros_ws/install/pepper_meshes/share/pepper_meshes/meshes/1.0/RFinger42.dae
[15.729s] -- Up-to-date symlink: /home/chris/ros_ws/install/pepper_meshes/share/pepper_meshes/meshes/1.0/RFinger42_0.10.stl
[15.729s] -- Up-to-date symlink: /home/chris/ros_ws/install/pepper_meshes/share/pepper_meshes/meshes/1.0/RFinger43.dae
[15.729s] -- Up-to-date symlink: /home/chris/ros_ws/install/pepper_meshes/share/pepper_meshes/meshes/1.0/RFinger43_0.10.stl
[15.729s] -- Up-to-date symlink: /home/chris/ros_ws/install/pepper_meshes/share/pepper_meshes/meshes/1.0/RShoulderPitch.dae
[15.730s] -- Up-to-date symlink: /home/chris/ros_ws/install/pepper_meshes/share/pepper_meshes/meshes/1.0/RShoulderPitch_0.10.stl
[15.730s] -- Up-to-date symlink: /home/chris/ros_ws/install/pepper_meshes/share/pepper_meshes/meshes/1.0/RShoulderRoll.dae
[15.730s] -- Up-to-date symlink: /home/chris/ros_ws/install/pepper_meshes/share/pepper_meshes/meshes/1.0/RShoulderRoll_0.10.stl
[15.730s] -- Up-to-date symlink: /home/chris/ros_ws/install/pepper_meshes/share/pepper_meshes/meshes/1.0/RThumb1.dae
[15.730s] -- Up-to-date symlink: /home/chris/ros_ws/install/pepper_meshes/share/pepper_meshes/meshes/1.0/RThumb1_0.10.stl
[15.730s] -- Up-to-date symlink: /home/chris/ros_ws/install/pepper_meshes/share/pepper_meshes/meshes/1.0/RThumb2.dae
[15.730s] -- Up-to-date symlink: /home/chris/ros_ws/install/pepper_meshes/share/pepper_meshes/meshes/1.0/RThumb2_0.10.stl
[15.730s] -- Up-to-date symlink: /home/chris/ros_ws/install/pepper_meshes/share/pepper_meshes/meshes/1.0/RWristYaw.dae
[15.731s] -- Up-to-date symlink: /home/chris/ros_ws/install/pepper_meshes/share/pepper_meshes/meshes/1.0/RWristYaw_0.10.stl
[15.731s] -- Up-to-date symlink: /home/chris/ros_ws/install/pepper_meshes/share/pepper_meshes/meshes/1.0/Torso.dae
[15.731s] -- Up-to-date symlink: /home/chris/ros_ws/install/pepper_meshes/share/pepper_meshes/meshes/1.0/Torso_0.10.stl
[15.731s] -- Up-to-date symlink: /home/chris/ros_ws/install/pepper_meshes/share/pepper_meshes/meshes/1.0/WheelB.dae
[15.731s] -- Up-to-date symlink: /home/chris/ros_ws/install/pepper_meshes/share/pepper_meshes/meshes/1.0/WheelB_0.10.stl
[15.731s] -- Up-to-date symlink: /home/chris/ros_ws/install/pepper_meshes/share/pepper_meshes/meshes/1.0/WheelFL.dae
[15.731s] -- Up-to-date symlink: /home/chris/ros_ws/install/pepper_meshes/share/pepper_meshes/meshes/1.0/WheelFL_0.10.stl
[15.731s] -- Up-to-date symlink: /home/chris/ros_ws/install/pepper_meshes/share/pepper_meshes/meshes/1.0/WheelFR.dae
[15.731s] -- Up-to-date symlink: /home/chris/ros_ws/install/pepper_meshes/share/pepper_meshes/meshes/1.0/WheelFR_0.10.stl
[15.731s] -- Up-to-date symlink: /home/chris/ros_ws/install/pepper_meshes/share/pepper_meshes/meshes/1.0/juliette_ear.png
[15.731s] -- Up-to-date symlink: /home/chris/ros_ws/install/pepper_meshes/share/pepper_meshes/meshes/1.0/juliette_eyes.png
[15.731s] -- Up-to-date symlink: /home/chris/ros_ws/install/pepper_meshes/share/pepper_meshes/meshes/1.0/juliette_face.png
[15.732s] -- Up-to-date symlink: /home/chris/ros_ws/install/pepper_meshes/share/pepper_meshes/meshes/1.0/pepper.material
[15.732s] -- Up-to-date symlink: /home/chris/ros_ws/install/pepper_meshes/share/ament_index/resource_index/package_run_dependencies/pepper_meshes
[15.732s] -- Up-to-date symlink: /home/chris/ros_ws/install/pepper_meshes/share/ament_index/resource_index/parent_prefix_path/pepper_meshes
[15.732s] -- Up-to-date symlink: /home/chris/ros_ws/install/pepper_meshes/share/pepper_meshes/environment/ament_prefix_path.sh
[15.732s] -- Up-to-date symlink: /home/chris/ros_ws/install/pepper_meshes/share/pepper_meshes/environment/ament_prefix_path.dsv
[15.732s] -- Up-to-date symlink: /home/chris/ros_ws/install/pepper_meshes/share/pepper_meshes/environment/path.sh
[15.733s] -- Up-to-date symlink: /home/chris/ros_ws/install/pepper_meshes/share/pepper_meshes/environment/path.dsv
[15.733s] -- Up-to-date symlink: /home/chris/ros_ws/install/pepper_meshes/share/pepper_meshes/local_setup.bash
[15.733s] -- Up-to-date symlink: /home/chris/ros_ws/install/pepper_meshes/share/pepper_meshes/local_setup.sh
[15.733s] -- Up-to-date symlink: /home/chris/ros_ws/install/pepper_meshes/share/pepper_meshes/local_setup.zsh
[15.733s] -- Up-to-date symlink: /home/chris/ros_ws/install/pepper_meshes/share/pepper_meshes/local_setup.dsv
[15.733s] -- Symlinking: /home/chris/ros_ws/install/pepper_meshes/share/pepper_meshes/package.dsv
[15.741s] -- Up-to-date symlink: /home/chris/ros_ws/install/pepper_meshes/share/ament_index/resource_index/packages/pepper_meshes
[15.741s] -- Up-to-date symlink: /home/chris/ros_ws/install/pepper_meshes/share/pepper_meshes/cmake/pepper_meshesConfig.cmake
[15.741s] -- Up-to-date symlink: /home/chris/ros_ws/install/pepper_meshes/share/pepper_meshes/cmake/pepper_meshesConfig-version.cmake
[15.742s] -- Up-to-date symlink: /home/chris/ros_ws/install/pepper_meshes/share/pepper_meshes/package.xml
[15.743s] Invoked command in '/home/chris/ros_ws/build/pepper_meshes' returned '0': CMAKE_PREFIX_PATH=${CMAKE_PREFIX_PATH}:/opt/ros/humble /usr/bin/cmake --install /home/chris/ros_ws/build/pepper_meshes
