[0.303s] DEBUG:colcon:Command line arguments: ['/usr/bin/colcon', 'build', '--symlink-install', '--packages-skip', 'nao_meshes', 'pepper_meshes', '--parallel-workers', '1']
[0.303s] DEBUG:colcon:Parsed command line arguments: Namespace(log_base=None, log_level=None, verb_name='build', build_base='build', install_base='install', merge_install=False, symlink_install=True, test_result_base=None, continue_on_error=False, executor='parallel', parallel_workers=1, event_handlers=None, ignore_user_meta=False, metas=['./colcon.meta'], base_paths=['.'], packages_ignore=None, packages_ignore_regex=None, paths=None, packages_up_to=None, packages_up_to_regex=None, packages_above=None, packages_above_and_dependencies=None, packages_above_depth=None, packages_select_by_dep=None, packages_skip_by_dep=None, packages_skip_up_to=None, packages_select_build_failed=False, packages_skip_build_finished=False, packages_select_test_failures=False, packages_skip_test_passed=False, packages_select=None, packages_skip=['nao_meshes', 'pepper_meshes'], packages_select_regex=None, packages_skip_regex=None, packages_start=None, packages_end=None, allow_overriding=[], cmake_args=None, cmake_target=None, cmake_target_skip_unavailable=False, cmake_clean_cache=False, cmake_clean_first=False, cmake_force_configure=False, ament_cmake_args=None, catkin_cmake_args=None, catkin_skip_building_tests=False, verb_parser=<colcon_defaults.argument_parser.defaults.DefaultArgumentsDecorator object at 0x7c8ac602b6d0>, verb_extension=<colcon_core.verb.build.BuildVerb object at 0x7c8ac6168100>, main=<bound method BuildVerb.main of <colcon_core.verb.build.BuildVerb object at 0x7c8ac6168100>>)
[0.495s] Level 1:colcon.colcon_core.package_discovery:discover_packages(colcon_meta) check parameters
[0.496s] Level 1:colcon.colcon_core.package_discovery:discover_packages(recursive) check parameters
[0.496s] Level 1:colcon.colcon_core.package_discovery:discover_packages(ignore) check parameters
[0.496s] Level 1:colcon.colcon_core.package_discovery:discover_packages(path) check parameters
[0.496s] Level 1:colcon.colcon_core.package_discovery:discover_packages(colcon_meta) discover
[0.496s] Level 1:colcon.colcon_core.package_discovery:discover_packages(recursive) discover
[0.496s] INFO:colcon.colcon_core.package_discovery:Crawling recursively for packages in '/home/chris/ros_ws'
[0.496s] Level 1:colcon.colcon_core.package_identification:_identify(.) by extensions ['ignore', 'ignore_ament_install']
[0.496s] Level 1:colcon.colcon_core.package_identification:_identify(.) by extension 'ignore'
[0.496s] Level 1:colcon.colcon_core.package_identification:_identify(.) by extension 'ignore_ament_install'
[0.496s] Level 1:colcon.colcon_core.package_identification:_identify(.) by extensions ['colcon_pkg']
[0.496s] Level 1:colcon.colcon_core.package_identification:_identify(.) by extension 'colcon_pkg'
[0.496s] Level 1:colcon.colcon_core.package_identification:_identify(.) by extensions ['colcon_meta']
[0.496s] Level 1:colcon.colcon_core.package_identification:_identify(.) by extension 'colcon_meta'
[0.496s] Level 1:colcon.colcon_core.package_identification:_identify(.) by extensions ['ros']
[0.496s] Level 1:colcon.colcon_core.package_identification:_identify(.) by extension 'ros'
[0.513s] Level 1:colcon.colcon_core.package_identification:_identify(.) by extensions ['cmake', 'python']
[0.513s] Level 1:colcon.colcon_core.package_identification:_identify(.) by extension 'cmake'
[0.514s] Level 1:colcon.colcon_core.package_identification:_identify(.) by extension 'python'
[0.514s] Level 1:colcon.colcon_core.package_identification:_identify(.) by extensions ['python_setup_py']
[0.514s] Level 1:colcon.colcon_core.package_identification:_identify(.) by extension 'python_setup_py'
[0.514s] Level 1:colcon.colcon_core.package_identification:_identify(build) by extensions ['ignore', 'ignore_ament_install']
[0.514s] Level 1:colcon.colcon_core.package_identification:_identify(build) by extension 'ignore'
[0.514s] Level 1:colcon.colcon_core.package_identification:_identify(build) ignored
[0.514s] Level 1:colcon.colcon_core.package_identification:_identify(install) by extensions ['ignore', 'ignore_ament_install']
[0.514s] Level 1:colcon.colcon_core.package_identification:_identify(install) by extension 'ignore'
[0.514s] Level 1:colcon.colcon_core.package_identification:_identify(install) ignored
[0.515s] Level 1:colcon.colcon_core.package_identification:_identify(log) by extensions ['ignore', 'ignore_ament_install']
[0.515s] Level 1:colcon.colcon_core.package_identification:_identify(log) by extension 'ignore'
[0.515s] Level 1:colcon.colcon_core.package_identification:_identify(log) ignored
[0.515s] Level 1:colcon.colcon_core.package_identification:_identify(src) by extensions ['ignore', 'ignore_ament_install']
[0.515s] Level 1:colcon.colcon_core.package_identification:_identify(src) by extension 'ignore'
[0.515s] Level 1:colcon.colcon_core.package_identification:_identify(src) by extension 'ignore_ament_install'
[0.515s] Level 1:colcon.colcon_core.package_identification:_identify(src) by extensions ['colcon_pkg']
[0.515s] Level 1:colcon.colcon_core.package_identification:_identify(src) by extension 'colcon_pkg'
[0.515s] Level 1:colcon.colcon_core.package_identification:_identify(src) by extensions ['colcon_meta']
[0.515s] Level 1:colcon.colcon_core.package_identification:_identify(src) by extension 'colcon_meta'
[0.515s] Level 1:colcon.colcon_core.package_identification:_identify(src) by extensions ['ros']
[0.516s] Level 1:colcon.colcon_core.package_identification:_identify(src) by extension 'ros'
[0.516s] Level 1:colcon.colcon_core.package_identification:_identify(src) by extensions ['cmake', 'python']
[0.516s] Level 1:colcon.colcon_core.package_identification:_identify(src) by extension 'cmake'
[0.516s] Level 1:colcon.colcon_core.package_identification:_identify(src) by extension 'python'
[0.516s] Level 1:colcon.colcon_core.package_identification:_identify(src) by extensions ['python_setup_py']
[0.516s] Level 1:colcon.colcon_core.package_identification:_identify(src) by extension 'python_setup_py'
[0.516s] Level 1:colcon.colcon_core.package_identification:_identify(src/build) by extensions ['ignore', 'ignore_ament_install']
[0.516s] Level 1:colcon.colcon_core.package_identification:_identify(src/build) by extension 'ignore'
[0.516s] Level 1:colcon.colcon_core.package_identification:_identify(src/build) ignored
[0.516s] Level 1:colcon.colcon_core.package_identification:_identify(src/install) by extensions ['ignore', 'ignore_ament_install']
[0.516s] Level 1:colcon.colcon_core.package_identification:_identify(src/install) by extension 'ignore'
[0.516s] Level 1:colcon.colcon_core.package_identification:_identify(src/install) ignored
[0.517s] Level 1:colcon.colcon_core.package_identification:_identify(src/log) by extensions ['ignore', 'ignore_ament_install']
[0.517s] Level 1:colcon.colcon_core.package_identification:_identify(src/log) by extension 'ignore'
[0.517s] Level 1:colcon.colcon_core.package_identification:_identify(src/log) ignored
[0.517s] Level 1:colcon.colcon_core.package_identification:_identify(src/nao_meshes) by extensions ['ignore', 'ignore_ament_install']
[0.517s] Level 1:colcon.colcon_core.package_identification:_identify(src/nao_meshes) by extension 'ignore'
[0.517s] Level 1:colcon.colcon_core.package_identification:_identify(src/nao_meshes) by extension 'ignore_ament_install'
[0.517s] Level 1:colcon.colcon_core.package_identification:_identify(src/nao_meshes) by extensions ['colcon_pkg']
[0.517s] Level 1:colcon.colcon_core.package_identification:_identify(src/nao_meshes) by extension 'colcon_pkg'
[0.517s] Level 1:colcon.colcon_core.package_identification:_identify(src/nao_meshes) by extensions ['colcon_meta']
[0.517s] Level 1:colcon.colcon_core.package_identification:_identify(src/nao_meshes) by extension 'colcon_meta'
[0.517s] Level 1:colcon.colcon_core.package_identification:_identify(src/nao_meshes) by extensions ['ros']
[0.517s] Level 1:colcon.colcon_core.package_identification:_identify(src/nao_meshes) by extension 'ros'
[0.520s] DEBUG:colcon.colcon_core.package_identification:Package 'src/nao_meshes' with type 'ros.ament_cmake' and name 'nao_meshes'
[0.521s] Level 1:colcon.colcon_core.package_identification:_identify(src/naoqi_bridge_msgs) by extensions ['ignore', 'ignore_ament_install']
[0.521s] Level 1:colcon.colcon_core.package_identification:_identify(src/naoqi_bridge_msgs) by extension 'ignore'
[0.521s] Level 1:colcon.colcon_core.package_identification:_identify(src/naoqi_bridge_msgs) by extension 'ignore_ament_install'
[0.521s] Level 1:colcon.colcon_core.package_identification:_identify(src/naoqi_bridge_msgs) by extensions ['colcon_pkg']
[0.521s] Level 1:colcon.colcon_core.package_identification:_identify(src/naoqi_bridge_msgs) by extension 'colcon_pkg'
[0.521s] Level 1:colcon.colcon_core.package_identification:_identify(src/naoqi_bridge_msgs) by extensions ['colcon_meta']
[0.521s] Level 1:colcon.colcon_core.package_identification:_identify(src/naoqi_bridge_msgs) by extension 'colcon_meta'
[0.521s] Level 1:colcon.colcon_core.package_identification:_identify(src/naoqi_bridge_msgs) by extensions ['ros']
[0.521s] Level 1:colcon.colcon_core.package_identification:_identify(src/naoqi_bridge_msgs) by extension 'ros'
[0.522s] DEBUG:colcon.colcon_core.package_identification:Package 'src/naoqi_bridge_msgs' with type 'ros.ament_cmake' and name 'naoqi_bridge_msgs'
[0.522s] Level 1:colcon.colcon_core.package_identification:_identify(src/naoqi_driver2) by extensions ['ignore', 'ignore_ament_install']
[0.522s] Level 1:colcon.colcon_core.package_identification:_identify(src/naoqi_driver2) by extension 'ignore'
[0.522s] Level 1:colcon.colcon_core.package_identification:_identify(src/naoqi_driver2) by extension 'ignore_ament_install'
[0.522s] Level 1:colcon.colcon_core.package_identification:_identify(src/naoqi_driver2) by extensions ['colcon_pkg']
[0.522s] Level 1:colcon.colcon_core.package_identification:_identify(src/naoqi_driver2) by extension 'colcon_pkg'
[0.522s] Level 1:colcon.colcon_core.package_identification:_identify(src/naoqi_driver2) by extensions ['colcon_meta']
[0.523s] Level 1:colcon.colcon_core.package_identification:_identify(src/naoqi_driver2) by extension 'colcon_meta'
[0.523s] Level 1:colcon.colcon_core.package_identification:_identify(src/naoqi_driver2) by extensions ['ros']
[0.523s] Level 1:colcon.colcon_core.package_identification:_identify(src/naoqi_driver2) by extension 'ros'
[0.525s] DEBUG:colcon.colcon_core.package_identification:Package 'src/naoqi_driver2' with type 'ros.ament_cmake' and name 'naoqi_driver'
[0.525s] Level 1:colcon.colcon_core.package_identification:_identify(src/naoqi_libqi) by extensions ['ignore', 'ignore_ament_install']
[0.525s] Level 1:colcon.colcon_core.package_identification:_identify(src/naoqi_libqi) by extension 'ignore'
[0.525s] Level 1:colcon.colcon_core.package_identification:_identify(src/naoqi_libqi) by extension 'ignore_ament_install'
[0.525s] Level 1:colcon.colcon_core.package_identification:_identify(src/naoqi_libqi) by extensions ['colcon_pkg']
[0.525s] Level 1:colcon.colcon_core.package_identification:_identify(src/naoqi_libqi) by extension 'colcon_pkg'
[0.525s] Level 1:colcon.colcon_core.package_identification:_identify(src/naoqi_libqi) by extensions ['colcon_meta']
[0.525s] Level 1:colcon.colcon_core.package_identification:_identify(src/naoqi_libqi) by extension 'colcon_meta'
[0.525s] Level 1:colcon.colcon_core.package_identification:_identify(src/naoqi_libqi) by extensions ['ros']
[0.525s] Level 1:colcon.colcon_core.package_identification:_identify(src/naoqi_libqi) by extension 'ros'
[0.526s] DEBUG:colcon.colcon_core.package_identification:Package 'src/naoqi_libqi' with type 'ros.ament_cmake' and name 'naoqi_libqi'
[0.526s] Level 1:colcon.colcon_core.package_identification:_identify(src/naoqi_libqicore) by extensions ['ignore', 'ignore_ament_install']
[0.526s] Level 1:colcon.colcon_core.package_identification:_identify(src/naoqi_libqicore) by extension 'ignore'
[0.526s] Level 1:colcon.colcon_core.package_identification:_identify(src/naoqi_libqicore) by extension 'ignore_ament_install'
[0.526s] Level 1:colcon.colcon_core.package_identification:_identify(src/naoqi_libqicore) by extensions ['colcon_pkg']
[0.526s] Level 1:colcon.colcon_core.package_identification:_identify(src/naoqi_libqicore) by extension 'colcon_pkg'
[0.526s] Level 1:colcon.colcon_core.package_identification:_identify(src/naoqi_libqicore) by extensions ['colcon_meta']
[0.526s] Level 1:colcon.colcon_core.package_identification:_identify(src/naoqi_libqicore) by extension 'colcon_meta'
[0.526s] Level 1:colcon.colcon_core.package_identification:_identify(src/naoqi_libqicore) by extensions ['ros']
[0.526s] Level 1:colcon.colcon_core.package_identification:_identify(src/naoqi_libqicore) by extension 'ros'
[0.527s] DEBUG:colcon.colcon_core.package_identification:Package 'src/naoqi_libqicore' with type 'ros.ament_cmake' and name 'naoqi_libqicore'
[0.527s] Level 1:colcon.colcon_core.package_identification:_identify(src/pepper_meshes) by extensions ['ignore', 'ignore_ament_install']
[0.527s] Level 1:colcon.colcon_core.package_identification:_identify(src/pepper_meshes) by extension 'ignore'
[0.527s] Level 1:colcon.colcon_core.package_identification:_identify(src/pepper_meshes) by extension 'ignore_ament_install'
[0.528s] Level 1:colcon.colcon_core.package_identification:_identify(src/pepper_meshes) by extensions ['colcon_pkg']
[0.528s] Level 1:colcon.colcon_core.package_identification:_identify(src/pepper_meshes) by extension 'colcon_pkg'
[0.528s] Level 1:colcon.colcon_core.package_identification:_identify(src/pepper_meshes) by extensions ['colcon_meta']
[0.528s] Level 1:colcon.colcon_core.package_identification:_identify(src/pepper_meshes) by extension 'colcon_meta'
[0.528s] Level 1:colcon.colcon_core.package_identification:_identify(src/pepper_meshes) by extensions ['ros']
[0.528s] Level 1:colcon.colcon_core.package_identification:_identify(src/pepper_meshes) by extension 'ros'
[0.528s] DEBUG:colcon.colcon_core.package_identification:Package 'src/pepper_meshes' with type 'ros.ament_cmake' and name 'pepper_meshes'
[0.528s] Level 1:colcon.colcon_core.package_identification:_identify(src/pepper_wall_follower) by extensions ['ignore', 'ignore_ament_install']
[0.529s] Level 1:colcon.colcon_core.package_identification:_identify(src/pepper_wall_follower) by extension 'ignore'
[0.529s] Level 1:colcon.colcon_core.package_identification:_identify(src/pepper_wall_follower) by extension 'ignore_ament_install'
[0.529s] Level 1:colcon.colcon_core.package_identification:_identify(src/pepper_wall_follower) by extensions ['colcon_pkg']
[0.529s] Level 1:colcon.colcon_core.package_identification:_identify(src/pepper_wall_follower) by extension 'colcon_pkg'
[0.529s] Level 1:colcon.colcon_core.package_identification:_identify(src/pepper_wall_follower) by extensions ['colcon_meta']
[0.529s] Level 1:colcon.colcon_core.package_identification:_identify(src/pepper_wall_follower) by extension 'colcon_meta'
[0.529s] Level 1:colcon.colcon_core.package_identification:_identify(src/pepper_wall_follower) by extensions ['ros']
[0.529s] Level 1:colcon.colcon_core.package_identification:_identify(src/pepper_wall_follower) by extension 'ros'
[0.530s] DEBUG:colcon.colcon_core.package_identification:Package 'src/pepper_wall_follower' with type 'ros.ament_cmake' and name 'pepper_wall_follower'
[0.530s] Level 1:colcon.colcon_core.package_identification:_identify(src/wall_follower) by extensions ['ignore', 'ignore_ament_install']
[0.530s] Level 1:colcon.colcon_core.package_identification:_identify(src/wall_follower) by extension 'ignore'
[0.530s] Level 1:colcon.colcon_core.package_identification:_identify(src/wall_follower) by extension 'ignore_ament_install'
[0.530s] Level 1:colcon.colcon_core.package_identification:_identify(src/wall_follower) by extensions ['colcon_pkg']
[0.531s] Level 1:colcon.colcon_core.package_identification:_identify(src/wall_follower) by extension 'colcon_pkg'
[0.531s] Level 1:colcon.colcon_core.package_identification:_identify(src/wall_follower) by extensions ['colcon_meta']
[0.531s] Level 1:colcon.colcon_core.package_identification:_identify(src/wall_follower) by extension 'colcon_meta'
[0.531s] Level 1:colcon.colcon_core.package_identification:_identify(src/wall_follower) by extensions ['ros']
[0.531s] Level 1:colcon.colcon_core.package_identification:_identify(src/wall_follower) by extension 'ros'
[0.532s] DEBUG:colcon.colcon_core.package_identification:Package 'src/wall_follower' with type 'ros.ament_cmake' and name 'wall_follower'
[0.532s] Level 1:colcon.colcon_core.package_discovery:discover_packages(recursive) using defaults
[0.532s] Level 1:colcon.colcon_core.package_discovery:discover_packages(ignore) discover
[0.532s] Level 1:colcon.colcon_core.package_discovery:discover_packages(ignore) using defaults
[0.532s] Level 1:colcon.colcon_core.package_discovery:discover_packages(path) discover
[0.532s] Level 1:colcon.colcon_core.package_discovery:discover_packages(path) using defaults
[0.558s] DEBUG:colcon.colcon_core.package_augmentation.check_dependency_constraint:naoqi_driver depends on naoqi_bridge_msgs which has version 2.1.0 which satisfies to be greater than or equal to 2.0.0
[0.559s] INFO:colcon.colcon_core.package_selection:Skipping package 'nao_meshes' in 'src/nao_meshes'
[0.559s] INFO:colcon.colcon_core.package_selection:Skipping package 'pepper_meshes' in 'src/pepper_meshes'
[0.560s] Level 1:colcon.colcon_core.package_discovery:discover_packages(prefix_path) check parameters
[0.560s] Level 1:colcon.colcon_core.package_discovery:discover_packages(prefix_path) discover
[0.566s] DEBUG:colcon.colcon_installed_package_information.package_discovery:Found 8 installed packages in /home/chris/ros_ws/install
[0.568s] DEBUG:colcon.colcon_installed_package_information.package_discovery:Found 277 installed packages in /opt/ros/humble
[0.588s] Level 1:colcon.colcon_core.package_discovery:discover_packages(prefix_path) using defaults
[0.657s] Level 5:colcon.colcon_core.verb:set package 'naoqi_bridge_msgs' build argument 'cmake_args' from command line to 'None'
[0.658s] Level 5:colcon.colcon_core.verb:set package 'naoqi_bridge_msgs' build argument 'cmake_target' from command line to 'None'
[0.658s] Level 5:colcon.colcon_core.verb:set package 'naoqi_bridge_msgs' build argument 'cmake_target_skip_unavailable' from command line to 'False'
[0.658s] Level 5:colcon.colcon_core.verb:set package 'naoqi_bridge_msgs' build argument 'cmake_clean_cache' from command line to 'False'
[0.658s] Level 5:colcon.colcon_core.verb:set package 'naoqi_bridge_msgs' build argument 'cmake_clean_first' from command line to 'False'
[0.658s] Level 5:colcon.colcon_core.verb:set package 'naoqi_bridge_msgs' build argument 'cmake_force_configure' from command line to 'False'
[0.658s] Level 5:colcon.colcon_core.verb:set package 'naoqi_bridge_msgs' build argument 'ament_cmake_args' from command line to 'None'
[0.658s] Level 5:colcon.colcon_core.verb:set package 'naoqi_bridge_msgs' build argument 'catkin_cmake_args' from command line to 'None'
[0.658s] Level 5:colcon.colcon_core.verb:set package 'naoqi_bridge_msgs' build argument 'catkin_skip_building_tests' from command line to 'False'
[0.658s] DEBUG:colcon.colcon_core.verb:Building package 'naoqi_bridge_msgs' with the following arguments: {'ament_cmake_args': None, 'build_base': '/home/chris/ros_ws/build/naoqi_bridge_msgs', 'catkin_cmake_args': None, 'catkin_skip_building_tests': False, 'cmake_args': None, 'cmake_clean_cache': False, 'cmake_clean_first': False, 'cmake_force_configure': False, 'cmake_target': None, 'cmake_target_skip_unavailable': False, 'install_base': '/home/chris/ros_ws/install/naoqi_bridge_msgs', 'merge_install': False, 'path': '/home/chris/ros_ws/src/naoqi_bridge_msgs', 'symlink_install': True, 'test_result_base': None}
[0.659s] Level 5:colcon.colcon_core.verb:set package 'naoqi_libqi' build argument 'cmake_args' from command line to 'None'
[0.659s] Level 5:colcon.colcon_core.verb:set package 'naoqi_libqi' build argument 'cmake_target' from command line to 'None'
[0.659s] Level 5:colcon.colcon_core.verb:set package 'naoqi_libqi' build argument 'cmake_target_skip_unavailable' from command line to 'False'
[0.659s] Level 5:colcon.colcon_core.verb:set package 'naoqi_libqi' build argument 'cmake_clean_cache' from command line to 'False'
[0.659s] Level 5:colcon.colcon_core.verb:set package 'naoqi_libqi' build argument 'cmake_clean_first' from command line to 'False'
[0.659s] Level 5:colcon.colcon_core.verb:set package 'naoqi_libqi' build argument 'cmake_force_configure' from command line to 'False'
[0.659s] Level 5:colcon.colcon_core.verb:set package 'naoqi_libqi' build argument 'ament_cmake_args' from command line to 'None'
[0.659s] Level 5:colcon.colcon_core.verb:set package 'naoqi_libqi' build argument 'catkin_cmake_args' from command line to 'None'
[0.659s] Level 5:colcon.colcon_core.verb:set package 'naoqi_libqi' build argument 'catkin_skip_building_tests' from command line to 'False'
[0.659s] DEBUG:colcon.colcon_core.verb:Building package 'naoqi_libqi' with the following arguments: {'ament_cmake_args': None, 'build_base': '/home/chris/ros_ws/build/naoqi_libqi', 'catkin_cmake_args': None, 'catkin_skip_building_tests': False, 'cmake_args': None, 'cmake_clean_cache': False, 'cmake_clean_first': False, 'cmake_force_configure': False, 'cmake_target': None, 'cmake_target_skip_unavailable': False, 'install_base': '/home/chris/ros_ws/install/naoqi_libqi', 'merge_install': False, 'path': '/home/chris/ros_ws/src/naoqi_libqi', 'symlink_install': True, 'test_result_base': None}
[0.660s] Level 5:colcon.colcon_core.verb:set package 'wall_follower' build argument 'cmake_args' from command line to 'None'
[0.660s] Level 5:colcon.colcon_core.verb:set package 'wall_follower' build argument 'cmake_target' from command line to 'None'
[0.660s] Level 5:colcon.colcon_core.verb:set package 'wall_follower' build argument 'cmake_target_skip_unavailable' from command line to 'False'
[0.660s] Level 5:colcon.colcon_core.verb:set package 'wall_follower' build argument 'cmake_clean_cache' from command line to 'False'
[0.660s] Level 5:colcon.colcon_core.verb:set package 'wall_follower' build argument 'cmake_clean_first' from command line to 'False'
[0.660s] Level 5:colcon.colcon_core.verb:set package 'wall_follower' build argument 'cmake_force_configure' from command line to 'False'
[0.660s] Level 5:colcon.colcon_core.verb:set package 'wall_follower' build argument 'ament_cmake_args' from command line to 'None'
[0.660s] Level 5:colcon.colcon_core.verb:set package 'wall_follower' build argument 'catkin_cmake_args' from command line to 'None'
[0.660s] Level 5:colcon.colcon_core.verb:set package 'wall_follower' build argument 'catkin_skip_building_tests' from command line to 'False'
[0.660s] DEBUG:colcon.colcon_core.verb:Building package 'wall_follower' with the following arguments: {'ament_cmake_args': None, 'build_base': '/home/chris/ros_ws/build/wall_follower', 'catkin_cmake_args': None, 'catkin_skip_building_tests': False, 'cmake_args': None, 'cmake_clean_cache': False, 'cmake_clean_first': False, 'cmake_force_configure': False, 'cmake_target': None, 'cmake_target_skip_unavailable': False, 'install_base': '/home/chris/ros_ws/install/wall_follower', 'merge_install': False, 'path': '/home/chris/ros_ws/src/wall_follower', 'symlink_install': True, 'test_result_base': None}
[0.661s] Level 5:colcon.colcon_core.verb:set package 'naoqi_libqicore' build argument 'cmake_args' from command line to 'None'
[0.661s] Level 5:colcon.colcon_core.verb:set package 'naoqi_libqicore' build argument 'cmake_target' from command line to 'None'
[0.661s] Level 5:colcon.colcon_core.verb:set package 'naoqi_libqicore' build argument 'cmake_target_skip_unavailable' from command line to 'False'
[0.661s] Level 5:colcon.colcon_core.verb:set package 'naoqi_libqicore' build argument 'cmake_clean_cache' from command line to 'False'
[0.661s] Level 5:colcon.colcon_core.verb:set package 'naoqi_libqicore' build argument 'cmake_clean_first' from command line to 'False'
[0.661s] Level 5:colcon.colcon_core.verb:set package 'naoqi_libqicore' build argument 'cmake_force_configure' from command line to 'False'
[0.661s] Level 5:colcon.colcon_core.verb:set package 'naoqi_libqicore' build argument 'ament_cmake_args' from command line to 'None'
[0.661s] Level 5:colcon.colcon_core.verb:set package 'naoqi_libqicore' build argument 'catkin_cmake_args' from command line to 'None'
[0.661s] Level 5:colcon.colcon_core.verb:set package 'naoqi_libqicore' build argument 'catkin_skip_building_tests' from command line to 'False'
[0.661s] DEBUG:colcon.colcon_core.verb:Building package 'naoqi_libqicore' with the following arguments: {'ament_cmake_args': None, 'build_base': '/home/chris/ros_ws/build/naoqi_libqicore', 'catkin_cmake_args': None, 'catkin_skip_building_tests': False, 'cmake_args': None, 'cmake_clean_cache': False, 'cmake_clean_first': False, 'cmake_force_configure': False, 'cmake_target': None, 'cmake_target_skip_unavailable': False, 'install_base': '/home/chris/ros_ws/install/naoqi_libqicore', 'merge_install': False, 'path': '/home/chris/ros_ws/src/naoqi_libqicore', 'symlink_install': True, 'test_result_base': None}
[0.662s] Level 5:colcon.colcon_core.verb:set package 'pepper_wall_follower' build argument 'cmake_args' from command line to 'None'
[0.662s] Level 5:colcon.colcon_core.verb:set package 'pepper_wall_follower' build argument 'cmake_target' from command line to 'None'
[0.662s] Level 5:colcon.colcon_core.verb:set package 'pepper_wall_follower' build argument 'cmake_target_skip_unavailable' from command line to 'False'
[0.662s] Level 5:colcon.colcon_core.verb:set package 'pepper_wall_follower' build argument 'cmake_clean_cache' from command line to 'False'
[0.662s] Level 5:colcon.colcon_core.verb:set package 'pepper_wall_follower' build argument 'cmake_clean_first' from command line to 'False'
[0.662s] Level 5:colcon.colcon_core.verb:set package 'pepper_wall_follower' build argument 'cmake_force_configure' from command line to 'False'
[0.662s] Level 5:colcon.colcon_core.verb:set package 'pepper_wall_follower' build argument 'ament_cmake_args' from command line to 'None'
[0.662s] Level 5:colcon.colcon_core.verb:set package 'pepper_wall_follower' build argument 'catkin_cmake_args' from command line to 'None'
[0.662s] Level 5:colcon.colcon_core.verb:set package 'pepper_wall_follower' build argument 'catkin_skip_building_tests' from command line to 'False'
[0.662s] DEBUG:colcon.colcon_core.verb:Building package 'pepper_wall_follower' with the following arguments: {'ament_cmake_args': None, 'build_base': '/home/chris/ros_ws/build/pepper_wall_follower', 'catkin_cmake_args': None, 'catkin_skip_building_tests': False, 'cmake_args': None, 'cmake_clean_cache': False, 'cmake_clean_first': False, 'cmake_force_configure': False, 'cmake_target': None, 'cmake_target_skip_unavailable': False, 'install_base': '/home/chris/ros_ws/install/pepper_wall_follower', 'merge_install': False, 'path': '/home/chris/ros_ws/src/pepper_wall_follower', 'symlink_install': True, 'test_result_base': None}
[0.663s] Level 5:colcon.colcon_core.verb:set package 'naoqi_driver' build argument 'cmake_args' from command line to 'None'
[0.663s] Level 5:colcon.colcon_core.verb:set package 'naoqi_driver' build argument 'cmake_target' from command line to 'None'
[0.663s] Level 5:colcon.colcon_core.verb:set package 'naoqi_driver' build argument 'cmake_target_skip_unavailable' from command line to 'False'
[0.663s] Level 5:colcon.colcon_core.verb:set package 'naoqi_driver' build argument 'cmake_clean_cache' from command line to 'False'
[0.663s] Level 5:colcon.colcon_core.verb:set package 'naoqi_driver' build argument 'cmake_clean_first' from command line to 'False'
[0.663s] Level 5:colcon.colcon_core.verb:set package 'naoqi_driver' build argument 'cmake_force_configure' from command line to 'False'
[0.663s] Level 5:colcon.colcon_core.verb:set package 'naoqi_driver' build argument 'ament_cmake_args' from command line to 'None'
[0.663s] Level 5:colcon.colcon_core.verb:set package 'naoqi_driver' build argument 'catkin_cmake_args' from command line to 'None'
[0.663s] Level 5:colcon.colcon_core.verb:set package 'naoqi_driver' build argument 'catkin_skip_building_tests' from command line to 'False'
[0.663s] DEBUG:colcon.colcon_core.verb:Building package 'naoqi_driver' with the following arguments: {'ament_cmake_args': None, 'build_base': '/home/chris/ros_ws/build/naoqi_driver', 'catkin_cmake_args': None, 'catkin_skip_building_tests': False, 'cmake_args': None, 'cmake_clean_cache': False, 'cmake_clean_first': False, 'cmake_force_configure': False, 'cmake_target': None, 'cmake_target_skip_unavailable': False, 'install_base': '/home/chris/ros_ws/install/naoqi_driver', 'merge_install': False, 'path': '/home/chris/ros_ws/src/naoqi_driver2', 'symlink_install': True, 'test_result_base': None}
[0.663s] INFO:colcon.colcon_core.executor:Executing jobs using 'parallel' executor
[0.666s] DEBUG:colcon.colcon_parallel_executor.executor.parallel:run_until_complete
[0.667s] INFO:colcon.colcon_ros.task.ament_cmake.build:Building ROS package in '/home/chris/ros_ws/src/naoqi_bridge_msgs' with build type 'ament_cmake'
[0.667s] INFO:colcon.colcon_cmake.task.cmake.build:Building CMake package in '/home/chris/ros_ws/src/naoqi_bridge_msgs'
[0.672s] INFO:colcon.colcon_core.plugin_system:Skipping extension 'colcon_core.shell.bat': Not used on non-Windows systems
[0.673s] INFO:colcon.colcon_core.shell:Skip shell extension 'powershell' for command environment: Not usable outside of PowerShell
[0.674s] DEBUG:colcon.colcon_core.shell:Skip shell extension 'dsv' for command environment
[0.694s] DEBUG:colcon.colcon_core.event_handler.log_command:Invoking command in '/home/chris/ros_ws/build/naoqi_bridge_msgs': CMAKE_PREFIX_PATH=${CMAKE_PREFIX_PATH}:/opt/ros/humble /usr/bin/cmake --build /home/chris/ros_ws/build/naoqi_bridge_msgs -- -j20 -l20
[1.397s] DEBUG:colcon.colcon_core.event_handler.log_command:Invoked command in '/home/chris/ros_ws/build/naoqi_bridge_msgs' returned '0': CMAKE_PREFIX_PATH=${CMAKE_PREFIX_PATH}:/opt/ros/humble /usr/bin/cmake --build /home/chris/ros_ws/build/naoqi_bridge_msgs -- -j20 -l20
[1.413s] DEBUG:colcon.colcon_core.event_handler.log_command:Invoking command in '/home/chris/ros_ws/build/naoqi_bridge_msgs': CMAKE_PREFIX_PATH=${CMAKE_PREFIX_PATH}:/opt/ros/humble /usr/bin/cmake --install /home/chris/ros_ws/build/naoqi_bridge_msgs
[1.663s] Level 1:colcon.colcon_core.environment:create_environment_scripts_only(naoqi_bridge_msgs)
[1.664s] DEBUG:colcon.colcon_core.event_handler.log_command:Invoked command in '/home/chris/ros_ws/build/naoqi_bridge_msgs' returned '0': CMAKE_PREFIX_PATH=${CMAKE_PREFIX_PATH}:/opt/ros/humble /usr/bin/cmake --install /home/chris/ros_ws/build/naoqi_bridge_msgs
[1.667s] Level 1:colcon.colcon_core.environment:checking '/home/chris/ros_ws/install/naoqi_bridge_msgs' for CMake module files
[1.668s] Level 1:colcon.colcon_core.environment:checking '/home/chris/ros_ws/install/naoqi_bridge_msgs' for CMake config files
[1.677s] Level 1:colcon.colcon_core.shell:create_environment_hook('naoqi_bridge_msgs', 'cmake_prefix_path')
[1.678s] INFO:colcon.colcon_core.shell:Creating environment hook '/home/chris/ros_ws/install/naoqi_bridge_msgs/share/naoqi_bridge_msgs/hook/cmake_prefix_path.ps1'
[1.679s] INFO:colcon.colcon_core.shell:Creating environment descriptor '/home/chris/ros_ws/install/naoqi_bridge_msgs/share/naoqi_bridge_msgs/hook/cmake_prefix_path.dsv'
[1.680s] INFO:colcon.colcon_core.shell:Creating environment hook '/home/chris/ros_ws/install/naoqi_bridge_msgs/share/naoqi_bridge_msgs/hook/cmake_prefix_path.sh'
[1.682s] Level 1:colcon.colcon_core.environment:checking '/home/chris/ros_ws/install/naoqi_bridge_msgs/lib'
[1.682s] Level 1:colcon.colcon_core.shell:create_environment_hook('naoqi_bridge_msgs', 'ld_library_path_lib')
[1.682s] INFO:colcon.colcon_core.shell:Creating environment hook '/home/chris/ros_ws/install/naoqi_bridge_msgs/share/naoqi_bridge_msgs/hook/ld_library_path_lib.ps1'
[1.683s] INFO:colcon.colcon_core.shell:Creating environment descriptor '/home/chris/ros_ws/install/naoqi_bridge_msgs/share/naoqi_bridge_msgs/hook/ld_library_path_lib.dsv'
[1.684s] INFO:colcon.colcon_core.shell:Creating environment hook '/home/chris/ros_ws/install/naoqi_bridge_msgs/share/naoqi_bridge_msgs/hook/ld_library_path_lib.sh'
[1.685s] Level 1:colcon.colcon_core.environment:checking '/home/chris/ros_ws/install/naoqi_bridge_msgs/bin'
[1.685s] Level 1:colcon.colcon_core.environment:checking '/home/chris/ros_ws/install/naoqi_bridge_msgs/lib/pkgconfig/naoqi_bridge_msgs.pc'
[1.685s] Level 1:colcon.colcon_core.environment:checking '/home/chris/ros_ws/install/naoqi_bridge_msgs/lib/python3.10/site-packages'
[1.686s] Level 1:colcon.colcon_core.environment:checking '/home/chris/ros_ws/install/naoqi_bridge_msgs/bin'
[1.687s] INFO:colcon.colcon_core.shell:Creating package script '/home/chris/ros_ws/install/naoqi_bridge_msgs/share/naoqi_bridge_msgs/package.ps1'
[1.688s] INFO:colcon.colcon_core.shell:Creating package descriptor '/home/chris/ros_ws/install/naoqi_bridge_msgs/share/naoqi_bridge_msgs/package.dsv'
[1.689s] INFO:colcon.colcon_core.shell:Creating package script '/home/chris/ros_ws/install/naoqi_bridge_msgs/share/naoqi_bridge_msgs/package.sh'
[1.691s] INFO:colcon.colcon_core.shell:Creating package script '/home/chris/ros_ws/install/naoqi_bridge_msgs/share/naoqi_bridge_msgs/package.bash'
[1.692s] INFO:colcon.colcon_core.shell:Creating package script '/home/chris/ros_ws/install/naoqi_bridge_msgs/share/naoqi_bridge_msgs/package.zsh'
[1.694s] Level 1:colcon.colcon_core.environment:create_file_with_runtime_dependencies(/home/chris/ros_ws/install/naoqi_bridge_msgs/share/colcon-core/packages/naoqi_bridge_msgs)
[1.696s] Level 1:colcon.colcon_core.environment:create_environment_scripts_only(naoqi_bridge_msgs)
[1.696s] Level 1:colcon.colcon_core.environment:checking '/home/chris/ros_ws/install/naoqi_bridge_msgs' for CMake module files
[1.697s] Level 1:colcon.colcon_core.environment:checking '/home/chris/ros_ws/install/naoqi_bridge_msgs' for CMake config files
[1.704s] Level 1:colcon.colcon_core.shell:create_environment_hook('naoqi_bridge_msgs', 'cmake_prefix_path')
[1.705s] INFO:colcon.colcon_core.shell:Creating environment hook '/home/chris/ros_ws/install/naoqi_bridge_msgs/share/naoqi_bridge_msgs/hook/cmake_prefix_path.ps1'
[1.705s] INFO:colcon.colcon_core.shell:Creating environment descriptor '/home/chris/ros_ws/install/naoqi_bridge_msgs/share/naoqi_bridge_msgs/hook/cmake_prefix_path.dsv'
[1.706s] INFO:colcon.colcon_core.shell:Creating environment hook '/home/chris/ros_ws/install/naoqi_bridge_msgs/share/naoqi_bridge_msgs/hook/cmake_prefix_path.sh'
[1.707s] Level 1:colcon.colcon_core.environment:checking '/home/chris/ros_ws/install/naoqi_bridge_msgs/lib'
[1.707s] Level 1:colcon.colcon_core.shell:create_environment_hook('naoqi_bridge_msgs', 'ld_library_path_lib')
[1.708s] INFO:colcon.colcon_core.shell:Creating environment hook '/home/chris/ros_ws/install/naoqi_bridge_msgs/share/naoqi_bridge_msgs/hook/ld_library_path_lib.ps1'
[1.709s] INFO:colcon.colcon_core.shell:Creating environment descriptor '/home/chris/ros_ws/install/naoqi_bridge_msgs/share/naoqi_bridge_msgs/hook/ld_library_path_lib.dsv'
[1.709s] INFO:colcon.colcon_core.shell:Creating environment hook '/home/chris/ros_ws/install/naoqi_bridge_msgs/share/naoqi_bridge_msgs/hook/ld_library_path_lib.sh'
[1.710s] Level 1:colcon.colcon_core.environment:checking '/home/chris/ros_ws/install/naoqi_bridge_msgs/bin'
[1.710s] Level 1:colcon.colcon_core.environment:checking '/home/chris/ros_ws/install/naoqi_bridge_msgs/lib/pkgconfig/naoqi_bridge_msgs.pc'
[1.711s] Level 1:colcon.colcon_core.environment:checking '/home/chris/ros_ws/install/naoqi_bridge_msgs/lib/python3.10/site-packages'
[1.711s] Level 1:colcon.colcon_core.environment:checking '/home/chris/ros_ws/install/naoqi_bridge_msgs/bin'
[1.712s] INFO:colcon.colcon_core.shell:Creating package script '/home/chris/ros_ws/install/naoqi_bridge_msgs/share/naoqi_bridge_msgs/package.ps1'
[1.713s] INFO:colcon.colcon_core.shell:Creating package descriptor '/home/chris/ros_ws/install/naoqi_bridge_msgs/share/naoqi_bridge_msgs/package.dsv'
[1.713s] INFO:colcon.colcon_core.shell:Creating package script '/home/chris/ros_ws/install/naoqi_bridge_msgs/share/naoqi_bridge_msgs/package.sh'
[1.714s] INFO:colcon.colcon_core.shell:Creating package script '/home/chris/ros_ws/install/naoqi_bridge_msgs/share/naoqi_bridge_msgs/package.bash'
[1.714s] INFO:colcon.colcon_core.shell:Creating package script '/home/chris/ros_ws/install/naoqi_bridge_msgs/share/naoqi_bridge_msgs/package.zsh'
[1.715s] Level 1:colcon.colcon_core.environment:create_file_with_runtime_dependencies(/home/chris/ros_ws/install/naoqi_bridge_msgs/share/colcon-core/packages/naoqi_bridge_msgs)
[1.717s] INFO:colcon.colcon_ros.task.ament_cmake.build:Building ROS package in '/home/chris/ros_ws/src/naoqi_libqi' with build type 'ament_cmake'
[1.718s] INFO:colcon.colcon_cmake.task.cmake.build:Building CMake package in '/home/chris/ros_ws/src/naoqi_libqi'
[1.718s] INFO:colcon.colcon_core.shell:Skip shell extension 'powershell' for command environment: Not usable outside of PowerShell
[1.719s] DEBUG:colcon.colcon_core.shell:Skip shell extension 'dsv' for command environment
[1.739s] DEBUG:colcon.colcon_core.event_handler.log_command:Invoking command in '/home/chris/ros_ws/build/naoqi_libqi': CMAKE_PREFIX_PATH=${CMAKE_PREFIX_PATH}:/opt/ros/humble /usr/bin/cmake --build /home/chris/ros_ws/build/naoqi_libqi -- -j20 -l20
[2.312s] DEBUG:colcon.colcon_core.event_handler.log_command:Invoked command in '/home/chris/ros_ws/build/naoqi_libqi' returned '0': CMAKE_PREFIX_PATH=${CMAKE_PREFIX_PATH}:/opt/ros/humble /usr/bin/cmake --build /home/chris/ros_ws/build/naoqi_libqi -- -j20 -l20
[2.316s] DEBUG:colcon.colcon_core.event_handler.log_command:Invoking command in '/home/chris/ros_ws/build/naoqi_libqi': CMAKE_PREFIX_PATH=${CMAKE_PREFIX_PATH}:/opt/ros/humble /usr/bin/cmake --install /home/chris/ros_ws/build/naoqi_libqi
[2.424s] Level 1:colcon.colcon_core.environment:create_environment_scripts_only(naoqi_libqi)
[2.426s] Level 1:colcon.colcon_core.environment:checking '/home/chris/ros_ws/install/naoqi_libqi' for CMake module files
[2.426s] DEBUG:colcon.colcon_core.event_handler.log_command:Invoked command in '/home/chris/ros_ws/build/naoqi_libqi' returned '0': CMAKE_PREFIX_PATH=${CMAKE_PREFIX_PATH}:/opt/ros/humble /usr/bin/cmake --install /home/chris/ros_ws/build/naoqi_libqi
[2.428s] Level 1:colcon.colcon_core.environment:checking '/home/chris/ros_ws/install/naoqi_libqi' for CMake config files
[2.430s] Level 1:colcon.colcon_core.shell:create_environment_hook('naoqi_libqi', 'cmake_prefix_path')
[2.431s] INFO:colcon.colcon_core.shell:Creating environment hook '/home/chris/ros_ws/install/naoqi_libqi/share/naoqi_libqi/hook/cmake_prefix_path.ps1'
[2.433s] INFO:colcon.colcon_core.shell:Creating environment descriptor '/home/chris/ros_ws/install/naoqi_libqi/share/naoqi_libqi/hook/cmake_prefix_path.dsv'
[2.434s] INFO:colcon.colcon_core.shell:Creating environment hook '/home/chris/ros_ws/install/naoqi_libqi/share/naoqi_libqi/hook/cmake_prefix_path.sh'
[2.435s] Level 1:colcon.colcon_core.environment:checking '/home/chris/ros_ws/install/naoqi_libqi/lib'
[2.436s] Level 1:colcon.colcon_core.shell:create_environment_hook('naoqi_libqi', 'ld_library_path_lib')
[2.436s] INFO:colcon.colcon_core.shell:Creating environment hook '/home/chris/ros_ws/install/naoqi_libqi/share/naoqi_libqi/hook/ld_library_path_lib.ps1'
[2.437s] INFO:colcon.colcon_core.shell:Creating environment descriptor '/home/chris/ros_ws/install/naoqi_libqi/share/naoqi_libqi/hook/ld_library_path_lib.dsv'
[2.438s] INFO:colcon.colcon_core.shell:Creating environment hook '/home/chris/ros_ws/install/naoqi_libqi/share/naoqi_libqi/hook/ld_library_path_lib.sh'
[2.439s] Level 1:colcon.colcon_core.environment:checking '/home/chris/ros_ws/install/naoqi_libqi/bin'
[2.440s] Level 1:colcon.colcon_core.environment:checking '/home/chris/ros_ws/install/naoqi_libqi/lib/pkgconfig/naoqi_libqi.pc'
[2.440s] Level 1:colcon.colcon_core.environment:checking '/home/chris/ros_ws/install/naoqi_libqi/lib/python3.10/site-packages'
[2.441s] Level 1:colcon.colcon_core.environment:checking '/home/chris/ros_ws/install/naoqi_libqi/bin'
[2.442s] INFO:colcon.colcon_core.shell:Creating package script '/home/chris/ros_ws/install/naoqi_libqi/share/naoqi_libqi/package.ps1'
[2.443s] INFO:colcon.colcon_core.shell:Creating package descriptor '/home/chris/ros_ws/install/naoqi_libqi/share/naoqi_libqi/package.dsv'
[2.445s] INFO:colcon.colcon_core.shell:Creating package script '/home/chris/ros_ws/install/naoqi_libqi/share/naoqi_libqi/package.sh'
[2.446s] INFO:colcon.colcon_core.shell:Creating package script '/home/chris/ros_ws/install/naoqi_libqi/share/naoqi_libqi/package.bash'
[2.447s] INFO:colcon.colcon_core.shell:Creating package script '/home/chris/ros_ws/install/naoqi_libqi/share/naoqi_libqi/package.zsh'
[2.448s] Level 1:colcon.colcon_core.environment:create_file_with_runtime_dependencies(/home/chris/ros_ws/install/naoqi_libqi/share/colcon-core/packages/naoqi_libqi)
[2.449s] Level 1:colcon.colcon_core.environment:create_environment_scripts_only(naoqi_libqi)
[2.450s] Level 1:colcon.colcon_core.environment:checking '/home/chris/ros_ws/install/naoqi_libqi' for CMake module files
[2.450s] Level 1:colcon.colcon_core.environment:checking '/home/chris/ros_ws/install/naoqi_libqi' for CMake config files
[2.452s] Level 1:colcon.colcon_core.shell:create_environment_hook('naoqi_libqi', 'cmake_prefix_path')
[2.453s] INFO:colcon.colcon_core.shell:Creating environment hook '/home/chris/ros_ws/install/naoqi_libqi/share/naoqi_libqi/hook/cmake_prefix_path.ps1'
[2.454s] INFO:colcon.colcon_core.shell:Creating environment descriptor '/home/chris/ros_ws/install/naoqi_libqi/share/naoqi_libqi/hook/cmake_prefix_path.dsv'
[2.455s] INFO:colcon.colcon_core.shell:Creating environment hook '/home/chris/ros_ws/install/naoqi_libqi/share/naoqi_libqi/hook/cmake_prefix_path.sh'
[2.456s] Level 1:colcon.colcon_core.environment:checking '/home/chris/ros_ws/install/naoqi_libqi/lib'
[2.456s] Level 1:colcon.colcon_core.shell:create_environment_hook('naoqi_libqi', 'ld_library_path_lib')
[2.457s] INFO:colcon.colcon_core.shell:Creating environment hook '/home/chris/ros_ws/install/naoqi_libqi/share/naoqi_libqi/hook/ld_library_path_lib.ps1'
[2.458s] INFO:colcon.colcon_core.shell:Creating environment descriptor '/home/chris/ros_ws/install/naoqi_libqi/share/naoqi_libqi/hook/ld_library_path_lib.dsv'
[2.459s] INFO:colcon.colcon_core.shell:Creating environment hook '/home/chris/ros_ws/install/naoqi_libqi/share/naoqi_libqi/hook/ld_library_path_lib.sh'
[2.460s] Level 1:colcon.colcon_core.environment:checking '/home/chris/ros_ws/install/naoqi_libqi/bin'
[2.460s] Level 1:colcon.colcon_core.environment:checking '/home/chris/ros_ws/install/naoqi_libqi/lib/pkgconfig/naoqi_libqi.pc'
[2.461s] Level 1:colcon.colcon_core.environment:checking '/home/chris/ros_ws/install/naoqi_libqi/lib/python3.10/site-packages'
[2.461s] Level 1:colcon.colcon_core.environment:checking '/home/chris/ros_ws/install/naoqi_libqi/bin'
[2.462s] INFO:colcon.colcon_core.shell:Creating package script '/home/chris/ros_ws/install/naoqi_libqi/share/naoqi_libqi/package.ps1'
[2.463s] INFO:colcon.colcon_core.shell:Creating package descriptor '/home/chris/ros_ws/install/naoqi_libqi/share/naoqi_libqi/package.dsv'
[2.464s] INFO:colcon.colcon_core.shell:Creating package script '/home/chris/ros_ws/install/naoqi_libqi/share/naoqi_libqi/package.sh'
[2.465s] INFO:colcon.colcon_core.shell:Creating package script '/home/chris/ros_ws/install/naoqi_libqi/share/naoqi_libqi/package.bash'
[2.467s] INFO:colcon.colcon_core.shell:Creating package script '/home/chris/ros_ws/install/naoqi_libqi/share/naoqi_libqi/package.zsh'
[2.468s] Level 1:colcon.colcon_core.environment:create_file_with_runtime_dependencies(/home/chris/ros_ws/install/naoqi_libqi/share/colcon-core/packages/naoqi_libqi)
[2.469s] INFO:colcon.colcon_ros.task.ament_cmake.build:Building ROS package in '/home/chris/ros_ws/src/naoqi_libqicore' with build type 'ament_cmake'
[2.470s] INFO:colcon.colcon_cmake.task.cmake.build:Building CMake package in '/home/chris/ros_ws/src/naoqi_libqicore'
[2.471s] INFO:colcon.colcon_core.shell:Skip shell extension 'powershell' for command environment: Not usable outside of PowerShell
[2.472s] DEBUG:colcon.colcon_core.shell:Skip shell extension 'dsv' for command environment
[2.756s] DEBUG:colcon.colcon_core.event_handler.log_command:Invoking command in '/home/chris/ros_ws/build/naoqi_libqicore': CMAKE_PREFIX_PATH=/home/chris/ros_ws/install/naoqi_libqi:/home/chris/ros_ws/install/wall_follower:/home/chris/ros_ws/install/pepper_wall_follower:/home/chris/ros_ws/install/pepper_meshes:/home/chris/ros_ws/install/naoqi_driver:/home/chris/ros_ws/install/naoqi_libqicore:/home/chris/ros_ws/install/naoqi_bridge_msgs:/home/chris/ros_ws/install/nao_meshes:/opt/ros/humble LD_LIBRARY_PATH=/home/chris/ros_ws/install/naoqi_libqi/lib:/home/chris/ros_ws/install/naoqi_driver/lib:/home/chris/ros_ws/install/naoqi_libqicore/lib:/home/chris/ros_ws/install/naoqi_bridge_msgs/lib:/opt/ros/humble/opt/rviz_ogre_vendor/lib:/opt/ros/humble/lib/x86_64-linux-gnu:/opt/ros/humble/lib /usr/bin/cmake --build /home/chris/ros_ws/build/naoqi_libqicore -- -j20 -l20
[2.955s] DEBUG:colcon.colcon_core.event_handler.log_command:Invoked command in '/home/chris/ros_ws/build/naoqi_libqicore' returned '0': CMAKE_PREFIX_PATH=/home/chris/ros_ws/install/naoqi_libqi:/home/chris/ros_ws/install/wall_follower:/home/chris/ros_ws/install/pepper_wall_follower:/home/chris/ros_ws/install/pepper_meshes:/home/chris/ros_ws/install/naoqi_driver:/home/chris/ros_ws/install/naoqi_libqicore:/home/chris/ros_ws/install/naoqi_bridge_msgs:/home/chris/ros_ws/install/nao_meshes:/opt/ros/humble LD_LIBRARY_PATH=/home/chris/ros_ws/install/naoqi_libqi/lib:/home/chris/ros_ws/install/naoqi_driver/lib:/home/chris/ros_ws/install/naoqi_libqicore/lib:/home/chris/ros_ws/install/naoqi_bridge_msgs/lib:/opt/ros/humble/opt/rviz_ogre_vendor/lib:/opt/ros/humble/lib/x86_64-linux-gnu:/opt/ros/humble/lib /usr/bin/cmake --build /home/chris/ros_ws/build/naoqi_libqicore -- -j20 -l20
[2.962s] DEBUG:colcon.colcon_core.event_handler.log_command:Invoking command in '/home/chris/ros_ws/build/naoqi_libqicore': CMAKE_PREFIX_PATH=/home/chris/ros_ws/install/naoqi_libqi:/home/chris/ros_ws/install/wall_follower:/home/chris/ros_ws/install/pepper_wall_follower:/home/chris/ros_ws/install/pepper_meshes:/home/chris/ros_ws/install/naoqi_driver:/home/chris/ros_ws/install/naoqi_libqicore:/home/chris/ros_ws/install/naoqi_bridge_msgs:/home/chris/ros_ws/install/nao_meshes:/opt/ros/humble LD_LIBRARY_PATH=/home/chris/ros_ws/install/naoqi_libqi/lib:/home/chris/ros_ws/install/naoqi_driver/lib:/home/chris/ros_ws/install/naoqi_libqicore/lib:/home/chris/ros_ws/install/naoqi_bridge_msgs/lib:/opt/ros/humble/opt/rviz_ogre_vendor/lib:/opt/ros/humble/lib/x86_64-linux-gnu:/opt/ros/humble/lib /usr/bin/cmake --install /home/chris/ros_ws/build/naoqi_libqicore
[3.017s] Level 1:colcon.colcon_core.environment:create_environment_scripts_only(naoqi_libqicore)
[3.018s] DEBUG:colcon.colcon_core.event_handler.log_command:Invoked command in '/home/chris/ros_ws/build/naoqi_libqicore' returned '0': CMAKE_PREFIX_PATH=/home/chris/ros_ws/install/naoqi_libqi:/home/chris/ros_ws/install/wall_follower:/home/chris/ros_ws/install/pepper_wall_follower:/home/chris/ros_ws/install/pepper_meshes:/home/chris/ros_ws/install/naoqi_driver:/home/chris/ros_ws/install/naoqi_libqicore:/home/chris/ros_ws/install/naoqi_bridge_msgs:/home/chris/ros_ws/install/nao_meshes:/opt/ros/humble LD_LIBRARY_PATH=/home/chris/ros_ws/install/naoqi_libqi/lib:/home/chris/ros_ws/install/naoqi_driver/lib:/home/chris/ros_ws/install/naoqi_libqicore/lib:/home/chris/ros_ws/install/naoqi_bridge_msgs/lib:/opt/ros/humble/opt/rviz_ogre_vendor/lib:/opt/ros/humble/lib/x86_64-linux-gnu:/opt/ros/humble/lib /usr/bin/cmake --install /home/chris/ros_ws/build/naoqi_libqicore
[3.018s] Level 1:colcon.colcon_core.environment:checking '/home/chris/ros_ws/install/naoqi_libqicore' for CMake module files
[3.020s] Level 1:colcon.colcon_core.environment:checking '/home/chris/ros_ws/install/naoqi_libqicore' for CMake config files
[3.021s] Level 1:colcon.colcon_core.shell:create_environment_hook('naoqi_libqicore', 'cmake_prefix_path')
[3.021s] INFO:colcon.colcon_core.shell:Creating environment hook '/home/chris/ros_ws/install/naoqi_libqicore/share/naoqi_libqicore/hook/cmake_prefix_path.ps1'
[3.022s] INFO:colcon.colcon_core.shell:Creating environment descriptor '/home/chris/ros_ws/install/naoqi_libqicore/share/naoqi_libqicore/hook/cmake_prefix_path.dsv'
[3.023s] INFO:colcon.colcon_core.shell:Creating environment hook '/home/chris/ros_ws/install/naoqi_libqicore/share/naoqi_libqicore/hook/cmake_prefix_path.sh'
[3.025s] Level 1:colcon.colcon_core.environment:checking '/home/chris/ros_ws/install/naoqi_libqicore/lib'
[3.025s] Level 1:colcon.colcon_core.environment:checking '/home/chris/ros_ws/install/naoqi_libqicore/bin'
[3.025s] Level 1:colcon.colcon_core.environment:checking '/home/chris/ros_ws/install/naoqi_libqicore/lib/pkgconfig/naoqi_libqicore.pc'
[3.026s] Level 1:colcon.colcon_core.environment:checking '/home/chris/ros_ws/install/naoqi_libqicore/lib/python3.10/site-packages'
[3.026s] Level 1:colcon.colcon_core.environment:checking '/home/chris/ros_ws/install/naoqi_libqicore/bin'
[3.026s] INFO:colcon.colcon_core.shell:Creating package script '/home/chris/ros_ws/install/naoqi_libqicore/share/naoqi_libqicore/package.ps1'
[3.028s] INFO:colcon.colcon_core.shell:Creating package descriptor '/home/chris/ros_ws/install/naoqi_libqicore/share/naoqi_libqicore/package.dsv'
[3.028s] INFO:colcon.colcon_core.shell:Creating package script '/home/chris/ros_ws/install/naoqi_libqicore/share/naoqi_libqicore/package.sh'
[3.029s] INFO:colcon.colcon_core.shell:Creating package script '/home/chris/ros_ws/install/naoqi_libqicore/share/naoqi_libqicore/package.bash'
[3.030s] INFO:colcon.colcon_core.shell:Creating package script '/home/chris/ros_ws/install/naoqi_libqicore/share/naoqi_libqicore/package.zsh'
[3.030s] Level 1:colcon.colcon_core.environment:create_file_with_runtime_dependencies(/home/chris/ros_ws/install/naoqi_libqicore/share/colcon-core/packages/naoqi_libqicore)
[3.031s] Level 1:colcon.colcon_core.environment:create_environment_scripts_only(naoqi_libqicore)
[3.031s] Level 1:colcon.colcon_core.environment:checking '/home/chris/ros_ws/install/naoqi_libqicore' for CMake module files
[3.032s] Level 1:colcon.colcon_core.environment:checking '/home/chris/ros_ws/install/naoqi_libqicore' for CMake config files
[3.033s] Level 1:colcon.colcon_core.shell:create_environment_hook('naoqi_libqicore', 'cmake_prefix_path')
[3.033s] INFO:colcon.colcon_core.shell:Creating environment hook '/home/chris/ros_ws/install/naoqi_libqicore/share/naoqi_libqicore/hook/cmake_prefix_path.ps1'
[3.033s] INFO:colcon.colcon_core.shell:Creating environment descriptor '/home/chris/ros_ws/install/naoqi_libqicore/share/naoqi_libqicore/hook/cmake_prefix_path.dsv'
[3.034s] INFO:colcon.colcon_core.shell:Creating environment hook '/home/chris/ros_ws/install/naoqi_libqicore/share/naoqi_libqicore/hook/cmake_prefix_path.sh'
[3.035s] Level 1:colcon.colcon_core.environment:checking '/home/chris/ros_ws/install/naoqi_libqicore/lib'
[3.035s] Level 1:colcon.colcon_core.environment:checking '/home/chris/ros_ws/install/naoqi_libqicore/bin'
[3.035s] Level 1:colcon.colcon_core.environment:checking '/home/chris/ros_ws/install/naoqi_libqicore/lib/pkgconfig/naoqi_libqicore.pc'
[3.035s] Level 1:colcon.colcon_core.environment:checking '/home/chris/ros_ws/install/naoqi_libqicore/lib/python3.10/site-packages'
[3.035s] Level 1:colcon.colcon_core.environment:checking '/home/chris/ros_ws/install/naoqi_libqicore/bin'
[3.036s] INFO:colcon.colcon_core.shell:Creating package script '/home/chris/ros_ws/install/naoqi_libqicore/share/naoqi_libqicore/package.ps1'
[3.037s] INFO:colcon.colcon_core.shell:Creating package descriptor '/home/chris/ros_ws/install/naoqi_libqicore/share/naoqi_libqicore/package.dsv'
[3.037s] INFO:colcon.colcon_core.shell:Creating package script '/home/chris/ros_ws/install/naoqi_libqicore/share/naoqi_libqicore/package.sh'
[3.038s] INFO:colcon.colcon_core.shell:Creating package script '/home/chris/ros_ws/install/naoqi_libqicore/share/naoqi_libqicore/package.bash'
[3.038s] INFO:colcon.colcon_core.shell:Creating package script '/home/chris/ros_ws/install/naoqi_libqicore/share/naoqi_libqicore/package.zsh'
[3.039s] Level 1:colcon.colcon_core.environment:create_file_with_runtime_dependencies(/home/chris/ros_ws/install/naoqi_libqicore/share/colcon-core/packages/naoqi_libqicore)
[3.039s] INFO:colcon.colcon_ros.task.ament_cmake.build:Building ROS package in '/home/chris/ros_ws/src/wall_follower' with build type 'ament_cmake'
[3.040s] INFO:colcon.colcon_cmake.task.cmake.build:Building CMake package in '/home/chris/ros_ws/src/wall_follower'
[3.040s] INFO:colcon.colcon_core.shell:Skip shell extension 'powershell' for command environment: Not usable outside of PowerShell
[3.041s] DEBUG:colcon.colcon_core.shell:Skip shell extension 'dsv' for command environment
[3.054s] DEBUG:colcon.colcon_core.event_handler.log_command:Invoking command in '/home/chris/ros_ws/build/wall_follower': CMAKE_PREFIX_PATH=${CMAKE_PREFIX_PATH}:/opt/ros/humble /usr/bin/cmake --build /home/chris/ros_ws/build/wall_follower -- -j20 -l20
[3.594s] DEBUG:colcon.colcon_core.event_handler.log_command:Invoked command in '/home/chris/ros_ws/build/wall_follower' returned '0': CMAKE_PREFIX_PATH=${CMAKE_PREFIX_PATH}:/opt/ros/humble /usr/bin/cmake --build /home/chris/ros_ws/build/wall_follower -- -j20 -l20
[3.598s] DEBUG:colcon.colcon_core.event_handler.log_command:Invoking command in '/home/chris/ros_ws/build/wall_follower': CMAKE_PREFIX_PATH=${CMAKE_PREFIX_PATH}:/opt/ros/humble /usr/bin/cmake --install /home/chris/ros_ws/build/wall_follower
[3.689s] Level 1:colcon.colcon_core.environment:create_environment_scripts_only(wall_follower)
[3.690s] Level 1:colcon.colcon_core.environment:checking '/home/chris/ros_ws/install/wall_follower' for CMake module files
[3.691s] DEBUG:colcon.colcon_core.event_handler.log_command:Invoked command in '/home/chris/ros_ws/build/wall_follower' returned '0': CMAKE_PREFIX_PATH=${CMAKE_PREFIX_PATH}:/opt/ros/humble /usr/bin/cmake --install /home/chris/ros_ws/build/wall_follower
[3.692s] Level 1:colcon.colcon_core.environment:checking '/home/chris/ros_ws/install/wall_follower' for CMake config files
[3.693s] Level 1:colcon.colcon_core.shell:create_environment_hook('wall_follower', 'cmake_prefix_path')
[3.694s] INFO:colcon.colcon_core.shell:Creating environment hook '/home/chris/ros_ws/install/wall_follower/share/wall_follower/hook/cmake_prefix_path.ps1'
[3.695s] INFO:colcon.colcon_core.shell:Creating environment descriptor '/home/chris/ros_ws/install/wall_follower/share/wall_follower/hook/cmake_prefix_path.dsv'
[3.696s] INFO:colcon.colcon_core.shell:Creating environment hook '/home/chris/ros_ws/install/wall_follower/share/wall_follower/hook/cmake_prefix_path.sh'
[3.697s] Level 1:colcon.colcon_core.environment:checking '/home/chris/ros_ws/install/wall_follower/lib'
[3.697s] Level 1:colcon.colcon_core.environment:checking '/home/chris/ros_ws/install/wall_follower/bin'
[3.697s] Level 1:colcon.colcon_core.environment:checking '/home/chris/ros_ws/install/wall_follower/lib/pkgconfig/wall_follower.pc'
[3.698s] Level 1:colcon.colcon_core.environment:checking '/home/chris/ros_ws/install/wall_follower/lib/python3.10/site-packages'
[3.699s] Level 1:colcon.colcon_core.environment:checking '/home/chris/ros_ws/install/wall_follower/bin'
[3.699s] INFO:colcon.colcon_core.shell:Creating package script '/home/chris/ros_ws/install/wall_follower/share/wall_follower/package.ps1'
[3.701s] INFO:colcon.colcon_core.shell:Creating package descriptor '/home/chris/ros_ws/install/wall_follower/share/wall_follower/package.dsv'
[3.702s] INFO:colcon.colcon_core.shell:Creating package script '/home/chris/ros_ws/install/wall_follower/share/wall_follower/package.sh'
[3.703s] INFO:colcon.colcon_core.shell:Creating package script '/home/chris/ros_ws/install/wall_follower/share/wall_follower/package.bash'
[3.704s] INFO:colcon.colcon_core.shell:Creating package script '/home/chris/ros_ws/install/wall_follower/share/wall_follower/package.zsh'
[3.705s] Level 1:colcon.colcon_core.environment:create_file_with_runtime_dependencies(/home/chris/ros_ws/install/wall_follower/share/colcon-core/packages/wall_follower)
[3.707s] Level 1:colcon.colcon_core.environment:create_environment_scripts_only(wall_follower)
[3.707s] Level 1:colcon.colcon_core.environment:checking '/home/chris/ros_ws/install/wall_follower' for CMake module files
[3.708s] Level 1:colcon.colcon_core.environment:checking '/home/chris/ros_ws/install/wall_follower' for CMake config files
[3.709s] Level 1:colcon.colcon_core.shell:create_environment_hook('wall_follower', 'cmake_prefix_path')
[3.709s] INFO:colcon.colcon_core.shell:Creating environment hook '/home/chris/ros_ws/install/wall_follower/share/wall_follower/hook/cmake_prefix_path.ps1'
[3.710s] INFO:colcon.colcon_core.shell:Creating environment descriptor '/home/chris/ros_ws/install/wall_follower/share/wall_follower/hook/cmake_prefix_path.dsv'
[3.711s] INFO:colcon.colcon_core.shell:Creating environment hook '/home/chris/ros_ws/install/wall_follower/share/wall_follower/hook/cmake_prefix_path.sh'
[3.712s] Level 1:colcon.colcon_core.environment:checking '/home/chris/ros_ws/install/wall_follower/lib'
[3.713s] Level 1:colcon.colcon_core.environment:checking '/home/chris/ros_ws/install/wall_follower/bin'
[3.713s] Level 1:colcon.colcon_core.environment:checking '/home/chris/ros_ws/install/wall_follower/lib/pkgconfig/wall_follower.pc'
[3.713s] Level 1:colcon.colcon_core.environment:checking '/home/chris/ros_ws/install/wall_follower/lib/python3.10/site-packages'
[3.713s] Level 1:colcon.colcon_core.environment:checking '/home/chris/ros_ws/install/wall_follower/bin'
[3.714s] INFO:colcon.colcon_core.shell:Creating package script '/home/chris/ros_ws/install/wall_follower/share/wall_follower/package.ps1'
[3.715s] INFO:colcon.colcon_core.shell:Creating package descriptor '/home/chris/ros_ws/install/wall_follower/share/wall_follower/package.dsv'
[3.716s] INFO:colcon.colcon_core.shell:Creating package script '/home/chris/ros_ws/install/wall_follower/share/wall_follower/package.sh'
[3.717s] INFO:colcon.colcon_core.shell:Creating package script '/home/chris/ros_ws/install/wall_follower/share/wall_follower/package.bash'
[3.718s] INFO:colcon.colcon_core.shell:Creating package script '/home/chris/ros_ws/install/wall_follower/share/wall_follower/package.zsh'
[3.719s] Level 1:colcon.colcon_core.environment:create_file_with_runtime_dependencies(/home/chris/ros_ws/install/wall_follower/share/colcon-core/packages/wall_follower)
[3.720s] INFO:colcon.colcon_ros.task.ament_cmake.build:Building ROS package in '/home/chris/ros_ws/src/pepper_wall_follower' with build type 'ament_cmake'
[3.721s] INFO:colcon.colcon_cmake.task.cmake.build:Building CMake package in '/home/chris/ros_ws/src/pepper_wall_follower'
[3.722s] INFO:colcon.colcon_core.shell:Skip shell extension 'powershell' for command environment: Not usable outside of PowerShell
[3.722s] DEBUG:colcon.colcon_core.shell:Skip shell extension 'dsv' for command environment
[4.002s] DEBUG:colcon.colcon_core.event_handler.log_command:Invoking command in '/home/chris/ros_ws/build/pepper_wall_follower': CMAKE_PREFIX_PATH=/home/chris/ros_ws/install/naoqi_bridge_msgs:/home/chris/ros_ws/install/wall_follower:/home/chris/ros_ws/install/pepper_wall_follower:/home/chris/ros_ws/install/pepper_meshes:/home/chris/ros_ws/install/naoqi_driver:/home/chris/ros_ws/install/naoqi_libqicore:/home/chris/ros_ws/install/naoqi_libqi:/home/chris/ros_ws/install/nao_meshes:/opt/ros/humble LD_LIBRARY_PATH=/home/chris/ros_ws/install/naoqi_bridge_msgs/lib:/home/chris/ros_ws/install/naoqi_driver/lib:/home/chris/ros_ws/install/naoqi_libqicore/lib:/home/chris/ros_ws/install/naoqi_libqi/lib:/opt/ros/humble/opt/rviz_ogre_vendor/lib:/opt/ros/humble/lib/x86_64-linux-gnu:/opt/ros/humble/lib /usr/bin/cmake --build /home/chris/ros_ws/build/pepper_wall_follower -- -j20 -l20
[4.093s] DEBUG:colcon.colcon_core.event_handler.log_command:Invoked command in '/home/chris/ros_ws/build/pepper_wall_follower' returned '0': CMAKE_PREFIX_PATH=/home/chris/ros_ws/install/naoqi_bridge_msgs:/home/chris/ros_ws/install/wall_follower:/home/chris/ros_ws/install/pepper_wall_follower:/home/chris/ros_ws/install/pepper_meshes:/home/chris/ros_ws/install/naoqi_driver:/home/chris/ros_ws/install/naoqi_libqicore:/home/chris/ros_ws/install/naoqi_libqi:/home/chris/ros_ws/install/nao_meshes:/opt/ros/humble LD_LIBRARY_PATH=/home/chris/ros_ws/install/naoqi_bridge_msgs/lib:/home/chris/ros_ws/install/naoqi_driver/lib:/home/chris/ros_ws/install/naoqi_libqicore/lib:/home/chris/ros_ws/install/naoqi_libqi/lib:/opt/ros/humble/opt/rviz_ogre_vendor/lib:/opt/ros/humble/lib/x86_64-linux-gnu:/opt/ros/humble/lib /usr/bin/cmake --build /home/chris/ros_ws/build/pepper_wall_follower -- -j20 -l20
[4.099s] DEBUG:colcon.colcon_core.event_handler.log_command:Invoking command in '/home/chris/ros_ws/build/pepper_wall_follower': CMAKE_PREFIX_PATH=/home/chris/ros_ws/install/naoqi_bridge_msgs:/home/chris/ros_ws/install/wall_follower:/home/chris/ros_ws/install/pepper_wall_follower:/home/chris/ros_ws/install/pepper_meshes:/home/chris/ros_ws/install/naoqi_driver:/home/chris/ros_ws/install/naoqi_libqicore:/home/chris/ros_ws/install/naoqi_libqi:/home/chris/ros_ws/install/nao_meshes:/opt/ros/humble LD_LIBRARY_PATH=/home/chris/ros_ws/install/naoqi_bridge_msgs/lib:/home/chris/ros_ws/install/naoqi_driver/lib:/home/chris/ros_ws/install/naoqi_libqicore/lib:/home/chris/ros_ws/install/naoqi_libqi/lib:/opt/ros/humble/opt/rviz_ogre_vendor/lib:/opt/ros/humble/lib/x86_64-linux-gnu:/opt/ros/humble/lib /usr/bin/cmake --install /home/chris/ros_ws/build/pepper_wall_follower
[4.143s] Level 1:colcon.colcon_core.environment:create_environment_scripts_only(pepper_wall_follower)
[4.143s] Level 1:colcon.colcon_core.environment:checking '/home/chris/ros_ws/install/pepper_wall_follower' for CMake module files
[4.144s] DEBUG:colcon.colcon_core.event_handler.log_command:Invoked command in '/home/chris/ros_ws/build/pepper_wall_follower' returned '0': CMAKE_PREFIX_PATH=/home/chris/ros_ws/install/naoqi_bridge_msgs:/home/chris/ros_ws/install/wall_follower:/home/chris/ros_ws/install/pepper_wall_follower:/home/chris/ros_ws/install/pepper_meshes:/home/chris/ros_ws/install/naoqi_driver:/home/chris/ros_ws/install/naoqi_libqicore:/home/chris/ros_ws/install/naoqi_libqi:/home/chris/ros_ws/install/nao_meshes:/opt/ros/humble LD_LIBRARY_PATH=/home/chris/ros_ws/install/naoqi_bridge_msgs/lib:/home/chris/ros_ws/install/naoqi_driver/lib:/home/chris/ros_ws/install/naoqi_libqicore/lib:/home/chris/ros_ws/install/naoqi_libqi/lib:/opt/ros/humble/opt/rviz_ogre_vendor/lib:/opt/ros/humble/lib/x86_64-linux-gnu:/opt/ros/humble/lib /usr/bin/cmake --install /home/chris/ros_ws/build/pepper_wall_follower
[4.145s] Level 1:colcon.colcon_core.environment:checking '/home/chris/ros_ws/install/pepper_wall_follower' for CMake config files
[4.146s] Level 1:colcon.colcon_core.shell:create_environment_hook('pepper_wall_follower', 'cmake_prefix_path')
[4.147s] INFO:colcon.colcon_core.shell:Creating environment hook '/home/chris/ros_ws/install/pepper_wall_follower/share/pepper_wall_follower/hook/cmake_prefix_path.ps1'
[4.147s] INFO:colcon.colcon_core.shell:Creating environment descriptor '/home/chris/ros_ws/install/pepper_wall_follower/share/pepper_wall_follower/hook/cmake_prefix_path.dsv'
[4.148s] INFO:colcon.colcon_core.shell:Creating environment hook '/home/chris/ros_ws/install/pepper_wall_follower/share/pepper_wall_follower/hook/cmake_prefix_path.sh'
[4.149s] Level 1:colcon.colcon_core.environment:checking '/home/chris/ros_ws/install/pepper_wall_follower/lib'
[4.150s] Level 1:colcon.colcon_core.environment:checking '/home/chris/ros_ws/install/pepper_wall_follower/bin'
[4.150s] Level 1:colcon.colcon_core.environment:checking '/home/chris/ros_ws/install/pepper_wall_follower/lib/pkgconfig/pepper_wall_follower.pc'
[4.150s] Level 1:colcon.colcon_core.environment:checking '/home/chris/ros_ws/install/pepper_wall_follower/lib/python3.10/site-packages'
[4.151s] Level 1:colcon.colcon_core.environment:checking '/home/chris/ros_ws/install/pepper_wall_follower/bin'
[4.151s] INFO:colcon.colcon_core.shell:Creating package script '/home/chris/ros_ws/install/pepper_wall_follower/share/pepper_wall_follower/package.ps1'
[4.152s] INFO:colcon.colcon_core.shell:Creating package descriptor '/home/chris/ros_ws/install/pepper_wall_follower/share/pepper_wall_follower/package.dsv'
[4.152s] INFO:colcon.colcon_core.shell:Creating package script '/home/chris/ros_ws/install/pepper_wall_follower/share/pepper_wall_follower/package.sh'
[4.153s] INFO:colcon.colcon_core.shell:Creating package script '/home/chris/ros_ws/install/pepper_wall_follower/share/pepper_wall_follower/package.bash'
[4.154s] INFO:colcon.colcon_core.shell:Creating package script '/home/chris/ros_ws/install/pepper_wall_follower/share/pepper_wall_follower/package.zsh'
[4.155s] Level 1:colcon.colcon_core.environment:create_file_with_runtime_dependencies(/home/chris/ros_ws/install/pepper_wall_follower/share/colcon-core/packages/pepper_wall_follower)
[4.156s] Level 1:colcon.colcon_core.environment:create_environment_scripts_only(pepper_wall_follower)
[4.157s] Level 1:colcon.colcon_core.environment:checking '/home/chris/ros_ws/install/pepper_wall_follower' for CMake module files
[4.158s] Level 1:colcon.colcon_core.environment:checking '/home/chris/ros_ws/install/pepper_wall_follower' for CMake config files
[4.159s] Level 1:colcon.colcon_core.shell:create_environment_hook('pepper_wall_follower', 'cmake_prefix_path')
[4.160s] INFO:colcon.colcon_core.shell:Creating environment hook '/home/chris/ros_ws/install/pepper_wall_follower/share/pepper_wall_follower/hook/cmake_prefix_path.ps1'
[4.161s] INFO:colcon.colcon_core.shell:Creating environment descriptor '/home/chris/ros_ws/install/pepper_wall_follower/share/pepper_wall_follower/hook/cmake_prefix_path.dsv'
[4.162s] INFO:colcon.colcon_core.shell:Creating environment hook '/home/chris/ros_ws/install/pepper_wall_follower/share/pepper_wall_follower/hook/cmake_prefix_path.sh'
[4.163s] Level 1:colcon.colcon_core.environment:checking '/home/chris/ros_ws/install/pepper_wall_follower/lib'
[4.164s] Level 1:colcon.colcon_core.environment:checking '/home/chris/ros_ws/install/pepper_wall_follower/bin'
[4.164s] Level 1:colcon.colcon_core.environment:checking '/home/chris/ros_ws/install/pepper_wall_follower/lib/pkgconfig/pepper_wall_follower.pc'
[4.164s] Level 1:colcon.colcon_core.environment:checking '/home/chris/ros_ws/install/pepper_wall_follower/lib/python3.10/site-packages'
[4.164s] Level 1:colcon.colcon_core.environment:checking '/home/chris/ros_ws/install/pepper_wall_follower/bin'
[4.165s] INFO:colcon.colcon_core.shell:Creating package script '/home/chris/ros_ws/install/pepper_wall_follower/share/pepper_wall_follower/package.ps1'
[4.166s] INFO:colcon.colcon_core.shell:Creating package descriptor '/home/chris/ros_ws/install/pepper_wall_follower/share/pepper_wall_follower/package.dsv'
[4.168s] INFO:colcon.colcon_core.shell:Creating package script '/home/chris/ros_ws/install/pepper_wall_follower/share/pepper_wall_follower/package.sh'
[4.169s] INFO:colcon.colcon_core.shell:Creating package script '/home/chris/ros_ws/install/pepper_wall_follower/share/pepper_wall_follower/package.bash'
[4.170s] INFO:colcon.colcon_core.shell:Creating package script '/home/chris/ros_ws/install/pepper_wall_follower/share/pepper_wall_follower/package.zsh'
[4.171s] Level 1:colcon.colcon_core.environment:create_file_with_runtime_dependencies(/home/chris/ros_ws/install/pepper_wall_follower/share/colcon-core/packages/pepper_wall_follower)
[4.172s] INFO:colcon.colcon_ros.task.ament_cmake.build:Building ROS package in '/home/chris/ros_ws/src/naoqi_driver2' with build type 'ament_cmake'
[4.173s] INFO:colcon.colcon_cmake.task.cmake.build:Building CMake package in '/home/chris/ros_ws/src/naoqi_driver2'
[4.174s] INFO:colcon.colcon_core.shell:Skip shell extension 'powershell' for command environment: Not usable outside of PowerShell
[4.174s] DEBUG:colcon.colcon_core.shell:Skip shell extension 'dsv' for command environment
[5.083s] DEBUG:colcon.colcon_core.event_handler.log_command:Invoking command in '/home/chris/ros_ws/build/naoqi_driver': CMAKE_PREFIX_PATH=/home/chris/ros_ws/install/naoqi_libqicore:/home/chris/ros_ws/install/naoqi_libqi:/home/chris/ros_ws/install/naoqi_bridge_msgs:/home/chris/ros_ws/install/wall_follower:/home/chris/ros_ws/install/pepper_wall_follower:/home/chris/ros_ws/install/pepper_meshes:/home/chris/ros_ws/install/naoqi_driver:/home/chris/ros_ws/install/nao_meshes:/opt/ros/humble LD_LIBRARY_PATH=/home/chris/ros_ws/install/naoqi_libqi/lib:/home/chris/ros_ws/install/naoqi_bridge_msgs/lib:/home/chris/ros_ws/install/naoqi_driver/lib:/home/chris/ros_ws/install/naoqi_libqicore/lib:/opt/ros/humble/opt/rviz_ogre_vendor/lib:/opt/ros/humble/lib/x86_64-linux-gnu:/opt/ros/humble/lib /usr/bin/cmake --build /home/chris/ros_ws/build/naoqi_driver -- -j20 -l20
[5.530s] DEBUG:colcon.colcon_core.event_handler.log_command:Invoked command in '/home/chris/ros_ws/build/naoqi_driver' returned '0': CMAKE_PREFIX_PATH=/home/chris/ros_ws/install/naoqi_libqicore:/home/chris/ros_ws/install/naoqi_libqi:/home/chris/ros_ws/install/naoqi_bridge_msgs:/home/chris/ros_ws/install/wall_follower:/home/chris/ros_ws/install/pepper_wall_follower:/home/chris/ros_ws/install/pepper_meshes:/home/chris/ros_ws/install/naoqi_driver:/home/chris/ros_ws/install/nao_meshes:/opt/ros/humble LD_LIBRARY_PATH=/home/chris/ros_ws/install/naoqi_libqi/lib:/home/chris/ros_ws/install/naoqi_bridge_msgs/lib:/home/chris/ros_ws/install/naoqi_driver/lib:/home/chris/ros_ws/install/naoqi_libqicore/lib:/opt/ros/humble/opt/rviz_ogre_vendor/lib:/opt/ros/humble/lib/x86_64-linux-gnu:/opt/ros/humble/lib /usr/bin/cmake --build /home/chris/ros_ws/build/naoqi_driver -- -j20 -l20
[5.531s] DEBUG:colcon.colcon_core.event_handler.log_command:Invoking command in '/home/chris/ros_ws/build/naoqi_driver': CMAKE_PREFIX_PATH=/home/chris/ros_ws/install/naoqi_libqicore:/home/chris/ros_ws/install/naoqi_libqi:/home/chris/ros_ws/install/naoqi_bridge_msgs:/home/chris/ros_ws/install/wall_follower:/home/chris/ros_ws/install/pepper_wall_follower:/home/chris/ros_ws/install/pepper_meshes:/home/chris/ros_ws/install/naoqi_driver:/home/chris/ros_ws/install/nao_meshes:/opt/ros/humble LD_LIBRARY_PATH=/home/chris/ros_ws/install/naoqi_libqi/lib:/home/chris/ros_ws/install/naoqi_bridge_msgs/lib:/home/chris/ros_ws/install/naoqi_driver/lib:/home/chris/ros_ws/install/naoqi_libqicore/lib:/opt/ros/humble/opt/rviz_ogre_vendor/lib:/opt/ros/humble/lib/x86_64-linux-gnu:/opt/ros/humble/lib /usr/bin/cmake --install /home/chris/ros_ws/build/naoqi_driver
[5.571s] Level 1:colcon.colcon_core.environment:create_environment_scripts_only(naoqi_driver)
[5.571s] Level 1:colcon.colcon_core.environment:checking '/home/chris/ros_ws/install/naoqi_driver' for CMake module files
[5.572s] DEBUG:colcon.colcon_core.event_handler.log_command:Invoked command in '/home/chris/ros_ws/build/naoqi_driver' returned '0': CMAKE_PREFIX_PATH=/home/chris/ros_ws/install/naoqi_libqicore:/home/chris/ros_ws/install/naoqi_libqi:/home/chris/ros_ws/install/naoqi_bridge_msgs:/home/chris/ros_ws/install/wall_follower:/home/chris/ros_ws/install/pepper_wall_follower:/home/chris/ros_ws/install/pepper_meshes:/home/chris/ros_ws/install/naoqi_driver:/home/chris/ros_ws/install/nao_meshes:/opt/ros/humble LD_LIBRARY_PATH=/home/chris/ros_ws/install/naoqi_libqi/lib:/home/chris/ros_ws/install/naoqi_bridge_msgs/lib:/home/chris/ros_ws/install/naoqi_driver/lib:/home/chris/ros_ws/install/naoqi_libqicore/lib:/opt/ros/humble/opt/rviz_ogre_vendor/lib:/opt/ros/humble/lib/x86_64-linux-gnu:/opt/ros/humble/lib /usr/bin/cmake --install /home/chris/ros_ws/build/naoqi_driver
[5.572s] Level 1:colcon.colcon_core.environment:checking '/home/chris/ros_ws/install/naoqi_driver' for CMake config files
[5.573s] Level 1:colcon.colcon_core.shell:create_environment_hook('naoqi_driver', 'cmake_prefix_path')
[5.574s] INFO:colcon.colcon_core.shell:Creating environment hook '/home/chris/ros_ws/install/naoqi_driver/share/naoqi_driver/hook/cmake_prefix_path.ps1'
[5.575s] INFO:colcon.colcon_core.shell:Creating environment descriptor '/home/chris/ros_ws/install/naoqi_driver/share/naoqi_driver/hook/cmake_prefix_path.dsv'
[5.575s] INFO:colcon.colcon_core.shell:Creating environment hook '/home/chris/ros_ws/install/naoqi_driver/share/naoqi_driver/hook/cmake_prefix_path.sh'
[5.576s] Level 1:colcon.colcon_core.environment:checking '/home/chris/ros_ws/install/naoqi_driver/lib'
[5.576s] Level 1:colcon.colcon_core.shell:create_environment_hook('naoqi_driver', 'ld_library_path_lib')
[5.576s] INFO:colcon.colcon_core.shell:Creating environment hook '/home/chris/ros_ws/install/naoqi_driver/share/naoqi_driver/hook/ld_library_path_lib.ps1'
[5.577s] INFO:colcon.colcon_core.shell:Creating environment descriptor '/home/chris/ros_ws/install/naoqi_driver/share/naoqi_driver/hook/ld_library_path_lib.dsv'
[5.577s] INFO:colcon.colcon_core.shell:Creating environment hook '/home/chris/ros_ws/install/naoqi_driver/share/naoqi_driver/hook/ld_library_path_lib.sh'
[5.578s] Level 1:colcon.colcon_core.environment:checking '/home/chris/ros_ws/install/naoqi_driver/bin'
[5.578s] Level 1:colcon.colcon_core.environment:checking '/home/chris/ros_ws/install/naoqi_driver/lib/pkgconfig/naoqi_driver.pc'
[5.579s] Level 1:colcon.colcon_core.environment:checking '/home/chris/ros_ws/install/naoqi_driver/lib/python3.10/site-packages'
[5.579s] Level 1:colcon.colcon_core.environment:checking '/home/chris/ros_ws/install/naoqi_driver/bin'
[5.580s] INFO:colcon.colcon_core.shell:Creating package script '/home/chris/ros_ws/install/naoqi_driver/share/naoqi_driver/package.ps1'
[5.581s] INFO:colcon.colcon_core.shell:Creating package descriptor '/home/chris/ros_ws/install/naoqi_driver/share/naoqi_driver/package.dsv'
[5.582s] INFO:colcon.colcon_core.shell:Creating package script '/home/chris/ros_ws/install/naoqi_driver/share/naoqi_driver/package.sh'
[5.583s] INFO:colcon.colcon_core.shell:Creating package script '/home/chris/ros_ws/install/naoqi_driver/share/naoqi_driver/package.bash'
[5.584s] INFO:colcon.colcon_core.shell:Creating package script '/home/chris/ros_ws/install/naoqi_driver/share/naoqi_driver/package.zsh'
[5.585s] Level 1:colcon.colcon_core.environment:create_file_with_runtime_dependencies(/home/chris/ros_ws/install/naoqi_driver/share/colcon-core/packages/naoqi_driver)
[5.587s] Level 1:colcon.colcon_core.environment:create_environment_scripts_only(naoqi_driver)
[5.587s] Level 1:colcon.colcon_core.environment:checking '/home/chris/ros_ws/install/naoqi_driver' for CMake module files
[5.588s] Level 1:colcon.colcon_core.environment:checking '/home/chris/ros_ws/install/naoqi_driver' for CMake config files
[5.588s] Level 1:colcon.colcon_core.shell:create_environment_hook('naoqi_driver', 'cmake_prefix_path')
[5.589s] INFO:colcon.colcon_core.shell:Creating environment hook '/home/chris/ros_ws/install/naoqi_driver/share/naoqi_driver/hook/cmake_prefix_path.ps1'
[5.589s] INFO:colcon.colcon_core.shell:Creating environment descriptor '/home/chris/ros_ws/install/naoqi_driver/share/naoqi_driver/hook/cmake_prefix_path.dsv'
[5.590s] INFO:colcon.colcon_core.shell:Creating environment hook '/home/chris/ros_ws/install/naoqi_driver/share/naoqi_driver/hook/cmake_prefix_path.sh'
[5.591s] Level 1:colcon.colcon_core.environment:checking '/home/chris/ros_ws/install/naoqi_driver/lib'
[5.592s] Level 1:colcon.colcon_core.shell:create_environment_hook('naoqi_driver', 'ld_library_path_lib')
[5.592s] INFO:colcon.colcon_core.shell:Creating environment hook '/home/chris/ros_ws/install/naoqi_driver/share/naoqi_driver/hook/ld_library_path_lib.ps1'
[5.593s] INFO:colcon.colcon_core.shell:Creating environment descriptor '/home/chris/ros_ws/install/naoqi_driver/share/naoqi_driver/hook/ld_library_path_lib.dsv'
[5.594s] INFO:colcon.colcon_core.shell:Creating environment hook '/home/chris/ros_ws/install/naoqi_driver/share/naoqi_driver/hook/ld_library_path_lib.sh'
[5.595s] Level 1:colcon.colcon_core.environment:checking '/home/chris/ros_ws/install/naoqi_driver/bin'
[5.595s] Level 1:colcon.colcon_core.environment:checking '/home/chris/ros_ws/install/naoqi_driver/lib/pkgconfig/naoqi_driver.pc'
[5.596s] Level 1:colcon.colcon_core.environment:checking '/home/chris/ros_ws/install/naoqi_driver/lib/python3.10/site-packages'
[5.596s] Level 1:colcon.colcon_core.environment:checking '/home/chris/ros_ws/install/naoqi_driver/bin'
[5.597s] INFO:colcon.colcon_core.shell:Creating package script '/home/chris/ros_ws/install/naoqi_driver/share/naoqi_driver/package.ps1'
[5.599s] INFO:colcon.colcon_core.shell:Creating package descriptor '/home/chris/ros_ws/install/naoqi_driver/share/naoqi_driver/package.dsv'
[5.600s] INFO:colcon.colcon_core.shell:Creating package script '/home/chris/ros_ws/install/naoqi_driver/share/naoqi_driver/package.sh'
[5.601s] INFO:colcon.colcon_core.shell:Creating package script '/home/chris/ros_ws/install/naoqi_driver/share/naoqi_driver/package.bash'
[5.602s] INFO:colcon.colcon_core.shell:Creating package script '/home/chris/ros_ws/install/naoqi_driver/share/naoqi_driver/package.zsh'
[5.603s] Level 1:colcon.colcon_core.environment:create_file_with_runtime_dependencies(/home/chris/ros_ws/install/naoqi_driver/share/colcon-core/packages/naoqi_driver)
[5.604s] DEBUG:colcon.colcon_parallel_executor.executor.parallel:closing loop
[5.606s] DEBUG:colcon.colcon_parallel_executor.executor.parallel:loop closed
[5.607s] DEBUG:colcon.colcon_parallel_executor.executor.parallel:run_until_complete finished with '0'
[5.607s] DEBUG:colcon.colcon_core.event_reactor:joining thread
[5.786s] INFO:colcon.colcon_core.plugin_system:Skipping extension 'colcon_notification.desktop_notification.notify_send': Could not find 'notify-send'
[5.787s] INFO:colcon.colcon_core.plugin_system:Skipping extension 'colcon_notification.desktop_notification.terminal_notifier': Not used on non-Darwin systems
[5.787s] INFO:colcon.colcon_core.plugin_system:Skipping extension 'colcon_notification.desktop_notification.win32': Not used on non-Windows systems
[5.787s] INFO:colcon.colcon_notification.desktop_notification:Sending desktop notification using 'notify2'
[5.787s] DEBUG:colcon.colcon_notification.desktop_notification.notify2:Failed to initialize notify2: org.freedesktop.DBus.Error.FileNotFound: Failed to connect to socket /run/user/1000/bus: No such file or directory
[5.787s] DEBUG:colcon.colcon_core.event_reactor:joined thread
[5.788s] INFO:colcon.colcon_core.shell:Creating prefix script '/home/chris/ros_ws/install/local_setup.ps1'
[5.789s] INFO:colcon.colcon_core.shell:Creating prefix util module '/home/chris/ros_ws/install/_local_setup_util_ps1.py'
[5.792s] INFO:colcon.colcon_core.shell:Creating prefix chain script '/home/chris/ros_ws/install/setup.ps1'
[5.795s] INFO:colcon.colcon_core.shell:Creating prefix script '/home/chris/ros_ws/install/local_setup.sh'
[5.796s] INFO:colcon.colcon_core.shell:Creating prefix util module '/home/chris/ros_ws/install/_local_setup_util_sh.py'
[5.798s] INFO:colcon.colcon_core.shell:Creating prefix chain script '/home/chris/ros_ws/install/setup.sh'
[5.800s] INFO:colcon.colcon_core.shell:Creating prefix script '/home/chris/ros_ws/install/local_setup.bash'
[5.802s] INFO:colcon.colcon_core.shell:Creating prefix chain script '/home/chris/ros_ws/install/setup.bash'
[5.806s] INFO:colcon.colcon_core.shell:Creating prefix script '/home/chris/ros_ws/install/local_setup.zsh'
[5.808s] INFO:colcon.colcon_core.shell:Creating prefix chain script '/home/chris/ros_ws/install/setup.zsh'
