[0.202s] Invoking command in '/home/chris/ros_ws/build/pepper_wall_follower': CMAKE_PREFIX_PATH=/home/chris/ros_ws/install/naoqi_bridge_msgs:/home/chris/ros_ws/install/wall_follower:/home/chris/ros_ws/install/pepper_wall_follower:/home/chris/ros_ws/install/pepper_meshes:/home/chris/ros_ws/install/naoqi_driver:/home/chris/ros_ws/install/naoqi_libqicore:/home/chris/ros_ws/install/naoqi_libqi:/home/chris/ros_ws/install/nao_meshes:/opt/ros/humble LD_LIBRARY_PATH=/home/chris/ros_ws/install/naoqi_bridge_msgs/lib:/home/chris/ros_ws/install/naoqi_driver/lib:/home/chris/ros_ws/install/naoqi_libqicore/lib:/home/chris/ros_ws/install/naoqi_libqi/lib:/opt/ros/humble/opt/rviz_ogre_vendor/lib:/opt/ros/humble/lib/x86_64-linux-gnu:/opt/ros/humble/lib /usr/bin/cmake --build /home/chris/ros_ws/build/pepper_wall_follower -- -j20 -l20
[0.262s] [ 50%] [32mBuilding CXX object CMakeFiles/pepper_wall_follower.dir/src/pepper_wall_follower.cpp.o[0m
[11.698s] [32m[1mLinking CXX executable pepper_wall_follower[0m
[12.646s] Built target pepper_wall_follower
[12.659s] Invoked command in '/home/chris/ros_ws/build/pepper_wall_follower' returned '0': CMAKE_PREFIX_PATH=/home/chris/ros_ws/install/naoqi_bridge_msgs:/home/chris/ros_ws/install/wall_follower:/home/chris/ros_ws/install/pepper_wall_follower:/home/chris/ros_ws/install/pepper_meshes:/home/chris/ros_ws/install/naoqi_driver:/home/chris/ros_ws/install/naoqi_libqicore:/home/chris/ros_ws/install/naoqi_libqi:/home/chris/ros_ws/install/nao_meshes:/opt/ros/humble LD_LIBRARY_PATH=/home/chris/ros_ws/install/naoqi_bridge_msgs/lib:/home/chris/ros_ws/install/naoqi_driver/lib:/home/chris/ros_ws/install/naoqi_libqicore/lib:/home/chris/ros_ws/install/naoqi_libqi/lib:/opt/ros/humble/opt/rviz_ogre_vendor/lib:/opt/ros/humble/lib/x86_64-linux-gnu:/opt/ros/humble/lib /usr/bin/cmake --build /home/chris/ros_ws/build/pepper_wall_follower -- -j20 -l20
[12.661s] Invoking command in '/home/chris/ros_ws/build/pepper_wall_follower': CMAKE_PREFIX_PATH=/home/chris/ros_ws/install/naoqi_bridge_msgs:/home/chris/ros_ws/install/wall_follower:/home/chris/ros_ws/install/pepper_wall_follower:/home/chris/ros_ws/install/pepper_meshes:/home/chris/ros_ws/install/naoqi_driver:/home/chris/ros_ws/install/naoqi_libqicore:/home/chris/ros_ws/install/naoqi_libqi:/home/chris/ros_ws/install/nao_meshes:/opt/ros/humble LD_LIBRARY_PATH=/home/chris/ros_ws/install/naoqi_bridge_msgs/lib:/home/chris/ros_ws/install/naoqi_driver/lib:/home/chris/ros_ws/install/naoqi_libqicore/lib:/home/chris/ros_ws/install/naoqi_libqi/lib:/opt/ros/humble/opt/rviz_ogre_vendor/lib:/opt/ros/humble/lib/x86_64-linux-gnu:/opt/ros/humble/lib /usr/bin/cmake --install /home/chris/ros_ws/build/pepper_wall_follower
[12.669s] -- Install configuration: ""
[12.670s] -- Execute custom install script
[12.670s] -- Up-to-date symlink: /home/chris/ros_ws/install/pepper_wall_follower/lib/pepper_wall_follower/pepper_wall_follower
[12.671s] -- Up-to-date symlink: /home/chris/ros_ws/install/pepper_wall_follower/share/pepper_wall_follower/launch/pepper_wall_follower.launch.py
[12.671s] -- Up-to-date symlink: /home/chris/ros_ws/install/pepper_wall_follower/share/ament_index/resource_index/package_run_dependencies/pepper_wall_follower
[12.671s] -- Up-to-date symlink: /home/chris/ros_ws/install/pepper_wall_follower/share/ament_index/resource_index/parent_prefix_path/pepper_wall_follower
[12.671s] -- Up-to-date symlink: /home/chris/ros_ws/install/pepper_wall_follower/share/pepper_wall_follower/environment/ament_prefix_path.sh
[12.672s] -- Up-to-date symlink: /home/chris/ros_ws/install/pepper_wall_follower/share/pepper_wall_follower/environment/ament_prefix_path.dsv
[12.672s] -- Up-to-date symlink: /home/chris/ros_ws/install/pepper_wall_follower/share/pepper_wall_follower/environment/path.sh
[12.672s] -- Up-to-date symlink: /home/chris/ros_ws/install/pepper_wall_follower/share/pepper_wall_follower/environment/path.dsv
[12.672s] -- Up-to-date symlink: /home/chris/ros_ws/install/pepper_wall_follower/share/pepper_wall_follower/local_setup.bash
[12.672s] -- Up-to-date symlink: /home/chris/ros_ws/install/pepper_wall_follower/share/pepper_wall_follower/local_setup.sh
[12.672s] -- Up-to-date symlink: /home/chris/ros_ws/install/pepper_wall_follower/share/pepper_wall_follower/local_setup.zsh
[12.672s] -- Up-to-date symlink: /home/chris/ros_ws/install/pepper_wall_follower/share/pepper_wall_follower/local_setup.dsv
[12.673s] -- Symlinking: /home/chris/ros_ws/install/pepper_wall_follower/share/pepper_wall_follower/package.dsv
[12.683s] -- Up-to-date symlink: /home/chris/ros_ws/install/pepper_wall_follower/share/ament_index/resource_index/packages/pepper_wall_follower
[12.683s] -- Up-to-date symlink: /home/chris/ros_ws/install/pepper_wall_follower/share/pepper_wall_follower/cmake/ament_cmake_export_include_directories-extras.cmake
[12.683s] -- Up-to-date symlink: /home/chris/ros_ws/install/pepper_wall_follower/share/pepper_wall_follower/cmake/ament_cmake_export_dependencies-extras.cmake
[12.684s] -- Up-to-date symlink: /home/chris/ros_ws/install/pepper_wall_follower/share/pepper_wall_follower/cmake/pepper_wall_followerConfig.cmake
[12.684s] -- Up-to-date symlink: /home/chris/ros_ws/install/pepper_wall_follower/share/pepper_wall_follower/cmake/pepper_wall_followerConfig-version.cmake
[12.684s] -- Up-to-date symlink: /home/chris/ros_ws/install/pepper_wall_follower/share/pepper_wall_follower/package.xml
[12.684s] -- Up-to-date symlink: /home/chris/ros_ws/install/pepper_wall_follower/lib/pepper_wall_follower/pepper_wall_follower
[12.684s] -- Up-to-date symlink: /home/chris/ros_ws/install/pepper_wall_follower/share/pepper_wall_follower/launch/pepper_wall_follower.launch.py
[12.684s] -- Up-to-date symlink: /home/chris/ros_ws/install/pepper_wall_follower/share/ament_index/resource_index/package_run_dependencies/pepper_wall_follower
[12.684s] -- Up-to-date symlink: /home/chris/ros_ws/install/pepper_wall_follower/share/ament_index/resource_index/parent_prefix_path/pepper_wall_follower
[12.685s] -- Up-to-date symlink: /home/chris/ros_ws/install/pepper_wall_follower/share/pepper_wall_follower/environment/ament_prefix_path.sh
[12.685s] -- Up-to-date symlink: /home/chris/ros_ws/install/pepper_wall_follower/share/pepper_wall_follower/environment/ament_prefix_path.dsv
[12.685s] -- Up-to-date symlink: /home/chris/ros_ws/install/pepper_wall_follower/share/pepper_wall_follower/environment/path.sh
[12.685s] -- Up-to-date symlink: /home/chris/ros_ws/install/pepper_wall_follower/share/pepper_wall_follower/environment/path.dsv
[12.685s] -- Up-to-date symlink: /home/chris/ros_ws/install/pepper_wall_follower/share/pepper_wall_follower/local_setup.bash
[12.686s] -- Up-to-date symlink: /home/chris/ros_ws/install/pepper_wall_follower/share/pepper_wall_follower/local_setup.sh
[12.686s] -- Up-to-date symlink: /home/chris/ros_ws/install/pepper_wall_follower/share/pepper_wall_follower/local_setup.zsh
[12.686s] -- Up-to-date symlink: /home/chris/ros_ws/install/pepper_wall_follower/share/pepper_wall_follower/local_setup.dsv
[12.686s] -- Up-to-date symlink: /home/chris/ros_ws/install/pepper_wall_follower/share/pepper_wall_follower/package.dsv
[12.687s] -- Up-to-date symlink: /home/chris/ros_ws/install/pepper_wall_follower/share/ament_index/resource_index/packages/pepper_wall_follower
[12.687s] -- Up-to-date symlink: /home/chris/ros_ws/install/pepper_wall_follower/share/pepper_wall_follower/cmake/ament_cmake_export_include_directories-extras.cmake
[12.687s] -- Up-to-date symlink: /home/chris/ros_ws/install/pepper_wall_follower/share/pepper_wall_follower/cmake/ament_cmake_export_dependencies-extras.cmake
[12.687s] -- Up-to-date symlink: /home/chris/ros_ws/install/pepper_wall_follower/share/pepper_wall_follower/cmake/pepper_wall_followerConfig.cmake
[12.687s] -- Up-to-date symlink: /home/chris/ros_ws/install/pepper_wall_follower/share/pepper_wall_follower/cmake/pepper_wall_followerConfig-version.cmake
[12.687s] -- Up-to-date symlink: /home/chris/ros_ws/install/pepper_wall_follower/share/pepper_wall_follower/package.xml
[12.689s] Invoked command in '/home/chris/ros_ws/build/pepper_wall_follower' returned '0': CMAKE_PREFIX_PATH=/home/chris/ros_ws/install/naoqi_bridge_msgs:/home/chris/ros_ws/install/wall_follower:/home/chris/ros_ws/install/pepper_wall_follower:/home/chris/ros_ws/install/pepper_meshes:/home/chris/ros_ws/install/naoqi_driver:/home/chris/ros_ws/install/naoqi_libqicore:/home/chris/ros_ws/install/naoqi_libqi:/home/chris/ros_ws/install/nao_meshes:/opt/ros/humble LD_LIBRARY_PATH=/home/chris/ros_ws/install/naoqi_bridge_msgs/lib:/home/chris/ros_ws/install/naoqi_driver/lib:/home/chris/ros_ws/install/naoqi_libqicore/lib:/home/chris/ros_ws/install/naoqi_libqi/lib:/opt/ros/humble/opt/rviz_ogre_vendor/lib:/opt/ros/humble/lib/x86_64-linux-gnu:/opt/ros/humble/lib /usr/bin/cmake --install /home/chris/ros_ws/build/pepper_wall_follower
