[0.362s] DEBUG:colcon:Command line arguments: ['/usr/bin/colcon', 'build', '--symlink-install', '--packages-skip', 'nao_meshes', 'pepper_meshes', '--parallel-workers', '1']
[0.362s] DEBUG:colcon:Parsed command line arguments: Namespace(log_base=None, log_level=None, verb_name='build', build_base='build', install_base='install', merge_install=False, symlink_install=True, test_result_base=None, continue_on_error=False, executor='parallel', parallel_workers=1, event_handlers=None, ignore_user_meta=False, metas=['./colcon.meta'], base_paths=['.'], packages_ignore=None, packages_ignore_regex=None, paths=None, packages_up_to=None, packages_up_to_regex=None, packages_above=None, packages_above_and_dependencies=None, packages_above_depth=None, packages_select_by_dep=None, packages_skip_by_dep=None, packages_skip_up_to=None, packages_select_build_failed=False, packages_skip_build_finished=False, packages_select_test_failures=False, packages_skip_test_passed=False, packages_select=None, packages_skip=['nao_meshes', 'pepper_meshes'], packages_select_regex=None, packages_skip_regex=None, packages_start=None, packages_end=None, allow_overriding=[], cmake_args=None, cmake_target=None, cmake_target_skip_unavailable=False, cmake_clean_cache=False, cmake_clean_first=False, cmake_force_configure=False, ament_cmake_args=None, catkin_cmake_args=None, catkin_skip_building_tests=False, verb_parser=<colcon_defaults.argument_parser.defaults.DefaultArgumentsDecorator object at 0x78dd1c9bb6d0>, verb_extension=<colcon_core.verb.build.BuildVerb object at 0x78dd1cb70100>, main=<bound method BuildVerb.main of <colcon_core.verb.build.BuildVerb object at 0x78dd1cb70100>>)
[0.518s] Level 1:colcon.colcon_core.package_discovery:discover_packages(colcon_meta) check parameters
[0.518s] Level 1:colcon.colcon_core.package_discovery:discover_packages(recursive) check parameters
[0.518s] Level 1:colcon.colcon_core.package_discovery:discover_packages(ignore) check parameters
[0.518s] Level 1:colcon.colcon_core.package_discovery:discover_packages(path) check parameters
[0.519s] Level 1:colcon.colcon_core.package_discovery:discover_packages(colcon_meta) discover
[0.519s] Level 1:colcon.colcon_core.package_discovery:discover_packages(recursive) discover
[0.519s] INFO:colcon.colcon_core.package_discovery:Crawling recursively for packages in '/home/chris/ros_ws'
[0.519s] Level 1:colcon.colcon_core.package_identification:_identify(.) by extensions ['ignore', 'ignore_ament_install']
[0.519s] Level 1:colcon.colcon_core.package_identification:_identify(.) by extension 'ignore'
[0.519s] Level 1:colcon.colcon_core.package_identification:_identify(.) by extension 'ignore_ament_install'
[0.519s] Level 1:colcon.colcon_core.package_identification:_identify(.) by extensions ['colcon_pkg']
[0.519s] Level 1:colcon.colcon_core.package_identification:_identify(.) by extension 'colcon_pkg'
[0.519s] Level 1:colcon.colcon_core.package_identification:_identify(.) by extensions ['colcon_meta']
[0.519s] Level 1:colcon.colcon_core.package_identification:_identify(.) by extension 'colcon_meta'
[0.519s] Level 1:colcon.colcon_core.package_identification:_identify(.) by extensions ['ros']
[0.519s] Level 1:colcon.colcon_core.package_identification:_identify(.) by extension 'ros'
[0.536s] Level 1:colcon.colcon_core.package_identification:_identify(.) by extensions ['cmake', 'python']
[0.536s] Level 1:colcon.colcon_core.package_identification:_identify(.) by extension 'cmake'
[0.536s] Level 1:colcon.colcon_core.package_identification:_identify(.) by extension 'python'
[0.536s] Level 1:colcon.colcon_core.package_identification:_identify(.) by extensions ['python_setup_py']
[0.536s] Level 1:colcon.colcon_core.package_identification:_identify(.) by extension 'python_setup_py'
[0.537s] Level 1:colcon.colcon_core.package_identification:_identify(build) by extensions ['ignore', 'ignore_ament_install']
[0.537s] Level 1:colcon.colcon_core.package_identification:_identify(build) by extension 'ignore'
[0.537s] Level 1:colcon.colcon_core.package_identification:_identify(build) ignored
[0.537s] Level 1:colcon.colcon_core.package_identification:_identify(install) by extensions ['ignore', 'ignore_ament_install']
[0.537s] Level 1:colcon.colcon_core.package_identification:_identify(install) by extension 'ignore'
[0.537s] Level 1:colcon.colcon_core.package_identification:_identify(install) ignored
[0.537s] Level 1:colcon.colcon_core.package_identification:_identify(log) by extensions ['ignore', 'ignore_ament_install']
[0.538s] Level 1:colcon.colcon_core.package_identification:_identify(log) by extension 'ignore'
[0.538s] Level 1:colcon.colcon_core.package_identification:_identify(log) ignored
[0.538s] Level 1:colcon.colcon_core.package_identification:_identify(src) by extensions ['ignore', 'ignore_ament_install']
[0.539s] Level 1:colcon.colcon_core.package_identification:_identify(src) by extension 'ignore'
[0.539s] Level 1:colcon.colcon_core.package_identification:_identify(src) by extension 'ignore_ament_install'
[0.539s] Level 1:colcon.colcon_core.package_identification:_identify(src) by extensions ['colcon_pkg']
[0.539s] Level 1:colcon.colcon_core.package_identification:_identify(src) by extension 'colcon_pkg'
[0.539s] Level 1:colcon.colcon_core.package_identification:_identify(src) by extensions ['colcon_meta']
[0.539s] Level 1:colcon.colcon_core.package_identification:_identify(src) by extension 'colcon_meta'
[0.539s] Level 1:colcon.colcon_core.package_identification:_identify(src) by extensions ['ros']
[0.539s] Level 1:colcon.colcon_core.package_identification:_identify(src) by extension 'ros'
[0.539s] Level 1:colcon.colcon_core.package_identification:_identify(src) by extensions ['cmake', 'python']
[0.539s] Level 1:colcon.colcon_core.package_identification:_identify(src) by extension 'cmake'
[0.539s] Level 1:colcon.colcon_core.package_identification:_identify(src) by extension 'python'
[0.539s] Level 1:colcon.colcon_core.package_identification:_identify(src) by extensions ['python_setup_py']
[0.539s] Level 1:colcon.colcon_core.package_identification:_identify(src) by extension 'python_setup_py'
[0.540s] Level 1:colcon.colcon_core.package_identification:_identify(src/build) by extensions ['ignore', 'ignore_ament_install']
[0.540s] Level 1:colcon.colcon_core.package_identification:_identify(src/build) by extension 'ignore'
[0.540s] Level 1:colcon.colcon_core.package_identification:_identify(src/build) ignored
[0.540s] Level 1:colcon.colcon_core.package_identification:_identify(src/install) by extensions ['ignore', 'ignore_ament_install']
[0.540s] Level 1:colcon.colcon_core.package_identification:_identify(src/install) by extension 'ignore'
[0.540s] Level 1:colcon.colcon_core.package_identification:_identify(src/install) ignored
[0.540s] Level 1:colcon.colcon_core.package_identification:_identify(src/log) by extensions ['ignore', 'ignore_ament_install']
[0.541s] Level 1:colcon.colcon_core.package_identification:_identify(src/log) by extension 'ignore'
[0.541s] Level 1:colcon.colcon_core.package_identification:_identify(src/log) ignored
[0.541s] Level 1:colcon.colcon_core.package_identification:_identify(src/nao_meshes) by extensions ['ignore', 'ignore_ament_install']
[0.541s] Level 1:colcon.colcon_core.package_identification:_identify(src/nao_meshes) by extension 'ignore'
[0.541s] Level 1:colcon.colcon_core.package_identification:_identify(src/nao_meshes) by extension 'ignore_ament_install'
[0.542s] Level 1:colcon.colcon_core.package_identification:_identify(src/nao_meshes) by extensions ['colcon_pkg']
[0.542s] Level 1:colcon.colcon_core.package_identification:_identify(src/nao_meshes) by extension 'colcon_pkg'
[0.542s] Level 1:colcon.colcon_core.package_identification:_identify(src/nao_meshes) by extensions ['colcon_meta']
[0.542s] Level 1:colcon.colcon_core.package_identification:_identify(src/nao_meshes) by extension 'colcon_meta'
[0.542s] Level 1:colcon.colcon_core.package_identification:_identify(src/nao_meshes) by extensions ['ros']
[0.543s] Level 1:colcon.colcon_core.package_identification:_identify(src/nao_meshes) by extension 'ros'
[0.548s] DEBUG:colcon.colcon_core.package_identification:Package 'src/nao_meshes' with type 'ros.ament_cmake' and name 'nao_meshes'
[0.549s] Level 1:colcon.colcon_core.package_identification:_identify(src/naoqi_bridge_msgs) by extensions ['ignore', 'ignore_ament_install']
[0.549s] Level 1:colcon.colcon_core.package_identification:_identify(src/naoqi_bridge_msgs) by extension 'ignore'
[0.549s] Level 1:colcon.colcon_core.package_identification:_identify(src/naoqi_bridge_msgs) by extension 'ignore_ament_install'
[0.549s] Level 1:colcon.colcon_core.package_identification:_identify(src/naoqi_bridge_msgs) by extensions ['colcon_pkg']
[0.549s] Level 1:colcon.colcon_core.package_identification:_identify(src/naoqi_bridge_msgs) by extension 'colcon_pkg'
[0.549s] Level 1:colcon.colcon_core.package_identification:_identify(src/naoqi_bridge_msgs) by extensions ['colcon_meta']
[0.549s] Level 1:colcon.colcon_core.package_identification:_identify(src/naoqi_bridge_msgs) by extension 'colcon_meta'
[0.550s] Level 1:colcon.colcon_core.package_identification:_identify(src/naoqi_bridge_msgs) by extensions ['ros']
[0.550s] Level 1:colcon.colcon_core.package_identification:_identify(src/naoqi_bridge_msgs) by extension 'ros'
[0.550s] DEBUG:colcon.colcon_core.package_identification:Package 'src/naoqi_bridge_msgs' with type 'ros.ament_cmake' and name 'naoqi_bridge_msgs'
[0.551s] Level 1:colcon.colcon_core.package_identification:_identify(src/naoqi_driver2) by extensions ['ignore', 'ignore_ament_install']
[0.551s] Level 1:colcon.colcon_core.package_identification:_identify(src/naoqi_driver2) by extension 'ignore'
[0.551s] Level 1:colcon.colcon_core.package_identification:_identify(src/naoqi_driver2) by extension 'ignore_ament_install'
[0.551s] Level 1:colcon.colcon_core.package_identification:_identify(src/naoqi_driver2) by extensions ['colcon_pkg']
[0.551s] Level 1:colcon.colcon_core.package_identification:_identify(src/naoqi_driver2) by extension 'colcon_pkg'
[0.551s] Level 1:colcon.colcon_core.package_identification:_identify(src/naoqi_driver2) by extensions ['colcon_meta']
[0.551s] Level 1:colcon.colcon_core.package_identification:_identify(src/naoqi_driver2) by extension 'colcon_meta'
[0.551s] Level 1:colcon.colcon_core.package_identification:_identify(src/naoqi_driver2) by extensions ['ros']
[0.551s] Level 1:colcon.colcon_core.package_identification:_identify(src/naoqi_driver2) by extension 'ros'
[0.554s] DEBUG:colcon.colcon_core.package_identification:Package 'src/naoqi_driver2' with type 'ros.ament_cmake' and name 'naoqi_driver'
[0.554s] Level 1:colcon.colcon_core.package_identification:_identify(src/naoqi_libqi) by extensions ['ignore', 'ignore_ament_install']
[0.554s] Level 1:colcon.colcon_core.package_identification:_identify(src/naoqi_libqi) by extension 'ignore'
[0.554s] Level 1:colcon.colcon_core.package_identification:_identify(src/naoqi_libqi) by extension 'ignore_ament_install'
[0.554s] Level 1:colcon.colcon_core.package_identification:_identify(src/naoqi_libqi) by extensions ['colcon_pkg']
[0.554s] Level 1:colcon.colcon_core.package_identification:_identify(src/naoqi_libqi) by extension 'colcon_pkg'
[0.554s] Level 1:colcon.colcon_core.package_identification:_identify(src/naoqi_libqi) by extensions ['colcon_meta']
[0.554s] Level 1:colcon.colcon_core.package_identification:_identify(src/naoqi_libqi) by extension 'colcon_meta'
[0.554s] Level 1:colcon.colcon_core.package_identification:_identify(src/naoqi_libqi) by extensions ['ros']
[0.554s] Level 1:colcon.colcon_core.package_identification:_identify(src/naoqi_libqi) by extension 'ros'
[0.555s] DEBUG:colcon.colcon_core.package_identification:Package 'src/naoqi_libqi' with type 'ros.ament_cmake' and name 'naoqi_libqi'
[0.555s] Level 1:colcon.colcon_core.package_identification:_identify(src/naoqi_libqicore) by extensions ['ignore', 'ignore_ament_install']
[0.555s] Level 1:colcon.colcon_core.package_identification:_identify(src/naoqi_libqicore) by extension 'ignore'
[0.556s] Level 1:colcon.colcon_core.package_identification:_identify(src/naoqi_libqicore) by extension 'ignore_ament_install'
[0.556s] Level 1:colcon.colcon_core.package_identification:_identify(src/naoqi_libqicore) by extensions ['colcon_pkg']
[0.556s] Level 1:colcon.colcon_core.package_identification:_identify(src/naoqi_libqicore) by extension 'colcon_pkg'
[0.556s] Level 1:colcon.colcon_core.package_identification:_identify(src/naoqi_libqicore) by extensions ['colcon_meta']
[0.556s] Level 1:colcon.colcon_core.package_identification:_identify(src/naoqi_libqicore) by extension 'colcon_meta'
[0.556s] Level 1:colcon.colcon_core.package_identification:_identify(src/naoqi_libqicore) by extensions ['ros']
[0.556s] Level 1:colcon.colcon_core.package_identification:_identify(src/naoqi_libqicore) by extension 'ros'
[0.557s] DEBUG:colcon.colcon_core.package_identification:Package 'src/naoqi_libqicore' with type 'ros.ament_cmake' and name 'naoqi_libqicore'
[0.557s] Level 1:colcon.colcon_core.package_identification:_identify(src/pepper_meshes) by extensions ['ignore', 'ignore_ament_install']
[0.557s] Level 1:colcon.colcon_core.package_identification:_identify(src/pepper_meshes) by extension 'ignore'
[0.557s] Level 1:colcon.colcon_core.package_identification:_identify(src/pepper_meshes) by extension 'ignore_ament_install'
[0.557s] Level 1:colcon.colcon_core.package_identification:_identify(src/pepper_meshes) by extensions ['colcon_pkg']
[0.557s] Level 1:colcon.colcon_core.package_identification:_identify(src/pepper_meshes) by extension 'colcon_pkg'
[0.557s] Level 1:colcon.colcon_core.package_identification:_identify(src/pepper_meshes) by extensions ['colcon_meta']
[0.557s] Level 1:colcon.colcon_core.package_identification:_identify(src/pepper_meshes) by extension 'colcon_meta'
[0.557s] Level 1:colcon.colcon_core.package_identification:_identify(src/pepper_meshes) by extensions ['ros']
[0.557s] Level 1:colcon.colcon_core.package_identification:_identify(src/pepper_meshes) by extension 'ros'
[0.558s] DEBUG:colcon.colcon_core.package_identification:Package 'src/pepper_meshes' with type 'ros.ament_cmake' and name 'pepper_meshes'
[0.558s] Level 1:colcon.colcon_core.package_identification:_identify(src/pepper_wall_follower) by extensions ['ignore', 'ignore_ament_install']
[0.558s] Level 1:colcon.colcon_core.package_identification:_identify(src/pepper_wall_follower) by extension 'ignore'
[0.558s] Level 1:colcon.colcon_core.package_identification:_identify(src/pepper_wall_follower) by extension 'ignore_ament_install'
[0.558s] Level 1:colcon.colcon_core.package_identification:_identify(src/pepper_wall_follower) by extensions ['colcon_pkg']
[0.558s] Level 1:colcon.colcon_core.package_identification:_identify(src/pepper_wall_follower) by extension 'colcon_pkg'
[0.558s] Level 1:colcon.colcon_core.package_identification:_identify(src/pepper_wall_follower) by extensions ['colcon_meta']
[0.558s] Level 1:colcon.colcon_core.package_identification:_identify(src/pepper_wall_follower) by extension 'colcon_meta'
[0.558s] Level 1:colcon.colcon_core.package_identification:_identify(src/pepper_wall_follower) by extensions ['ros']
[0.558s] Level 1:colcon.colcon_core.package_identification:_identify(src/pepper_wall_follower) by extension 'ros'
[0.560s] DEBUG:colcon.colcon_core.package_identification:Package 'src/pepper_wall_follower' with type 'ros.ament_cmake' and name 'pepper_wall_follower'
[0.560s] Level 1:colcon.colcon_core.package_identification:_identify(src/wall_follower) by extensions ['ignore', 'ignore_ament_install']
[0.560s] Level 1:colcon.colcon_core.package_identification:_identify(src/wall_follower) by extension 'ignore'
[0.560s] Level 1:colcon.colcon_core.package_identification:_identify(src/wall_follower) by extension 'ignore_ament_install'
[0.561s] Level 1:colcon.colcon_core.package_identification:_identify(src/wall_follower) by extensions ['colcon_pkg']
[0.561s] Level 1:colcon.colcon_core.package_identification:_identify(src/wall_follower) by extension 'colcon_pkg'
[0.561s] Level 1:colcon.colcon_core.package_identification:_identify(src/wall_follower) by extensions ['colcon_meta']
[0.561s] Level 1:colcon.colcon_core.package_identification:_identify(src/wall_follower) by extension 'colcon_meta'
[0.561s] Level 1:colcon.colcon_core.package_identification:_identify(src/wall_follower) by extensions ['ros']
[0.561s] Level 1:colcon.colcon_core.package_identification:_identify(src/wall_follower) by extension 'ros'
[0.562s] DEBUG:colcon.colcon_core.package_identification:Package 'src/wall_follower' with type 'ros.ament_cmake' and name 'wall_follower'
[0.562s] Level 1:colcon.colcon_core.package_discovery:discover_packages(recursive) using defaults
[0.562s] Level 1:colcon.colcon_core.package_discovery:discover_packages(ignore) discover
[0.562s] Level 1:colcon.colcon_core.package_discovery:discover_packages(ignore) using defaults
[0.562s] Level 1:colcon.colcon_core.package_discovery:discover_packages(path) discover
[0.562s] Level 1:colcon.colcon_core.package_discovery:discover_packages(path) using defaults
[0.590s] DEBUG:colcon.colcon_core.package_augmentation.check_dependency_constraint:naoqi_driver depends on naoqi_bridge_msgs which has version 2.1.0 which satisfies to be greater than or equal to 2.0.0
[0.591s] INFO:colcon.colcon_core.package_selection:Skipping package 'nao_meshes' in 'src/nao_meshes'
[0.591s] INFO:colcon.colcon_core.package_selection:Skipping package 'pepper_meshes' in 'src/pepper_meshes'
[0.592s] Level 1:colcon.colcon_core.package_discovery:discover_packages(prefix_path) check parameters
[0.592s] Level 1:colcon.colcon_core.package_discovery:discover_packages(prefix_path) discover
[0.597s] DEBUG:colcon.colcon_installed_package_information.package_discovery:Found 8 installed packages in /home/chris/ros_ws/install
[0.600s] DEBUG:colcon.colcon_installed_package_information.package_discovery:Found 277 installed packages in /opt/ros/humble
[0.627s] Level 1:colcon.colcon_core.package_discovery:discover_packages(prefix_path) using defaults
[0.706s] Level 5:colcon.colcon_core.verb:set package 'naoqi_bridge_msgs' build argument 'cmake_args' from command line to 'None'
[0.706s] Level 5:colcon.colcon_core.verb:set package 'naoqi_bridge_msgs' build argument 'cmake_target' from command line to 'None'
[0.706s] Level 5:colcon.colcon_core.verb:set package 'naoqi_bridge_msgs' build argument 'cmake_target_skip_unavailable' from command line to 'False'
[0.706s] Level 5:colcon.colcon_core.verb:set package 'naoqi_bridge_msgs' build argument 'cmake_clean_cache' from command line to 'False'
[0.706s] Level 5:colcon.colcon_core.verb:set package 'naoqi_bridge_msgs' build argument 'cmake_clean_first' from command line to 'False'
[0.706s] Level 5:colcon.colcon_core.verb:set package 'naoqi_bridge_msgs' build argument 'cmake_force_configure' from command line to 'False'
[0.706s] Level 5:colcon.colcon_core.verb:set package 'naoqi_bridge_msgs' build argument 'ament_cmake_args' from command line to 'None'
[0.707s] Level 5:colcon.colcon_core.verb:set package 'naoqi_bridge_msgs' build argument 'catkin_cmake_args' from command line to 'None'
[0.707s] Level 5:colcon.colcon_core.verb:set package 'naoqi_bridge_msgs' build argument 'catkin_skip_building_tests' from command line to 'False'
[0.707s] DEBUG:colcon.colcon_core.verb:Building package 'naoqi_bridge_msgs' with the following arguments: {'ament_cmake_args': None, 'build_base': '/home/chris/ros_ws/build/naoqi_bridge_msgs', 'catkin_cmake_args': None, 'catkin_skip_building_tests': False, 'cmake_args': None, 'cmake_clean_cache': False, 'cmake_clean_first': False, 'cmake_force_configure': False, 'cmake_target': None, 'cmake_target_skip_unavailable': False, 'install_base': '/home/chris/ros_ws/install/naoqi_bridge_msgs', 'merge_install': False, 'path': '/home/chris/ros_ws/src/naoqi_bridge_msgs', 'symlink_install': True, 'test_result_base': None}
[0.707s] Level 5:colcon.colcon_core.verb:set package 'naoqi_libqi' build argument 'cmake_args' from command line to 'None'
[0.707s] Level 5:colcon.colcon_core.verb:set package 'naoqi_libqi' build argument 'cmake_target' from command line to 'None'
[0.707s] Level 5:colcon.colcon_core.verb:set package 'naoqi_libqi' build argument 'cmake_target_skip_unavailable' from command line to 'False'
[0.707s] Level 5:colcon.colcon_core.verb:set package 'naoqi_libqi' build argument 'cmake_clean_cache' from command line to 'False'
[0.707s] Level 5:colcon.colcon_core.verb:set package 'naoqi_libqi' build argument 'cmake_clean_first' from command line to 'False'
[0.707s] Level 5:colcon.colcon_core.verb:set package 'naoqi_libqi' build argument 'cmake_force_configure' from command line to 'False'
[0.707s] Level 5:colcon.colcon_core.verb:set package 'naoqi_libqi' build argument 'ament_cmake_args' from command line to 'None'
[0.707s] Level 5:colcon.colcon_core.verb:set package 'naoqi_libqi' build argument 'catkin_cmake_args' from command line to 'None'
[0.707s] Level 5:colcon.colcon_core.verb:set package 'naoqi_libqi' build argument 'catkin_skip_building_tests' from command line to 'False'
[0.707s] DEBUG:colcon.colcon_core.verb:Building package 'naoqi_libqi' with the following arguments: {'ament_cmake_args': None, 'build_base': '/home/chris/ros_ws/build/naoqi_libqi', 'catkin_cmake_args': None, 'catkin_skip_building_tests': False, 'cmake_args': None, 'cmake_clean_cache': False, 'cmake_clean_first': False, 'cmake_force_configure': False, 'cmake_target': None, 'cmake_target_skip_unavailable': False, 'install_base': '/home/chris/ros_ws/install/naoqi_libqi', 'merge_install': False, 'path': '/home/chris/ros_ws/src/naoqi_libqi', 'symlink_install': True, 'test_result_base': None}
[0.708s] Level 5:colcon.colcon_core.verb:set package 'wall_follower' build argument 'cmake_args' from command line to 'None'
[0.708s] Level 5:colcon.colcon_core.verb:set package 'wall_follower' build argument 'cmake_target' from command line to 'None'
[0.708s] Level 5:colcon.colcon_core.verb:set package 'wall_follower' build argument 'cmake_target_skip_unavailable' from command line to 'False'
[0.708s] Level 5:colcon.colcon_core.verb:set package 'wall_follower' build argument 'cmake_clean_cache' from command line to 'False'
[0.708s] Level 5:colcon.colcon_core.verb:set package 'wall_follower' build argument 'cmake_clean_first' from command line to 'False'
[0.708s] Level 5:colcon.colcon_core.verb:set package 'wall_follower' build argument 'cmake_force_configure' from command line to 'False'
[0.708s] Level 5:colcon.colcon_core.verb:set package 'wall_follower' build argument 'ament_cmake_args' from command line to 'None'
[0.708s] Level 5:colcon.colcon_core.verb:set package 'wall_follower' build argument 'catkin_cmake_args' from command line to 'None'
[0.708s] Level 5:colcon.colcon_core.verb:set package 'wall_follower' build argument 'catkin_skip_building_tests' from command line to 'False'
[0.708s] DEBUG:colcon.colcon_core.verb:Building package 'wall_follower' with the following arguments: {'ament_cmake_args': None, 'build_base': '/home/chris/ros_ws/build/wall_follower', 'catkin_cmake_args': None, 'catkin_skip_building_tests': False, 'cmake_args': None, 'cmake_clean_cache': False, 'cmake_clean_first': False, 'cmake_force_configure': False, 'cmake_target': None, 'cmake_target_skip_unavailable': False, 'install_base': '/home/chris/ros_ws/install/wall_follower', 'merge_install': False, 'path': '/home/chris/ros_ws/src/wall_follower', 'symlink_install': True, 'test_result_base': None}
[0.708s] Level 5:colcon.colcon_core.verb:set package 'naoqi_libqicore' build argument 'cmake_args' from command line to 'None'
[0.708s] Level 5:colcon.colcon_core.verb:set package 'naoqi_libqicore' build argument 'cmake_target' from command line to 'None'
[0.708s] Level 5:colcon.colcon_core.verb:set package 'naoqi_libqicore' build argument 'cmake_target_skip_unavailable' from command line to 'False'
[0.708s] Level 5:colcon.colcon_core.verb:set package 'naoqi_libqicore' build argument 'cmake_clean_cache' from command line to 'False'
[0.708s] Level 5:colcon.colcon_core.verb:set package 'naoqi_libqicore' build argument 'cmake_clean_first' from command line to 'False'
[0.708s] Level 5:colcon.colcon_core.verb:set package 'naoqi_libqicore' build argument 'cmake_force_configure' from command line to 'False'
[0.708s] Level 5:colcon.colcon_core.verb:set package 'naoqi_libqicore' build argument 'ament_cmake_args' from command line to 'None'
[0.708s] Level 5:colcon.colcon_core.verb:set package 'naoqi_libqicore' build argument 'catkin_cmake_args' from command line to 'None'
[0.708s] Level 5:colcon.colcon_core.verb:set package 'naoqi_libqicore' build argument 'catkin_skip_building_tests' from command line to 'False'
[0.708s] DEBUG:colcon.colcon_core.verb:Building package 'naoqi_libqicore' with the following arguments: {'ament_cmake_args': None, 'build_base': '/home/chris/ros_ws/build/naoqi_libqicore', 'catkin_cmake_args': None, 'catkin_skip_building_tests': False, 'cmake_args': None, 'cmake_clean_cache': False, 'cmake_clean_first': False, 'cmake_force_configure': False, 'cmake_target': None, 'cmake_target_skip_unavailable': False, 'install_base': '/home/chris/ros_ws/install/naoqi_libqicore', 'merge_install': False, 'path': '/home/chris/ros_ws/src/naoqi_libqicore', 'symlink_install': True, 'test_result_base': None}
[0.709s] Level 5:colcon.colcon_core.verb:set package 'pepper_wall_follower' build argument 'cmake_args' from command line to 'None'
[0.709s] Level 5:colcon.colcon_core.verb:set package 'pepper_wall_follower' build argument 'cmake_target' from command line to 'None'
[0.709s] Level 5:colcon.colcon_core.verb:set package 'pepper_wall_follower' build argument 'cmake_target_skip_unavailable' from command line to 'False'
[0.709s] Level 5:colcon.colcon_core.verb:set package 'pepper_wall_follower' build argument 'cmake_clean_cache' from command line to 'False'
[0.709s] Level 5:colcon.colcon_core.verb:set package 'pepper_wall_follower' build argument 'cmake_clean_first' from command line to 'False'
[0.709s] Level 5:colcon.colcon_core.verb:set package 'pepper_wall_follower' build argument 'cmake_force_configure' from command line to 'False'
[0.709s] Level 5:colcon.colcon_core.verb:set package 'pepper_wall_follower' build argument 'ament_cmake_args' from command line to 'None'
[0.709s] Level 5:colcon.colcon_core.verb:set package 'pepper_wall_follower' build argument 'catkin_cmake_args' from command line to 'None'
[0.709s] Level 5:colcon.colcon_core.verb:set package 'pepper_wall_follower' build argument 'catkin_skip_building_tests' from command line to 'False'
[0.709s] DEBUG:colcon.colcon_core.verb:Building package 'pepper_wall_follower' with the following arguments: {'ament_cmake_args': None, 'build_base': '/home/chris/ros_ws/build/pepper_wall_follower', 'catkin_cmake_args': None, 'catkin_skip_building_tests': False, 'cmake_args': None, 'cmake_clean_cache': False, 'cmake_clean_first': False, 'cmake_force_configure': False, 'cmake_target': None, 'cmake_target_skip_unavailable': False, 'install_base': '/home/chris/ros_ws/install/pepper_wall_follower', 'merge_install': False, 'path': '/home/chris/ros_ws/src/pepper_wall_follower', 'symlink_install': True, 'test_result_base': None}
[0.709s] Level 5:colcon.colcon_core.verb:set package 'naoqi_driver' build argument 'cmake_args' from command line to 'None'
[0.709s] Level 5:colcon.colcon_core.verb:set package 'naoqi_driver' build argument 'cmake_target' from command line to 'None'
[0.709s] Level 5:colcon.colcon_core.verb:set package 'naoqi_driver' build argument 'cmake_target_skip_unavailable' from command line to 'False'
[0.709s] Level 5:colcon.colcon_core.verb:set package 'naoqi_driver' build argument 'cmake_clean_cache' from command line to 'False'
[0.709s] Level 5:colcon.colcon_core.verb:set package 'naoqi_driver' build argument 'cmake_clean_first' from command line to 'False'
[0.709s] Level 5:colcon.colcon_core.verb:set package 'naoqi_driver' build argument 'cmake_force_configure' from command line to 'False'
[0.709s] Level 5:colcon.colcon_core.verb:set package 'naoqi_driver' build argument 'ament_cmake_args' from command line to 'None'
[0.710s] Level 5:colcon.colcon_core.verb:set package 'naoqi_driver' build argument 'catkin_cmake_args' from command line to 'None'
[0.710s] Level 5:colcon.colcon_core.verb:set package 'naoqi_driver' build argument 'catkin_skip_building_tests' from command line to 'False'
[0.710s] DEBUG:colcon.colcon_core.verb:Building package 'naoqi_driver' with the following arguments: {'ament_cmake_args': None, 'build_base': '/home/chris/ros_ws/build/naoqi_driver', 'catkin_cmake_args': None, 'catkin_skip_building_tests': False, 'cmake_args': None, 'cmake_clean_cache': False, 'cmake_clean_first': False, 'cmake_force_configure': False, 'cmake_target': None, 'cmake_target_skip_unavailable': False, 'install_base': '/home/chris/ros_ws/install/naoqi_driver', 'merge_install': False, 'path': '/home/chris/ros_ws/src/naoqi_driver2', 'symlink_install': True, 'test_result_base': None}
[0.710s] INFO:colcon.colcon_core.executor:Executing jobs using 'parallel' executor
[0.711s] DEBUG:colcon.colcon_parallel_executor.executor.parallel:run_until_complete
[0.712s] INFO:colcon.colcon_ros.task.ament_cmake.build:Building ROS package in '/home/chris/ros_ws/src/naoqi_bridge_msgs' with build type 'ament_cmake'
[0.712s] INFO:colcon.colcon_cmake.task.cmake.build:Building CMake package in '/home/chris/ros_ws/src/naoqi_bridge_msgs'
[0.715s] INFO:colcon.colcon_core.plugin_system:Skipping extension 'colcon_core.shell.bat': Not used on non-Windows systems
[0.715s] INFO:colcon.colcon_core.shell:Skip shell extension 'powershell' for command environment: Not usable outside of PowerShell
[0.716s] DEBUG:colcon.colcon_core.shell:Skip shell extension 'dsv' for command environment
[0.729s] DEBUG:colcon.colcon_core.event_handler.log_command:Invoking command in '/home/chris/ros_ws/build/naoqi_bridge_msgs': CMAKE_PREFIX_PATH=${CMAKE_PREFIX_PATH}:/opt/ros/humble /usr/bin/cmake --build /home/chris/ros_ws/build/naoqi_bridge_msgs -- -j20 -l20
[1.181s] DEBUG:colcon.colcon_core.event_handler.log_command:Invoked command in '/home/chris/ros_ws/build/naoqi_bridge_msgs' returned '0': CMAKE_PREFIX_PATH=${CMAKE_PREFIX_PATH}:/opt/ros/humble /usr/bin/cmake --build /home/chris/ros_ws/build/naoqi_bridge_msgs -- -j20 -l20
[1.196s] DEBUG:colcon.colcon_core.event_handler.log_command:Invoking command in '/home/chris/ros_ws/build/naoqi_bridge_msgs': CMAKE_PREFIX_PATH=${CMAKE_PREFIX_PATH}:/opt/ros/humble /usr/bin/cmake --install /home/chris/ros_ws/build/naoqi_bridge_msgs
[1.405s] Level 1:colcon.colcon_core.environment:create_environment_scripts_only(naoqi_bridge_msgs)
[1.406s] DEBUG:colcon.colcon_core.event_handler.log_command:Invoked command in '/home/chris/ros_ws/build/naoqi_bridge_msgs' returned '0': CMAKE_PREFIX_PATH=${CMAKE_PREFIX_PATH}:/opt/ros/humble /usr/bin/cmake --install /home/chris/ros_ws/build/naoqi_bridge_msgs
[1.408s] Level 1:colcon.colcon_core.environment:checking '/home/chris/ros_ws/install/naoqi_bridge_msgs' for CMake module files
[1.408s] Level 1:colcon.colcon_core.environment:checking '/home/chris/ros_ws/install/naoqi_bridge_msgs' for CMake config files
[1.413s] Level 1:colcon.colcon_core.shell:create_environment_hook('naoqi_bridge_msgs', 'cmake_prefix_path')
[1.413s] INFO:colcon.colcon_core.shell:Creating environment hook '/home/chris/ros_ws/install/naoqi_bridge_msgs/share/naoqi_bridge_msgs/hook/cmake_prefix_path.ps1'
[1.414s] INFO:colcon.colcon_core.shell:Creating environment descriptor '/home/chris/ros_ws/install/naoqi_bridge_msgs/share/naoqi_bridge_msgs/hook/cmake_prefix_path.dsv'
[1.414s] INFO:colcon.colcon_core.shell:Creating environment hook '/home/chris/ros_ws/install/naoqi_bridge_msgs/share/naoqi_bridge_msgs/hook/cmake_prefix_path.sh'
[1.415s] Level 1:colcon.colcon_core.environment:checking '/home/chris/ros_ws/install/naoqi_bridge_msgs/lib'
[1.415s] Level 1:colcon.colcon_core.shell:create_environment_hook('naoqi_bridge_msgs', 'ld_library_path_lib')
[1.416s] INFO:colcon.colcon_core.shell:Creating environment hook '/home/chris/ros_ws/install/naoqi_bridge_msgs/share/naoqi_bridge_msgs/hook/ld_library_path_lib.ps1'
[1.416s] INFO:colcon.colcon_core.shell:Creating environment descriptor '/home/chris/ros_ws/install/naoqi_bridge_msgs/share/naoqi_bridge_msgs/hook/ld_library_path_lib.dsv'
[1.416s] INFO:colcon.colcon_core.shell:Creating environment hook '/home/chris/ros_ws/install/naoqi_bridge_msgs/share/naoqi_bridge_msgs/hook/ld_library_path_lib.sh'
[1.417s] Level 1:colcon.colcon_core.environment:checking '/home/chris/ros_ws/install/naoqi_bridge_msgs/bin'
[1.417s] Level 1:colcon.colcon_core.environment:checking '/home/chris/ros_ws/install/naoqi_bridge_msgs/lib/pkgconfig/naoqi_bridge_msgs.pc'
[1.417s] Level 1:colcon.colcon_core.environment:checking '/home/chris/ros_ws/install/naoqi_bridge_msgs/lib/python3.10/site-packages'
[1.417s] Level 1:colcon.colcon_core.environment:checking '/home/chris/ros_ws/install/naoqi_bridge_msgs/bin'
[1.418s] INFO:colcon.colcon_core.shell:Creating package script '/home/chris/ros_ws/install/naoqi_bridge_msgs/share/naoqi_bridge_msgs/package.ps1'
[1.418s] INFO:colcon.colcon_core.shell:Creating package descriptor '/home/chris/ros_ws/install/naoqi_bridge_msgs/share/naoqi_bridge_msgs/package.dsv'
[1.419s] INFO:colcon.colcon_core.shell:Creating package script '/home/chris/ros_ws/install/naoqi_bridge_msgs/share/naoqi_bridge_msgs/package.sh'
[1.420s] INFO:colcon.colcon_core.shell:Creating package script '/home/chris/ros_ws/install/naoqi_bridge_msgs/share/naoqi_bridge_msgs/package.bash'
[1.420s] INFO:colcon.colcon_core.shell:Creating package script '/home/chris/ros_ws/install/naoqi_bridge_msgs/share/naoqi_bridge_msgs/package.zsh'
[1.421s] Level 1:colcon.colcon_core.environment:create_file_with_runtime_dependencies(/home/chris/ros_ws/install/naoqi_bridge_msgs/share/colcon-core/packages/naoqi_bridge_msgs)
[1.422s] Level 1:colcon.colcon_core.environment:create_environment_scripts_only(naoqi_bridge_msgs)
[1.422s] Level 1:colcon.colcon_core.environment:checking '/home/chris/ros_ws/install/naoqi_bridge_msgs' for CMake module files
[1.423s] Level 1:colcon.colcon_core.environment:checking '/home/chris/ros_ws/install/naoqi_bridge_msgs' for CMake config files
[1.427s] Level 1:colcon.colcon_core.shell:create_environment_hook('naoqi_bridge_msgs', 'cmake_prefix_path')
[1.427s] INFO:colcon.colcon_core.shell:Creating environment hook '/home/chris/ros_ws/install/naoqi_bridge_msgs/share/naoqi_bridge_msgs/hook/cmake_prefix_path.ps1'
[1.428s] INFO:colcon.colcon_core.shell:Creating environment descriptor '/home/chris/ros_ws/install/naoqi_bridge_msgs/share/naoqi_bridge_msgs/hook/cmake_prefix_path.dsv'
[1.428s] INFO:colcon.colcon_core.shell:Creating environment hook '/home/chris/ros_ws/install/naoqi_bridge_msgs/share/naoqi_bridge_msgs/hook/cmake_prefix_path.sh'
[1.429s] Level 1:colcon.colcon_core.environment:checking '/home/chris/ros_ws/install/naoqi_bridge_msgs/lib'
[1.429s] Level 1:colcon.colcon_core.shell:create_environment_hook('naoqi_bridge_msgs', 'ld_library_path_lib')
[1.429s] INFO:colcon.colcon_core.shell:Creating environment hook '/home/chris/ros_ws/install/naoqi_bridge_msgs/share/naoqi_bridge_msgs/hook/ld_library_path_lib.ps1'
[1.430s] INFO:colcon.colcon_core.shell:Creating environment descriptor '/home/chris/ros_ws/install/naoqi_bridge_msgs/share/naoqi_bridge_msgs/hook/ld_library_path_lib.dsv'
[1.431s] INFO:colcon.colcon_core.shell:Creating environment hook '/home/chris/ros_ws/install/naoqi_bridge_msgs/share/naoqi_bridge_msgs/hook/ld_library_path_lib.sh'
[1.431s] Level 1:colcon.colcon_core.environment:checking '/home/chris/ros_ws/install/naoqi_bridge_msgs/bin'
[1.431s] Level 1:colcon.colcon_core.environment:checking '/home/chris/ros_ws/install/naoqi_bridge_msgs/lib/pkgconfig/naoqi_bridge_msgs.pc'
[1.431s] Level 1:colcon.colcon_core.environment:checking '/home/chris/ros_ws/install/naoqi_bridge_msgs/lib/python3.10/site-packages'
[1.431s] Level 1:colcon.colcon_core.environment:checking '/home/chris/ros_ws/install/naoqi_bridge_msgs/bin'
[1.432s] INFO:colcon.colcon_core.shell:Creating package script '/home/chris/ros_ws/install/naoqi_bridge_msgs/share/naoqi_bridge_msgs/package.ps1'
[1.432s] INFO:colcon.colcon_core.shell:Creating package descriptor '/home/chris/ros_ws/install/naoqi_bridge_msgs/share/naoqi_bridge_msgs/package.dsv'
[1.433s] INFO:colcon.colcon_core.shell:Creating package script '/home/chris/ros_ws/install/naoqi_bridge_msgs/share/naoqi_bridge_msgs/package.sh'
[1.433s] INFO:colcon.colcon_core.shell:Creating package script '/home/chris/ros_ws/install/naoqi_bridge_msgs/share/naoqi_bridge_msgs/package.bash'
[1.434s] INFO:colcon.colcon_core.shell:Creating package script '/home/chris/ros_ws/install/naoqi_bridge_msgs/share/naoqi_bridge_msgs/package.zsh'
[1.434s] Level 1:colcon.colcon_core.environment:create_file_with_runtime_dependencies(/home/chris/ros_ws/install/naoqi_bridge_msgs/share/colcon-core/packages/naoqi_bridge_msgs)
[1.435s] INFO:colcon.colcon_ros.task.ament_cmake.build:Building ROS package in '/home/chris/ros_ws/src/naoqi_libqi' with build type 'ament_cmake'
[1.435s] INFO:colcon.colcon_cmake.task.cmake.build:Building CMake package in '/home/chris/ros_ws/src/naoqi_libqi'
[1.435s] INFO:colcon.colcon_core.shell:Skip shell extension 'powershell' for command environment: Not usable outside of PowerShell
[1.436s] DEBUG:colcon.colcon_core.shell:Skip shell extension 'dsv' for command environment
[1.448s] DEBUG:colcon.colcon_core.event_handler.log_command:Invoking command in '/home/chris/ros_ws/build/naoqi_libqi': CMAKE_PREFIX_PATH=${CMAKE_PREFIX_PATH}:/opt/ros/humble /usr/bin/cmake --build /home/chris/ros_ws/build/naoqi_libqi -- -j20 -l20
[1.819s] DEBUG:colcon.colcon_core.event_handler.log_command:Invoked command in '/home/chris/ros_ws/build/naoqi_libqi' returned '0': CMAKE_PREFIX_PATH=${CMAKE_PREFIX_PATH}:/opt/ros/humble /usr/bin/cmake --build /home/chris/ros_ws/build/naoqi_libqi -- -j20 -l20
[1.823s] DEBUG:colcon.colcon_core.event_handler.log_command:Invoking command in '/home/chris/ros_ws/build/naoqi_libqi': CMAKE_PREFIX_PATH=${CMAKE_PREFIX_PATH}:/opt/ros/humble /usr/bin/cmake --install /home/chris/ros_ws/build/naoqi_libqi
[1.871s] Level 1:colcon.colcon_core.environment:create_environment_scripts_only(naoqi_libqi)
[1.871s] Level 1:colcon.colcon_core.environment:checking '/home/chris/ros_ws/install/naoqi_libqi' for CMake module files
[1.872s] DEBUG:colcon.colcon_core.event_handler.log_command:Invoked command in '/home/chris/ros_ws/build/naoqi_libqi' returned '0': CMAKE_PREFIX_PATH=${CMAKE_PREFIX_PATH}:/opt/ros/humble /usr/bin/cmake --install /home/chris/ros_ws/build/naoqi_libqi
[1.872s] Level 1:colcon.colcon_core.environment:checking '/home/chris/ros_ws/install/naoqi_libqi' for CMake config files
[1.873s] Level 1:colcon.colcon_core.shell:create_environment_hook('naoqi_libqi', 'cmake_prefix_path')
[1.874s] INFO:colcon.colcon_core.shell:Creating environment hook '/home/chris/ros_ws/install/naoqi_libqi/share/naoqi_libqi/hook/cmake_prefix_path.ps1'
[1.874s] INFO:colcon.colcon_core.shell:Creating environment descriptor '/home/chris/ros_ws/install/naoqi_libqi/share/naoqi_libqi/hook/cmake_prefix_path.dsv'
[1.874s] INFO:colcon.colcon_core.shell:Creating environment hook '/home/chris/ros_ws/install/naoqi_libqi/share/naoqi_libqi/hook/cmake_prefix_path.sh'
[1.875s] Level 1:colcon.colcon_core.environment:checking '/home/chris/ros_ws/install/naoqi_libqi/lib'
[1.875s] Level 1:colcon.colcon_core.shell:create_environment_hook('naoqi_libqi', 'ld_library_path_lib')
[1.875s] INFO:colcon.colcon_core.shell:Creating environment hook '/home/chris/ros_ws/install/naoqi_libqi/share/naoqi_libqi/hook/ld_library_path_lib.ps1'
[1.876s] INFO:colcon.colcon_core.shell:Creating environment descriptor '/home/chris/ros_ws/install/naoqi_libqi/share/naoqi_libqi/hook/ld_library_path_lib.dsv'
[1.876s] INFO:colcon.colcon_core.shell:Creating environment hook '/home/chris/ros_ws/install/naoqi_libqi/share/naoqi_libqi/hook/ld_library_path_lib.sh'
[1.876s] Level 1:colcon.colcon_core.environment:checking '/home/chris/ros_ws/install/naoqi_libqi/bin'
[1.877s] Level 1:colcon.colcon_core.environment:checking '/home/chris/ros_ws/install/naoqi_libqi/lib/pkgconfig/naoqi_libqi.pc'
[1.877s] Level 1:colcon.colcon_core.environment:checking '/home/chris/ros_ws/install/naoqi_libqi/lib/python3.10/site-packages'
[1.877s] Level 1:colcon.colcon_core.environment:checking '/home/chris/ros_ws/install/naoqi_libqi/bin'
[1.877s] INFO:colcon.colcon_core.shell:Creating package script '/home/chris/ros_ws/install/naoqi_libqi/share/naoqi_libqi/package.ps1'
[1.878s] INFO:colcon.colcon_core.shell:Creating package descriptor '/home/chris/ros_ws/install/naoqi_libqi/share/naoqi_libqi/package.dsv'
[1.879s] INFO:colcon.colcon_core.shell:Creating package script '/home/chris/ros_ws/install/naoqi_libqi/share/naoqi_libqi/package.sh'
[1.879s] INFO:colcon.colcon_core.shell:Creating package script '/home/chris/ros_ws/install/naoqi_libqi/share/naoqi_libqi/package.bash'
[1.880s] INFO:colcon.colcon_core.shell:Creating package script '/home/chris/ros_ws/install/naoqi_libqi/share/naoqi_libqi/package.zsh'
[1.880s] Level 1:colcon.colcon_core.environment:create_file_with_runtime_dependencies(/home/chris/ros_ws/install/naoqi_libqi/share/colcon-core/packages/naoqi_libqi)
[1.881s] Level 1:colcon.colcon_core.environment:create_environment_scripts_only(naoqi_libqi)
[1.881s] Level 1:colcon.colcon_core.environment:checking '/home/chris/ros_ws/install/naoqi_libqi' for CMake module files
[1.881s] Level 1:colcon.colcon_core.environment:checking '/home/chris/ros_ws/install/naoqi_libqi' for CMake config files
[1.882s] Level 1:colcon.colcon_core.shell:create_environment_hook('naoqi_libqi', 'cmake_prefix_path')
[1.883s] INFO:colcon.colcon_core.shell:Creating environment hook '/home/chris/ros_ws/install/naoqi_libqi/share/naoqi_libqi/hook/cmake_prefix_path.ps1'
[1.883s] INFO:colcon.colcon_core.shell:Creating environment descriptor '/home/chris/ros_ws/install/naoqi_libqi/share/naoqi_libqi/hook/cmake_prefix_path.dsv'
[1.883s] INFO:colcon.colcon_core.shell:Creating environment hook '/home/chris/ros_ws/install/naoqi_libqi/share/naoqi_libqi/hook/cmake_prefix_path.sh'
[1.884s] Level 1:colcon.colcon_core.environment:checking '/home/chris/ros_ws/install/naoqi_libqi/lib'
[1.884s] Level 1:colcon.colcon_core.shell:create_environment_hook('naoqi_libqi', 'ld_library_path_lib')
[1.884s] INFO:colcon.colcon_core.shell:Creating environment hook '/home/chris/ros_ws/install/naoqi_libqi/share/naoqi_libqi/hook/ld_library_path_lib.ps1'
[1.885s] INFO:colcon.colcon_core.shell:Creating environment descriptor '/home/chris/ros_ws/install/naoqi_libqi/share/naoqi_libqi/hook/ld_library_path_lib.dsv'
[1.885s] INFO:colcon.colcon_core.shell:Creating environment hook '/home/chris/ros_ws/install/naoqi_libqi/share/naoqi_libqi/hook/ld_library_path_lib.sh'
[1.885s] Level 1:colcon.colcon_core.environment:checking '/home/chris/ros_ws/install/naoqi_libqi/bin'
[1.886s] Level 1:colcon.colcon_core.environment:checking '/home/chris/ros_ws/install/naoqi_libqi/lib/pkgconfig/naoqi_libqi.pc'
[1.886s] Level 1:colcon.colcon_core.environment:checking '/home/chris/ros_ws/install/naoqi_libqi/lib/python3.10/site-packages'
[1.886s] Level 1:colcon.colcon_core.environment:checking '/home/chris/ros_ws/install/naoqi_libqi/bin'
[1.886s] INFO:colcon.colcon_core.shell:Creating package script '/home/chris/ros_ws/install/naoqi_libqi/share/naoqi_libqi/package.ps1'
[1.887s] INFO:colcon.colcon_core.shell:Creating package descriptor '/home/chris/ros_ws/install/naoqi_libqi/share/naoqi_libqi/package.dsv'
[1.887s] INFO:colcon.colcon_core.shell:Creating package script '/home/chris/ros_ws/install/naoqi_libqi/share/naoqi_libqi/package.sh'
[1.888s] INFO:colcon.colcon_core.shell:Creating package script '/home/chris/ros_ws/install/naoqi_libqi/share/naoqi_libqi/package.bash'
[1.888s] INFO:colcon.colcon_core.shell:Creating package script '/home/chris/ros_ws/install/naoqi_libqi/share/naoqi_libqi/package.zsh'
[1.888s] Level 1:colcon.colcon_core.environment:create_file_with_runtime_dependencies(/home/chris/ros_ws/install/naoqi_libqi/share/colcon-core/packages/naoqi_libqi)
[1.889s] INFO:colcon.colcon_ros.task.ament_cmake.build:Building ROS package in '/home/chris/ros_ws/src/naoqi_libqicore' with build type 'ament_cmake'
[1.889s] INFO:colcon.colcon_cmake.task.cmake.build:Building CMake package in '/home/chris/ros_ws/src/naoqi_libqicore'
[1.890s] INFO:colcon.colcon_core.shell:Skip shell extension 'powershell' for command environment: Not usable outside of PowerShell
[1.890s] DEBUG:colcon.colcon_core.shell:Skip shell extension 'dsv' for command environment
[2.147s] DEBUG:colcon.colcon_core.event_handler.log_command:Invoking command in '/home/chris/ros_ws/build/naoqi_libqicore': CMAKE_PREFIX_PATH=/home/chris/ros_ws/install/naoqi_libqi:/home/chris/ros_ws/install/wall_follower:/home/chris/ros_ws/install/pepper_wall_follower:/home/chris/ros_ws/install/pepper_meshes:/home/chris/ros_ws/install/naoqi_driver:/home/chris/ros_ws/install/naoqi_libqicore:/home/chris/ros_ws/install/naoqi_bridge_msgs:/home/chris/ros_ws/install/nao_meshes:/opt/ros/humble LD_LIBRARY_PATH=/home/chris/ros_ws/install/naoqi_libqi/lib:/home/chris/ros_ws/install/naoqi_driver/lib:/home/chris/ros_ws/install/naoqi_libqicore/lib:/home/chris/ros_ws/install/naoqi_bridge_msgs/lib:/opt/ros/humble/opt/rviz_ogre_vendor/lib:/opt/ros/humble/lib/x86_64-linux-gnu:/opt/ros/humble/lib /usr/bin/cmake --build /home/chris/ros_ws/build/naoqi_libqicore -- -j20 -l20
[2.247s] DEBUG:colcon.colcon_core.event_handler.log_command:Invoked command in '/home/chris/ros_ws/build/naoqi_libqicore' returned '0': CMAKE_PREFIX_PATH=/home/chris/ros_ws/install/naoqi_libqi:/home/chris/ros_ws/install/wall_follower:/home/chris/ros_ws/install/pepper_wall_follower:/home/chris/ros_ws/install/pepper_meshes:/home/chris/ros_ws/install/naoqi_driver:/home/chris/ros_ws/install/naoqi_libqicore:/home/chris/ros_ws/install/naoqi_bridge_msgs:/home/chris/ros_ws/install/nao_meshes:/opt/ros/humble LD_LIBRARY_PATH=/home/chris/ros_ws/install/naoqi_libqi/lib:/home/chris/ros_ws/install/naoqi_driver/lib:/home/chris/ros_ws/install/naoqi_libqicore/lib:/home/chris/ros_ws/install/naoqi_bridge_msgs/lib:/opt/ros/humble/opt/rviz_ogre_vendor/lib:/opt/ros/humble/lib/x86_64-linux-gnu:/opt/ros/humble/lib /usr/bin/cmake --build /home/chris/ros_ws/build/naoqi_libqicore -- -j20 -l20
[2.250s] DEBUG:colcon.colcon_core.event_handler.log_command:Invoking command in '/home/chris/ros_ws/build/naoqi_libqicore': CMAKE_PREFIX_PATH=/home/chris/ros_ws/install/naoqi_libqi:/home/chris/ros_ws/install/wall_follower:/home/chris/ros_ws/install/pepper_wall_follower:/home/chris/ros_ws/install/pepper_meshes:/home/chris/ros_ws/install/naoqi_driver:/home/chris/ros_ws/install/naoqi_libqicore:/home/chris/ros_ws/install/naoqi_bridge_msgs:/home/chris/ros_ws/install/nao_meshes:/opt/ros/humble LD_LIBRARY_PATH=/home/chris/ros_ws/install/naoqi_libqi/lib:/home/chris/ros_ws/install/naoqi_driver/lib:/home/chris/ros_ws/install/naoqi_libqicore/lib:/home/chris/ros_ws/install/naoqi_bridge_msgs/lib:/opt/ros/humble/opt/rviz_ogre_vendor/lib:/opt/ros/humble/lib/x86_64-linux-gnu:/opt/ros/humble/lib /usr/bin/cmake --install /home/chris/ros_ws/build/naoqi_libqicore
[2.279s] Level 1:colcon.colcon_core.environment:create_environment_scripts_only(naoqi_libqicore)
[2.280s] Level 1:colcon.colcon_core.environment:checking '/home/chris/ros_ws/install/naoqi_libqicore' for CMake module files
[2.280s] DEBUG:colcon.colcon_core.event_handler.log_command:Invoked command in '/home/chris/ros_ws/build/naoqi_libqicore' returned '0': CMAKE_PREFIX_PATH=/home/chris/ros_ws/install/naoqi_libqi:/home/chris/ros_ws/install/wall_follower:/home/chris/ros_ws/install/pepper_wall_follower:/home/chris/ros_ws/install/pepper_meshes:/home/chris/ros_ws/install/naoqi_driver:/home/chris/ros_ws/install/naoqi_libqicore:/home/chris/ros_ws/install/naoqi_bridge_msgs:/home/chris/ros_ws/install/nao_meshes:/opt/ros/humble LD_LIBRARY_PATH=/home/chris/ros_ws/install/naoqi_libqi/lib:/home/chris/ros_ws/install/naoqi_driver/lib:/home/chris/ros_ws/install/naoqi_libqicore/lib:/home/chris/ros_ws/install/naoqi_bridge_msgs/lib:/opt/ros/humble/opt/rviz_ogre_vendor/lib:/opt/ros/humble/lib/x86_64-linux-gnu:/opt/ros/humble/lib /usr/bin/cmake --install /home/chris/ros_ws/build/naoqi_libqicore
[2.281s] Level 1:colcon.colcon_core.environment:checking '/home/chris/ros_ws/install/naoqi_libqicore' for CMake config files
[2.281s] Level 1:colcon.colcon_core.shell:create_environment_hook('naoqi_libqicore', 'cmake_prefix_path')
[2.281s] INFO:colcon.colcon_core.shell:Creating environment hook '/home/chris/ros_ws/install/naoqi_libqicore/share/naoqi_libqicore/hook/cmake_prefix_path.ps1'
[2.282s] INFO:colcon.colcon_core.shell:Creating environment descriptor '/home/chris/ros_ws/install/naoqi_libqicore/share/naoqi_libqicore/hook/cmake_prefix_path.dsv'
[2.282s] INFO:colcon.colcon_core.shell:Creating environment hook '/home/chris/ros_ws/install/naoqi_libqicore/share/naoqi_libqicore/hook/cmake_prefix_path.sh'
[2.283s] Level 1:colcon.colcon_core.environment:checking '/home/chris/ros_ws/install/naoqi_libqicore/lib'
[2.283s] Level 1:colcon.colcon_core.environment:checking '/home/chris/ros_ws/install/naoqi_libqicore/bin'
[2.283s] Level 1:colcon.colcon_core.environment:checking '/home/chris/ros_ws/install/naoqi_libqicore/lib/pkgconfig/naoqi_libqicore.pc'
[2.283s] Level 1:colcon.colcon_core.environment:checking '/home/chris/ros_ws/install/naoqi_libqicore/lib/python3.10/site-packages'
[2.284s] Level 1:colcon.colcon_core.environment:checking '/home/chris/ros_ws/install/naoqi_libqicore/bin'
[2.284s] INFO:colcon.colcon_core.shell:Creating package script '/home/chris/ros_ws/install/naoqi_libqicore/share/naoqi_libqicore/package.ps1'
[2.284s] INFO:colcon.colcon_core.shell:Creating package descriptor '/home/chris/ros_ws/install/naoqi_libqicore/share/naoqi_libqicore/package.dsv'
[2.285s] INFO:colcon.colcon_core.shell:Creating package script '/home/chris/ros_ws/install/naoqi_libqicore/share/naoqi_libqicore/package.sh'
[2.285s] INFO:colcon.colcon_core.shell:Creating package script '/home/chris/ros_ws/install/naoqi_libqicore/share/naoqi_libqicore/package.bash'
[2.286s] INFO:colcon.colcon_core.shell:Creating package script '/home/chris/ros_ws/install/naoqi_libqicore/share/naoqi_libqicore/package.zsh'
[2.286s] Level 1:colcon.colcon_core.environment:create_file_with_runtime_dependencies(/home/chris/ros_ws/install/naoqi_libqicore/share/colcon-core/packages/naoqi_libqicore)
[2.287s] Level 1:colcon.colcon_core.environment:create_environment_scripts_only(naoqi_libqicore)
[2.287s] Level 1:colcon.colcon_core.environment:checking '/home/chris/ros_ws/install/naoqi_libqicore' for CMake module files
[2.288s] Level 1:colcon.colcon_core.environment:checking '/home/chris/ros_ws/install/naoqi_libqicore' for CMake config files
[2.288s] Level 1:colcon.colcon_core.shell:create_environment_hook('naoqi_libqicore', 'cmake_prefix_path')
[2.288s] INFO:colcon.colcon_core.shell:Creating environment hook '/home/chris/ros_ws/install/naoqi_libqicore/share/naoqi_libqicore/hook/cmake_prefix_path.ps1'
[2.289s] INFO:colcon.colcon_core.shell:Creating environment descriptor '/home/chris/ros_ws/install/naoqi_libqicore/share/naoqi_libqicore/hook/cmake_prefix_path.dsv'
[2.289s] INFO:colcon.colcon_core.shell:Creating environment hook '/home/chris/ros_ws/install/naoqi_libqicore/share/naoqi_libqicore/hook/cmake_prefix_path.sh'
[2.290s] Level 1:colcon.colcon_core.environment:checking '/home/chris/ros_ws/install/naoqi_libqicore/lib'
[2.290s] Level 1:colcon.colcon_core.environment:checking '/home/chris/ros_ws/install/naoqi_libqicore/bin'
[2.290s] Level 1:colcon.colcon_core.environment:checking '/home/chris/ros_ws/install/naoqi_libqicore/lib/pkgconfig/naoqi_libqicore.pc'
[2.290s] Level 1:colcon.colcon_core.environment:checking '/home/chris/ros_ws/install/naoqi_libqicore/lib/python3.10/site-packages'
[2.290s] Level 1:colcon.colcon_core.environment:checking '/home/chris/ros_ws/install/naoqi_libqicore/bin'
[2.291s] INFO:colcon.colcon_core.shell:Creating package script '/home/chris/ros_ws/install/naoqi_libqicore/share/naoqi_libqicore/package.ps1'
[2.292s] INFO:colcon.colcon_core.shell:Creating package descriptor '/home/chris/ros_ws/install/naoqi_libqicore/share/naoqi_libqicore/package.dsv'
[2.292s] INFO:colcon.colcon_core.shell:Creating package script '/home/chris/ros_ws/install/naoqi_libqicore/share/naoqi_libqicore/package.sh'
[2.292s] INFO:colcon.colcon_core.shell:Creating package script '/home/chris/ros_ws/install/naoqi_libqicore/share/naoqi_libqicore/package.bash'
[2.293s] INFO:colcon.colcon_core.shell:Creating package script '/home/chris/ros_ws/install/naoqi_libqicore/share/naoqi_libqicore/package.zsh'
[2.293s] Level 1:colcon.colcon_core.environment:create_file_with_runtime_dependencies(/home/chris/ros_ws/install/naoqi_libqicore/share/colcon-core/packages/naoqi_libqicore)
[2.294s] INFO:colcon.colcon_ros.task.ament_cmake.build:Building ROS package in '/home/chris/ros_ws/src/wall_follower' with build type 'ament_cmake'
[2.294s] INFO:colcon.colcon_cmake.task.cmake.build:Building CMake package in '/home/chris/ros_ws/src/wall_follower'
[2.294s] INFO:colcon.colcon_core.shell:Skip shell extension 'powershell' for command environment: Not usable outside of PowerShell
[2.294s] DEBUG:colcon.colcon_core.shell:Skip shell extension 'dsv' for command environment
[2.306s] DEBUG:colcon.colcon_core.event_handler.log_command:Invoking command in '/home/chris/ros_ws/build/wall_follower': CMAKE_PREFIX_PATH=${CMAKE_PREFIX_PATH}:/opt/ros/humble /usr/bin/cmake --build /home/chris/ros_ws/build/wall_follower -- -j20 -l20
[2.689s] DEBUG:colcon.colcon_core.event_handler.log_command:Invoked command in '/home/chris/ros_ws/build/wall_follower' returned '0': CMAKE_PREFIX_PATH=${CMAKE_PREFIX_PATH}:/opt/ros/humble /usr/bin/cmake --build /home/chris/ros_ws/build/wall_follower -- -j20 -l20
[2.693s] DEBUG:colcon.colcon_core.event_handler.log_command:Invoking command in '/home/chris/ros_ws/build/wall_follower': CMAKE_PREFIX_PATH=${CMAKE_PREFIX_PATH}:/opt/ros/humble /usr/bin/cmake --install /home/chris/ros_ws/build/wall_follower
[2.760s] Level 1:colcon.colcon_core.environment:create_environment_scripts_only(wall_follower)
[2.761s] Level 1:colcon.colcon_core.environment:checking '/home/chris/ros_ws/install/wall_follower' for CMake module files
[2.761s] DEBUG:colcon.colcon_core.event_handler.log_command:Invoked command in '/home/chris/ros_ws/build/wall_follower' returned '0': CMAKE_PREFIX_PATH=${CMAKE_PREFIX_PATH}:/opt/ros/humble /usr/bin/cmake --install /home/chris/ros_ws/build/wall_follower
[2.762s] Level 1:colcon.colcon_core.environment:checking '/home/chris/ros_ws/install/wall_follower' for CMake config files
[2.763s] Level 1:colcon.colcon_core.shell:create_environment_hook('wall_follower', 'cmake_prefix_path')
[2.763s] INFO:colcon.colcon_core.shell:Creating environment hook '/home/chris/ros_ws/install/wall_follower/share/wall_follower/hook/cmake_prefix_path.ps1'
[2.763s] INFO:colcon.colcon_core.shell:Creating environment descriptor '/home/chris/ros_ws/install/wall_follower/share/wall_follower/hook/cmake_prefix_path.dsv'
[2.764s] INFO:colcon.colcon_core.shell:Creating environment hook '/home/chris/ros_ws/install/wall_follower/share/wall_follower/hook/cmake_prefix_path.sh'
[2.764s] Level 1:colcon.colcon_core.environment:checking '/home/chris/ros_ws/install/wall_follower/lib'
[2.764s] Level 1:colcon.colcon_core.environment:checking '/home/chris/ros_ws/install/wall_follower/bin'
[2.764s] Level 1:colcon.colcon_core.environment:checking '/home/chris/ros_ws/install/wall_follower/lib/pkgconfig/wall_follower.pc'
[2.765s] Level 1:colcon.colcon_core.environment:checking '/home/chris/ros_ws/install/wall_follower/lib/python3.10/site-packages'
[2.765s] Level 1:colcon.colcon_core.environment:checking '/home/chris/ros_ws/install/wall_follower/bin'
[2.765s] INFO:colcon.colcon_core.shell:Creating package script '/home/chris/ros_ws/install/wall_follower/share/wall_follower/package.ps1'
[2.766s] INFO:colcon.colcon_core.shell:Creating package descriptor '/home/chris/ros_ws/install/wall_follower/share/wall_follower/package.dsv'
[2.766s] INFO:colcon.colcon_core.shell:Creating package script '/home/chris/ros_ws/install/wall_follower/share/wall_follower/package.sh'
[2.766s] INFO:colcon.colcon_core.shell:Creating package script '/home/chris/ros_ws/install/wall_follower/share/wall_follower/package.bash'
[2.767s] INFO:colcon.colcon_core.shell:Creating package script '/home/chris/ros_ws/install/wall_follower/share/wall_follower/package.zsh'
[2.767s] Level 1:colcon.colcon_core.environment:create_file_with_runtime_dependencies(/home/chris/ros_ws/install/wall_follower/share/colcon-core/packages/wall_follower)
[2.768s] Level 1:colcon.colcon_core.environment:create_environment_scripts_only(wall_follower)
[2.768s] Level 1:colcon.colcon_core.environment:checking '/home/chris/ros_ws/install/wall_follower' for CMake module files
[2.768s] Level 1:colcon.colcon_core.environment:checking '/home/chris/ros_ws/install/wall_follower' for CMake config files
[2.769s] Level 1:colcon.colcon_core.shell:create_environment_hook('wall_follower', 'cmake_prefix_path')
[2.769s] INFO:colcon.colcon_core.shell:Creating environment hook '/home/chris/ros_ws/install/wall_follower/share/wall_follower/hook/cmake_prefix_path.ps1'
[2.769s] INFO:colcon.colcon_core.shell:Creating environment descriptor '/home/chris/ros_ws/install/wall_follower/share/wall_follower/hook/cmake_prefix_path.dsv'
[2.770s] INFO:colcon.colcon_core.shell:Creating environment hook '/home/chris/ros_ws/install/wall_follower/share/wall_follower/hook/cmake_prefix_path.sh'
[2.770s] Level 1:colcon.colcon_core.environment:checking '/home/chris/ros_ws/install/wall_follower/lib'
[2.770s] Level 1:colcon.colcon_core.environment:checking '/home/chris/ros_ws/install/wall_follower/bin'
[2.770s] Level 1:colcon.colcon_core.environment:checking '/home/chris/ros_ws/install/wall_follower/lib/pkgconfig/wall_follower.pc'
[2.770s] Level 1:colcon.colcon_core.environment:checking '/home/chris/ros_ws/install/wall_follower/lib/python3.10/site-packages'
[2.771s] Level 1:colcon.colcon_core.environment:checking '/home/chris/ros_ws/install/wall_follower/bin'
[2.771s] INFO:colcon.colcon_core.shell:Creating package script '/home/chris/ros_ws/install/wall_follower/share/wall_follower/package.ps1'
[2.772s] INFO:colcon.colcon_core.shell:Creating package descriptor '/home/chris/ros_ws/install/wall_follower/share/wall_follower/package.dsv'
[2.772s] INFO:colcon.colcon_core.shell:Creating package script '/home/chris/ros_ws/install/wall_follower/share/wall_follower/package.sh'
[2.772s] INFO:colcon.colcon_core.shell:Creating package script '/home/chris/ros_ws/install/wall_follower/share/wall_follower/package.bash'
[2.773s] INFO:colcon.colcon_core.shell:Creating package script '/home/chris/ros_ws/install/wall_follower/share/wall_follower/package.zsh'
[2.773s] Level 1:colcon.colcon_core.environment:create_file_with_runtime_dependencies(/home/chris/ros_ws/install/wall_follower/share/colcon-core/packages/wall_follower)
[2.773s] INFO:colcon.colcon_ros.task.ament_cmake.build:Building ROS package in '/home/chris/ros_ws/src/pepper_wall_follower' with build type 'ament_cmake'
[2.774s] INFO:colcon.colcon_cmake.task.cmake.build:Building CMake package in '/home/chris/ros_ws/src/pepper_wall_follower'
[2.774s] INFO:colcon.colcon_core.shell:Skip shell extension 'powershell' for command environment: Not usable outside of PowerShell
[2.774s] DEBUG:colcon.colcon_core.shell:Skip shell extension 'dsv' for command environment
[3.003s] DEBUG:colcon.colcon_core.event_handler.log_command:Invoking command in '/home/chris/ros_ws/build/pepper_wall_follower': CMAKE_PREFIX_PATH=/home/chris/ros_ws/install/naoqi_bridge_msgs:/home/chris/ros_ws/install/wall_follower:/home/chris/ros_ws/install/pepper_wall_follower:/home/chris/ros_ws/install/pepper_meshes:/home/chris/ros_ws/install/naoqi_driver:/home/chris/ros_ws/install/naoqi_libqicore:/home/chris/ros_ws/install/naoqi_libqi:/home/chris/ros_ws/install/nao_meshes:/opt/ros/humble LD_LIBRARY_PATH=/home/chris/ros_ws/install/naoqi_bridge_msgs/lib:/home/chris/ros_ws/install/naoqi_driver/lib:/home/chris/ros_ws/install/naoqi_libqicore/lib:/home/chris/ros_ws/install/naoqi_libqi/lib:/opt/ros/humble/opt/rviz_ogre_vendor/lib:/opt/ros/humble/lib/x86_64-linux-gnu:/opt/ros/humble/lib /usr/bin/cmake --build /home/chris/ros_ws/build/pepper_wall_follower -- -j20 -l20
[14.828s] DEBUG:colcon.colcon_core.event_handler.log_command:Invoked command in '/home/chris/ros_ws/build/pepper_wall_follower' returned '0': CMAKE_PREFIX_PATH=/home/chris/ros_ws/install/naoqi_bridge_msgs:/home/chris/ros_ws/install/wall_follower:/home/chris/ros_ws/install/pepper_wall_follower:/home/chris/ros_ws/install/pepper_meshes:/home/chris/ros_ws/install/naoqi_driver:/home/chris/ros_ws/install/naoqi_libqicore:/home/chris/ros_ws/install/naoqi_libqi:/home/chris/ros_ws/install/nao_meshes:/opt/ros/humble LD_LIBRARY_PATH=/home/chris/ros_ws/install/naoqi_bridge_msgs/lib:/home/chris/ros_ws/install/naoqi_driver/lib:/home/chris/ros_ws/install/naoqi_libqicore/lib:/home/chris/ros_ws/install/naoqi_libqi/lib:/opt/ros/humble/opt/rviz_ogre_vendor/lib:/opt/ros/humble/lib/x86_64-linux-gnu:/opt/ros/humble/lib /usr/bin/cmake --build /home/chris/ros_ws/build/pepper_wall_follower -- -j20 -l20
[14.833s] DEBUG:colcon.colcon_core.event_handler.log_command:Invoking command in '/home/chris/ros_ws/build/pepper_wall_follower': CMAKE_PREFIX_PATH=/home/chris/ros_ws/install/naoqi_bridge_msgs:/home/chris/ros_ws/install/wall_follower:/home/chris/ros_ws/install/pepper_wall_follower:/home/chris/ros_ws/install/pepper_meshes:/home/chris/ros_ws/install/naoqi_driver:/home/chris/ros_ws/install/naoqi_libqicore:/home/chris/ros_ws/install/naoqi_libqi:/home/chris/ros_ws/install/nao_meshes:/opt/ros/humble LD_LIBRARY_PATH=/home/chris/ros_ws/install/naoqi_bridge_msgs/lib:/home/chris/ros_ws/install/naoqi_driver/lib:/home/chris/ros_ws/install/naoqi_libqicore/lib:/home/chris/ros_ws/install/naoqi_libqi/lib:/opt/ros/humble/opt/rviz_ogre_vendor/lib:/opt/ros/humble/lib/x86_64-linux-gnu:/opt/ros/humble/lib /usr/bin/cmake --install /home/chris/ros_ws/build/pepper_wall_follower
[14.869s] Level 1:colcon.colcon_core.environment:create_environment_scripts_only(pepper_wall_follower)
[14.870s] Level 1:colcon.colcon_core.environment:checking '/home/chris/ros_ws/install/pepper_wall_follower' for CMake module files
[14.871s] DEBUG:colcon.colcon_core.event_handler.log_command:Invoked command in '/home/chris/ros_ws/build/pepper_wall_follower' returned '0': CMAKE_PREFIX_PATH=/home/chris/ros_ws/install/naoqi_bridge_msgs:/home/chris/ros_ws/install/wall_follower:/home/chris/ros_ws/install/pepper_wall_follower:/home/chris/ros_ws/install/pepper_meshes:/home/chris/ros_ws/install/naoqi_driver:/home/chris/ros_ws/install/naoqi_libqicore:/home/chris/ros_ws/install/naoqi_libqi:/home/chris/ros_ws/install/nao_meshes:/opt/ros/humble LD_LIBRARY_PATH=/home/chris/ros_ws/install/naoqi_bridge_msgs/lib:/home/chris/ros_ws/install/naoqi_driver/lib:/home/chris/ros_ws/install/naoqi_libqicore/lib:/home/chris/ros_ws/install/naoqi_libqi/lib:/opt/ros/humble/opt/rviz_ogre_vendor/lib:/opt/ros/humble/lib/x86_64-linux-gnu:/opt/ros/humble/lib /usr/bin/cmake --install /home/chris/ros_ws/build/pepper_wall_follower
[14.871s] Level 1:colcon.colcon_core.environment:checking '/home/chris/ros_ws/install/pepper_wall_follower' for CMake config files
[14.872s] Level 1:colcon.colcon_core.shell:create_environment_hook('pepper_wall_follower', 'cmake_prefix_path')
[14.872s] INFO:colcon.colcon_core.shell:Creating environment hook '/home/chris/ros_ws/install/pepper_wall_follower/share/pepper_wall_follower/hook/cmake_prefix_path.ps1'
[14.872s] INFO:colcon.colcon_core.shell:Creating environment descriptor '/home/chris/ros_ws/install/pepper_wall_follower/share/pepper_wall_follower/hook/cmake_prefix_path.dsv'
[14.873s] INFO:colcon.colcon_core.shell:Creating environment hook '/home/chris/ros_ws/install/pepper_wall_follower/share/pepper_wall_follower/hook/cmake_prefix_path.sh'
[14.874s] Level 1:colcon.colcon_core.environment:checking '/home/chris/ros_ws/install/pepper_wall_follower/lib'
[14.874s] Level 1:colcon.colcon_core.environment:checking '/home/chris/ros_ws/install/pepper_wall_follower/bin'
[14.874s] Level 1:colcon.colcon_core.environment:checking '/home/chris/ros_ws/install/pepper_wall_follower/lib/pkgconfig/pepper_wall_follower.pc'
[14.875s] Level 1:colcon.colcon_core.environment:checking '/home/chris/ros_ws/install/pepper_wall_follower/lib/python3.10/site-packages'
[14.875s] Level 1:colcon.colcon_core.environment:checking '/home/chris/ros_ws/install/pepper_wall_follower/bin'
[14.875s] INFO:colcon.colcon_core.shell:Creating package script '/home/chris/ros_ws/install/pepper_wall_follower/share/pepper_wall_follower/package.ps1'
[14.876s] INFO:colcon.colcon_core.shell:Creating package descriptor '/home/chris/ros_ws/install/pepper_wall_follower/share/pepper_wall_follower/package.dsv'
[14.877s] INFO:colcon.colcon_core.shell:Creating package script '/home/chris/ros_ws/install/pepper_wall_follower/share/pepper_wall_follower/package.sh'
[14.877s] INFO:colcon.colcon_core.shell:Creating package script '/home/chris/ros_ws/install/pepper_wall_follower/share/pepper_wall_follower/package.bash'
[14.878s] INFO:colcon.colcon_core.shell:Creating package script '/home/chris/ros_ws/install/pepper_wall_follower/share/pepper_wall_follower/package.zsh'
[14.879s] Level 1:colcon.colcon_core.environment:create_file_with_runtime_dependencies(/home/chris/ros_ws/install/pepper_wall_follower/share/colcon-core/packages/pepper_wall_follower)
[14.880s] Level 1:colcon.colcon_core.environment:create_environment_scripts_only(pepper_wall_follower)
[14.880s] Level 1:colcon.colcon_core.environment:checking '/home/chris/ros_ws/install/pepper_wall_follower' for CMake module files
[14.881s] Level 1:colcon.colcon_core.environment:checking '/home/chris/ros_ws/install/pepper_wall_follower' for CMake config files
[14.881s] Level 1:colcon.colcon_core.shell:create_environment_hook('pepper_wall_follower', 'cmake_prefix_path')
[14.882s] INFO:colcon.colcon_core.shell:Creating environment hook '/home/chris/ros_ws/install/pepper_wall_follower/share/pepper_wall_follower/hook/cmake_prefix_path.ps1'
[14.883s] INFO:colcon.colcon_core.shell:Creating environment descriptor '/home/chris/ros_ws/install/pepper_wall_follower/share/pepper_wall_follower/hook/cmake_prefix_path.dsv'
[14.884s] INFO:colcon.colcon_core.shell:Creating environment hook '/home/chris/ros_ws/install/pepper_wall_follower/share/pepper_wall_follower/hook/cmake_prefix_path.sh'
[14.885s] Level 1:colcon.colcon_core.environment:checking '/home/chris/ros_ws/install/pepper_wall_follower/lib'
[14.885s] Level 1:colcon.colcon_core.environment:checking '/home/chris/ros_ws/install/pepper_wall_follower/bin'
[14.885s] Level 1:colcon.colcon_core.environment:checking '/home/chris/ros_ws/install/pepper_wall_follower/lib/pkgconfig/pepper_wall_follower.pc'
[14.886s] Level 1:colcon.colcon_core.environment:checking '/home/chris/ros_ws/install/pepper_wall_follower/lib/python3.10/site-packages'
[14.886s] Level 1:colcon.colcon_core.environment:checking '/home/chris/ros_ws/install/pepper_wall_follower/bin'
[14.887s] INFO:colcon.colcon_core.shell:Creating package script '/home/chris/ros_ws/install/pepper_wall_follower/share/pepper_wall_follower/package.ps1'
[14.887s] INFO:colcon.colcon_core.shell:Creating package descriptor '/home/chris/ros_ws/install/pepper_wall_follower/share/pepper_wall_follower/package.dsv'
[14.888s] INFO:colcon.colcon_core.shell:Creating package script '/home/chris/ros_ws/install/pepper_wall_follower/share/pepper_wall_follower/package.sh'
[14.888s] INFO:colcon.colcon_core.shell:Creating package script '/home/chris/ros_ws/install/pepper_wall_follower/share/pepper_wall_follower/package.bash'
[14.888s] INFO:colcon.colcon_core.shell:Creating package script '/home/chris/ros_ws/install/pepper_wall_follower/share/pepper_wall_follower/package.zsh'
[14.889s] Level 1:colcon.colcon_core.environment:create_file_with_runtime_dependencies(/home/chris/ros_ws/install/pepper_wall_follower/share/colcon-core/packages/pepper_wall_follower)
[14.890s] INFO:colcon.colcon_ros.task.ament_cmake.build:Building ROS package in '/home/chris/ros_ws/src/naoqi_driver2' with build type 'ament_cmake'
[14.890s] INFO:colcon.colcon_cmake.task.cmake.build:Building CMake package in '/home/chris/ros_ws/src/naoqi_driver2'
[14.891s] INFO:colcon.colcon_core.shell:Skip shell extension 'powershell' for command environment: Not usable outside of PowerShell
[14.891s] DEBUG:colcon.colcon_core.shell:Skip shell extension 'dsv' for command environment
[15.377s] DEBUG:colcon.colcon_core.event_handler.log_command:Invoking command in '/home/chris/ros_ws/build/naoqi_driver': CMAKE_PREFIX_PATH=/home/chris/ros_ws/install/naoqi_libqicore:/home/chris/ros_ws/install/naoqi_libqi:/home/chris/ros_ws/install/naoqi_bridge_msgs:/home/chris/ros_ws/install/wall_follower:/home/chris/ros_ws/install/pepper_wall_follower:/home/chris/ros_ws/install/pepper_meshes:/home/chris/ros_ws/install/naoqi_driver:/home/chris/ros_ws/install/nao_meshes:/opt/ros/humble LD_LIBRARY_PATH=/home/chris/ros_ws/install/naoqi_libqi/lib:/home/chris/ros_ws/install/naoqi_bridge_msgs/lib:/home/chris/ros_ws/install/naoqi_driver/lib:/home/chris/ros_ws/install/naoqi_libqicore/lib:/opt/ros/humble/opt/rviz_ogre_vendor/lib:/opt/ros/humble/lib/x86_64-linux-gnu:/opt/ros/humble/lib /usr/bin/cmake --build /home/chris/ros_ws/build/naoqi_driver -- -j20 -l20
[15.673s] DEBUG:colcon.colcon_core.event_handler.log_command:Invoked command in '/home/chris/ros_ws/build/naoqi_driver' returned '0': CMAKE_PREFIX_PATH=/home/chris/ros_ws/install/naoqi_libqicore:/home/chris/ros_ws/install/naoqi_libqi:/home/chris/ros_ws/install/naoqi_bridge_msgs:/home/chris/ros_ws/install/wall_follower:/home/chris/ros_ws/install/pepper_wall_follower:/home/chris/ros_ws/install/pepper_meshes:/home/chris/ros_ws/install/naoqi_driver:/home/chris/ros_ws/install/nao_meshes:/opt/ros/humble LD_LIBRARY_PATH=/home/chris/ros_ws/install/naoqi_libqi/lib:/home/chris/ros_ws/install/naoqi_bridge_msgs/lib:/home/chris/ros_ws/install/naoqi_driver/lib:/home/chris/ros_ws/install/naoqi_libqicore/lib:/opt/ros/humble/opt/rviz_ogre_vendor/lib:/opt/ros/humble/lib/x86_64-linux-gnu:/opt/ros/humble/lib /usr/bin/cmake --build /home/chris/ros_ws/build/naoqi_driver -- -j20 -l20
[15.678s] DEBUG:colcon.colcon_core.event_handler.log_command:Invoking command in '/home/chris/ros_ws/build/naoqi_driver': CMAKE_PREFIX_PATH=/home/chris/ros_ws/install/naoqi_libqicore:/home/chris/ros_ws/install/naoqi_libqi:/home/chris/ros_ws/install/naoqi_bridge_msgs:/home/chris/ros_ws/install/wall_follower:/home/chris/ros_ws/install/pepper_wall_follower:/home/chris/ros_ws/install/pepper_meshes:/home/chris/ros_ws/install/naoqi_driver:/home/chris/ros_ws/install/nao_meshes:/opt/ros/humble LD_LIBRARY_PATH=/home/chris/ros_ws/install/naoqi_libqi/lib:/home/chris/ros_ws/install/naoqi_bridge_msgs/lib:/home/chris/ros_ws/install/naoqi_driver/lib:/home/chris/ros_ws/install/naoqi_libqicore/lib:/opt/ros/humble/opt/rviz_ogre_vendor/lib:/opt/ros/humble/lib/x86_64-linux-gnu:/opt/ros/humble/lib /usr/bin/cmake --install /home/chris/ros_ws/build/naoqi_driver
[15.709s] Level 1:colcon.colcon_core.environment:create_environment_scripts_only(naoqi_driver)
[15.709s] Level 1:colcon.colcon_core.environment:checking '/home/chris/ros_ws/install/naoqi_driver' for CMake module files
[15.710s] DEBUG:colcon.colcon_core.event_handler.log_command:Invoked command in '/home/chris/ros_ws/build/naoqi_driver' returned '0': CMAKE_PREFIX_PATH=/home/chris/ros_ws/install/naoqi_libqicore:/home/chris/ros_ws/install/naoqi_libqi:/home/chris/ros_ws/install/naoqi_bridge_msgs:/home/chris/ros_ws/install/wall_follower:/home/chris/ros_ws/install/pepper_wall_follower:/home/chris/ros_ws/install/pepper_meshes:/home/chris/ros_ws/install/naoqi_driver:/home/chris/ros_ws/install/nao_meshes:/opt/ros/humble LD_LIBRARY_PATH=/home/chris/ros_ws/install/naoqi_libqi/lib:/home/chris/ros_ws/install/naoqi_bridge_msgs/lib:/home/chris/ros_ws/install/naoqi_driver/lib:/home/chris/ros_ws/install/naoqi_libqicore/lib:/opt/ros/humble/opt/rviz_ogre_vendor/lib:/opt/ros/humble/lib/x86_64-linux-gnu:/opt/ros/humble/lib /usr/bin/cmake --install /home/chris/ros_ws/build/naoqi_driver
[15.711s] Level 1:colcon.colcon_core.environment:checking '/home/chris/ros_ws/install/naoqi_driver' for CMake config files
[15.711s] Level 1:colcon.colcon_core.shell:create_environment_hook('naoqi_driver', 'cmake_prefix_path')
[15.711s] INFO:colcon.colcon_core.shell:Creating environment hook '/home/chris/ros_ws/install/naoqi_driver/share/naoqi_driver/hook/cmake_prefix_path.ps1'
[15.712s] INFO:colcon.colcon_core.shell:Creating environment descriptor '/home/chris/ros_ws/install/naoqi_driver/share/naoqi_driver/hook/cmake_prefix_path.dsv'
[15.712s] INFO:colcon.colcon_core.shell:Creating environment hook '/home/chris/ros_ws/install/naoqi_driver/share/naoqi_driver/hook/cmake_prefix_path.sh'
[15.713s] Level 1:colcon.colcon_core.environment:checking '/home/chris/ros_ws/install/naoqi_driver/lib'
[15.713s] Level 1:colcon.colcon_core.shell:create_environment_hook('naoqi_driver', 'ld_library_path_lib')
[15.714s] INFO:colcon.colcon_core.shell:Creating environment hook '/home/chris/ros_ws/install/naoqi_driver/share/naoqi_driver/hook/ld_library_path_lib.ps1'
[15.715s] INFO:colcon.colcon_core.shell:Creating environment descriptor '/home/chris/ros_ws/install/naoqi_driver/share/naoqi_driver/hook/ld_library_path_lib.dsv'
[15.715s] INFO:colcon.colcon_core.shell:Creating environment hook '/home/chris/ros_ws/install/naoqi_driver/share/naoqi_driver/hook/ld_library_path_lib.sh'
[15.715s] Level 1:colcon.colcon_core.environment:checking '/home/chris/ros_ws/install/naoqi_driver/bin'
[15.715s] Level 1:colcon.colcon_core.environment:checking '/home/chris/ros_ws/install/naoqi_driver/lib/pkgconfig/naoqi_driver.pc'
[15.716s] Level 1:colcon.colcon_core.environment:checking '/home/chris/ros_ws/install/naoqi_driver/lib/python3.10/site-packages'
[15.716s] Level 1:colcon.colcon_core.environment:checking '/home/chris/ros_ws/install/naoqi_driver/bin'
[15.716s] INFO:colcon.colcon_core.shell:Creating package script '/home/chris/ros_ws/install/naoqi_driver/share/naoqi_driver/package.ps1'
[15.717s] INFO:colcon.colcon_core.shell:Creating package descriptor '/home/chris/ros_ws/install/naoqi_driver/share/naoqi_driver/package.dsv'
[15.717s] INFO:colcon.colcon_core.shell:Creating package script '/home/chris/ros_ws/install/naoqi_driver/share/naoqi_driver/package.sh'
[15.718s] INFO:colcon.colcon_core.shell:Creating package script '/home/chris/ros_ws/install/naoqi_driver/share/naoqi_driver/package.bash'
[15.719s] INFO:colcon.colcon_core.shell:Creating package script '/home/chris/ros_ws/install/naoqi_driver/share/naoqi_driver/package.zsh'
[15.719s] Level 1:colcon.colcon_core.environment:create_file_with_runtime_dependencies(/home/chris/ros_ws/install/naoqi_driver/share/colcon-core/packages/naoqi_driver)
[15.720s] Level 1:colcon.colcon_core.environment:create_environment_scripts_only(naoqi_driver)
[15.720s] Level 1:colcon.colcon_core.environment:checking '/home/chris/ros_ws/install/naoqi_driver' for CMake module files
[15.721s] Level 1:colcon.colcon_core.environment:checking '/home/chris/ros_ws/install/naoqi_driver' for CMake config files
[15.721s] Level 1:colcon.colcon_core.shell:create_environment_hook('naoqi_driver', 'cmake_prefix_path')
[15.722s] INFO:colcon.colcon_core.shell:Creating environment hook '/home/chris/ros_ws/install/naoqi_driver/share/naoqi_driver/hook/cmake_prefix_path.ps1'
[15.723s] INFO:colcon.colcon_core.shell:Creating environment descriptor '/home/chris/ros_ws/install/naoqi_driver/share/naoqi_driver/hook/cmake_prefix_path.dsv'
[15.723s] INFO:colcon.colcon_core.shell:Creating environment hook '/home/chris/ros_ws/install/naoqi_driver/share/naoqi_driver/hook/cmake_prefix_path.sh'
[15.724s] Level 1:colcon.colcon_core.environment:checking '/home/chris/ros_ws/install/naoqi_driver/lib'
[15.724s] Level 1:colcon.colcon_core.shell:create_environment_hook('naoqi_driver', 'ld_library_path_lib')
[15.724s] INFO:colcon.colcon_core.shell:Creating environment hook '/home/chris/ros_ws/install/naoqi_driver/share/naoqi_driver/hook/ld_library_path_lib.ps1'
[15.725s] INFO:colcon.colcon_core.shell:Creating environment descriptor '/home/chris/ros_ws/install/naoqi_driver/share/naoqi_driver/hook/ld_library_path_lib.dsv'
[15.725s] INFO:colcon.colcon_core.shell:Creating environment hook '/home/chris/ros_ws/install/naoqi_driver/share/naoqi_driver/hook/ld_library_path_lib.sh'
[15.726s] Level 1:colcon.colcon_core.environment:checking '/home/chris/ros_ws/install/naoqi_driver/bin'
[15.726s] Level 1:colcon.colcon_core.environment:checking '/home/chris/ros_ws/install/naoqi_driver/lib/pkgconfig/naoqi_driver.pc'
[15.726s] Level 1:colcon.colcon_core.environment:checking '/home/chris/ros_ws/install/naoqi_driver/lib/python3.10/site-packages'
[15.727s] Level 1:colcon.colcon_core.environment:checking '/home/chris/ros_ws/install/naoqi_driver/bin'
[15.727s] INFO:colcon.colcon_core.shell:Creating package script '/home/chris/ros_ws/install/naoqi_driver/share/naoqi_driver/package.ps1'
[15.728s] INFO:colcon.colcon_core.shell:Creating package descriptor '/home/chris/ros_ws/install/naoqi_driver/share/naoqi_driver/package.dsv'
[15.728s] INFO:colcon.colcon_core.shell:Creating package script '/home/chris/ros_ws/install/naoqi_driver/share/naoqi_driver/package.sh'
[15.729s] INFO:colcon.colcon_core.shell:Creating package script '/home/chris/ros_ws/install/naoqi_driver/share/naoqi_driver/package.bash'
[15.730s] INFO:colcon.colcon_core.shell:Creating package script '/home/chris/ros_ws/install/naoqi_driver/share/naoqi_driver/package.zsh'
[15.730s] Level 1:colcon.colcon_core.environment:create_file_with_runtime_dependencies(/home/chris/ros_ws/install/naoqi_driver/share/colcon-core/packages/naoqi_driver)
[15.730s] DEBUG:colcon.colcon_parallel_executor.executor.parallel:closing loop
[15.732s] DEBUG:colcon.colcon_parallel_executor.executor.parallel:loop closed
[15.732s] DEBUG:colcon.colcon_parallel_executor.executor.parallel:run_until_complete finished with '0'
[15.732s] DEBUG:colcon.colcon_core.event_reactor:joining thread
[15.856s] INFO:colcon.colcon_core.plugin_system:Skipping extension 'colcon_notification.desktop_notification.notify_send': Could not find 'notify-send'
[15.857s] INFO:colcon.colcon_core.plugin_system:Skipping extension 'colcon_notification.desktop_notification.terminal_notifier': Not used on non-Darwin systems
[15.857s] INFO:colcon.colcon_core.plugin_system:Skipping extension 'colcon_notification.desktop_notification.win32': Not used on non-Windows systems
[15.857s] INFO:colcon.colcon_notification.desktop_notification:Sending desktop notification using 'notify2'
[15.857s] DEBUG:colcon.colcon_notification.desktop_notification.notify2:Failed to initialize notify2: org.freedesktop.DBus.Error.FileNotFound: Failed to connect to socket /run/user/1000/bus: No such file or directory
[15.857s] DEBUG:colcon.colcon_core.event_reactor:joined thread
[15.858s] INFO:colcon.colcon_core.shell:Creating prefix script '/home/chris/ros_ws/install/local_setup.ps1'
[15.860s] INFO:colcon.colcon_core.shell:Creating prefix util module '/home/chris/ros_ws/install/_local_setup_util_ps1.py'
[15.862s] INFO:colcon.colcon_core.shell:Creating prefix chain script '/home/chris/ros_ws/install/setup.ps1'
[15.864s] INFO:colcon.colcon_core.shell:Creating prefix script '/home/chris/ros_ws/install/local_setup.sh'
[15.865s] INFO:colcon.colcon_core.shell:Creating prefix util module '/home/chris/ros_ws/install/_local_setup_util_sh.py'
[15.866s] INFO:colcon.colcon_core.shell:Creating prefix chain script '/home/chris/ros_ws/install/setup.sh'
[15.868s] INFO:colcon.colcon_core.shell:Creating prefix script '/home/chris/ros_ws/install/local_setup.bash'
[15.869s] INFO:colcon.colcon_core.shell:Creating prefix chain script '/home/chris/ros_ws/install/setup.bash'
[15.871s] INFO:colcon.colcon_core.shell:Creating prefix script '/home/chris/ros_ws/install/local_setup.zsh'
[15.873s] INFO:colcon.colcon_core.shell:Creating prefix chain script '/home/chris/ros_ws/install/setup.zsh'
