[0.059s] Invoking command in '/home/chris/ros_ws/build/naoqi_bridge_msgs': CMAKE_PREFIX_PATH=${CMAKE_PREFIX_PATH}:/opt/ros/humble /usr/bin/cmake --build /home/chris/ros_ws/build/naoqi_bridge_msgs
[0.634s] [  0%] Built target naoqi_bridge_msgs__cpp
[0.634s] [  0%] Built target ament_cmake_python_symlink_naoqi_bridge_msgs
[0.634s] [35m[1mConsolidate compiler generated dependencies of target naoqi_bridge_msgs__rosidl_generator_c[0m
[0.635s] [35m[1mConsolidate compiler generated dependencies of target naoqi_bridge_msgs__rosidl_typesupport_cpp[0m
[0.635s] [  1%] [32mBuilding C object CMakeFiles/naoqi_bridge_msgs__rosidl_generator_c.dir/rosidl_generator_c/naoqi_bridge_msgs/msg/detail/body_roi__functions.c.o[0m
[0.635s] [  1%] [32mBuilding C object CMakeFiles/naoqi_bridge_msgs__rosidl_generator_c.dir/rosidl_generator_c/naoqi_bridge_msgs/msg/detail/audio_buffer__functions.c.o[0m
[0.635s] [35m[1mConsolidate compiler generated dependencies of target naoqi_bridge_msgs__rosidl_typesupport_introspection_cpp[0m
[0.635s] [35m[1mConsolidate compiler generated dependencies of target naoqi_bridge_msgs__rosidl_typesupport_fastrtps_cpp[0m
[0.635s] [  2%] [32mBuilding CXX object CMakeFiles/naoqi_bridge_msgs__rosidl_typesupport_cpp.dir/rosidl_typesupport_cpp/naoqi_bridge_msgs/msg/audio_buffer__type_support.cpp.o[0m
[0.635s] [  3%] [32mBuilding CXX object CMakeFiles/naoqi_bridge_msgs__rosidl_typesupport_introspection_cpp.dir/rosidl_typesupport_introspection_cpp/naoqi_bridge_msgs/msg/detail/audio_buffer__type_support.cpp.o[0m
[0.636s] [  4%] [32mBuilding CXX object CMakeFiles/naoqi_bridge_msgs__rosidl_typesupport_fastrtps_cpp.dir/rosidl_typesupport_fastrtps_cpp/naoqi_bridge_msgs/msg/detail/dds_fastrtps/audio_buffer__type_support.cpp.o[0m
[0.636s] [  4%] [32mBuilding CXX object CMakeFiles/naoqi_bridge_msgs__rosidl_typesupport_introspection_cpp.dir/rosidl_typesupport_introspection_cpp/naoqi_bridge_msgs/msg/detail/body_roi__type_support.cpp.o[0m
[0.636s] [  4%] [32mBuilding C object CMakeFiles/naoqi_bridge_msgs__rosidl_generator_c.dir/rosidl_generator_c/naoqi_bridge_msgs/msg/detail/bool_stamped__functions.c.o[0m
[0.823s] running egg_info
[0.826s] writing naoqi_bridge_msgs.egg-info/PKG-INFO
[0.826s] writing dependency_links to naoqi_bridge_msgs.egg-info/dependency_links.txt
[0.827s] writing top-level names to naoqi_bridge_msgs.egg-info/top_level.txt
[0.835s] reading manifest file 'naoqi_bridge_msgs.egg-info/SOURCES.txt'
[0.839s] writing manifest file 'naoqi_bridge_msgs.egg-info/SOURCES.txt'
[0.889s] [  4%] [32mBuilding C object CMakeFiles/naoqi_bridge_msgs__rosidl_generator_c.dir/rosidl_generator_c/naoqi_bridge_msgs/msg/detail/bumper__functions.c.o[0m
[0.924s] [  4%] Built target ament_cmake_python_build_naoqi_bridge_msgs_egg
[0.962s] [  4%] [32mBuilding CXX object CMakeFiles/naoqi_bridge_msgs__rosidl_typesupport_cpp.dir/rosidl_typesupport_cpp/naoqi_bridge_msgs/msg/body_roi__type_support.cpp.o[0m
[1.108s] [  4%] [32mBuilding CXX object CMakeFiles/naoqi_bridge_msgs__rosidl_typesupport_introspection_cpp.dir/rosidl_typesupport_introspection_cpp/naoqi_bridge_msgs/msg/detail/bool_stamped__type_support.cpp.o[0m
[1.221s] [  4%] [32mBuilding C object CMakeFiles/naoqi_bridge_msgs__rosidl_generator_c.dir/rosidl_generator_c/naoqi_bridge_msgs/msg/detail/event_stamped__functions.c.o[0m
[1.531s] [  5%] [32mBuilding C object CMakeFiles/naoqi_bridge_msgs__rosidl_generator_c.dir/rosidl_generator_c/naoqi_bridge_msgs/msg/detail/face_roi__functions.c.o[0m
[1.657s] [  5%] [32mBuilding CXX object CMakeFiles/naoqi_bridge_msgs__rosidl_typesupport_introspection_cpp.dir/rosidl_typesupport_introspection_cpp/naoqi_bridge_msgs/msg/detail/bumper__type_support.cpp.o[0m
[1.688s] [  5%] [32mBuilding CXX object CMakeFiles/naoqi_bridge_msgs__rosidl_typesupport_cpp.dir/rosidl_typesupport_cpp/naoqi_bridge_msgs/msg/bool_stamped__type_support.cpp.o[0m
[1.711s] [  5%] [32mBuilding CXX object CMakeFiles/naoqi_bridge_msgs__rosidl_typesupport_fastrtps_cpp.dir/rosidl_typesupport_fastrtps_cpp/naoqi_bridge_msgs/msg/detail/dds_fastrtps/body_roi__type_support.cpp.o[0m
[1.803s] [  5%] [32mBuilding C object CMakeFiles/naoqi_bridge_msgs__rosidl_generator_c.dir/rosidl_generator_c/naoqi_bridge_msgs/msg/detail/fade_rgb__functions.c.o[0m
[2.076s] [  5%] [32mBuilding C object CMakeFiles/naoqi_bridge_msgs__rosidl_generator_c.dir/rosidl_generator_c/naoqi_bridge_msgs/msg/detail/float_array_stamped__functions.c.o[0m
[2.262s] [  6%] [32mBuilding CXX object CMakeFiles/naoqi_bridge_msgs__rosidl_typesupport_introspection_cpp.dir/rosidl_typesupport_introspection_cpp/naoqi_bridge_msgs/msg/detail/event_stamped__type_support.cpp.o[0m
[2.365s] [  6%] [32mBuilding CXX object CMakeFiles/naoqi_bridge_msgs__rosidl_typesupport_cpp.dir/rosidl_typesupport_cpp/naoqi_bridge_msgs/msg/bumper__type_support.cpp.o[0m
[2.432s] [  6%] [32mBuilding CXX object CMakeFiles/naoqi_bridge_msgs__rosidl_typesupport_fastrtps_cpp.dir/rosidl_typesupport_fastrtps_cpp/naoqi_bridge_msgs/msg/detail/dds_fastrtps/bool_stamped__type_support.cpp.o[0m
[2.472s] [  6%] [32mBuilding C object CMakeFiles/naoqi_bridge_msgs__rosidl_generator_c.dir/rosidl_generator_c/naoqi_bridge_msgs/msg/detail/float_stamped__functions.c.o[0m
[2.717s] [  6%] [32mBuilding CXX object CMakeFiles/naoqi_bridge_msgs__rosidl_typesupport_cpp.dir/rosidl_typesupport_cpp/naoqi_bridge_msgs/msg/event_stamped__type_support.cpp.o[0m
[2.909s] [  7%] [32mBuilding C object CMakeFiles/naoqi_bridge_msgs__rosidl_generator_c.dir/rosidl_generator_c/naoqi_bridge_msgs/msg/detail/hand_touch__functions.c.o[0m
[2.963s] [  7%] [32mBuilding CXX object CMakeFiles/naoqi_bridge_msgs__rosidl_typesupport_introspection_cpp.dir/rosidl_typesupport_introspection_cpp/naoqi_bridge_msgs/msg/detail/face_roi__type_support.cpp.o[0m
[3.123s] [  7%] [32mBuilding C object CMakeFiles/naoqi_bridge_msgs__rosidl_generator_c.dir/rosidl_generator_c/naoqi_bridge_msgs/msg/detail/head_touch__functions.c.o[0m
[3.295s] [  7%] [32mBuilding CXX object CMakeFiles/naoqi_bridge_msgs__rosidl_typesupport_fastrtps_cpp.dir/rosidl_typesupport_fastrtps_cpp/naoqi_bridge_msgs/msg/detail/dds_fastrtps/bumper__type_support.cpp.o[0m
[3.344s] [  7%] [32mBuilding C object CMakeFiles/naoqi_bridge_msgs__rosidl_generator_c.dir/rosidl_generator_c/naoqi_bridge_msgs/msg/detail/int_array_stamped__functions.c.o[0m
[3.387s] [  8%] [32mBuilding CXX object CMakeFiles/naoqi_bridge_msgs__rosidl_typesupport_cpp.dir/rosidl_typesupport_cpp/naoqi_bridge_msgs/msg/face_roi__type_support.cpp.o[0m
[3.398s] [  8%] [32mBuilding CXX object CMakeFiles/naoqi_bridge_msgs__rosidl_typesupport_cpp.dir/rosidl_typesupport_cpp/naoqi_bridge_msgs/msg/fade_rgb__type_support.cpp.o[0m
[3.556s] [  8%] [32mBuilding C object CMakeFiles/naoqi_bridge_msgs__rosidl_generator_c.dir/rosidl_generator_c/naoqi_bridge_msgs/msg/detail/int_stamped__functions.c.o[0m
[3.760s] [  8%] [32mBuilding C object CMakeFiles/naoqi_bridge_msgs__rosidl_generator_c.dir/rosidl_generator_c/naoqi_bridge_msgs/msg/detail/joint_angle_trajectory__functions.c.o[0m
[3.763s] [  8%] [32mBuilding CXX object CMakeFiles/naoqi_bridge_msgs__rosidl_typesupport_introspection_cpp.dir/rosidl_typesupport_introspection_cpp/naoqi_bridge_msgs/msg/detail/fade_rgb__type_support.cpp.o[0m
[3.876s] [  8%] [32mBuilding CXX object CMakeFiles/naoqi_bridge_msgs__rosidl_typesupport_introspection_cpp.dir/rosidl_typesupport_introspection_cpp/naoqi_bridge_msgs/msg/detail/float_array_stamped__type_support.cpp.o[0m
[3.995s] [  9%] [32mBuilding C object CMakeFiles/naoqi_bridge_msgs__rosidl_generator_c.dir/rosidl_generator_c/naoqi_bridge_msgs/msg/detail/joint_angles_with_speed__functions.c.o[0m
[4.062s] [  9%] [32mBuilding CXX object CMakeFiles/naoqi_bridge_msgs__rosidl_typesupport_cpp.dir/rosidl_typesupport_cpp/naoqi_bridge_msgs/msg/float_array_stamped__type_support.cpp.o[0m
[4.133s] [  9%] [32mBuilding CXX object CMakeFiles/naoqi_bridge_msgs__rosidl_typesupport_cpp.dir/rosidl_typesupport_cpp/naoqi_bridge_msgs/msg/float_stamped__type_support.cpp.o[0m
[4.270s] [  9%] [32mBuilding C object CMakeFiles/naoqi_bridge_msgs__rosidl_generator_c.dir/rosidl_generator_c/naoqi_bridge_msgs/msg/detail/memory_list__functions.c.o[0m
[4.340s] [ 10%] [32mBuilding CXX object CMakeFiles/naoqi_bridge_msgs__rosidl_typesupport_fastrtps_cpp.dir/rosidl_typesupport_fastrtps_cpp/naoqi_bridge_msgs/msg/detail/dds_fastrtps/event_stamped__type_support.cpp.o[0m
[4.529s] [ 10%] [32mBuilding C object CMakeFiles/naoqi_bridge_msgs__rosidl_generator_c.dir/rosidl_generator_c/naoqi_bridge_msgs/msg/detail/memory_pair_float__functions.c.o[0m
[4.744s] [ 10%] [32mBuilding C object CMakeFiles/naoqi_bridge_msgs__rosidl_generator_c.dir/rosidl_generator_c/naoqi_bridge_msgs/msg/detail/memory_pair_int__functions.c.o[0m
[4.755s] [ 11%] [32mBuilding CXX object CMakeFiles/naoqi_bridge_msgs__rosidl_typesupport_cpp.dir/rosidl_typesupport_cpp/naoqi_bridge_msgs/msg/hand_touch__type_support.cpp.o[0m
[4.779s] [ 12%] [32mBuilding CXX object CMakeFiles/naoqi_bridge_msgs__rosidl_typesupport_introspection_cpp.dir/rosidl_typesupport_introspection_cpp/naoqi_bridge_msgs/msg/detail/float_stamped__type_support.cpp.o[0m
[4.862s] [ 12%] [32mBuilding CXX object CMakeFiles/naoqi_bridge_msgs__rosidl_typesupport_cpp.dir/rosidl_typesupport_cpp/naoqi_bridge_msgs/msg/head_touch__type_support.cpp.o[0m
[4.949s] [ 12%] [32mBuilding CXX object CMakeFiles/naoqi_bridge_msgs__rosidl_typesupport_cpp.dir/rosidl_typesupport_cpp/naoqi_bridge_msgs/msg/int_array_stamped__type_support.cpp.o[0m
[4.971s] [ 13%] [32mBuilding C object CMakeFiles/naoqi_bridge_msgs__rosidl_generator_c.dir/rosidl_generator_c/naoqi_bridge_msgs/msg/detail/memory_pair_string__functions.c.o[0m
[5.196s] [ 13%] [32mBuilding C object CMakeFiles/naoqi_bridge_msgs__rosidl_generator_c.dir/rosidl_generator_c/naoqi_bridge_msgs/msg/detail/pose_with_confidence_stamped__functions.c.o[0m
[5.289s] [ 13%] [32mBuilding CXX object CMakeFiles/naoqi_bridge_msgs__rosidl_typesupport_fastrtps_cpp.dir/rosidl_typesupport_fastrtps_cpp/naoqi_bridge_msgs/msg/detail/dds_fastrtps/face_roi__type_support.cpp.o[0m
[5.406s] [ 13%] [32mBuilding C object CMakeFiles/naoqi_bridge_msgs__rosidl_generator_c.dir/rosidl_generator_c/naoqi_bridge_msgs/msg/detail/robot_info__functions.c.o[0m
[5.425s] [ 13%] [32mBuilding C object CMakeFiles/naoqi_bridge_msgs__rosidl_generator_c.dir/rosidl_generator_c/naoqi_bridge_msgs/msg/detail/sound_located__functions.c.o[0m
[5.474s] [ 14%] [32mBuilding C object CMakeFiles/naoqi_bridge_msgs__rosidl_generator_c.dir/rosidl_generator_c/naoqi_bridge_msgs/msg/detail/status_change_stamped__functions.c.o[0m
[5.595s] [ 14%] [32mBuilding CXX object CMakeFiles/naoqi_bridge_msgs__rosidl_typesupport_cpp.dir/rosidl_typesupport_cpp/naoqi_bridge_msgs/msg/int_stamped__type_support.cpp.o[0m
[5.610s] [ 14%] [32mBuilding C object CMakeFiles/naoqi_bridge_msgs__rosidl_generator_c.dir/rosidl_generator_c/naoqi_bridge_msgs/msg/detail/string_array_stamped__functions.c.o[0m
[5.624s] [ 14%] [32mBuilding CXX object CMakeFiles/naoqi_bridge_msgs__rosidl_typesupport_introspection_cpp.dir/rosidl_typesupport_introspection_cpp/naoqi_bridge_msgs/msg/detail/hand_touch__type_support.cpp.o[0m
[5.666s] [ 14%] [32mBuilding CXX object CMakeFiles/naoqi_bridge_msgs__rosidl_typesupport_introspection_cpp.dir/rosidl_typesupport_introspection_cpp/naoqi_bridge_msgs/msg/detail/head_touch__type_support.cpp.o[0m
[5.680s] [ 14%] [32mBuilding CXX object CMakeFiles/naoqi_bridge_msgs__rosidl_typesupport_fastrtps_cpp.dir/rosidl_typesupport_fastrtps_cpp/naoqi_bridge_msgs/msg/detail/dds_fastrtps/fade_rgb__type_support.cpp.o[0m
[5.797s] [ 14%] [32mBuilding C object CMakeFiles/naoqi_bridge_msgs__rosidl_generator_c.dir/rosidl_generator_c/naoqi_bridge_msgs/msg/detail/string_stamped__functions.c.o[0m
[5.985s] [ 14%] [32mBuilding C object CMakeFiles/naoqi_bridge_msgs__rosidl_generator_c.dir/rosidl_generator_c/naoqi_bridge_msgs/msg/detail/word_recognized__functions.c.o[0m
[6.151s] [ 14%] [32mBuilding CXX object CMakeFiles/naoqi_bridge_msgs__rosidl_typesupport_fastrtps_cpp.dir/rosidl_typesupport_fastrtps_cpp/naoqi_bridge_msgs/msg/detail/dds_fastrtps/float_array_stamped__type_support.cpp.o[0m
[6.191s] [ 15%] [32mBuilding CXX object CMakeFiles/naoqi_bridge_msgs__rosidl_typesupport_cpp.dir/rosidl_typesupport_cpp/naoqi_bridge_msgs/msg/joint_angle_trajectory__type_support.cpp.o[0m
[6.195s] [ 15%] [32mBuilding C object CMakeFiles/naoqi_bridge_msgs__rosidl_generator_c.dir/rosidl_generator_c/naoqi_bridge_msgs/srv/detail/cmd_pose_service__functions.c.o[0m
[6.595s] [ 16%] [32mBuilding C object CMakeFiles/naoqi_bridge_msgs__rosidl_generator_c.dir/rosidl_generator_c/naoqi_bridge_msgs/srv/detail/cmd_vel_service__functions.c.o[0m
[6.596s] [ 16%] [32mBuilding CXX object CMakeFiles/naoqi_bridge_msgs__rosidl_typesupport_introspection_cpp.dir/rosidl_typesupport_introspection_cpp/naoqi_bridge_msgs/msg/detail/int_array_stamped__type_support.cpp.o[0m
[6.636s] [ 16%] [32mBuilding C object CMakeFiles/naoqi_bridge_msgs__rosidl_generator_c.dir/rosidl_generator_c/naoqi_bridge_msgs/srv/detail/get_body_roi__functions.c.o[0m
[6.782s] [ 16%] [32mBuilding CXX object CMakeFiles/naoqi_bridge_msgs__rosidl_typesupport_fastrtps_cpp.dir/rosidl_typesupport_fastrtps_cpp/naoqi_bridge_msgs/msg/detail/dds_fastrtps/float_stamped__type_support.cpp.o[0m
[6.922s] [ 16%] [32mBuilding CXX object CMakeFiles/naoqi_bridge_msgs__rosidl_typesupport_cpp.dir/rosidl_typesupport_cpp/naoqi_bridge_msgs/msg/joint_angles_with_speed__type_support.cpp.o[0m
[6.936s] [ 16%] [32mBuilding CXX object CMakeFiles/naoqi_bridge_msgs__rosidl_typesupport_cpp.dir/rosidl_typesupport_cpp/naoqi_bridge_msgs/msg/memory_list__type_support.cpp.o[0m
[6.959s] [ 16%] [32mBuilding C object CMakeFiles/naoqi_bridge_msgs__rosidl_generator_c.dir/rosidl_generator_c/naoqi_bridge_msgs/srv/detail/get_faces_roi__functions.c.o[0m
[7.396s] [ 16%] [32mBuilding C object CMakeFiles/naoqi_bridge_msgs__rosidl_generator_c.dir/rosidl_generator_c/naoqi_bridge_msgs/srv/detail/get_float__functions.c.o[0m
[7.685s] [ 17%] [32mBuilding C object CMakeFiles/naoqi_bridge_msgs__rosidl_generator_c.dir/rosidl_generator_c/naoqi_bridge_msgs/srv/detail/get_installed_behaviors__functions.c.o[0m
[7.760s] [ 17%] [32mBuilding C object CMakeFiles/naoqi_bridge_msgs__rosidl_generator_c.dir/rosidl_generator_c/naoqi_bridge_msgs/srv/detail/get_robot_info__functions.c.o[0m
[7.812s] [ 17%] [32mBuilding CXX object CMakeFiles/naoqi_bridge_msgs__rosidl_typesupport_introspection_cpp.dir/rosidl_typesupport_introspection_cpp/naoqi_bridge_msgs/msg/detail/int_stamped__type_support.cpp.o[0m
[7.825s] [ 17%] [32mBuilding CXX object CMakeFiles/naoqi_bridge_msgs__rosidl_typesupport_cpp.dir/rosidl_typesupport_cpp/naoqi_bridge_msgs/msg/memory_pair_float__type_support.cpp.o[0m
[7.898s] [ 18%] [32mBuilding CXX object CMakeFiles/naoqi_bridge_msgs__rosidl_typesupport_fastrtps_cpp.dir/rosidl_typesupport_fastrtps_cpp/naoqi_bridge_msgs/msg/detail/dds_fastrtps/hand_touch__type_support.cpp.o[0m
[7.979s] [ 18%] [32mBuilding C object CMakeFiles/naoqi_bridge_msgs__rosidl_generator_c.dir/rosidl_generator_c/naoqi_bridge_msgs/srv/detail/get_string__functions.c.o[0m
[8.031s] [ 18%] [32mBuilding CXX object CMakeFiles/naoqi_bridge_msgs__rosidl_typesupport_fastrtps_cpp.dir/rosidl_typesupport_fastrtps_cpp/naoqi_bridge_msgs/msg/detail/dds_fastrtps/head_touch__type_support.cpp.o[0m
[8.164s] [ 18%] [32mBuilding CXX object CMakeFiles/naoqi_bridge_msgs__rosidl_typesupport_fastrtps_cpp.dir/rosidl_typesupport_fastrtps_cpp/naoqi_bridge_msgs/msg/detail/dds_fastrtps/int_array_stamped__type_support.cpp.o[0m
[8.293s] [ 18%] [32mBuilding C object CMakeFiles/naoqi_bridge_msgs__rosidl_generator_c.dir/rosidl_generator_c/naoqi_bridge_msgs/srv/detail/get_truepose__functions.c.o[0m
[8.665s] [ 18%] [32mBuilding CXX object CMakeFiles/naoqi_bridge_msgs__rosidl_typesupport_cpp.dir/rosidl_typesupport_cpp/naoqi_bridge_msgs/msg/memory_pair_int__type_support.cpp.o[0m
[8.706s] [ 19%] [32mBuilding C object CMakeFiles/naoqi_bridge_msgs__rosidl_generator_c.dir/rosidl_generator_c/naoqi_bridge_msgs/srv/detail/orthogonal_security_distance__functions.c.o[0m
[8.987s] [ 20%] [32mBuilding CXX object CMakeFiles/naoqi_bridge_msgs__rosidl_typesupport_cpp.dir/rosidl_typesupport_cpp/naoqi_bridge_msgs/msg/memory_pair_string__type_support.cpp.o[0m
[9.112s] [ 20%] [32mBuilding C object CMakeFiles/naoqi_bridge_msgs__rosidl_generator_c.dir/rosidl_generator_c/naoqi_bridge_msgs/srv/detail/set_arms_enabled__functions.c.o[0m
[9.473s] [ 21%] [32mBuilding CXX object CMakeFiles/naoqi_bridge_msgs__rosidl_typesupport_introspection_cpp.dir/rosidl_typesupport_introspection_cpp/naoqi_bridge_msgs/msg/detail/joint_angle_trajectory__type_support.cpp.o[0m
[9.533s] [ 21%] [32mBuilding C object CMakeFiles/naoqi_bridge_msgs__rosidl_generator_c.dir/rosidl_generator_c/naoqi_bridge_msgs/srv/detail/set_float__functions.c.o[0m
[9.628s] [ 21%] [32mBuilding CXX object CMakeFiles/naoqi_bridge_msgs__rosidl_typesupport_cpp.dir/rosidl_typesupport_cpp/naoqi_bridge_msgs/msg/pose_with_confidence_stamped__type_support.cpp.o[0m
[9.773s] [ 21%] [32mBuilding CXX object CMakeFiles/naoqi_bridge_msgs__rosidl_typesupport_fastrtps_cpp.dir/rosidl_typesupport_fastrtps_cpp/naoqi_bridge_msgs/msg/detail/dds_fastrtps/int_stamped__type_support.cpp.o[0m
[9.817s] [ 21%] [32mBuilding CXX object CMakeFiles/naoqi_bridge_msgs__rosidl_typesupport_cpp.dir/rosidl_typesupport_cpp/naoqi_bridge_msgs/msg/robot_info__type_support.cpp.o[0m
[9.839s] [ 21%] [32mBuilding C object CMakeFiles/naoqi_bridge_msgs__rosidl_generator_c.dir/rosidl_generator_c/naoqi_bridge_msgs/srv/detail/set_string__functions.c.o[0m
[9.871s] [ 21%] [32mBuilding C object CMakeFiles/naoqi_bridge_msgs__rosidl_generator_c.dir/rosidl_generator_c/naoqi_bridge_msgs/srv/detail/set_transform__functions.c.o[0m
[10.331s] [ 22%] [32mBuilding C object CMakeFiles/naoqi_bridge_msgs__rosidl_generator_c.dir/rosidl_generator_c/naoqi_bridge_msgs/srv/detail/tangential_security_distance__functions.c.o[0m
[10.343s] [ 22%] [32mBuilding CXX object CMakeFiles/naoqi_bridge_msgs__rosidl_typesupport_introspection_cpp.dir/rosidl_typesupport_introspection_cpp/naoqi_bridge_msgs/msg/detail/joint_angles_with_speed__type_support.cpp.o[0m
[10.484s] [ 23%] [32mBuilding CXX object CMakeFiles/naoqi_bridge_msgs__rosidl_typesupport_fastrtps_cpp.dir/rosidl_typesupport_fastrtps_cpp/naoqi_bridge_msgs/msg/detail/dds_fastrtps/joint_angle_trajectory__type_support.cpp.o[0m
[10.868s] [ 23%] [32mBuilding C object CMakeFiles/naoqi_bridge_msgs__rosidl_generator_c.dir/rosidl_generator_c/naoqi_bridge_msgs/action/detail/blink__functions.c.o[0m
[10.926s] [ 23%] [32mBuilding CXX object CMakeFiles/naoqi_bridge_msgs__rosidl_typesupport_cpp.dir/rosidl_typesupport_cpp/naoqi_bridge_msgs/msg/sound_located__type_support.cpp.o[0m
[11.188s] [ 24%] [32mBuilding CXX object CMakeFiles/naoqi_bridge_msgs__rosidl_typesupport_cpp.dir/rosidl_typesupport_cpp/naoqi_bridge_msgs/msg/status_change_stamped__type_support.cpp.o[0m
[12.116s] [ 24%] [32mBuilding C object CMakeFiles/naoqi_bridge_msgs__rosidl_generator_c.dir/rosidl_generator_c/naoqi_bridge_msgs/action/detail/body_pose__functions.c.o[0m
[12.125s] [ 24%] [32mBuilding CXX object CMakeFiles/naoqi_bridge_msgs__rosidl_typesupport_cpp.dir/rosidl_typesupport_cpp/naoqi_bridge_msgs/msg/string_array_stamped__type_support.cpp.o[0m
[12.442s] [ 24%] [32mBuilding CXX object CMakeFiles/naoqi_bridge_msgs__rosidl_typesupport_cpp.dir/rosidl_typesupport_cpp/naoqi_bridge_msgs/msg/string_stamped__type_support.cpp.o[0m
[12.652s] [ 24%] [32mBuilding C object CMakeFiles/naoqi_bridge_msgs__rosidl_generator_c.dir/rosidl_generator_c/naoqi_bridge_msgs/action/detail/body_pose_with_speed__functions.c.o[0m
[12.722s] [ 24%] [32mBuilding CXX object CMakeFiles/naoqi_bridge_msgs__rosidl_typesupport_introspection_cpp.dir/rosidl_typesupport_introspection_cpp/naoqi_bridge_msgs/msg/detail/memory_list__type_support.cpp.o[0m
[12.832s] [ 24%] [32mBuilding CXX object CMakeFiles/naoqi_bridge_msgs__rosidl_typesupport_fastrtps_cpp.dir/rosidl_typesupport_fastrtps_cpp/naoqi_bridge_msgs/msg/detail/dds_fastrtps/joint_angles_with_speed__type_support.cpp.o[0m
[12.943s] [ 24%] [32mBuilding CXX object CMakeFiles/naoqi_bridge_msgs__rosidl_typesupport_introspection_cpp.dir/rosidl_typesupport_introspection_cpp/naoqi_bridge_msgs/msg/detail/memory_pair_float__type_support.cpp.o[0m
[13.431s] [ 24%] [32mBuilding CXX object CMakeFiles/naoqi_bridge_msgs__rosidl_typesupport_fastrtps_cpp.dir/rosidl_typesupport_fastrtps_cpp/naoqi_bridge_msgs/msg/detail/dds_fastrtps/memory_list__type_support.cpp.o[0m
[13.531s] [ 24%] [32mBuilding CXX object CMakeFiles/naoqi_bridge_msgs__rosidl_typesupport_cpp.dir/rosidl_typesupport_cpp/naoqi_bridge_msgs/msg/word_recognized__type_support.cpp.o[0m
[13.977s] [ 25%] [32mBuilding C object CMakeFiles/naoqi_bridge_msgs__rosidl_generator_c.dir/rosidl_generator_c/naoqi_bridge_msgs/action/detail/follow_path__functions.c.o[0m
[14.667s] [ 26%] [32mBuilding CXX object CMakeFiles/naoqi_bridge_msgs__rosidl_typesupport_introspection_cpp.dir/rosidl_typesupport_introspection_cpp/naoqi_bridge_msgs/msg/detail/memory_pair_int__type_support.cpp.o[0m
[14.727s] [ 26%] [32mBuilding CXX object CMakeFiles/naoqi_bridge_msgs__rosidl_typesupport_introspection_cpp.dir/rosidl_typesupport_introspection_cpp/naoqi_bridge_msgs/msg/detail/memory_pair_string__type_support.cpp.o[0m
[14.838s] [ 27%] [32mBuilding CXX object CMakeFiles/naoqi_bridge_msgs__rosidl_typesupport_cpp.dir/rosidl_typesupport_cpp/naoqi_bridge_msgs/srv/cmd_pose_service__type_support.cpp.o[0m
[15.029s] [ 27%] [32mBuilding CXX object CMakeFiles/naoqi_bridge_msgs__rosidl_typesupport_introspection_cpp.dir/rosidl_typesupport_introspection_cpp/naoqi_bridge_msgs/msg/detail/pose_with_confidence_stamped__type_support.cpp.o[0m
[15.481s] [ 27%] [32mBuilding CXX object CMakeFiles/naoqi_bridge_msgs__rosidl_typesupport_fastrtps_cpp.dir/rosidl_typesupport_fastrtps_cpp/naoqi_bridge_msgs/msg/detail/dds_fastrtps/memory_pair_float__type_support.cpp.o[0m
[15.816s] [ 27%] [32mBuilding C object CMakeFiles/naoqi_bridge_msgs__rosidl_generator_c.dir/rosidl_generator_c/naoqi_bridge_msgs/action/detail/joint_angles_with_speed__functions.c.o[0m
[15.849s] [ 27%] [32mBuilding C object CMakeFiles/naoqi_bridge_msgs__rosidl_generator_c.dir/rosidl_generator_c/naoqi_bridge_msgs/action/detail/joint_trajectory__functions.c.o[0m
[16.044s] [ 27%] [32mBuilding CXX object CMakeFiles/naoqi_bridge_msgs__rosidl_typesupport_cpp.dir/rosidl_typesupport_cpp/naoqi_bridge_msgs/srv/cmd_vel_service__type_support.cpp.o[0m
[16.710s] [ 27%] [32mBuilding CXX object CMakeFiles/naoqi_bridge_msgs__rosidl_typesupport_introspection_cpp.dir/rosidl_typesupport_introspection_cpp/naoqi_bridge_msgs/msg/detail/robot_info__type_support.cpp.o[0m
[16.745s] [ 27%] [32mBuilding C object CMakeFiles/naoqi_bridge_msgs__rosidl_generator_c.dir/rosidl_generator_c/naoqi_bridge_msgs/action/detail/listen__functions.c.o[0m
[17.213s] [ 27%] [32mBuilding CXX object CMakeFiles/naoqi_bridge_msgs__rosidl_typesupport_cpp.dir/rosidl_typesupport_cpp/naoqi_bridge_msgs/srv/get_body_roi__type_support.cpp.o[0m
[17.234s] [ 28%] [32mBuilding CXX object CMakeFiles/naoqi_bridge_msgs__rosidl_typesupport_fastrtps_cpp.dir/rosidl_typesupport_fastrtps_cpp/naoqi_bridge_msgs/msg/detail/dds_fastrtps/memory_pair_int__type_support.cpp.o[0m
[17.385s] [ 28%] [32mBuilding CXX object CMakeFiles/naoqi_bridge_msgs__rosidl_typesupport_fastrtps_cpp.dir/rosidl_typesupport_fastrtps_cpp/naoqi_bridge_msgs/msg/detail/dds_fastrtps/memory_pair_string__type_support.cpp.o[0m
[17.706s] [ 28%] [32mBuilding CXX object CMakeFiles/naoqi_bridge_msgs__rosidl_typesupport_fastrtps_cpp.dir/rosidl_typesupport_fastrtps_cpp/naoqi_bridge_msgs/msg/detail/dds_fastrtps/pose_with_confidence_stamped__type_support.cpp.o[0m
[18.084s] [ 29%] [32mBuilding CXX object CMakeFiles/naoqi_bridge_msgs__rosidl_typesupport_introspection_cpp.dir/rosidl_typesupport_introspection_cpp/naoqi_bridge_msgs/msg/detail/sound_located__type_support.cpp.o[0m
[18.555s] [ 29%] [32mBuilding CXX object CMakeFiles/naoqi_bridge_msgs__rosidl_typesupport_cpp.dir/rosidl_typesupport_cpp/naoqi_bridge_msgs/srv/get_faces_roi__type_support.cpp.o[0m
[18.567s] [ 30%] [32mBuilding C object CMakeFiles/naoqi_bridge_msgs__rosidl_generator_c.dir/rosidl_generator_c/naoqi_bridge_msgs/action/detail/run_behavior__functions.c.o[0m
[19.798s] [ 30%] [32mBuilding C object CMakeFiles/naoqi_bridge_msgs__rosidl_generator_c.dir/rosidl_generator_c/naoqi_bridge_msgs/action/detail/set_speech_vocabulary__functions.c.o[0m
[19.813s] [ 31%] [32mBuilding CXX object CMakeFiles/naoqi_bridge_msgs__rosidl_typesupport_cpp.dir/rosidl_typesupport_cpp/naoqi_bridge_msgs/srv/get_float__type_support.cpp.o[0m
[19.817s] [ 31%] [32mBuilding CXX object CMakeFiles/naoqi_bridge_msgs__rosidl_typesupport_fastrtps_cpp.dir/rosidl_typesupport_fastrtps_cpp/naoqi_bridge_msgs/msg/detail/dds_fastrtps/robot_info__type_support.cpp.o[0m
[20.322s] [ 31%] [32mBuilding CXX object CMakeFiles/naoqi_bridge_msgs__rosidl_typesupport_cpp.dir/rosidl_typesupport_cpp/naoqi_bridge_msgs/srv/get_installed_behaviors__type_support.cpp.o[0m
[20.377s] [ 31%] [32mBuilding CXX object CMakeFiles/naoqi_bridge_msgs__rosidl_typesupport_fastrtps_cpp.dir/rosidl_typesupport_fastrtps_cpp/naoqi_bridge_msgs/msg/detail/dds_fastrtps/sound_located__type_support.cpp.o[0m
[20.410s] [ 31%] [32mBuilding CXX object CMakeFiles/naoqi_bridge_msgs__rosidl_typesupport_introspection_cpp.dir/rosidl_typesupport_introspection_cpp/naoqi_bridge_msgs/msg/detail/status_change_stamped__type_support.cpp.o[0m
[26.047s] [ 31%] [32mBuilding CXX object CMakeFiles/naoqi_bridge_msgs__rosidl_typesupport_introspection_cpp.dir/rosidl_typesupport_introspection_cpp/naoqi_bridge_msgs/msg/detail/string_array_stamped__type_support.cpp.o[0m
[57.526s] [ 31%] [32mBuilding CXX object CMakeFiles/naoqi_bridge_msgs__rosidl_typesupport_cpp.dir/rosidl_typesupport_cpp/naoqi_bridge_msgs/srv/get_robot_info__type_support.cpp.o[0m
[57.920s] [ 32%] [32mBuilding CXX object CMakeFiles/naoqi_bridge_msgs__rosidl_typesupport_fastrtps_cpp.dir/rosidl_typesupport_fastrtps_cpp/naoqi_bridge_msgs/msg/detail/dds_fastrtps/status_change_stamped__type_support.cpp.o[0m
[57.920s] [ 32%] [32mBuilding CXX object CMakeFiles/naoqi_bridge_msgs__rosidl_typesupport_cpp.dir/rosidl_typesupport_cpp/naoqi_bridge_msgs/srv/get_string__type_support.cpp.o[0m
[57.921s] [ 32%] [32mBuilding C object CMakeFiles/naoqi_bridge_msgs__rosidl_generator_c.dir/rosidl_generator_c/naoqi_bridge_msgs/action/detail/speech_with_feedback__functions.c.o[0m
[57.921s] [ 32%] [32mBuilding CXX object CMakeFiles/naoqi_bridge_msgs__rosidl_typesupport_introspection_cpp.dir/rosidl_typesupport_introspection_cpp/naoqi_bridge_msgs/msg/detail/string_stamped__type_support.cpp.o[0m
[59.321s] [ 32%] [32mBuilding CXX object CMakeFiles/naoqi_bridge_msgs__rosidl_typesupport_fastrtps_cpp.dir/rosidl_typesupport_fastrtps_cpp/naoqi_bridge_msgs/msg/detail/dds_fastrtps/string_array_stamped__type_support.cpp.o[0m
[59.607s] [ 32%] [32mBuilding CXX object CMakeFiles/naoqi_bridge_msgs__rosidl_typesupport_cpp.dir/rosidl_typesupport_cpp/naoqi_bridge_msgs/srv/get_truepose__type_support.cpp.o[0m
[60.320s] [ 32%] [32mBuilding CXX object CMakeFiles/naoqi_bridge_msgs__rosidl_typesupport_fastrtps_cpp.dir/rosidl_typesupport_fastrtps_cpp/naoqi_bridge_msgs/msg/detail/dds_fastrtps/string_stamped__type_support.cpp.o[0m
[60.323s] [ 32%] [32mBuilding CXX object CMakeFiles/naoqi_bridge_msgs__rosidl_typesupport_introspection_cpp.dir/rosidl_typesupport_introspection_cpp/naoqi_bridge_msgs/msg/detail/word_recognized__type_support.cpp.o[0m
[60.348s] [ 32%] [32m[1mLinking C shared library libnaoqi_bridge_msgs__rosidl_generator_c.so[0m
[60.874s] [ 32%] [32mBuilding CXX object CMakeFiles/naoqi_bridge_msgs__rosidl_typesupport_fastrtps_cpp.dir/rosidl_typesupport_fastrtps_cpp/naoqi_bridge_msgs/msg/detail/dds_fastrtps/word_recognized__type_support.cpp.o[0m
[61.121s] [ 33%] [32mBuilding CXX object CMakeFiles/naoqi_bridge_msgs__rosidl_typesupport_cpp.dir/rosidl_typesupport_cpp/naoqi_bridge_msgs/srv/orthogonal_security_distance__type_support.cpp.o[0m
[61.924s] [ 33%] Built target naoqi_bridge_msgs__rosidl_generator_c
[61.963s] [ 33%] [32mBuilding CXX object CMakeFiles/naoqi_bridge_msgs__rosidl_typesupport_cpp.dir/rosidl_typesupport_cpp/naoqi_bridge_msgs/srv/set_arms_enabled__type_support.cpp.o[0m
[62.070s] [ 34%] [32mBuilding CXX object CMakeFiles/naoqi_bridge_msgs__rosidl_typesupport_introspection_cpp.dir/rosidl_typesupport_introspection_cpp/naoqi_bridge_msgs/srv/detail/cmd_pose_service__type_support.cpp.o[0m
[62.249s] [ 34%] [32mBuilding CXX object CMakeFiles/naoqi_bridge_msgs__rosidl_typesupport_cpp.dir/rosidl_typesupport_cpp/naoqi_bridge_msgs/srv/set_float__type_support.cpp.o[0m
[62.337s] [ 34%] [32mBuilding CXX object CMakeFiles/naoqi_bridge_msgs__rosidl_typesupport_introspection_cpp.dir/rosidl_typesupport_introspection_cpp/naoqi_bridge_msgs/srv/detail/cmd_vel_service__type_support.cpp.o[0m
[62.415s] [35m[1mConsolidate compiler generated dependencies of target naoqi_bridge_msgs__rosidl_typesupport_fastrtps_c[0m
[62.527s] [ 34%] [32mBuilding CXX object CMakeFiles/naoqi_bridge_msgs__rosidl_typesupport_fastrtps_c.dir/rosidl_typesupport_fastrtps_c/naoqi_bridge_msgs/msg/detail/audio_buffer__type_support_c.cpp.o[0m
[62.779s] [35m[1mConsolidate compiler generated dependencies of target naoqi_bridge_msgs__rosidl_typesupport_introspection_c[0m
[62.837s] [ 34%] [32mBuilding C object CMakeFiles/naoqi_bridge_msgs__rosidl_typesupport_introspection_c.dir/rosidl_typesupport_introspection_c/naoqi_bridge_msgs/msg/detail/audio_buffer__type_support.c.o[0m
[62.844s] [ 35%] [32mBuilding CXX object CMakeFiles/naoqi_bridge_msgs__rosidl_typesupport_fastrtps_cpp.dir/rosidl_typesupport_fastrtps_cpp/naoqi_bridge_msgs/srv/detail/dds_fastrtps/cmd_pose_service__type_support.cpp.o[0m
[62.966s] [ 35%] [32mBuilding CXX object CMakeFiles/naoqi_bridge_msgs__rosidl_typesupport_cpp.dir/rosidl_typesupport_cpp/naoqi_bridge_msgs/srv/set_string__type_support.cpp.o[0m
[63.005s] [ 35%] [32mBuilding C object CMakeFiles/naoqi_bridge_msgs__rosidl_typesupport_introspection_c.dir/rosidl_typesupport_introspection_c/naoqi_bridge_msgs/msg/detail/body_roi__type_support.c.o[0m
[63.092s] [ 35%] [32mBuilding CXX object CMakeFiles/naoqi_bridge_msgs__rosidl_typesupport_fastrtps_c.dir/rosidl_typesupport_fastrtps_c/naoqi_bridge_msgs/msg/detail/body_roi__type_support_c.cpp.o[0m
[63.098s] [ 35%] [32mBuilding C object CMakeFiles/naoqi_bridge_msgs__rosidl_typesupport_introspection_c.dir/rosidl_typesupport_introspection_c/naoqi_bridge_msgs/msg/detail/bool_stamped__type_support.c.o[0m
[63.211s] [ 36%] [32mBuilding C object CMakeFiles/naoqi_bridge_msgs__rosidl_typesupport_introspection_c.dir/rosidl_typesupport_introspection_c/naoqi_bridge_msgs/msg/detail/bumper__type_support.c.o[0m
[63.300s] [ 36%] [32mBuilding C object CMakeFiles/naoqi_bridge_msgs__rosidl_typesupport_introspection_c.dir/rosidl_typesupport_introspection_c/naoqi_bridge_msgs/msg/detail/event_stamped__type_support.c.o[0m
[63.342s] [ 36%] [32mBuilding CXX object CMakeFiles/naoqi_bridge_msgs__rosidl_typesupport_introspection_cpp.dir/rosidl_typesupport_introspection_cpp/naoqi_bridge_msgs/srv/detail/get_body_roi__type_support.cpp.o[0m
[63.418s] [ 36%] [32mBuilding C object CMakeFiles/naoqi_bridge_msgs__rosidl_typesupport_introspection_c.dir/rosidl_typesupport_introspection_c/naoqi_bridge_msgs/msg/detail/face_roi__type_support.c.o[0m
[63.521s] [ 36%] [32mBuilding CXX object CMakeFiles/naoqi_bridge_msgs__rosidl_typesupport_fastrtps_c.dir/rosidl_typesupport_fastrtps_c/naoqi_bridge_msgs/msg/detail/bool_stamped__type_support_c.cpp.o[0m
[63.544s] [ 36%] [32mBuilding C object CMakeFiles/naoqi_bridge_msgs__rosidl_typesupport_introspection_c.dir/rosidl_typesupport_introspection_c/naoqi_bridge_msgs/msg/detail/fade_rgb__type_support.c.o[0m
[63.698s] [ 37%] [32mBuilding C object CMakeFiles/naoqi_bridge_msgs__rosidl_typesupport_introspection_c.dir/rosidl_typesupport_introspection_c/naoqi_bridge_msgs/msg/detail/float_array_stamped__type_support.c.o[0m
[63.847s] [ 38%] [32mBuilding CXX object CMakeFiles/naoqi_bridge_msgs__rosidl_typesupport_cpp.dir/rosidl_typesupport_cpp/naoqi_bridge_msgs/srv/set_transform__type_support.cpp.o[0m
[63.903s] [ 38%] [32mBuilding C object CMakeFiles/naoqi_bridge_msgs__rosidl_typesupport_introspection_c.dir/rosidl_typesupport_introspection_c/naoqi_bridge_msgs/msg/detail/float_stamped__type_support.c.o[0m
[63.992s] [ 38%] [32mBuilding CXX object CMakeFiles/naoqi_bridge_msgs__rosidl_typesupport_fastrtps_cpp.dir/rosidl_typesupport_fastrtps_cpp/naoqi_bridge_msgs/srv/detail/dds_fastrtps/cmd_vel_service__type_support.cpp.o[0m
[64.012s] [ 38%] [32mBuilding C object CMakeFiles/naoqi_bridge_msgs__rosidl_typesupport_introspection_c.dir/rosidl_typesupport_introspection_c/naoqi_bridge_msgs/msg/detail/hand_touch__type_support.c.o[0m
[64.130s] [ 38%] [32mBuilding C object CMakeFiles/naoqi_bridge_msgs__rosidl_typesupport_introspection_c.dir/rosidl_typesupport_introspection_c/naoqi_bridge_msgs/msg/detail/head_touch__type_support.c.o[0m
[64.256s] [ 38%] [32mBuilding C object CMakeFiles/naoqi_bridge_msgs__rosidl_typesupport_introspection_c.dir/rosidl_typesupport_introspection_c/naoqi_bridge_msgs/msg/detail/int_array_stamped__type_support.c.o[0m
[64.265s] [ 38%] [32mBuilding CXX object CMakeFiles/naoqi_bridge_msgs__rosidl_typesupport_cpp.dir/rosidl_typesupport_cpp/naoqi_bridge_msgs/srv/tangential_security_distance__type_support.cpp.o[0m
[64.411s] [ 39%] [32mBuilding C object CMakeFiles/naoqi_bridge_msgs__rosidl_typesupport_introspection_c.dir/rosidl_typesupport_introspection_c/naoqi_bridge_msgs/msg/detail/int_stamped__type_support.c.o[0m
[64.584s] [ 39%] [32mBuilding C object CMakeFiles/naoqi_bridge_msgs__rosidl_typesupport_introspection_c.dir/rosidl_typesupport_introspection_c/naoqi_bridge_msgs/msg/detail/joint_angle_trajectory__type_support.c.o[0m
[64.626s] [ 40%] [32mBuilding CXX object CMakeFiles/naoqi_bridge_msgs__rosidl_typesupport_fastrtps_c.dir/rosidl_typesupport_fastrtps_c/naoqi_bridge_msgs/msg/detail/bumper__type_support_c.cpp.o[0m
[64.760s] [ 40%] [32mBuilding CXX object CMakeFiles/naoqi_bridge_msgs__rosidl_typesupport_introspection_cpp.dir/rosidl_typesupport_introspection_cpp/naoqi_bridge_msgs/srv/detail/get_faces_roi__type_support.cpp.o[0m
[64.772s] [ 40%] [32mBuilding C object CMakeFiles/naoqi_bridge_msgs__rosidl_typesupport_introspection_c.dir/rosidl_typesupport_introspection_c/naoqi_bridge_msgs/msg/detail/joint_angles_with_speed__type_support.c.o[0m
[64.882s] [ 40%] [32mBuilding CXX object CMakeFiles/naoqi_bridge_msgs__rosidl_typesupport_cpp.dir/rosidl_typesupport_cpp/naoqi_bridge_msgs/action/blink__type_support.cpp.o[0m
[64.932s] [ 40%] [32mBuilding C object CMakeFiles/naoqi_bridge_msgs__rosidl_typesupport_introspection_c.dir/rosidl_typesupport_introspection_c/naoqi_bridge_msgs/msg/detail/memory_list__type_support.c.o[0m
[65.128s] [ 41%] [32mBuilding C object CMakeFiles/naoqi_bridge_msgs__rosidl_typesupport_introspection_c.dir/rosidl_typesupport_introspection_c/naoqi_bridge_msgs/msg/detail/memory_pair_float__type_support.c.o[0m
[65.154s] [ 41%] [32mBuilding CXX object CMakeFiles/naoqi_bridge_msgs__rosidl_typesupport_fastrtps_cpp.dir/rosidl_typesupport_fastrtps_cpp/naoqi_bridge_msgs/srv/detail/dds_fastrtps/get_body_roi__type_support.cpp.o[0m
[65.281s] [ 41%] [32mBuilding C object CMakeFiles/naoqi_bridge_msgs__rosidl_typesupport_introspection_c.dir/rosidl_typesupport_introspection_c/naoqi_bridge_msgs/msg/detail/memory_pair_int__type_support.c.o[0m
[65.417s] [ 41%] [32mBuilding C object CMakeFiles/naoqi_bridge_msgs__rosidl_typesupport_introspection_c.dir/rosidl_typesupport_introspection_c/naoqi_bridge_msgs/msg/detail/memory_pair_string__type_support.c.o[0m
[65.487s] [35m[1mConsolidate compiler generated dependencies of target naoqi_bridge_msgs__rosidl_typesupport_c[0m
[65.508s] [ 41%] [32mBuilding C object CMakeFiles/naoqi_bridge_msgs__rosidl_typesupport_introspection_c.dir/rosidl_typesupport_introspection_c/naoqi_bridge_msgs/msg/detail/pose_with_confidence_stamped__type_support.c.o[0m
[65.563s] [ 41%] [32mBuilding CXX object CMakeFiles/naoqi_bridge_msgs__rosidl_typesupport_c.dir/rosidl_typesupport_c/naoqi_bridge_msgs/msg/audio_buffer__type_support.cpp.o[0m
[65.572s] [ 41%] [32mBuilding CXX object CMakeFiles/naoqi_bridge_msgs__rosidl_typesupport_fastrtps_c.dir/rosidl_typesupport_fastrtps_c/naoqi_bridge_msgs/msg/detail/event_stamped__type_support_c.cpp.o[0m
[65.672s] [ 41%] [32mBuilding CXX object CMakeFiles/naoqi_bridge_msgs__rosidl_typesupport_c.dir/rosidl_typesupport_c/naoqi_bridge_msgs/msg/body_roi__type_support.cpp.o[0m
[65.676s] [ 42%] [32mBuilding C object CMakeFiles/naoqi_bridge_msgs__rosidl_typesupport_introspection_c.dir/rosidl_typesupport_introspection_c/naoqi_bridge_msgs/msg/detail/robot_info__type_support.c.o[0m
[65.778s] [ 42%] [32mBuilding CXX object CMakeFiles/naoqi_bridge_msgs__rosidl_typesupport_c.dir/rosidl_typesupport_c/naoqi_bridge_msgs/msg/bool_stamped__type_support.cpp.o[0m
[65.838s] [ 42%] [32mBuilding C object CMakeFiles/naoqi_bridge_msgs__rosidl_typesupport_introspection_c.dir/rosidl_typesupport_introspection_c/naoqi_bridge_msgs/msg/detail/sound_located__type_support.c.o[0m
[65.901s] [ 42%] [32mBuilding CXX object CMakeFiles/naoqi_bridge_msgs__rosidl_typesupport_c.dir/rosidl_typesupport_c/naoqi_bridge_msgs/msg/bumper__type_support.cpp.o[0m
[66.011s] [ 43%] [32mBuilding CXX object CMakeFiles/naoqi_bridge_msgs__rosidl_typesupport_c.dir/rosidl_typesupport_c/naoqi_bridge_msgs/msg/event_stamped__type_support.cpp.o[0m
[66.011s] [ 43%] [32mBuilding C object CMakeFiles/naoqi_bridge_msgs__rosidl_typesupport_introspection_c.dir/rosidl_typesupport_introspection_c/naoqi_bridge_msgs/msg/detail/status_change_stamped__type_support.c.o[0m
[66.100s] [ 44%] [32mBuilding CXX object CMakeFiles/naoqi_bridge_msgs__rosidl_typesupport_introspection_cpp.dir/rosidl_typesupport_introspection_cpp/naoqi_bridge_msgs/srv/detail/get_float__type_support.cpp.o[0m
[66.109s] [ 44%] [32mBuilding CXX object CMakeFiles/naoqi_bridge_msgs__rosidl_typesupport_c.dir/rosidl_typesupport_c/naoqi_bridge_msgs/msg/face_roi__type_support.cpp.o[0m
[66.123s] [ 44%] [32mBuilding C object CMakeFiles/naoqi_bridge_msgs__rosidl_typesupport_introspection_c.dir/rosidl_typesupport_introspection_c/naoqi_bridge_msgs/msg/detail/string_array_stamped__type_support.c.o[0m
[66.182s] [ 44%] [32mBuilding CXX object CMakeFiles/naoqi_bridge_msgs__rosidl_typesupport_c.dir/rosidl_typesupport_c/naoqi_bridge_msgs/msg/fade_rgb__type_support.cpp.o[0m
[66.262s] [ 44%] [32mBuilding CXX object CMakeFiles/naoqi_bridge_msgs__rosidl_typesupport_c.dir/rosidl_typesupport_c/naoqi_bridge_msgs/msg/float_array_stamped__type_support.cpp.o[0m
[66.286s] [ 44%] [32mBuilding C object CMakeFiles/naoqi_bridge_msgs__rosidl_typesupport_introspection_c.dir/rosidl_typesupport_introspection_c/naoqi_bridge_msgs/msg/detail/string_stamped__type_support.c.o[0m
[66.349s] [ 44%] [32mBuilding CXX object CMakeFiles/naoqi_bridge_msgs__rosidl_typesupport_cpp.dir/rosidl_typesupport_cpp/naoqi_bridge_msgs/action/body_pose__type_support.cpp.o[0m
[66.375s] [ 45%] [32mBuilding CXX object CMakeFiles/naoqi_bridge_msgs__rosidl_typesupport_c.dir/rosidl_typesupport_c/naoqi_bridge_msgs/msg/float_stamped__type_support.cpp.o[0m
[66.413s] [ 46%] [32mBuilding C object CMakeFiles/naoqi_bridge_msgs__rosidl_typesupport_introspection_c.dir/rosidl_typesupport_introspection_c/naoqi_bridge_msgs/msg/detail/word_recognized__type_support.c.o[0m
[66.473s] [ 46%] [32mBuilding CXX object CMakeFiles/naoqi_bridge_msgs__rosidl_typesupport_c.dir/rosidl_typesupport_c/naoqi_bridge_msgs/msg/hand_touch__type_support.cpp.o[0m
[66.566s] [ 46%] [32mBuilding C object CMakeFiles/naoqi_bridge_msgs__rosidl_typesupport_introspection_c.dir/rosidl_typesupport_introspection_c/naoqi_bridge_msgs/srv/detail/cmd_pose_service__type_support.c.o[0m
[66.569s] [ 46%] [32mBuilding CXX object CMakeFiles/naoqi_bridge_msgs__rosidl_typesupport_c.dir/rosidl_typesupport_c/naoqi_bridge_msgs/msg/head_touch__type_support.cpp.o[0m
[66.647s] [ 46%] [32mBuilding CXX object CMakeFiles/naoqi_bridge_msgs__rosidl_typesupport_fastrtps_cpp.dir/rosidl_typesupport_fastrtps_cpp/naoqi_bridge_msgs/srv/detail/dds_fastrtps/get_faces_roi__type_support.cpp.o[0m
[66.676s] [ 46%] [32mBuilding CXX object CMakeFiles/naoqi_bridge_msgs__rosidl_typesupport_c.dir/rosidl_typesupport_c/naoqi_bridge_msgs/msg/int_array_stamped__type_support.cpp.o[0m
[66.687s] [ 46%] [32mBuilding CXX object CMakeFiles/naoqi_bridge_msgs__rosidl_typesupport_fastrtps_c.dir/rosidl_typesupport_fastrtps_c/naoqi_bridge_msgs/msg/detail/face_roi__type_support_c.cpp.o[0m
[66.707s] [ 46%] [32mBuilding C object CMakeFiles/naoqi_bridge_msgs__rosidl_typesupport_introspection_c.dir/rosidl_typesupport_introspection_c/naoqi_bridge_msgs/srv/detail/cmd_vel_service__type_support.c.o[0m
[66.789s] [ 47%] [32mBuilding CXX object CMakeFiles/naoqi_bridge_msgs__rosidl_typesupport_c.dir/rosidl_typesupport_c/naoqi_bridge_msgs/msg/int_stamped__type_support.cpp.o[0m
[66.836s] [ 47%] [32mBuilding C object CMakeFiles/naoqi_bridge_msgs__rosidl_typesupport_introspection_c.dir/rosidl_typesupport_introspection_c/naoqi_bridge_msgs/srv/detail/get_body_roi__type_support.c.o[0m
[66.907s] [ 47%] [32mBuilding CXX object CMakeFiles/naoqi_bridge_msgs__rosidl_typesupport_c.dir/rosidl_typesupport_c/naoqi_bridge_msgs/msg/joint_angle_trajectory__type_support.cpp.o[0m
[66.998s] [ 47%] [32mBuilding CXX object CMakeFiles/naoqi_bridge_msgs__rosidl_typesupport_c.dir/rosidl_typesupport_c/naoqi_bridge_msgs/msg/joint_angles_with_speed__type_support.cpp.o[0m
[67.038s] [ 48%] [32mBuilding C object CMakeFiles/naoqi_bridge_msgs__rosidl_typesupport_introspection_c.dir/rosidl_typesupport_introspection_c/naoqi_bridge_msgs/srv/detail/get_faces_roi__type_support.c.o[0m
[67.110s] [ 48%] [32mBuilding CXX object CMakeFiles/naoqi_bridge_msgs__rosidl_typesupport_c.dir/rosidl_typesupport_c/naoqi_bridge_msgs/msg/memory_list__type_support.cpp.o[0m
[67.231s] [ 48%] [32mBuilding C object CMakeFiles/naoqi_bridge_msgs__rosidl_typesupport_introspection_c.dir/rosidl_typesupport_introspection_c/naoqi_bridge_msgs/srv/detail/get_float__type_support.c.o[0m
[67.247s] [ 49%] [32mBuilding CXX object CMakeFiles/naoqi_bridge_msgs__rosidl_typesupport_c.dir/rosidl_typesupport_c/naoqi_bridge_msgs/msg/memory_pair_float__type_support.cpp.o[0m
[67.334s] [ 49%] [32mBuilding CXX object CMakeFiles/naoqi_bridge_msgs__rosidl_typesupport_introspection_cpp.dir/rosidl_typesupport_introspection_cpp/naoqi_bridge_msgs/srv/detail/get_installed_behaviors__type_support.cpp.o[0m
[67.342s] [ 49%] [32mBuilding CXX object CMakeFiles/naoqi_bridge_msgs__rosidl_typesupport_c.dir/rosidl_typesupport_c/naoqi_bridge_msgs/msg/memory_pair_int__type_support.cpp.o[0m
[67.370s] [ 49%] [32mBuilding C object CMakeFiles/naoqi_bridge_msgs__rosidl_typesupport_introspection_c.dir/rosidl_typesupport_introspection_c/naoqi_bridge_msgs/srv/detail/get_installed_behaviors__type_support.c.o[0m
[67.429s] [ 49%] [32mBuilding CXX object CMakeFiles/naoqi_bridge_msgs__rosidl_typesupport_c.dir/rosidl_typesupport_c/naoqi_bridge_msgs/msg/memory_pair_string__type_support.cpp.o[0m
[67.523s] [ 49%] [32mBuilding C object CMakeFiles/naoqi_bridge_msgs__rosidl_typesupport_introspection_c.dir/rosidl_typesupport_introspection_c/naoqi_bridge_msgs/srv/detail/get_robot_info__type_support.c.o[0m
[67.530s] [ 49%] [32mBuilding CXX object CMakeFiles/naoqi_bridge_msgs__rosidl_typesupport_c.dir/rosidl_typesupport_c/naoqi_bridge_msgs/msg/pose_with_confidence_stamped__type_support.cpp.o[0m
[67.610s] [ 49%] [32mBuilding CXX object CMakeFiles/naoqi_bridge_msgs__rosidl_typesupport_c.dir/rosidl_typesupport_c/naoqi_bridge_msgs/msg/robot_info__type_support.cpp.o[0m
[67.643s] [ 50%] [32mBuilding C object CMakeFiles/naoqi_bridge_msgs__rosidl_typesupport_introspection_c.dir/rosidl_typesupport_introspection_c/naoqi_bridge_msgs/srv/detail/get_string__type_support.c.o[0m
[67.684s] [ 51%] [32mBuilding CXX object CMakeFiles/naoqi_bridge_msgs__rosidl_typesupport_c.dir/rosidl_typesupport_c/naoqi_bridge_msgs/msg/sound_located__type_support.cpp.o[0m
[67.761s] [ 51%] [32mBuilding CXX object CMakeFiles/naoqi_bridge_msgs__rosidl_typesupport_fastrtps_c.dir/rosidl_typesupport_fastrtps_c/naoqi_bridge_msgs/msg/detail/fade_rgb__type_support_c.cpp.o[0m
[67.789s] [ 51%] [32mBuilding C object CMakeFiles/naoqi_bridge_msgs__rosidl_typesupport_introspection_c.dir/rosidl_typesupport_introspection_c/naoqi_bridge_msgs/srv/detail/get_truepose__type_support.c.o[0m
[67.792s] [ 51%] [32mBuilding CXX object CMakeFiles/naoqi_bridge_msgs__rosidl_typesupport_c.dir/rosidl_typesupport_c/naoqi_bridge_msgs/msg/status_change_stamped__type_support.cpp.o[0m
[67.892s] [ 51%] [32mBuilding CXX object CMakeFiles/naoqi_bridge_msgs__rosidl_typesupport_c.dir/rosidl_typesupport_c/naoqi_bridge_msgs/msg/string_array_stamped__type_support.cpp.o[0m
[67.904s] [ 52%] [32mBuilding CXX object CMakeFiles/naoqi_bridge_msgs__rosidl_typesupport_cpp.dir/rosidl_typesupport_cpp/naoqi_bridge_msgs/action/body_pose_with_speed__type_support.cpp.o[0m
[67.911s] [ 52%] [32mBuilding C object CMakeFiles/naoqi_bridge_msgs__rosidl_typesupport_introspection_c.dir/rosidl_typesupport_introspection_c/naoqi_bridge_msgs/srv/detail/orthogonal_security_distance__type_support.c.o[0m
[67.985s] [ 52%] [32mBuilding CXX object CMakeFiles/naoqi_bridge_msgs__rosidl_typesupport_c.dir/rosidl_typesupport_c/naoqi_bridge_msgs/msg/string_stamped__type_support.cpp.o[0m
[68.052s] [ 52%] [32mBuilding C object CMakeFiles/naoqi_bridge_msgs__rosidl_typesupport_introspection_c.dir/rosidl_typesupport_introspection_c/naoqi_bridge_msgs/srv/detail/set_arms_enabled__type_support.c.o[0m
[68.075s] [ 53%] [32mBuilding CXX object CMakeFiles/naoqi_bridge_msgs__rosidl_typesupport_c.dir/rosidl_typesupport_c/naoqi_bridge_msgs/msg/word_recognized__type_support.cpp.o[0m
[68.088s] [ 54%] [32mBuilding CXX object CMakeFiles/naoqi_bridge_msgs__rosidl_typesupport_fastrtps_cpp.dir/rosidl_typesupport_fastrtps_cpp/naoqi_bridge_msgs/srv/detail/dds_fastrtps/get_float__type_support.cpp.o[0m
[68.179s] [ 54%] [32mBuilding CXX object CMakeFiles/naoqi_bridge_msgs__rosidl_typesupport_c.dir/rosidl_typesupport_c/naoqi_bridge_msgs/srv/cmd_pose_service__type_support.cpp.o[0m
[68.207s] [ 54%] [32mBuilding C object CMakeFiles/naoqi_bridge_msgs__rosidl_typesupport_introspection_c.dir/rosidl_typesupport_introspection_c/naoqi_bridge_msgs/srv/detail/set_float__type_support.c.o[0m
[68.270s] [ 54%] [32mBuilding CXX object CMakeFiles/naoqi_bridge_msgs__rosidl_typesupport_c.dir/rosidl_typesupport_c/naoqi_bridge_msgs/srv/cmd_vel_service__type_support.cpp.o[0m
[68.364s] [ 55%] [32mBuilding C object CMakeFiles/naoqi_bridge_msgs__rosidl_typesupport_introspection_c.dir/rosidl_typesupport_introspection_c/naoqi_bridge_msgs/srv/detail/set_string__type_support.c.o[0m
[68.402s] [ 55%] [32mBuilding CXX object CMakeFiles/naoqi_bridge_msgs__rosidl_typesupport_c.dir/rosidl_typesupport_c/naoqi_bridge_msgs/srv/get_body_roi__type_support.cpp.o[0m
[68.511s] [ 56%] [32mBuilding CXX object CMakeFiles/naoqi_bridge_msgs__rosidl_typesupport_c.dir/rosidl_typesupport_c/naoqi_bridge_msgs/srv/get_faces_roi__type_support.cpp.o[0m
[68.524s] [ 56%] [32mBuilding C object CMakeFiles/naoqi_bridge_msgs__rosidl_typesupport_introspection_c.dir/rosidl_typesupport_introspection_c/naoqi_bridge_msgs/srv/detail/set_transform__type_support.c.o[0m
[68.636s] [ 56%] [32mBuilding CXX object CMakeFiles/naoqi_bridge_msgs__rosidl_typesupport_c.dir/rosidl_typesupport_c/naoqi_bridge_msgs/srv/get_float__type_support.cpp.o[0m
[68.649s] [ 56%] [32mBuilding C object CMakeFiles/naoqi_bridge_msgs__rosidl_typesupport_introspection_c.dir/rosidl_typesupport_introspection_c/naoqi_bridge_msgs/srv/detail/tangential_security_distance__type_support.c.o[0m
[68.657s] [ 56%] [32mBuilding CXX object CMakeFiles/naoqi_bridge_msgs__rosidl_typesupport_introspection_cpp.dir/rosidl_typesupport_introspection_cpp/naoqi_bridge_msgs/srv/detail/get_robot_info__type_support.cpp.o[0m
[68.741s] [ 56%] [32mBuilding CXX object CMakeFiles/naoqi_bridge_msgs__rosidl_typesupport_c.dir/rosidl_typesupport_c/naoqi_bridge_msgs/srv/get_installed_behaviors__type_support.cpp.o[0m
[68.778s] [ 56%] [32mBuilding CXX object CMakeFiles/naoqi_bridge_msgs__rosidl_typesupport_fastrtps_c.dir/rosidl_typesupport_fastrtps_c/naoqi_bridge_msgs/msg/detail/float_array_stamped__type_support_c.cpp.o[0m
[68.779s] [ 56%] [32mBuilding C object CMakeFiles/naoqi_bridge_msgs__rosidl_typesupport_introspection_c.dir/rosidl_typesupport_introspection_c/naoqi_bridge_msgs/action/detail/blink__type_support.c.o[0m
[68.833s] [ 56%] [32mBuilding CXX object CMakeFiles/naoqi_bridge_msgs__rosidl_typesupport_c.dir/rosidl_typesupport_c/naoqi_bridge_msgs/srv/get_robot_info__type_support.cpp.o[0m
[68.928s] [ 56%] [32mBuilding CXX object CMakeFiles/naoqi_bridge_msgs__rosidl_typesupport_c.dir/rosidl_typesupport_c/naoqi_bridge_msgs/srv/get_string__type_support.cpp.o[0m
[69.007s] [ 57%] [32mBuilding C object CMakeFiles/naoqi_bridge_msgs__rosidl_typesupport_introspection_c.dir/rosidl_typesupport_introspection_c/naoqi_bridge_msgs/action/detail/body_pose__type_support.c.o[0m
[69.024s] [ 58%] [32mBuilding CXX object CMakeFiles/naoqi_bridge_msgs__rosidl_typesupport_c.dir/rosidl_typesupport_c/naoqi_bridge_msgs/srv/get_truepose__type_support.cpp.o[0m
[69.134s] [ 58%] [32mBuilding CXX object CMakeFiles/naoqi_bridge_msgs__rosidl_typesupport_c.dir/rosidl_typesupport_c/naoqi_bridge_msgs/srv/orthogonal_security_distance__type_support.cpp.o[0m
[69.189s] [ 58%] [32mBuilding C object CMakeFiles/naoqi_bridge_msgs__rosidl_typesupport_introspection_c.dir/rosidl_typesupport_introspection_c/naoqi_bridge_msgs/action/detail/body_pose_with_speed__type_support.c.o[0m
[69.217s] [ 58%] [32mBuilding CXX object CMakeFiles/naoqi_bridge_msgs__rosidl_typesupport_cpp.dir/rosidl_typesupport_cpp/naoqi_bridge_msgs/action/follow_path__type_support.cpp.o[0m
[69.232s] [ 58%] [32mBuilding CXX object CMakeFiles/naoqi_bridge_msgs__rosidl_typesupport_c.dir/rosidl_typesupport_c/naoqi_bridge_msgs/srv/set_arms_enabled__type_support.cpp.o[0m
[69.315s] [ 58%] [32mBuilding CXX object CMakeFiles/naoqi_bridge_msgs__rosidl_typesupport_c.dir/rosidl_typesupport_c/naoqi_bridge_msgs/srv/set_float__type_support.cpp.o[0m
[69.331s] [ 58%] [32mBuilding CXX object CMakeFiles/naoqi_bridge_msgs__rosidl_typesupport_fastrtps_cpp.dir/rosidl_typesupport_fastrtps_cpp/naoqi_bridge_msgs/srv/detail/dds_fastrtps/get_installed_behaviors__type_support.cpp.o[0m
[69.393s] [ 58%] [32mBuilding C object CMakeFiles/naoqi_bridge_msgs__rosidl_typesupport_introspection_c.dir/rosidl_typesupport_introspection_c/naoqi_bridge_msgs/action/detail/follow_path__type_support.c.o[0m
[69.404s] [ 59%] [32mBuilding CXX object CMakeFiles/naoqi_bridge_msgs__rosidl_typesupport_c.dir/rosidl_typesupport_c/naoqi_bridge_msgs/srv/set_string__type_support.cpp.o[0m
[69.497s] [ 59%] [32mBuilding CXX object CMakeFiles/naoqi_bridge_msgs__rosidl_typesupport_c.dir/rosidl_typesupport_c/naoqi_bridge_msgs/srv/set_transform__type_support.cpp.o[0m
[69.589s] [ 59%] [32mBuilding C object CMakeFiles/naoqi_bridge_msgs__rosidl_typesupport_introspection_c.dir/rosidl_typesupport_introspection_c/naoqi_bridge_msgs/action/detail/joint_angles_with_speed__type_support.c.o[0m
[69.602s] [ 59%] [32mBuilding CXX object CMakeFiles/naoqi_bridge_msgs__rosidl_typesupport_c.dir/rosidl_typesupport_c/naoqi_bridge_msgs/srv/tangential_security_distance__type_support.cpp.o[0m
[69.691s] [ 60%] [32mBuilding CXX object CMakeFiles/naoqi_bridge_msgs__rosidl_typesupport_fastrtps_c.dir/rosidl_typesupport_fastrtps_c/naoqi_bridge_msgs/msg/detail/float_stamped__type_support_c.cpp.o[0m
[69.711s] [ 60%] [32mBuilding CXX object CMakeFiles/naoqi_bridge_msgs__rosidl_typesupport_introspection_cpp.dir/rosidl_typesupport_introspection_cpp/naoqi_bridge_msgs/srv/detail/get_string__type_support.cpp.o[0m
[69.711s] [ 60%] [32mBuilding CXX object CMakeFiles/naoqi_bridge_msgs__rosidl_typesupport_c.dir/rosidl_typesupport_c/naoqi_bridge_msgs/action/blink__type_support.cpp.o[0m
[69.875s] [ 61%] [32mBuilding C object CMakeFiles/naoqi_bridge_msgs__rosidl_typesupport_introspection_c.dir/rosidl_typesupport_introspection_c/naoqi_bridge_msgs/action/detail/joint_trajectory__type_support.c.o[0m
[69.875s] [ 62%] [32mBuilding CXX object CMakeFiles/naoqi_bridge_msgs__rosidl_typesupport_c.dir/rosidl_typesupport_c/naoqi_bridge_msgs/action/body_pose__type_support.cpp.o[0m
[70.066s] [ 62%] [32mBuilding CXX object CMakeFiles/naoqi_bridge_msgs__rosidl_typesupport_c.dir/rosidl_typesupport_c/naoqi_bridge_msgs/action/body_pose_with_speed__type_support.cpp.o[0m
[70.165s] [ 62%] [32mBuilding C object CMakeFiles/naoqi_bridge_msgs__rosidl_typesupport_introspection_c.dir/rosidl_typesupport_introspection_c/naoqi_bridge_msgs/action/detail/listen__type_support.c.o[0m
[70.231s] [ 62%] [32mBuilding CXX object CMakeFiles/naoqi_bridge_msgs__rosidl_typesupport_c.dir/rosidl_typesupport_c/naoqi_bridge_msgs/action/follow_path__type_support.cpp.o[0m
[70.432s] [ 62%] [32mBuilding CXX object CMakeFiles/naoqi_bridge_msgs__rosidl_typesupport_c.dir/rosidl_typesupport_c/naoqi_bridge_msgs/action/joint_angles_with_speed__type_support.cpp.o[0m
[70.445s] [ 62%] [32mBuilding C object CMakeFiles/naoqi_bridge_msgs__rosidl_typesupport_introspection_c.dir/rosidl_typesupport_introspection_c/naoqi_bridge_msgs/action/detail/run_behavior__type_support.c.o[0m
[70.692s] [ 62%] [32mBuilding CXX object CMakeFiles/naoqi_bridge_msgs__rosidl_typesupport_c.dir/rosidl_typesupport_c/naoqi_bridge_msgs/action/joint_trajectory__type_support.cpp.o[0m
[70.795s] [ 62%] [32mBuilding CXX object CMakeFiles/naoqi_bridge_msgs__rosidl_typesupport_fastrtps_cpp.dir/rosidl_typesupport_fastrtps_cpp/naoqi_bridge_msgs/srv/detail/dds_fastrtps/get_robot_info__type_support.cpp.o[0m
[70.810s] [ 62%] [32mBuilding C object CMakeFiles/naoqi_bridge_msgs__rosidl_typesupport_introspection_c.dir/rosidl_typesupport_introspection_c/naoqi_bridge_msgs/action/detail/set_speech_vocabulary__type_support.c.o[0m
[70.839s] [ 62%] [32mBuilding CXX object CMakeFiles/naoqi_bridge_msgs__rosidl_typesupport_cpp.dir/rosidl_typesupport_cpp/naoqi_bridge_msgs/action/joint_angles_with_speed__type_support.cpp.o[0m
[70.890s] [ 63%] [32mBuilding CXX object CMakeFiles/naoqi_bridge_msgs__rosidl_typesupport_c.dir/rosidl_typesupport_c/naoqi_bridge_msgs/action/listen__type_support.cpp.o[0m
[70.915s] [ 63%] [32mBuilding CXX object CMakeFiles/naoqi_bridge_msgs__rosidl_typesupport_fastrtps_c.dir/rosidl_typesupport_fastrtps_c/naoqi_bridge_msgs/msg/detail/hand_touch__type_support_c.cpp.o[0m
[71.045s] [ 64%] [32mBuilding CXX object CMakeFiles/naoqi_bridge_msgs__rosidl_typesupport_introspection_cpp.dir/rosidl_typesupport_introspection_cpp/naoqi_bridge_msgs/srv/detail/get_truepose__type_support.cpp.o[0m
[71.052s] [ 64%] [32mBuilding CXX object CMakeFiles/naoqi_bridge_msgs__rosidl_typesupport_c.dir/rosidl_typesupport_c/naoqi_bridge_msgs/action/run_behavior__type_support.cpp.o[0m
[71.057s] [ 65%] [32mBuilding C object CMakeFiles/naoqi_bridge_msgs__rosidl_typesupport_introspection_c.dir/rosidl_typesupport_introspection_c/naoqi_bridge_msgs/action/detail/speech_with_feedback__type_support.c.o[0m
[71.203s] [ 65%] [32mBuilding CXX object CMakeFiles/naoqi_bridge_msgs__rosidl_typesupport_c.dir/rosidl_typesupport_c/naoqi_bridge_msgs/action/set_speech_vocabulary__type_support.cpp.o[0m
[71.295s] [ 65%] [32m[1mLinking C shared library libnaoqi_bridge_msgs__rosidl_typesupport_introspection_c.so[0m
[71.341s] [ 65%] [32mBuilding CXX object CMakeFiles/naoqi_bridge_msgs__rosidl_typesupport_c.dir/rosidl_typesupport_c/naoqi_bridge_msgs/action/speech_with_feedback__type_support.cpp.o[0m
[71.487s] [ 66%] [32m[1mLinking CXX shared library libnaoqi_bridge_msgs__rosidl_typesupport_c.so[0m
[72.018s] [ 67%] Built target naoqi_bridge_msgs__rosidl_typesupport_introspection_c
[72.038s] [ 67%] [32mBuilding CXX object CMakeFiles/naoqi_bridge_msgs__rosidl_typesupport_fastrtps_cpp.dir/rosidl_typesupport_fastrtps_cpp/naoqi_bridge_msgs/srv/detail/dds_fastrtps/get_string__type_support.cpp.o[0m
[72.069s] [ 67%] [32mBuilding CXX object CMakeFiles/naoqi_bridge_msgs__rosidl_typesupport_fastrtps_c.dir/rosidl_typesupport_fastrtps_c/naoqi_bridge_msgs/msg/detail/head_touch__type_support_c.cpp.o[0m
[72.224s] [ 68%] Built target naoqi_bridge_msgs__rosidl_typesupport_c
[72.298s] [ 68%] [32mBuilding CXX object CMakeFiles/naoqi_bridge_msgs__rosidl_typesupport_cpp.dir/rosidl_typesupport_cpp/naoqi_bridge_msgs/action/joint_trajectory__type_support.cpp.o[0m
[72.299s] [ 68%] [32mBuilding CXX object CMakeFiles/naoqi_bridge_msgs__rosidl_typesupport_introspection_cpp.dir/rosidl_typesupport_introspection_cpp/naoqi_bridge_msgs/srv/detail/orthogonal_security_distance__type_support.cpp.o[0m
[72.299s] [ 68%] [32mBuilding CXX object CMakeFiles/naoqi_bridge_msgs__rosidl_typesupport_cpp.dir/rosidl_typesupport_cpp/naoqi_bridge_msgs/action/listen__type_support.cpp.o[0m
[72.538s] [ 68%] [32mBuilding CXX object CMakeFiles/naoqi_bridge_msgs__rosidl_typesupport_fastrtps_c.dir/rosidl_typesupport_fastrtps_c/naoqi_bridge_msgs/msg/detail/int_array_stamped__type_support_c.cpp.o[0m
[73.315s] [ 68%] [32mBuilding CXX object CMakeFiles/naoqi_bridge_msgs__rosidl_typesupport_fastrtps_cpp.dir/rosidl_typesupport_fastrtps_cpp/naoqi_bridge_msgs/srv/detail/dds_fastrtps/get_truepose__type_support.cpp.o[0m
[73.435s] [ 69%] [32mBuilding CXX object CMakeFiles/naoqi_bridge_msgs__rosidl_typesupport_fastrtps_cpp.dir/rosidl_typesupport_fastrtps_cpp/naoqi_bridge_msgs/srv/detail/dds_fastrtps/orthogonal_security_distance__type_support.cpp.o[0m
[73.522s] [ 69%] [32mBuilding CXX object CMakeFiles/naoqi_bridge_msgs__rosidl_typesupport_introspection_cpp.dir/rosidl_typesupport_introspection_cpp/naoqi_bridge_msgs/srv/detail/set_arms_enabled__type_support.cpp.o[0m
[73.556s] [ 70%] [32mBuilding CXX object CMakeFiles/naoqi_bridge_msgs__rosidl_typesupport_fastrtps_c.dir/rosidl_typesupport_fastrtps_c/naoqi_bridge_msgs/msg/detail/int_stamped__type_support_c.cpp.o[0m
[73.603s] [ 70%] [32mBuilding CXX object CMakeFiles/naoqi_bridge_msgs__rosidl_typesupport_fastrtps_c.dir/rosidl_typesupport_fastrtps_c/naoqi_bridge_msgs/msg/detail/joint_angle_trajectory__type_support_c.cpp.o[0m
[73.712s] [ 71%] [32mBuilding CXX object CMakeFiles/naoqi_bridge_msgs__rosidl_typesupport_cpp.dir/rosidl_typesupport_cpp/naoqi_bridge_msgs/action/run_behavior__type_support.cpp.o[0m
[74.511s] [ 71%] [32mBuilding CXX object CMakeFiles/naoqi_bridge_msgs__rosidl_typesupport_fastrtps_c.dir/rosidl_typesupport_fastrtps_c/naoqi_bridge_msgs/msg/detail/joint_angles_with_speed__type_support_c.cpp.o[0m
[74.625s] [ 71%] [32mBuilding CXX object CMakeFiles/naoqi_bridge_msgs__rosidl_typesupport_introspection_cpp.dir/rosidl_typesupport_introspection_cpp/naoqi_bridge_msgs/srv/detail/set_float__type_support.cpp.o[0m
[74.646s] [ 71%] [32mBuilding CXX object CMakeFiles/naoqi_bridge_msgs__rosidl_typesupport_fastrtps_c.dir/rosidl_typesupport_fastrtps_c/naoqi_bridge_msgs/msg/detail/memory_list__type_support_c.cpp.o[0m
[74.745s] [ 71%] [32mBuilding CXX object CMakeFiles/naoqi_bridge_msgs__rosidl_typesupport_fastrtps_cpp.dir/rosidl_typesupport_fastrtps_cpp/naoqi_bridge_msgs/srv/detail/dds_fastrtps/set_arms_enabled__type_support.cpp.o[0m
[74.779s] [ 71%] [32mBuilding CXX object CMakeFiles/naoqi_bridge_msgs__rosidl_typesupport_fastrtps_cpp.dir/rosidl_typesupport_fastrtps_cpp/naoqi_bridge_msgs/srv/detail/dds_fastrtps/set_float__type_support.cpp.o[0m
[75.335s] [ 71%] [32mBuilding CXX object CMakeFiles/naoqi_bridge_msgs__rosidl_typesupport_cpp.dir/rosidl_typesupport_cpp/naoqi_bridge_msgs/action/set_speech_vocabulary__type_support.cpp.o[0m
[75.785s] [ 72%] [32mBuilding CXX object CMakeFiles/naoqi_bridge_msgs__rosidl_typesupport_fastrtps_c.dir/rosidl_typesupport_fastrtps_c/naoqi_bridge_msgs/msg/detail/memory_pair_float__type_support_c.cpp.o[0m
[75.912s] [ 72%] [32mBuilding CXX object CMakeFiles/naoqi_bridge_msgs__rosidl_typesupport_introspection_cpp.dir/rosidl_typesupport_introspection_cpp/naoqi_bridge_msgs/srv/detail/set_string__type_support.cpp.o[0m
[76.155s] [ 73%] [32mBuilding CXX object CMakeFiles/naoqi_bridge_msgs__rosidl_typesupport_introspection_cpp.dir/rosidl_typesupport_introspection_cpp/naoqi_bridge_msgs/srv/detail/set_transform__type_support.cpp.o[0m
[76.231s] [ 73%] [32mBuilding CXX object CMakeFiles/naoqi_bridge_msgs__rosidl_typesupport_fastrtps_cpp.dir/rosidl_typesupport_fastrtps_cpp/naoqi_bridge_msgs/srv/detail/dds_fastrtps/set_string__type_support.cpp.o[0m
[76.241s] [ 73%] [32mBuilding CXX object CMakeFiles/naoqi_bridge_msgs__rosidl_typesupport_cpp.dir/rosidl_typesupport_cpp/naoqi_bridge_msgs/action/speech_with_feedback__type_support.cpp.o[0m
[76.734s] [ 73%] [32mBuilding CXX object CMakeFiles/naoqi_bridge_msgs__rosidl_typesupport_fastrtps_c.dir/rosidl_typesupport_fastrtps_c/naoqi_bridge_msgs/msg/detail/memory_pair_int__type_support_c.cpp.o[0m
[76.802s] [ 73%] [32mBuilding CXX object CMakeFiles/naoqi_bridge_msgs__rosidl_typesupport_introspection_cpp.dir/rosidl_typesupport_introspection_cpp/naoqi_bridge_msgs/srv/detail/tangential_security_distance__type_support.cpp.o[0m
[77.148s] [ 74%] [32mBuilding CXX object CMakeFiles/naoqi_bridge_msgs__rosidl_typesupport_fastrtps_cpp.dir/rosidl_typesupport_fastrtps_cpp/naoqi_bridge_msgs/srv/detail/dds_fastrtps/set_transform__type_support.cpp.o[0m
[77.244s] [ 74%] [32mBuilding CXX object CMakeFiles/naoqi_bridge_msgs__rosidl_typesupport_fastrtps_c.dir/rosidl_typesupport_fastrtps_c/naoqi_bridge_msgs/msg/detail/memory_pair_string__type_support_c.cpp.o[0m
[77.384s] [ 74%] [32m[1mLinking CXX shared library libnaoqi_bridge_msgs__rosidl_typesupport_cpp.so[0m
[77.473s] [ 74%] [32mBuilding CXX object CMakeFiles/naoqi_bridge_msgs__rosidl_typesupport_fastrtps_cpp.dir/rosidl_typesupport_fastrtps_cpp/naoqi_bridge_msgs/srv/detail/dds_fastrtps/tangential_security_distance__type_support.cpp.o[0m
[77.687s] [ 74%] [32mBuilding CXX object CMakeFiles/naoqi_bridge_msgs__rosidl_typesupport_fastrtps_cpp.dir/rosidl_typesupport_fastrtps_cpp/naoqi_bridge_msgs/action/detail/dds_fastrtps/blink__type_support.cpp.o[0m
[78.033s] [ 74%] [32mBuilding CXX object CMakeFiles/naoqi_bridge_msgs__rosidl_typesupport_introspection_cpp.dir/rosidl_typesupport_introspection_cpp/naoqi_bridge_msgs/action/detail/blink__type_support.cpp.o[0m
[78.142s] [ 74%] Built target naoqi_bridge_msgs__rosidl_typesupport_cpp
[78.166s] [ 74%] [32mBuilding CXX object CMakeFiles/naoqi_bridge_msgs__rosidl_typesupport_introspection_cpp.dir/rosidl_typesupport_introspection_cpp/naoqi_bridge_msgs/action/detail/body_pose__type_support.cpp.o[0m
[78.268s] [ 75%] [32mBuilding CXX object CMakeFiles/naoqi_bridge_msgs__rosidl_typesupport_introspection_cpp.dir/rosidl_typesupport_introspection_cpp/naoqi_bridge_msgs/action/detail/body_pose_with_speed__type_support.cpp.o[0m
[78.324s] [ 75%] [32mBuilding CXX object CMakeFiles/naoqi_bridge_msgs__rosidl_typesupport_fastrtps_c.dir/rosidl_typesupport_fastrtps_c/naoqi_bridge_msgs/msg/detail/pose_with_confidence_stamped__type_support_c.cpp.o[0m
[78.766s] [ 75%] [32mBuilding CXX object CMakeFiles/naoqi_bridge_msgs__rosidl_typesupport_fastrtps_cpp.dir/rosidl_typesupport_fastrtps_cpp/naoqi_bridge_msgs/action/detail/dds_fastrtps/body_pose__type_support.cpp.o[0m
[79.511s] [ 75%] [32mBuilding CXX object CMakeFiles/naoqi_bridge_msgs__rosidl_typesupport_fastrtps_c.dir/rosidl_typesupport_fastrtps_c/naoqi_bridge_msgs/msg/detail/robot_info__type_support_c.cpp.o[0m
[79.896s] [ 76%] [32mBuilding CXX object CMakeFiles/naoqi_bridge_msgs__rosidl_typesupport_fastrtps_cpp.dir/rosidl_typesupport_fastrtps_cpp/naoqi_bridge_msgs/action/detail/dds_fastrtps/body_pose_with_speed__type_support.cpp.o[0m
[80.180s] [ 76%] [32mBuilding CXX object CMakeFiles/naoqi_bridge_msgs__rosidl_typesupport_introspection_cpp.dir/rosidl_typesupport_introspection_cpp/naoqi_bridge_msgs/action/detail/follow_path__type_support.cpp.o[0m
[80.354s] [ 76%] [32mBuilding CXX object CMakeFiles/naoqi_bridge_msgs__rosidl_typesupport_introspection_cpp.dir/rosidl_typesupport_introspection_cpp/naoqi_bridge_msgs/action/detail/joint_angles_with_speed__type_support.cpp.o[0m
[80.427s] [ 77%] [32mBuilding CXX object CMakeFiles/naoqi_bridge_msgs__rosidl_typesupport_fastrtps_c.dir/rosidl_typesupport_fastrtps_c/naoqi_bridge_msgs/msg/detail/sound_located__type_support_c.cpp.o[0m
[80.659s] [ 77%] [32mBuilding CXX object CMakeFiles/naoqi_bridge_msgs__rosidl_typesupport_fastrtps_cpp.dir/rosidl_typesupport_fastrtps_cpp/naoqi_bridge_msgs/action/detail/dds_fastrtps/follow_path__type_support.cpp.o[0m
[80.887s] [ 77%] [32mBuilding CXX object CMakeFiles/naoqi_bridge_msgs__rosidl_typesupport_introspection_cpp.dir/rosidl_typesupport_introspection_cpp/naoqi_bridge_msgs/action/detail/joint_trajectory__type_support.cpp.o[0m
[81.346s] [ 77%] [32mBuilding CXX object CMakeFiles/naoqi_bridge_msgs__rosidl_typesupport_fastrtps_c.dir/rosidl_typesupport_fastrtps_c/naoqi_bridge_msgs/msg/detail/status_change_stamped__type_support_c.cpp.o[0m
[81.639s] [ 78%] [32mBuilding CXX object CMakeFiles/naoqi_bridge_msgs__rosidl_typesupport_introspection_cpp.dir/rosidl_typesupport_introspection_cpp/naoqi_bridge_msgs/action/detail/listen__type_support.cpp.o[0m
[82.115s] [ 78%] [32mBuilding CXX object CMakeFiles/naoqi_bridge_msgs__rosidl_typesupport_introspection_cpp.dir/rosidl_typesupport_introspection_cpp/naoqi_bridge_msgs/action/detail/run_behavior__type_support.cpp.o[0m
[82.357s] [ 78%] [32mBuilding CXX object CMakeFiles/naoqi_bridge_msgs__rosidl_typesupport_introspection_cpp.dir/rosidl_typesupport_introspection_cpp/naoqi_bridge_msgs/action/detail/set_speech_vocabulary__type_support.cpp.o[0m
[82.360s] [ 78%] [32mBuilding CXX object CMakeFiles/naoqi_bridge_msgs__rosidl_typesupport_fastrtps_c.dir/rosidl_typesupport_fastrtps_c/naoqi_bridge_msgs/msg/detail/string_array_stamped__type_support_c.cpp.o[0m
[82.449s] [ 78%] [32mBuilding CXX object CMakeFiles/naoqi_bridge_msgs__rosidl_typesupport_fastrtps_cpp.dir/rosidl_typesupport_fastrtps_cpp/naoqi_bridge_msgs/action/detail/dds_fastrtps/joint_angles_with_speed__type_support.cpp.o[0m
[82.976s] [ 78%] [32mBuilding CXX object CMakeFiles/naoqi_bridge_msgs__rosidl_typesupport_fastrtps_cpp.dir/rosidl_typesupport_fastrtps_cpp/naoqi_bridge_msgs/action/detail/dds_fastrtps/joint_trajectory__type_support.cpp.o[0m
[83.555s] [ 78%] [32mBuilding CXX object CMakeFiles/naoqi_bridge_msgs__rosidl_typesupport_fastrtps_c.dir/rosidl_typesupport_fastrtps_c/naoqi_bridge_msgs/msg/detail/string_stamped__type_support_c.cpp.o[0m
[83.735s] [ 78%] [32mBuilding CXX object CMakeFiles/naoqi_bridge_msgs__rosidl_typesupport_introspection_cpp.dir/rosidl_typesupport_introspection_cpp/naoqi_bridge_msgs/action/detail/speech_with_feedback__type_support.cpp.o[0m
[84.084s] [ 79%] [32mBuilding CXX object CMakeFiles/naoqi_bridge_msgs__rosidl_typesupport_fastrtps_cpp.dir/rosidl_typesupport_fastrtps_cpp/naoqi_bridge_msgs/action/detail/dds_fastrtps/listen__type_support.cpp.o[0m
[84.483s] [ 80%] [32mBuilding CXX object CMakeFiles/naoqi_bridge_msgs__rosidl_typesupport_fastrtps_c.dir/rosidl_typesupport_fastrtps_c/naoqi_bridge_msgs/msg/detail/word_recognized__type_support_c.cpp.o[0m
[84.562s] [ 80%] [32mBuilding CXX object CMakeFiles/naoqi_bridge_msgs__rosidl_typesupport_fastrtps_c.dir/rosidl_typesupport_fastrtps_c/naoqi_bridge_msgs/srv/detail/cmd_pose_service__type_support_c.cpp.o[0m
[84.757s] [ 80%] [32mBuilding CXX object CMakeFiles/naoqi_bridge_msgs__rosidl_typesupport_fastrtps_cpp.dir/rosidl_typesupport_fastrtps_cpp/naoqi_bridge_msgs/action/detail/dds_fastrtps/run_behavior__type_support.cpp.o[0m
[84.766s] [ 80%] [32mBuilding CXX object CMakeFiles/naoqi_bridge_msgs__rosidl_typesupport_fastrtps_c.dir/rosidl_typesupport_fastrtps_c/naoqi_bridge_msgs/srv/detail/cmd_vel_service__type_support_c.cpp.o[0m
[85.431s] [ 81%] [32m[1mLinking CXX shared library libnaoqi_bridge_msgs__rosidl_typesupport_introspection_cpp.so[0m
[85.589s] [ 81%] [32mBuilding CXX object CMakeFiles/naoqi_bridge_msgs__rosidl_typesupport_fastrtps_c.dir/rosidl_typesupport_fastrtps_c/naoqi_bridge_msgs/srv/detail/get_body_roi__type_support_c.cpp.o[0m
[85.682s] [ 82%] [32mBuilding CXX object CMakeFiles/naoqi_bridge_msgs__rosidl_typesupport_fastrtps_c.dir/rosidl_typesupport_fastrtps_c/naoqi_bridge_msgs/srv/detail/get_faces_roi__type_support_c.cpp.o[0m
[85.927s] [ 82%] [32mBuilding CXX object CMakeFiles/naoqi_bridge_msgs__rosidl_typesupport_fastrtps_c.dir/rosidl_typesupport_fastrtps_c/naoqi_bridge_msgs/srv/detail/get_float__type_support_c.cpp.o[0m
[86.303s] [ 82%] Built target naoqi_bridge_msgs__rosidl_typesupport_introspection_cpp
[86.357s] [ 82%] [32mBuilding CXX object CMakeFiles/naoqi_bridge_msgs__rosidl_typesupport_fastrtps_cpp.dir/rosidl_typesupport_fastrtps_cpp/naoqi_bridge_msgs/action/detail/dds_fastrtps/set_speech_vocabulary__type_support.cpp.o[0m
[86.473s] [ 82%] [32mBuilding CXX object CMakeFiles/naoqi_bridge_msgs__rosidl_typesupport_fastrtps_c.dir/rosidl_typesupport_fastrtps_c/naoqi_bridge_msgs/srv/detail/get_installed_behaviors__type_support_c.cpp.o[0m
[86.663s] [ 82%] [32mBuilding CXX object CMakeFiles/naoqi_bridge_msgs__rosidl_typesupport_fastrtps_cpp.dir/rosidl_typesupport_fastrtps_cpp/naoqi_bridge_msgs/action/detail/dds_fastrtps/speech_with_feedback__type_support.cpp.o[0m
[86.828s] [ 82%] [32mBuilding CXX object CMakeFiles/naoqi_bridge_msgs__rosidl_typesupport_fastrtps_c.dir/rosidl_typesupport_fastrtps_c/naoqi_bridge_msgs/srv/detail/get_robot_info__type_support_c.cpp.o[0m
[86.969s] [ 83%] [32mBuilding CXX object CMakeFiles/naoqi_bridge_msgs__rosidl_typesupport_fastrtps_c.dir/rosidl_typesupport_fastrtps_c/naoqi_bridge_msgs/srv/detail/get_string__type_support_c.cpp.o[0m
[87.039s] [ 83%] [32mBuilding CXX object CMakeFiles/naoqi_bridge_msgs__rosidl_typesupport_fastrtps_c.dir/rosidl_typesupport_fastrtps_c/naoqi_bridge_msgs/srv/detail/get_truepose__type_support_c.cpp.o[0m
[87.734s] [ 83%] [32mBuilding CXX object CMakeFiles/naoqi_bridge_msgs__rosidl_typesupport_fastrtps_c.dir/rosidl_typesupport_fastrtps_c/naoqi_bridge_msgs/srv/detail/orthogonal_security_distance__type_support_c.cpp.o[0m
[87.891s] [ 83%] [32mBuilding CXX object CMakeFiles/naoqi_bridge_msgs__rosidl_typesupport_fastrtps_c.dir/rosidl_typesupport_fastrtps_c/naoqi_bridge_msgs/srv/detail/set_arms_enabled__type_support_c.cpp.o[0m
[88.281s] [ 83%] [32mBuilding CXX object CMakeFiles/naoqi_bridge_msgs__rosidl_typesupport_fastrtps_c.dir/rosidl_typesupport_fastrtps_c/naoqi_bridge_msgs/srv/detail/set_float__type_support_c.cpp.o[0m
[88.348s] [ 84%] [32mBuilding CXX object CMakeFiles/naoqi_bridge_msgs__rosidl_typesupport_fastrtps_c.dir/rosidl_typesupport_fastrtps_c/naoqi_bridge_msgs/srv/detail/set_string__type_support_c.cpp.o[0m
[88.415s] [ 84%] [32mBuilding CXX object CMakeFiles/naoqi_bridge_msgs__rosidl_typesupport_fastrtps_c.dir/rosidl_typesupport_fastrtps_c/naoqi_bridge_msgs/srv/detail/set_transform__type_support_c.cpp.o[0m
[88.681s] [ 84%] [32m[1mLinking CXX shared library libnaoqi_bridge_msgs__rosidl_typesupport_fastrtps_cpp.so[0m
[88.792s] [ 84%] [32mBuilding CXX object CMakeFiles/naoqi_bridge_msgs__rosidl_typesupport_fastrtps_c.dir/rosidl_typesupport_fastrtps_c/naoqi_bridge_msgs/srv/detail/tangential_security_distance__type_support_c.cpp.o[0m
[88.839s] [ 84%] [32mBuilding CXX object CMakeFiles/naoqi_bridge_msgs__rosidl_typesupport_fastrtps_c.dir/rosidl_typesupport_fastrtps_c/naoqi_bridge_msgs/action/detail/blink__type_support_c.cpp.o[0m
[89.464s] [ 85%] [32mBuilding CXX object CMakeFiles/naoqi_bridge_msgs__rosidl_typesupport_fastrtps_c.dir/rosidl_typesupport_fastrtps_c/naoqi_bridge_msgs/action/detail/body_pose__type_support_c.cpp.o[0m
[89.499s] [ 85%] Built target naoqi_bridge_msgs__rosidl_typesupport_fastrtps_cpp
[89.521s] [ 85%] [32mBuilding CXX object CMakeFiles/naoqi_bridge_msgs__rosidl_typesupport_fastrtps_c.dir/rosidl_typesupport_fastrtps_c/naoqi_bridge_msgs/action/detail/body_pose_with_speed__type_support_c.cpp.o[0m
[89.532s] [ 85%] [32mBuilding CXX object CMakeFiles/naoqi_bridge_msgs__rosidl_typesupport_fastrtps_c.dir/rosidl_typesupport_fastrtps_c/naoqi_bridge_msgs/action/detail/follow_path__type_support_c.cpp.o[0m
[89.765s] [ 85%] [32mBuilding CXX object CMakeFiles/naoqi_bridge_msgs__rosidl_typesupport_fastrtps_c.dir/rosidl_typesupport_fastrtps_c/naoqi_bridge_msgs/action/detail/joint_angles_with_speed__type_support_c.cpp.o[0m
[89.939s] [ 86%] [32mBuilding CXX object CMakeFiles/naoqi_bridge_msgs__rosidl_typesupport_fastrtps_c.dir/rosidl_typesupport_fastrtps_c/naoqi_bridge_msgs/action/detail/joint_trajectory__type_support_c.cpp.o[0m
[90.048s] [ 86%] [32mBuilding CXX object CMakeFiles/naoqi_bridge_msgs__rosidl_typesupport_fastrtps_c.dir/rosidl_typesupport_fastrtps_c/naoqi_bridge_msgs/action/detail/listen__type_support_c.cpp.o[0m
[90.821s] [ 86%] [32mBuilding CXX object CMakeFiles/naoqi_bridge_msgs__rosidl_typesupport_fastrtps_c.dir/rosidl_typesupport_fastrtps_c/naoqi_bridge_msgs/action/detail/run_behavior__type_support_c.cpp.o[0m
[90.887s] [ 86%] [32mBuilding CXX object CMakeFiles/naoqi_bridge_msgs__rosidl_typesupport_fastrtps_c.dir/rosidl_typesupport_fastrtps_c/naoqi_bridge_msgs/action/detail/set_speech_vocabulary__type_support_c.cpp.o[0m
[91.063s] [ 86%] [32mBuilding CXX object CMakeFiles/naoqi_bridge_msgs__rosidl_typesupport_fastrtps_c.dir/rosidl_typesupport_fastrtps_c/naoqi_bridge_msgs/action/detail/speech_with_feedback__type_support_c.cpp.o[0m
[92.467s] [ 87%] [32m[1mLinking CXX shared library libnaoqi_bridge_msgs__rosidl_typesupport_fastrtps_c.so[0m
[93.143s] [ 88%] Built target naoqi_bridge_msgs__rosidl_typesupport_fastrtps_c
[93.239s] [ 88%] Built target naoqi_bridge_msgs
[93.333s] [ 88%] Built target naoqi_bridge_msgs__py
[93.463s] [35m[1mConsolidate compiler generated dependencies of target naoqi_bridge_msgs__rosidl_generator_py[0m
[93.652s] [ 88%] [32mBuilding C object CMakeFiles/naoqi_bridge_msgs__rosidl_generator_py.dir/rosidl_generator_py/naoqi_bridge_msgs/msg/_audio_buffer_s.c.o[0m
[93.659s] [ 89%] [32mBuilding C object CMakeFiles/naoqi_bridge_msgs__rosidl_generator_py.dir/rosidl_generator_py/naoqi_bridge_msgs/msg/_body_roi_s.c.o[0m
[93.667s] [ 89%] [32mBuilding C object CMakeFiles/naoqi_bridge_msgs__rosidl_generator_py.dir/rosidl_generator_py/naoqi_bridge_msgs/msg/_event_stamped_s.c.o[0m
[93.668s] [ 90%] [32mBuilding C object CMakeFiles/naoqi_bridge_msgs__rosidl_generator_py.dir/rosidl_generator_py/naoqi_bridge_msgs/msg/_face_roi_s.c.o[0m
[93.674s] [ 90%] [32mBuilding C object CMakeFiles/naoqi_bridge_msgs__rosidl_generator_py.dir/rosidl_generator_py/naoqi_bridge_msgs/msg/_bumper_s.c.o[0m
[93.674s] [ 90%] [32mBuilding C object CMakeFiles/naoqi_bridge_msgs__rosidl_generator_py.dir/rosidl_generator_py/naoqi_bridge_msgs/msg/_bool_stamped_s.c.o[0m
[94.365s] [ 90%] [32mBuilding C object CMakeFiles/naoqi_bridge_msgs__rosidl_generator_py.dir/rosidl_generator_py/naoqi_bridge_msgs/msg/_float_array_stamped_s.c.o[0m
[94.366s] [ 90%] [32mBuilding C object CMakeFiles/naoqi_bridge_msgs__rosidl_generator_py.dir/rosidl_generator_py/naoqi_bridge_msgs/msg/_fade_rgb_s.c.o[0m
[94.373s] [ 90%] [32mBuilding C object CMakeFiles/naoqi_bridge_msgs__rosidl_generator_py.dir/rosidl_generator_py/naoqi_bridge_msgs/msg/_float_stamped_s.c.o[0m
[94.407s] [ 91%] [32mBuilding C object CMakeFiles/naoqi_bridge_msgs__rosidl_generator_py.dir/rosidl_generator_py/naoqi_bridge_msgs/msg/_head_touch_s.c.o[0m
[94.409s] [ 91%] [32mBuilding C object CMakeFiles/naoqi_bridge_msgs__rosidl_generator_py.dir/rosidl_generator_py/naoqi_bridge_msgs/msg/_hand_touch_s.c.o[0m
[94.538s] [ 91%] [32mBuilding C object CMakeFiles/naoqi_bridge_msgs__rosidl_generator_py.dir/rosidl_generator_py/naoqi_bridge_msgs/msg/_int_array_stamped_s.c.o[0m
[94.980s] [ 92%] [32mBuilding C object CMakeFiles/naoqi_bridge_msgs__rosidl_generator_py.dir/rosidl_generator_py/naoqi_bridge_msgs/msg/_joint_angle_trajectory_s.c.o[0m
[94.980s] [ 92%] [32mBuilding C object CMakeFiles/naoqi_bridge_msgs__rosidl_generator_py.dir/rosidl_generator_py/naoqi_bridge_msgs/msg/_joint_angles_with_speed_s.c.o[0m
[94.984s] [ 92%] [32mBuilding C object CMakeFiles/naoqi_bridge_msgs__rosidl_generator_py.dir/rosidl_generator_py/naoqi_bridge_msgs/msg/_memory_list_s.c.o[0m
[94.996s] [ 92%] [32mBuilding C object CMakeFiles/naoqi_bridge_msgs__rosidl_generator_py.dir/rosidl_generator_py/naoqi_bridge_msgs/msg/_int_stamped_s.c.o[0m
[95.075s] [ 92%] [32mBuilding C object CMakeFiles/naoqi_bridge_msgs__rosidl_generator_py.dir/rosidl_generator_py/naoqi_bridge_msgs/msg/_memory_pair_float_s.c.o[0m
[95.339s] [ 92%] [32mBuilding C object CMakeFiles/naoqi_bridge_msgs__rosidl_generator_py.dir/rosidl_generator_py/naoqi_bridge_msgs/msg/_memory_pair_int_s.c.o[0m
[95.546s] [ 93%] [32mBuilding C object CMakeFiles/naoqi_bridge_msgs__rosidl_generator_py.dir/rosidl_generator_py/naoqi_bridge_msgs/msg/_memory_pair_string_s.c.o[0m
[95.555s] [ 93%] [32mBuilding C object CMakeFiles/naoqi_bridge_msgs__rosidl_generator_py.dir/rosidl_generator_py/naoqi_bridge_msgs/msg/_pose_with_confidence_stamped_s.c.o[0m
[95.710s] [ 93%] [32mBuilding C object CMakeFiles/naoqi_bridge_msgs__rosidl_generator_py.dir/rosidl_generator_py/naoqi_bridge_msgs/msg/_robot_info_s.c.o[0m
[95.763s] [ 93%] [32mBuilding C object CMakeFiles/naoqi_bridge_msgs__rosidl_generator_py.dir/rosidl_generator_py/naoqi_bridge_msgs/msg/_sound_located_s.c.o[0m
[95.821s] [ 94%] [32mBuilding C object CMakeFiles/naoqi_bridge_msgs__rosidl_generator_py.dir/rosidl_generator_py/naoqi_bridge_msgs/msg/_status_change_stamped_s.c.o[0m
[95.851s] [ 94%] [32mBuilding C object CMakeFiles/naoqi_bridge_msgs__rosidl_generator_py.dir/rosidl_generator_py/naoqi_bridge_msgs/msg/_string_array_stamped_s.c.o[0m
[95.996s] [ 94%] [32mBuilding C object CMakeFiles/naoqi_bridge_msgs__rosidl_generator_py.dir/rosidl_generator_py/naoqi_bridge_msgs/msg/_string_stamped_s.c.o[0m
[96.120s] [ 94%] [32mBuilding C object CMakeFiles/naoqi_bridge_msgs__rosidl_generator_py.dir/rosidl_generator_py/naoqi_bridge_msgs/msg/_word_recognized_s.c.o[0m
[96.172s] [ 95%] [32mBuilding C object CMakeFiles/naoqi_bridge_msgs__rosidl_generator_py.dir/rosidl_generator_py/naoqi_bridge_msgs/srv/_cmd_pose_service_s.c.o[0m
[96.309s] [ 95%] [32mBuilding C object CMakeFiles/naoqi_bridge_msgs__rosidl_generator_py.dir/rosidl_generator_py/naoqi_bridge_msgs/srv/_cmd_vel_service_s.c.o[0m
[96.359s] [ 95%] [32mBuilding C object CMakeFiles/naoqi_bridge_msgs__rosidl_generator_py.dir/rosidl_generator_py/naoqi_bridge_msgs/srv/_get_body_roi_s.c.o[0m
[96.383s] [ 95%] [32mBuilding C object CMakeFiles/naoqi_bridge_msgs__rosidl_generator_py.dir/rosidl_generator_py/naoqi_bridge_msgs/srv/_get_faces_roi_s.c.o[0m
[96.463s] [ 95%] [32mBuilding C object CMakeFiles/naoqi_bridge_msgs__rosidl_generator_py.dir/rosidl_generator_py/naoqi_bridge_msgs/srv/_get_float_s.c.o[0m
[96.652s] [ 96%] [32mBuilding C object CMakeFiles/naoqi_bridge_msgs__rosidl_generator_py.dir/rosidl_generator_py/naoqi_bridge_msgs/srv/_get_installed_behaviors_s.c.o[0m
[96.698s] [ 96%] [32mBuilding C object CMakeFiles/naoqi_bridge_msgs__rosidl_generator_py.dir/rosidl_generator_py/naoqi_bridge_msgs/srv/_get_robot_info_s.c.o[0m
[96.788s] [ 96%] [32mBuilding C object CMakeFiles/naoqi_bridge_msgs__rosidl_generator_py.dir/rosidl_generator_py/naoqi_bridge_msgs/srv/_get_string_s.c.o[0m
[96.909s] [ 96%] [32mBuilding C object CMakeFiles/naoqi_bridge_msgs__rosidl_generator_py.dir/rosidl_generator_py/naoqi_bridge_msgs/srv/_get_truepose_s.c.o[0m
[97.094s] [ 97%] [32mBuilding C object CMakeFiles/naoqi_bridge_msgs__rosidl_generator_py.dir/rosidl_generator_py/naoqi_bridge_msgs/srv/_orthogonal_security_distance_s.c.o[0m
[97.094s] [ 97%] [32mBuilding C object CMakeFiles/naoqi_bridge_msgs__rosidl_generator_py.dir/rosidl_generator_py/naoqi_bridge_msgs/srv/_set_arms_enabled_s.c.o[0m
[97.180s] [ 97%] [32mBuilding C object CMakeFiles/naoqi_bridge_msgs__rosidl_generator_py.dir/rosidl_generator_py/naoqi_bridge_msgs/srv/_set_float_s.c.o[0m
[97.205s] [ 97%] [32mBuilding C object CMakeFiles/naoqi_bridge_msgs__rosidl_generator_py.dir/rosidl_generator_py/naoqi_bridge_msgs/srv/_set_string_s.c.o[0m
[97.303s] [ 98%] [32mBuilding C object CMakeFiles/naoqi_bridge_msgs__rosidl_generator_py.dir/rosidl_generator_py/naoqi_bridge_msgs/srv/_set_transform_s.c.o[0m
[97.328s] [ 98%] [32mBuilding C object CMakeFiles/naoqi_bridge_msgs__rosidl_generator_py.dir/rosidl_generator_py/naoqi_bridge_msgs/srv/_tangential_security_distance_s.c.o[0m
[97.455s] [ 98%] [32mBuilding C object CMakeFiles/naoqi_bridge_msgs__rosidl_generator_py.dir/rosidl_generator_py/naoqi_bridge_msgs/action/_blink_s.c.o[0m
[97.466s] [ 98%] [32mBuilding C object CMakeFiles/naoqi_bridge_msgs__rosidl_generator_py.dir/rosidl_generator_py/naoqi_bridge_msgs/action/_body_pose_s.c.o[0m
[97.555s] [ 98%] [32mBuilding C object CMakeFiles/naoqi_bridge_msgs__rosidl_generator_py.dir/rosidl_generator_py/naoqi_bridge_msgs/action/_body_pose_with_speed_s.c.o[0m
[97.564s] [ 99%] [32mBuilding C object CMakeFiles/naoqi_bridge_msgs__rosidl_generator_py.dir/rosidl_generator_py/naoqi_bridge_msgs/action/_follow_path_s.c.o[0m
[97.667s] [ 99%] [32mBuilding C object CMakeFiles/naoqi_bridge_msgs__rosidl_generator_py.dir/rosidl_generator_py/naoqi_bridge_msgs/action/_joint_angles_with_speed_s.c.o[0m
[97.794s] [ 99%] [32mBuilding C object CMakeFiles/naoqi_bridge_msgs__rosidl_generator_py.dir/rosidl_generator_py/naoqi_bridge_msgs/action/_joint_trajectory_s.c.o[0m
[98.070s] [ 99%] [32mBuilding C object CMakeFiles/naoqi_bridge_msgs__rosidl_generator_py.dir/rosidl_generator_py/naoqi_bridge_msgs/action/_listen_s.c.o[0m
[98.147s] [100%] [32mBuilding C object CMakeFiles/naoqi_bridge_msgs__rosidl_generator_py.dir/rosidl_generator_py/naoqi_bridge_msgs/action/_run_behavior_s.c.o[0m
[98.202s] [100%] [32mBuilding C object CMakeFiles/naoqi_bridge_msgs__rosidl_generator_py.dir/rosidl_generator_py/naoqi_bridge_msgs/action/_set_speech_vocabulary_s.c.o[0m
[98.202s] [100%] [32mBuilding C object CMakeFiles/naoqi_bridge_msgs__rosidl_generator_py.dir/rosidl_generator_py/naoqi_bridge_msgs/action/_speech_with_feedback_s.c.o[0m
[98.986s] [100%] [32m[1mLinking C shared library rosidl_generator_py/naoqi_bridge_msgs/libnaoqi_bridge_msgs__rosidl_generator_py.so[0m
[99.662s] [100%] Built target naoqi_bridge_msgs__rosidl_generator_py
[99.767s] [35m[1mConsolidate compiler generated dependencies of target naoqi_bridge_msgs__rosidl_typesupport_fastrtps_c__pyext[0m
[99.767s] [35m[1mConsolidate compiler generated dependencies of target naoqi_bridge_msgs__rosidl_typesupport_c__pyext[0m
[99.767s] [35m[1mConsolidate compiler generated dependencies of target naoqi_bridge_msgs__rosidl_typesupport_introspection_c__pyext[0m
[99.856s] [100%] [32mBuilding C object CMakeFiles/naoqi_bridge_msgs__rosidl_typesupport_fastrtps_c__pyext.dir/rosidl_generator_py/naoqi_bridge_msgs/_naoqi_bridge_msgs_s.ep.rosidl_typesupport_fastrtps_c.c.o[0m
[99.858s] [100%] [32mBuilding C object CMakeFiles/naoqi_bridge_msgs__rosidl_typesupport_introspection_c__pyext.dir/rosidl_generator_py/naoqi_bridge_msgs/_naoqi_bridge_msgs_s.ep.rosidl_typesupport_introspection_c.c.o[0m
[99.860s] [100%] [32mBuilding C object CMakeFiles/naoqi_bridge_msgs__rosidl_typesupport_c__pyext.dir/rosidl_generator_py/naoqi_bridge_msgs/_naoqi_bridge_msgs_s.ep.rosidl_typesupport_c.c.o[0m
[731.656s] [100%] [32m[1mLinking C shared library rosidl_generator_py/naoqi_bridge_msgs/naoqi_bridge_msgs_s__rosidl_typesupport_introspection_c.cpython-310-x86_64-linux-gnu.so[0m
[731.882s] [100%] [32m[1mLinking C shared library rosidl_generator_py/naoqi_bridge_msgs/naoqi_bridge_msgs_s__rosidl_typesupport_fastrtps_c.cpython-310-x86_64-linux-gnu.so[0m
[732.153s] [100%] [32m[1mLinking C shared library rosidl_generator_py/naoqi_bridge_msgs/naoqi_bridge_msgs_s__rosidl_typesupport_c.cpython-310-x86_64-linux-gnu.so[0m
[732.267s] [100%] Built target naoqi_bridge_msgs__rosidl_typesupport_introspection_c__pyext
[732.431s] [100%] Built target naoqi_bridge_msgs__rosidl_typesupport_fastrtps_c__pyext
[732.601s] [100%] Built target naoqi_bridge_msgs__rosidl_typesupport_c__pyext
