[1.197s] Invoking command in '/home/chris/ros_ws/src/transform': PYTHONPATH=/home/chris/ros_ws/build/transform/prefix_override:/usr/lib/python3/dist-packages/colcon_core/task/python/colcon_distutils_commands:/home/chris/ros_ws/install/transform/lib/python3.10/site-packages:${PYTHONPATH} /usr/bin/python3 -W ignore:setup.py install is deprecated -W ignore:easy_install command is deprecated setup.py egg_info --egg-base ../../build/transform build --build-base /home/chris/ros_ws/build/transform/build install --record /home/chris/ros_ws/build/transform/install.log --single-version-externally-managed install_data
[1.478s] running egg_info
[1.479s] writing ../../build/transform/transform.egg-info/PKG-INFO
[1.479s] writing dependency_links to ../../build/transform/transform.egg-info/dependency_links.txt
[1.480s] writing entry points to ../../build/transform/transform.egg-info/entry_points.txt
[1.480s] writing requirements to ../../build/transform/transform.egg-info/requires.txt
[1.481s] writing top-level names to ../../build/transform/transform.egg-info/top_level.txt
[1.485s] reading manifest file '../../build/transform/transform.egg-info/SOURCES.txt'
[1.487s] writing manifest file '../../build/transform/transform.egg-info/SOURCES.txt'
[1.487s] running build
[1.488s] running build_py
[1.488s] running install
[1.488s] running install_lib
[1.490s] running install_data
[1.490s] running install_egg_info
[1.493s] removing '/home/chris/ros_ws/install/transform/lib/python3.10/site-packages/transform-0.0.1-py3.10.egg-info' (and everything under it)
[1.494s] Copying ../../build/transform/transform.egg-info to /home/chris/ros_ws/install/transform/lib/python3.10/site-packages/transform-0.0.1-py3.10.egg-info
[1.498s] running install_scripts
[1.526s] Installing pepper_tf script to /home/chris/ros_ws/install/transform/lib/transform
[1.526s] writing list of installed files to '/home/chris/ros_ws/build/transform/install.log'
[1.555s] Invoked command in '/home/chris/ros_ws/src/transform' returned '0': PYTHONPATH=/home/chris/ros_ws/build/transform/prefix_override:/usr/lib/python3/dist-packages/colcon_core/task/python/colcon_distutils_commands:/home/chris/ros_ws/install/transform/lib/python3.10/site-packages:${PYTHONPATH} /usr/bin/python3 -W ignore:setup.py install is deprecated -W ignore:easy_install command is deprecated setup.py egg_info --egg-base ../../build/transform build --build-base /home/chris/ros_ws/build/transform/build install --record /home/chris/ros_ws/build/transform/install.log --single-version-externally-managed install_data
