-- Found ament_cmake: 1.3.12 (/opt/ros/humble/share/ament_cmake/cmake)
-- Override CMake install command with custom implementation using symlinks instead of copying resources
-- Found rclcpp: 16.0.15 (/opt/ros/humble/share/rclcpp/cmake)
-- Found rosidl_generator_c: 3.1.7 (/opt/ros/humble/share/rosidl_generator_c/cmake)
-- Found rosidl_adapter: 3.1.7 (/opt/ros/humble/share/rosidl_adapter/cmake)
-- Found rosidl_generator_cpp: 3.1.7 (/opt/ros/humble/share/rosidl_generator_cpp/cmake)
-- Using all available rosidl_typesupport_c: rosidl_typesupport_fastrtps_c;rosidl_typesupport_introspection_c
-- Using all available rosidl_typesupport_cpp: rosidl_typesupport_fastrtps_cpp;rosidl_typesupport_introspection_cpp
-- Found rmw_implementation_cmake: 6.1.2 (/opt/ros/humble/share/rmw_implementation_cmake/cmake)
-- Found rmw_fastrtps_cpp: 6.2.8 (/opt/ros/humble/share/rmw_fastrtps_cpp/cmake)
-- Using RMW implementation 'rmw_fastrtps_cpp' as default
-- Found rosidl_default_generators: 1.2.0 (/opt/ros/humble/share/rosidl_default_generators/cmake)
-- Found cv_bridge: 3.2.1 (/opt/ros/humble/share/cv_bridge/cmake)
-- Found diagnostic_msgs: 4.9.0 (/opt/ros/humble/share/diagnostic_msgs/cmake)
-- Found diagnostic_updater: 4.0.6 (/opt/ros/humble/share/diagnostic_updater/cmake)
-- Found image_transport: 3.1.12 (/opt/ros/humble/share/image_transport/cmake)
-- Found kdl_parser: 2.6.4 (/opt/ros/humble/share/kdl_parser/cmake)
-- Found eigen3_cmake_module: 0.1.1 (/opt/ros/humble/share/eigen3_cmake_module/cmake)
-- Ensuring Eigen3 include directory is part of orocos-kdl CMake target
-- Found naoqi_bridge_msgs: 2.1.0 (/home/chris/ros_ws/install/naoqi_bridge_msgs/share/naoqi_bridge_msgs/cmake)
-- Found naoqi_libqi: 3.0.3 (/home/chris/ros_ws/install/naoqi_libqi/share/naoqi_libqi/cmake)
-- Found naoqi_libqicore: 3.0.0 (/home/chris/ros_ws/install/naoqi_libqicore/share/naoqi_libqicore/cmake)
-- Found robot_state_publisher: 3.0.3 (/opt/ros/humble/share/robot_state_publisher/cmake)
-- Found tf2_geometry_msgs: 0.25.16 (/opt/ros/humble/share/tf2_geometry_msgs/cmake)
-- Configuring done
-- Generating done
-- Build files have been written to: /home/chris/ros_ws/build/naoqi_driver
[35m[1mConsolidate compiler generated dependencies of target naoqi_driver[0m
[ 95%] Built target naoqi_driver
[35m[1mConsolidate compiler generated dependencies of target naoqi_driver_node[0m
[100%] Built target naoqi_driver_node
-- Install configuration: "Release"
-- Execute custom install script
-- Up-to-date symlink: /home/chris/ros_ws/install/naoqi_driver/lib//libnaoqi_driver.so
-- Up-to-date symlink: /home/chris/ros_ws/install/naoqi_driver/lib/naoqi_driver/naoqi_driver_node
-- Up-to-date symlink: /home/chris/ros_ws/install/naoqi_driver/share/naoqi_driver/share/boot_config.json
-- Up-to-date symlink: /home/chris/ros_ws/install/naoqi_driver/share/naoqi_driver/share/nao.rviz
-- Up-to-date symlink: /home/chris/ros_ws/install/naoqi_driver/share/naoqi_driver/share/pepper.rviz
-- Up-to-date symlink: /home/chris/ros_ws/install/naoqi_driver/share/naoqi_driver/share/urdf/nao.urdf
-- Up-to-date symlink: /home/chris/ros_ws/install/naoqi_driver/share/naoqi_driver/share/urdf/pepper.urdf
-- Up-to-date symlink: /home/chris/ros_ws/install/naoqi_driver/share/naoqi_driver/share/urdf/romeo.urdf
-- Up-to-date symlink: /home/chris/ros_ws/install/naoqi_driver/share/naoqi_driver/launch/naoqi_driver.launch
-- Up-to-date symlink: /home/chris/ros_ws/install/naoqi_driver/share/naoqi_driver/launch/naoqi_driver.launch.py
-- Up-to-date symlink: /home/chris/ros_ws/install/naoqi_driver/share/naoqi_driver/environment/library_path.sh
-- Up-to-date symlink: /home/chris/ros_ws/install/naoqi_driver/share/naoqi_driver/environment/library_path.dsv
-- Up-to-date symlink: /home/chris/ros_ws/install/naoqi_driver/share/ament_index/resource_index/package_run_dependencies/naoqi_driver
-- Up-to-date symlink: /home/chris/ros_ws/install/naoqi_driver/share/ament_index/resource_index/parent_prefix_path/naoqi_driver
-- Up-to-date symlink: /home/chris/ros_ws/install/naoqi_driver/share/naoqi_driver/environment/ament_prefix_path.sh
-- Up-to-date symlink: /home/chris/ros_ws/install/naoqi_driver/share/naoqi_driver/environment/ament_prefix_path.dsv
-- Up-to-date symlink: /home/chris/ros_ws/install/naoqi_driver/share/naoqi_driver/environment/path.sh
-- Up-to-date symlink: /home/chris/ros_ws/install/naoqi_driver/share/naoqi_driver/environment/path.dsv
-- Up-to-date symlink: /home/chris/ros_ws/install/naoqi_driver/share/naoqi_driver/local_setup.bash
-- Up-to-date symlink: /home/chris/ros_ws/install/naoqi_driver/share/naoqi_driver/local_setup.sh
-- Up-to-date symlink: /home/chris/ros_ws/install/naoqi_driver/share/naoqi_driver/local_setup.zsh
-- Up-to-date symlink: /home/chris/ros_ws/install/naoqi_driver/share/naoqi_driver/local_setup.dsv
-- Symlinking: /home/chris/ros_ws/install/naoqi_driver/share/naoqi_driver/package.dsv
-- Up-to-date symlink: /home/chris/ros_ws/install/naoqi_driver/share/ament_index/resource_index/packages/naoqi_driver
-- Up-to-date symlink: /home/chris/ros_ws/install/naoqi_driver/share/naoqi_driver/cmake/ament_cmake_export_libraries-extras.cmake
-- Up-to-date symlink: /home/chris/ros_ws/install/naoqi_driver/share/naoqi_driver/cmake/naoqi_driverConfig.cmake
-- Up-to-date symlink: /home/chris/ros_ws/install/naoqi_driver/share/naoqi_driver/cmake/naoqi_driverConfig-version.cmake
-- Up-to-date symlink: /home/chris/ros_ws/install/naoqi_driver/share/naoqi_driver/package.xml
