[1.227s] Invoking command in '/home/chris/ros_ws/build/naoqi_driver': CMAKE_PREFIX_PATH=/home/chris/ros_ws/install/naoqi_libqicore:/home/chris/ros_ws/install/naoqi_libqi:/home/chris/ros_ws/install/naoqi_bridge_msgs:/home/chris/ros_ws/install/wall_follower:/home/chris/ros_ws/install/rtabmap_ros:/home/chris/ros_ws/install/rtabmap_launch:/home/chris/ros_ws/install/rtabmap_examples:/home/chris/ros_ws/install/rtabmap_demos:/home/chris/ros_ws/install/rtabmap_viz:/home/chris/ros_ws/install/rtabmap_slam:/home/chris/ros_ws/install/rtabmap_odom:/home/chris/ros_ws/install/rtabmap_util:/home/chris/ros_ws/install/rtabmap_sync:/home/chris/ros_ws/install/rtabmap_rviz_plugins:/home/chris/ros_ws/install/rtabmap_conversions:/home/chris/ros_ws/install/rtabmap_msgs:/home/chris/ros_ws/install/rtabmap_costmap_plugins:/home/chris/ros_ws/install/rtabmap:/home/chris/ros_ws/install/pepper_wall_follower:/home/chris/ros_ws/install/pepper_meshes:/home/chris/ros_ws/install/naoqi_driver:/home/chris/ros_ws/install/nao_meshes:/home/chris/ros_ws/install/rtabmap_python:/opt/ros/humble LD_LIBRARY_PATH=/home/chris/ros_ws/install/naoqi_libqi/lib:/home/chris/ros_ws/install/naoqi_bridge_msgs/lib:/home/chris/ros_ws/install/rtabmap_slam/lib:/home/chris/ros_ws/install/rtabmap_odom/lib:/home/chris/ros_ws/install/rtabmap_util/lib:/home/chris/ros_ws/install/rtabmap_sync/lib:/home/chris/ros_ws/install/rtabmap_rviz_plugins/lib:/home/chris/ros_ws/install/rtabmap_conversions/lib:/home/chris/ros_ws/install/rtabmap_msgs/lib:/home/chris/ros_ws/install/rtabmap_costmap_plugins/lib:/home/chris/ros_ws/install/rtabmap/lib:/home/chris/ros_ws/install/naoqi_driver/lib:/home/chris/ros_ws/install/naoqi_libqicore/lib:/opt/ros/humble/opt/rviz_ogre_vendor/lib:/opt/ros/humble/lib/x86_64-linux-gnu:/opt/ros/humble/lib /usr/bin/cmake /home/chris/ros_ws/src/naoqi_driver2 -DAMENT_CMAKE_SYMLINK_INSTALL=1 -DCMAKE_INSTALL_PREFIX=/home/chris/ros_ws/install/naoqi_driver
[1.290s] -- Found ament_cmake: 1.3.12 (/opt/ros/humble/share/ament_cmake/cmake)
[1.501s] -- Override CMake install command with custom implementation using symlinks instead of copying resources
[1.556s] -- Found rclcpp: 16.0.15 (/opt/ros/humble/share/rclcpp/cmake)
[2.405s] -- Found rosidl_generator_c: 3.1.7 (/opt/ros/humble/share/rosidl_generator_c/cmake)
[2.413s] -- Found rosidl_adapter: 3.1.7 (/opt/ros/humble/share/rosidl_adapter/cmake)
[2.435s] -- Found rosidl_generator_cpp: 3.1.7 (/opt/ros/humble/share/rosidl_generator_cpp/cmake)
[2.462s] -- Using all available rosidl_typesupport_c: rosidl_typesupport_fastrtps_c;rosidl_typesupport_introspection_c
[2.488s] -- Using all available rosidl_typesupport_cpp: rosidl_typesupport_fastrtps_cpp;rosidl_typesupport_introspection_cpp
[2.555s] -- Found rmw_implementation_cmake: 6.1.2 (/opt/ros/humble/share/rmw_implementation_cmake/cmake)
[2.559s] -- Found rmw_fastrtps_cpp: 6.2.8 (/opt/ros/humble/share/rmw_fastrtps_cpp/cmake)
[33.081s] -- Using RMW implementation 'rmw_fastrtps_cpp' as default
[33.212s] -- Found rosidl_default_generators: 1.2.0 (/opt/ros/humble/share/rosidl_default_generators/cmake)
[33.226s] -- Found cv_bridge: 3.2.1 (/opt/ros/humble/share/cv_bridge/cmake)
[33.295s] -- Found diagnostic_msgs: 4.9.0 (/opt/ros/humble/share/diagnostic_msgs/cmake)
[33.322s] -- Found diagnostic_updater: 4.0.6 (/opt/ros/humble/share/diagnostic_updater/cmake)
[33.333s] -- Found image_transport: 3.1.12 (/opt/ros/humble/share/image_transport/cmake)
[41.750s] -- Found kdl_parser: 2.6.4 (/opt/ros/humble/share/kdl_parser/cmake)
[41.762s] -- Found eigen3_cmake_module: 0.1.1 (/opt/ros/humble/share/eigen3_cmake_module/cmake)
[41.767s] -- Ensuring Eigen3 include directory is part of orocos-kdl CMake target
[41.775s] -- Found naoqi_bridge_msgs: 2.1.0 (/home/chris/ros_ws/install/naoqi_bridge_msgs/share/naoqi_bridge_msgs/cmake)
[41.948s] -- Found naoqi_libqi: 3.0.3 (/home/chris/ros_ws/install/naoqi_libqi/share/naoqi_libqi/cmake)
[41.952s] -- Found naoqi_libqicore: 3.0.0 (/home/chris/ros_ws/install/naoqi_libqicore/share/naoqi_libqicore/cmake)
[41.965s] -- Found robot_state_publisher: 3.0.3 (/opt/ros/humble/share/robot_state_publisher/cmake)
[42.126s] -- Found tf2_geometry_msgs: 0.25.16 (/opt/ros/humble/share/tf2_geometry_msgs/cmake)
[42.312s] -- Configuring done
[42.415s] -- Generating done
[42.427s] -- Build files have been written to: /home/chris/ros_ws/build/naoqi_driver
[42.439s] Invoked command in '/home/chris/ros_ws/build/naoqi_driver' returned '0': CMAKE_PREFIX_PATH=/home/chris/ros_ws/install/naoqi_libqicore:/home/chris/ros_ws/install/naoqi_libqi:/home/chris/ros_ws/install/naoqi_bridge_msgs:/home/chris/ros_ws/install/wall_follower:/home/chris/ros_ws/install/rtabmap_ros:/home/chris/ros_ws/install/rtabmap_launch:/home/chris/ros_ws/install/rtabmap_examples:/home/chris/ros_ws/install/rtabmap_demos:/home/chris/ros_ws/install/rtabmap_viz:/home/chris/ros_ws/install/rtabmap_slam:/home/chris/ros_ws/install/rtabmap_odom:/home/chris/ros_ws/install/rtabmap_util:/home/chris/ros_ws/install/rtabmap_sync:/home/chris/ros_ws/install/rtabmap_rviz_plugins:/home/chris/ros_ws/install/rtabmap_conversions:/home/chris/ros_ws/install/rtabmap_msgs:/home/chris/ros_ws/install/rtabmap_costmap_plugins:/home/chris/ros_ws/install/rtabmap:/home/chris/ros_ws/install/pepper_wall_follower:/home/chris/ros_ws/install/pepper_meshes:/home/chris/ros_ws/install/naoqi_driver:/home/chris/ros_ws/install/nao_meshes:/home/chris/ros_ws/install/rtabmap_python:/opt/ros/humble LD_LIBRARY_PATH=/home/chris/ros_ws/install/naoqi_libqi/lib:/home/chris/ros_ws/install/naoqi_bridge_msgs/lib:/home/chris/ros_ws/install/rtabmap_slam/lib:/home/chris/ros_ws/install/rtabmap_odom/lib:/home/chris/ros_ws/install/rtabmap_util/lib:/home/chris/ros_ws/install/rtabmap_sync/lib:/home/chris/ros_ws/install/rtabmap_rviz_plugins/lib:/home/chris/ros_ws/install/rtabmap_conversions/lib:/home/chris/ros_ws/install/rtabmap_msgs/lib:/home/chris/ros_ws/install/rtabmap_costmap_plugins/lib:/home/chris/ros_ws/install/rtabmap/lib:/home/chris/ros_ws/install/naoqi_driver/lib:/home/chris/ros_ws/install/naoqi_libqicore/lib:/opt/ros/humble/opt/rviz_ogre_vendor/lib:/opt/ros/humble/lib/x86_64-linux-gnu:/opt/ros/humble/lib /usr/bin/cmake /home/chris/ros_ws/src/naoqi_driver2 -DAMENT_CMAKE_SYMLINK_INSTALL=1 -DCMAKE_INSTALL_PREFIX=/home/chris/ros_ws/install/naoqi_driver
[42.440s] Invoking command in '/home/chris/ros_ws/build/naoqi_driver': CMAKE_PREFIX_PATH=/home/chris/ros_ws/install/naoqi_libqicore:/home/chris/ros_ws/install/naoqi_libqi:/home/chris/ros_ws/install/naoqi_bridge_msgs:/home/chris/ros_ws/install/wall_follower:/home/chris/ros_ws/install/rtabmap_ros:/home/chris/ros_ws/install/rtabmap_launch:/home/chris/ros_ws/install/rtabmap_examples:/home/chris/ros_ws/install/rtabmap_demos:/home/chris/ros_ws/install/rtabmap_viz:/home/chris/ros_ws/install/rtabmap_slam:/home/chris/ros_ws/install/rtabmap_odom:/home/chris/ros_ws/install/rtabmap_util:/home/chris/ros_ws/install/rtabmap_sync:/home/chris/ros_ws/install/rtabmap_rviz_plugins:/home/chris/ros_ws/install/rtabmap_conversions:/home/chris/ros_ws/install/rtabmap_msgs:/home/chris/ros_ws/install/rtabmap_costmap_plugins:/home/chris/ros_ws/install/rtabmap:/home/chris/ros_ws/install/pepper_wall_follower:/home/chris/ros_ws/install/pepper_meshes:/home/chris/ros_ws/install/naoqi_driver:/home/chris/ros_ws/install/nao_meshes:/home/chris/ros_ws/install/rtabmap_python:/opt/ros/humble LD_LIBRARY_PATH=/home/chris/ros_ws/install/naoqi_libqi/lib:/home/chris/ros_ws/install/naoqi_bridge_msgs/lib:/home/chris/ros_ws/install/rtabmap_slam/lib:/home/chris/ros_ws/install/rtabmap_odom/lib:/home/chris/ros_ws/install/rtabmap_util/lib:/home/chris/ros_ws/install/rtabmap_sync/lib:/home/chris/ros_ws/install/rtabmap_rviz_plugins/lib:/home/chris/ros_ws/install/rtabmap_conversions/lib:/home/chris/ros_ws/install/rtabmap_msgs/lib:/home/chris/ros_ws/install/rtabmap_costmap_plugins/lib:/home/chris/ros_ws/install/rtabmap/lib:/home/chris/ros_ws/install/naoqi_driver/lib:/home/chris/ros_ws/install/naoqi_libqicore/lib:/opt/ros/humble/opt/rviz_ogre_vendor/lib:/opt/ros/humble/lib/x86_64-linux-gnu:/opt/ros/humble/lib /usr/bin/cmake --build /home/chris/ros_ws/build/naoqi_driver -- -j20 -l20
[42.625s] [35m[1mConsolidate compiler generated dependencies of target naoqi_driver[0m
[42.933s] [ 95%] Built target naoqi_driver
[42.952s] [35m[1mConsolidate compiler generated dependencies of target naoqi_driver_node[0m
[42.985s] [100%] Built target naoqi_driver_node
[42.998s] Invoked command in '/home/chris/ros_ws/build/naoqi_driver' returned '0': CMAKE_PREFIX_PATH=/home/chris/ros_ws/install/naoqi_libqicore:/home/chris/ros_ws/install/naoqi_libqi:/home/chris/ros_ws/install/naoqi_bridge_msgs:/home/chris/ros_ws/install/wall_follower:/home/chris/ros_ws/install/rtabmap_ros:/home/chris/ros_ws/install/rtabmap_launch:/home/chris/ros_ws/install/rtabmap_examples:/home/chris/ros_ws/install/rtabmap_demos:/home/chris/ros_ws/install/rtabmap_viz:/home/chris/ros_ws/install/rtabmap_slam:/home/chris/ros_ws/install/rtabmap_odom:/home/chris/ros_ws/install/rtabmap_util:/home/chris/ros_ws/install/rtabmap_sync:/home/chris/ros_ws/install/rtabmap_rviz_plugins:/home/chris/ros_ws/install/rtabmap_conversions:/home/chris/ros_ws/install/rtabmap_msgs:/home/chris/ros_ws/install/rtabmap_costmap_plugins:/home/chris/ros_ws/install/rtabmap:/home/chris/ros_ws/install/pepper_wall_follower:/home/chris/ros_ws/install/pepper_meshes:/home/chris/ros_ws/install/naoqi_driver:/home/chris/ros_ws/install/nao_meshes:/home/chris/ros_ws/install/rtabmap_python:/opt/ros/humble LD_LIBRARY_PATH=/home/chris/ros_ws/install/naoqi_libqi/lib:/home/chris/ros_ws/install/naoqi_bridge_msgs/lib:/home/chris/ros_ws/install/rtabmap_slam/lib:/home/chris/ros_ws/install/rtabmap_odom/lib:/home/chris/ros_ws/install/rtabmap_util/lib:/home/chris/ros_ws/install/rtabmap_sync/lib:/home/chris/ros_ws/install/rtabmap_rviz_plugins/lib:/home/chris/ros_ws/install/rtabmap_conversions/lib:/home/chris/ros_ws/install/rtabmap_msgs/lib:/home/chris/ros_ws/install/rtabmap_costmap_plugins/lib:/home/chris/ros_ws/install/rtabmap/lib:/home/chris/ros_ws/install/naoqi_driver/lib:/home/chris/ros_ws/install/naoqi_libqicore/lib:/opt/ros/humble/opt/rviz_ogre_vendor/lib:/opt/ros/humble/lib/x86_64-linux-gnu:/opt/ros/humble/lib /usr/bin/cmake --build /home/chris/ros_ws/build/naoqi_driver -- -j20 -l20
[43.011s] Invoking command in '/home/chris/ros_ws/build/naoqi_driver': CMAKE_PREFIX_PATH=/home/chris/ros_ws/install/naoqi_libqicore:/home/chris/ros_ws/install/naoqi_libqi:/home/chris/ros_ws/install/naoqi_bridge_msgs:/home/chris/ros_ws/install/wall_follower:/home/chris/ros_ws/install/rtabmap_ros:/home/chris/ros_ws/install/rtabmap_launch:/home/chris/ros_ws/install/rtabmap_examples:/home/chris/ros_ws/install/rtabmap_demos:/home/chris/ros_ws/install/rtabmap_viz:/home/chris/ros_ws/install/rtabmap_slam:/home/chris/ros_ws/install/rtabmap_odom:/home/chris/ros_ws/install/rtabmap_util:/home/chris/ros_ws/install/rtabmap_sync:/home/chris/ros_ws/install/rtabmap_rviz_plugins:/home/chris/ros_ws/install/rtabmap_conversions:/home/chris/ros_ws/install/rtabmap_msgs:/home/chris/ros_ws/install/rtabmap_costmap_plugins:/home/chris/ros_ws/install/rtabmap:/home/chris/ros_ws/install/pepper_wall_follower:/home/chris/ros_ws/install/pepper_meshes:/home/chris/ros_ws/install/naoqi_driver:/home/chris/ros_ws/install/nao_meshes:/home/chris/ros_ws/install/rtabmap_python:/opt/ros/humble LD_LIBRARY_PATH=/home/chris/ros_ws/install/naoqi_libqi/lib:/home/chris/ros_ws/install/naoqi_bridge_msgs/lib:/home/chris/ros_ws/install/rtabmap_slam/lib:/home/chris/ros_ws/install/rtabmap_odom/lib:/home/chris/ros_ws/install/rtabmap_util/lib:/home/chris/ros_ws/install/rtabmap_sync/lib:/home/chris/ros_ws/install/rtabmap_rviz_plugins/lib:/home/chris/ros_ws/install/rtabmap_conversions/lib:/home/chris/ros_ws/install/rtabmap_msgs/lib:/home/chris/ros_ws/install/rtabmap_costmap_plugins/lib:/home/chris/ros_ws/install/rtabmap/lib:/home/chris/ros_ws/install/naoqi_driver/lib:/home/chris/ros_ws/install/naoqi_libqicore/lib:/opt/ros/humble/opt/rviz_ogre_vendor/lib:/opt/ros/humble/lib/x86_64-linux-gnu:/opt/ros/humble/lib /usr/bin/cmake --install /home/chris/ros_ws/build/naoqi_driver
[43.018s] -- Install configuration: "Release"
[43.019s] -- Execute custom install script
[43.019s] -- Up-to-date symlink: /home/chris/ros_ws/install/naoqi_driver/lib//libnaoqi_driver.so
[43.019s] -- Up-to-date symlink: /home/chris/ros_ws/install/naoqi_driver/lib/naoqi_driver/naoqi_driver_node
[43.020s] -- Up-to-date symlink: /home/chris/ros_ws/install/naoqi_driver/share/naoqi_driver/share/boot_config.json
[43.020s] -- Up-to-date symlink: /home/chris/ros_ws/install/naoqi_driver/share/naoqi_driver/share/nao.rviz
[43.020s] -- Up-to-date symlink: /home/chris/ros_ws/install/naoqi_driver/share/naoqi_driver/share/pepper.rviz
[43.020s] -- Up-to-date symlink: /home/chris/ros_ws/install/naoqi_driver/share/naoqi_driver/share/urdf/nao.urdf
[43.020s] -- Up-to-date symlink: /home/chris/ros_ws/install/naoqi_driver/share/naoqi_driver/share/urdf/pepper.urdf
[43.020s] -- Up-to-date symlink: /home/chris/ros_ws/install/naoqi_driver/share/naoqi_driver/share/urdf/romeo.urdf
[43.021s] -- Up-to-date symlink: /home/chris/ros_ws/install/naoqi_driver/share/naoqi_driver/launch/naoqi_driver.launch
[43.021s] -- Up-to-date symlink: /home/chris/ros_ws/install/naoqi_driver/share/naoqi_driver/launch/naoqi_driver.launch.py
[43.021s] -- Up-to-date symlink: /home/chris/ros_ws/install/naoqi_driver/share/naoqi_driver/environment/library_path.sh
[43.021s] -- Up-to-date symlink: /home/chris/ros_ws/install/naoqi_driver/share/naoqi_driver/environment/library_path.dsv
[43.021s] -- Up-to-date symlink: /home/chris/ros_ws/install/naoqi_driver/share/ament_index/resource_index/package_run_dependencies/naoqi_driver
[43.022s] -- Up-to-date symlink: /home/chris/ros_ws/install/naoqi_driver/share/ament_index/resource_index/parent_prefix_path/naoqi_driver
[43.022s] -- Up-to-date symlink: /home/chris/ros_ws/install/naoqi_driver/share/naoqi_driver/environment/ament_prefix_path.sh
[43.022s] -- Up-to-date symlink: /home/chris/ros_ws/install/naoqi_driver/share/naoqi_driver/environment/ament_prefix_path.dsv
[43.022s] -- Up-to-date symlink: /home/chris/ros_ws/install/naoqi_driver/share/naoqi_driver/environment/path.sh
[43.023s] -- Up-to-date symlink: /home/chris/ros_ws/install/naoqi_driver/share/naoqi_driver/environment/path.dsv
[43.023s] -- Up-to-date symlink: /home/chris/ros_ws/install/naoqi_driver/share/naoqi_driver/local_setup.bash
[43.023s] -- Up-to-date symlink: /home/chris/ros_ws/install/naoqi_driver/share/naoqi_driver/local_setup.sh
[43.023s] -- Up-to-date symlink: /home/chris/ros_ws/install/naoqi_driver/share/naoqi_driver/local_setup.zsh
[43.023s] -- Up-to-date symlink: /home/chris/ros_ws/install/naoqi_driver/share/naoqi_driver/local_setup.dsv
[43.023s] -- Symlinking: /home/chris/ros_ws/install/naoqi_driver/share/naoqi_driver/package.dsv
[43.033s] -- Up-to-date symlink: /home/chris/ros_ws/install/naoqi_driver/share/ament_index/resource_index/packages/naoqi_driver
[43.033s] -- Up-to-date symlink: /home/chris/ros_ws/install/naoqi_driver/share/naoqi_driver/cmake/ament_cmake_export_libraries-extras.cmake
[43.033s] -- Up-to-date symlink: /home/chris/ros_ws/install/naoqi_driver/share/naoqi_driver/cmake/naoqi_driverConfig.cmake
[43.033s] -- Up-to-date symlink: /home/chris/ros_ws/install/naoqi_driver/share/naoqi_driver/cmake/naoqi_driverConfig-version.cmake
[43.033s] -- Up-to-date symlink: /home/chris/ros_ws/install/naoqi_driver/share/naoqi_driver/package.xml
[43.035s] Invoked command in '/home/chris/ros_ws/build/naoqi_driver' returned '0': CMAKE_PREFIX_PATH=/home/chris/ros_ws/install/naoqi_libqicore:/home/chris/ros_ws/install/naoqi_libqi:/home/chris/ros_ws/install/naoqi_bridge_msgs:/home/chris/ros_ws/install/wall_follower:/home/chris/ros_ws/install/rtabmap_ros:/home/chris/ros_ws/install/rtabmap_launch:/home/chris/ros_ws/install/rtabmap_examples:/home/chris/ros_ws/install/rtabmap_demos:/home/chris/ros_ws/install/rtabmap_viz:/home/chris/ros_ws/install/rtabmap_slam:/home/chris/ros_ws/install/rtabmap_odom:/home/chris/ros_ws/install/rtabmap_util:/home/chris/ros_ws/install/rtabmap_sync:/home/chris/ros_ws/install/rtabmap_rviz_plugins:/home/chris/ros_ws/install/rtabmap_conversions:/home/chris/ros_ws/install/rtabmap_msgs:/home/chris/ros_ws/install/rtabmap_costmap_plugins:/home/chris/ros_ws/install/rtabmap:/home/chris/ros_ws/install/pepper_wall_follower:/home/chris/ros_ws/install/pepper_meshes:/home/chris/ros_ws/install/naoqi_driver:/home/chris/ros_ws/install/nao_meshes:/home/chris/ros_ws/install/rtabmap_python:/opt/ros/humble LD_LIBRARY_PATH=/home/chris/ros_ws/install/naoqi_libqi/lib:/home/chris/ros_ws/install/naoqi_bridge_msgs/lib:/home/chris/ros_ws/install/rtabmap_slam/lib:/home/chris/ros_ws/install/rtabmap_odom/lib:/home/chris/ros_ws/install/rtabmap_util/lib:/home/chris/ros_ws/install/rtabmap_sync/lib:/home/chris/ros_ws/install/rtabmap_rviz_plugins/lib:/home/chris/ros_ws/install/rtabmap_conversions/lib:/home/chris/ros_ws/install/rtabmap_msgs/lib:/home/chris/ros_ws/install/rtabmap_costmap_plugins/lib:/home/chris/ros_ws/install/rtabmap/lib:/home/chris/ros_ws/install/naoqi_driver/lib:/home/chris/ros_ws/install/naoqi_libqicore/lib:/opt/ros/humble/opt/rviz_ogre_vendor/lib:/opt/ros/humble/lib/x86_64-linux-gnu:/opt/ros/humble/lib /usr/bin/cmake --install /home/chris/ros_ws/build/naoqi_driver
