[0.298s] DEBUG:colcon:Command line arguments: ['/usr/bin/colcon', 'build', '--symlink-install', '--packages-skip', 'nao_meshes', 'pepper_meshes', '--parallel-workers', '1']
[0.298s] DEBUG:colcon:Parsed command line arguments: Namespace(log_base=None, log_level=None, verb_name='build', build_base='build', install_base='install', merge_install=False, symlink_install=True, test_result_base=None, continue_on_error=False, executor='parallel', parallel_workers=1, event_handlers=None, ignore_user_meta=False, metas=['./colcon.meta'], base_paths=['.'], packages_ignore=None, packages_ignore_regex=None, paths=None, packages_up_to=None, packages_up_to_regex=None, packages_above=None, packages_above_and_dependencies=None, packages_above_depth=None, packages_select_by_dep=None, packages_skip_by_dep=None, packages_skip_up_to=None, packages_select_build_failed=False, packages_skip_build_finished=False, packages_select_test_failures=False, packages_skip_test_passed=False, packages_select=None, packages_skip=['nao_meshes', 'pepper_meshes'], packages_select_regex=None, packages_skip_regex=None, packages_start=None, packages_end=None, allow_overriding=[], cmake_args=None, cmake_target=None, cmake_target_skip_unavailable=False, cmake_clean_cache=False, cmake_clean_first=False, cmake_force_configure=False, ament_cmake_args=None, catkin_cmake_args=None, catkin_skip_building_tests=False, verb_parser=<colcon_defaults.argument_parser.defaults.DefaultArgumentsDecorator object at 0x7ae68c72f6d0>, verb_extension=<colcon_core.verb.build.BuildVerb object at 0x7ae68c86c100>, main=<bound method BuildVerb.main of <colcon_core.verb.build.BuildVerb object at 0x7ae68c86c100>>)
[0.449s] Level 1:colcon.colcon_core.package_discovery:discover_packages(colcon_meta) check parameters
[0.449s] Level 1:colcon.colcon_core.package_discovery:discover_packages(recursive) check parameters
[0.449s] Level 1:colcon.colcon_core.package_discovery:discover_packages(ignore) check parameters
[0.449s] Level 1:colcon.colcon_core.package_discovery:discover_packages(path) check parameters
[0.450s] Level 1:colcon.colcon_core.package_discovery:discover_packages(colcon_meta) discover
[0.450s] Level 1:colcon.colcon_core.package_discovery:discover_packages(recursive) discover
[0.450s] INFO:colcon.colcon_core.package_discovery:Crawling recursively for packages in '/home/chris/ros_ws'
[0.450s] Level 1:colcon.colcon_core.package_identification:_identify(.) by extensions ['ignore', 'ignore_ament_install']
[0.450s] Level 1:colcon.colcon_core.package_identification:_identify(.) by extension 'ignore'
[0.450s] Level 1:colcon.colcon_core.package_identification:_identify(.) by extension 'ignore_ament_install'
[0.450s] Level 1:colcon.colcon_core.package_identification:_identify(.) by extensions ['colcon_pkg']
[0.450s] Level 1:colcon.colcon_core.package_identification:_identify(.) by extension 'colcon_pkg'
[0.450s] Level 1:colcon.colcon_core.package_identification:_identify(.) by extensions ['colcon_meta']
[0.450s] Level 1:colcon.colcon_core.package_identification:_identify(.) by extension 'colcon_meta'
[0.450s] Level 1:colcon.colcon_core.package_identification:_identify(.) by extensions ['ros']
[0.450s] Level 1:colcon.colcon_core.package_identification:_identify(.) by extension 'ros'
[0.466s] Level 1:colcon.colcon_core.package_identification:_identify(.) by extensions ['cmake', 'python']
[0.466s] Level 1:colcon.colcon_core.package_identification:_identify(.) by extension 'cmake'
[0.467s] Level 1:colcon.colcon_core.package_identification:_identify(.) by extension 'python'
[0.467s] Level 1:colcon.colcon_core.package_identification:_identify(.) by extensions ['python_setup_py']
[0.467s] Level 1:colcon.colcon_core.package_identification:_identify(.) by extension 'python_setup_py'
[0.467s] Level 1:colcon.colcon_core.package_identification:_identify(build) by extensions ['ignore', 'ignore_ament_install']
[0.467s] Level 1:colcon.colcon_core.package_identification:_identify(build) by extension 'ignore'
[0.467s] Level 1:colcon.colcon_core.package_identification:_identify(build) ignored
[0.467s] Level 1:colcon.colcon_core.package_identification:_identify(install) by extensions ['ignore', 'ignore_ament_install']
[0.467s] Level 1:colcon.colcon_core.package_identification:_identify(install) by extension 'ignore'
[0.467s] Level 1:colcon.colcon_core.package_identification:_identify(install) ignored
[0.468s] Level 1:colcon.colcon_core.package_identification:_identify(log) by extensions ['ignore', 'ignore_ament_install']
[0.468s] Level 1:colcon.colcon_core.package_identification:_identify(log) by extension 'ignore'
[0.468s] Level 1:colcon.colcon_core.package_identification:_identify(log) ignored
[0.468s] Level 1:colcon.colcon_core.package_identification:_identify(src) by extensions ['ignore', 'ignore_ament_install']
[0.468s] Level 1:colcon.colcon_core.package_identification:_identify(src) by extension 'ignore'
[0.468s] Level 1:colcon.colcon_core.package_identification:_identify(src) by extension 'ignore_ament_install'
[0.468s] Level 1:colcon.colcon_core.package_identification:_identify(src) by extensions ['colcon_pkg']
[0.468s] Level 1:colcon.colcon_core.package_identification:_identify(src) by extension 'colcon_pkg'
[0.468s] Level 1:colcon.colcon_core.package_identification:_identify(src) by extensions ['colcon_meta']
[0.468s] Level 1:colcon.colcon_core.package_identification:_identify(src) by extension 'colcon_meta'
[0.468s] Level 1:colcon.colcon_core.package_identification:_identify(src) by extensions ['ros']
[0.468s] Level 1:colcon.colcon_core.package_identification:_identify(src) by extension 'ros'
[0.468s] Level 1:colcon.colcon_core.package_identification:_identify(src) by extensions ['cmake', 'python']
[0.468s] Level 1:colcon.colcon_core.package_identification:_identify(src) by extension 'cmake'
[0.468s] Level 1:colcon.colcon_core.package_identification:_identify(src) by extension 'python'
[0.469s] Level 1:colcon.colcon_core.package_identification:_identify(src) by extensions ['python_setup_py']
[0.469s] Level 1:colcon.colcon_core.package_identification:_identify(src) by extension 'python_setup_py'
[0.469s] Level 1:colcon.colcon_core.package_identification:_identify(src/build) by extensions ['ignore', 'ignore_ament_install']
[0.469s] Level 1:colcon.colcon_core.package_identification:_identify(src/build) by extension 'ignore'
[0.469s] Level 1:colcon.colcon_core.package_identification:_identify(src/build) ignored
[0.469s] Level 1:colcon.colcon_core.package_identification:_identify(src/install) by extensions ['ignore', 'ignore_ament_install']
[0.469s] Level 1:colcon.colcon_core.package_identification:_identify(src/install) by extension 'ignore'
[0.469s] Level 1:colcon.colcon_core.package_identification:_identify(src/install) ignored
[0.469s] Level 1:colcon.colcon_core.package_identification:_identify(src/log) by extensions ['ignore', 'ignore_ament_install']
[0.469s] Level 1:colcon.colcon_core.package_identification:_identify(src/log) by extension 'ignore'
[0.469s] Level 1:colcon.colcon_core.package_identification:_identify(src/log) ignored
[0.469s] Level 1:colcon.colcon_core.package_identification:_identify(src/nao_meshes) by extensions ['ignore', 'ignore_ament_install']
[0.469s] Level 1:colcon.colcon_core.package_identification:_identify(src/nao_meshes) by extension 'ignore'
[0.469s] Level 1:colcon.colcon_core.package_identification:_identify(src/nao_meshes) by extension 'ignore_ament_install'
[0.470s] Level 1:colcon.colcon_core.package_identification:_identify(src/nao_meshes) by extensions ['colcon_pkg']
[0.470s] Level 1:colcon.colcon_core.package_identification:_identify(src/nao_meshes) by extension 'colcon_pkg'
[0.470s] Level 1:colcon.colcon_core.package_identification:_identify(src/nao_meshes) by extensions ['colcon_meta']
[0.470s] Level 1:colcon.colcon_core.package_identification:_identify(src/nao_meshes) by extension 'colcon_meta'
[0.470s] Level 1:colcon.colcon_core.package_identification:_identify(src/nao_meshes) by extensions ['ros']
[0.470s] Level 1:colcon.colcon_core.package_identification:_identify(src/nao_meshes) by extension 'ros'
[0.472s] DEBUG:colcon.colcon_core.package_identification:Package 'src/nao_meshes' with type 'ros.ament_cmake' and name 'nao_meshes'
[0.473s] Level 1:colcon.colcon_core.package_identification:_identify(src/naoqi_bridge_msgs) by extensions ['ignore', 'ignore_ament_install']
[0.473s] Level 1:colcon.colcon_core.package_identification:_identify(src/naoqi_bridge_msgs) by extension 'ignore'
[0.473s] Level 1:colcon.colcon_core.package_identification:_identify(src/naoqi_bridge_msgs) by extension 'ignore_ament_install'
[0.473s] Level 1:colcon.colcon_core.package_identification:_identify(src/naoqi_bridge_msgs) by extensions ['colcon_pkg']
[0.473s] Level 1:colcon.colcon_core.package_identification:_identify(src/naoqi_bridge_msgs) by extension 'colcon_pkg'
[0.473s] Level 1:colcon.colcon_core.package_identification:_identify(src/naoqi_bridge_msgs) by extensions ['colcon_meta']
[0.473s] Level 1:colcon.colcon_core.package_identification:_identify(src/naoqi_bridge_msgs) by extension 'colcon_meta'
[0.473s] Level 1:colcon.colcon_core.package_identification:_identify(src/naoqi_bridge_msgs) by extensions ['ros']
[0.473s] Level 1:colcon.colcon_core.package_identification:_identify(src/naoqi_bridge_msgs) by extension 'ros'
[0.474s] DEBUG:colcon.colcon_core.package_identification:Package 'src/naoqi_bridge_msgs' with type 'ros.ament_cmake' and name 'naoqi_bridge_msgs'
[0.474s] Level 1:colcon.colcon_core.package_identification:_identify(src/naoqi_driver2) by extensions ['ignore', 'ignore_ament_install']
[0.474s] Level 1:colcon.colcon_core.package_identification:_identify(src/naoqi_driver2) by extension 'ignore'
[0.475s] Level 1:colcon.colcon_core.package_identification:_identify(src/naoqi_driver2) by extension 'ignore_ament_install'
[0.475s] Level 1:colcon.colcon_core.package_identification:_identify(src/naoqi_driver2) by extensions ['colcon_pkg']
[0.475s] Level 1:colcon.colcon_core.package_identification:_identify(src/naoqi_driver2) by extension 'colcon_pkg'
[0.475s] Level 1:colcon.colcon_core.package_identification:_identify(src/naoqi_driver2) by extensions ['colcon_meta']
[0.475s] Level 1:colcon.colcon_core.package_identification:_identify(src/naoqi_driver2) by extension 'colcon_meta'
[0.475s] Level 1:colcon.colcon_core.package_identification:_identify(src/naoqi_driver2) by extensions ['ros']
[0.475s] Level 1:colcon.colcon_core.package_identification:_identify(src/naoqi_driver2) by extension 'ros'
[0.476s] DEBUG:colcon.colcon_core.package_identification:Package 'src/naoqi_driver2' with type 'ros.ament_cmake' and name 'naoqi_driver'
[0.476s] Level 1:colcon.colcon_core.package_identification:_identify(src/naoqi_libqi) by extensions ['ignore', 'ignore_ament_install']
[0.477s] Level 1:colcon.colcon_core.package_identification:_identify(src/naoqi_libqi) by extension 'ignore'
[0.477s] Level 1:colcon.colcon_core.package_identification:_identify(src/naoqi_libqi) by extension 'ignore_ament_install'
[0.477s] Level 1:colcon.colcon_core.package_identification:_identify(src/naoqi_libqi) by extensions ['colcon_pkg']
[0.477s] Level 1:colcon.colcon_core.package_identification:_identify(src/naoqi_libqi) by extension 'colcon_pkg'
[0.477s] Level 1:colcon.colcon_core.package_identification:_identify(src/naoqi_libqi) by extensions ['colcon_meta']
[0.477s] Level 1:colcon.colcon_core.package_identification:_identify(src/naoqi_libqi) by extension 'colcon_meta'
[0.477s] Level 1:colcon.colcon_core.package_identification:_identify(src/naoqi_libqi) by extensions ['ros']
[0.477s] Level 1:colcon.colcon_core.package_identification:_identify(src/naoqi_libqi) by extension 'ros'
[0.477s] DEBUG:colcon.colcon_core.package_identification:Package 'src/naoqi_libqi' with type 'ros.ament_cmake' and name 'naoqi_libqi'
[0.478s] Level 1:colcon.colcon_core.package_identification:_identify(src/naoqi_libqicore) by extensions ['ignore', 'ignore_ament_install']
[0.478s] Level 1:colcon.colcon_core.package_identification:_identify(src/naoqi_libqicore) by extension 'ignore'
[0.478s] Level 1:colcon.colcon_core.package_identification:_identify(src/naoqi_libqicore) by extension 'ignore_ament_install'
[0.478s] Level 1:colcon.colcon_core.package_identification:_identify(src/naoqi_libqicore) by extensions ['colcon_pkg']
[0.478s] Level 1:colcon.colcon_core.package_identification:_identify(src/naoqi_libqicore) by extension 'colcon_pkg'
[0.478s] Level 1:colcon.colcon_core.package_identification:_identify(src/naoqi_libqicore) by extensions ['colcon_meta']
[0.478s] Level 1:colcon.colcon_core.package_identification:_identify(src/naoqi_libqicore) by extension 'colcon_meta'
[0.478s] Level 1:colcon.colcon_core.package_identification:_identify(src/naoqi_libqicore) by extensions ['ros']
[0.478s] Level 1:colcon.colcon_core.package_identification:_identify(src/naoqi_libqicore) by extension 'ros'
[0.479s] DEBUG:colcon.colcon_core.package_identification:Package 'src/naoqi_libqicore' with type 'ros.ament_cmake' and name 'naoqi_libqicore'
[0.479s] Level 1:colcon.colcon_core.package_identification:_identify(src/pepper_meshes) by extensions ['ignore', 'ignore_ament_install']
[0.479s] Level 1:colcon.colcon_core.package_identification:_identify(src/pepper_meshes) by extension 'ignore'
[0.479s] Level 1:colcon.colcon_core.package_identification:_identify(src/pepper_meshes) by extension 'ignore_ament_install'
[0.479s] Level 1:colcon.colcon_core.package_identification:_identify(src/pepper_meshes) by extensions ['colcon_pkg']
[0.479s] Level 1:colcon.colcon_core.package_identification:_identify(src/pepper_meshes) by extension 'colcon_pkg'
[0.479s] Level 1:colcon.colcon_core.package_identification:_identify(src/pepper_meshes) by extensions ['colcon_meta']
[0.479s] Level 1:colcon.colcon_core.package_identification:_identify(src/pepper_meshes) by extension 'colcon_meta'
[0.479s] Level 1:colcon.colcon_core.package_identification:_identify(src/pepper_meshes) by extensions ['ros']
[0.479s] Level 1:colcon.colcon_core.package_identification:_identify(src/pepper_meshes) by extension 'ros'
[0.479s] DEBUG:colcon.colcon_core.package_identification:Package 'src/pepper_meshes' with type 'ros.ament_cmake' and name 'pepper_meshes'
[0.480s] Level 1:colcon.colcon_core.package_identification:_identify(src/pepper_wall_follower) by extensions ['ignore', 'ignore_ament_install']
[0.480s] Level 1:colcon.colcon_core.package_identification:_identify(src/pepper_wall_follower) by extension 'ignore'
[0.480s] Level 1:colcon.colcon_core.package_identification:_identify(src/pepper_wall_follower) by extension 'ignore_ament_install'
[0.480s] Level 1:colcon.colcon_core.package_identification:_identify(src/pepper_wall_follower) by extensions ['colcon_pkg']
[0.480s] Level 1:colcon.colcon_core.package_identification:_identify(src/pepper_wall_follower) by extension 'colcon_pkg'
[0.480s] Level 1:colcon.colcon_core.package_identification:_identify(src/pepper_wall_follower) by extensions ['colcon_meta']
[0.480s] Level 1:colcon.colcon_core.package_identification:_identify(src/pepper_wall_follower) by extension 'colcon_meta'
[0.480s] Level 1:colcon.colcon_core.package_identification:_identify(src/pepper_wall_follower) by extensions ['ros']
[0.480s] Level 1:colcon.colcon_core.package_identification:_identify(src/pepper_wall_follower) by extension 'ros'
[0.481s] DEBUG:colcon.colcon_core.package_identification:Package 'src/pepper_wall_follower' with type 'ros.ament_cmake' and name 'pepper_wall_follower'
[0.481s] Level 1:colcon.colcon_core.package_identification:_identify(src/wall_follower) by extensions ['ignore', 'ignore_ament_install']
[0.481s] Level 1:colcon.colcon_core.package_identification:_identify(src/wall_follower) by extension 'ignore'
[0.481s] Level 1:colcon.colcon_core.package_identification:_identify(src/wall_follower) by extension 'ignore_ament_install'
[0.481s] Level 1:colcon.colcon_core.package_identification:_identify(src/wall_follower) by extensions ['colcon_pkg']
[0.481s] Level 1:colcon.colcon_core.package_identification:_identify(src/wall_follower) by extension 'colcon_pkg'
[0.482s] Level 1:colcon.colcon_core.package_identification:_identify(src/wall_follower) by extensions ['colcon_meta']
[0.482s] Level 1:colcon.colcon_core.package_identification:_identify(src/wall_follower) by extension 'colcon_meta'
[0.482s] Level 1:colcon.colcon_core.package_identification:_identify(src/wall_follower) by extensions ['ros']
[0.482s] Level 1:colcon.colcon_core.package_identification:_identify(src/wall_follower) by extension 'ros'
[0.482s] DEBUG:colcon.colcon_core.package_identification:Package 'src/wall_follower' with type 'ros.ament_cmake' and name 'wall_follower'
[0.482s] Level 1:colcon.colcon_core.package_discovery:discover_packages(recursive) using defaults
[0.482s] Level 1:colcon.colcon_core.package_discovery:discover_packages(ignore) discover
[0.482s] Level 1:colcon.colcon_core.package_discovery:discover_packages(ignore) using defaults
[0.482s] Level 1:colcon.colcon_core.package_discovery:discover_packages(path) discover
[0.482s] Level 1:colcon.colcon_core.package_discovery:discover_packages(path) using defaults
[0.502s] DEBUG:colcon.colcon_core.package_augmentation.check_dependency_constraint:naoqi_driver depends on naoqi_bridge_msgs which has version 2.1.0 which satisfies to be greater than or equal to 2.0.0
[0.503s] INFO:colcon.colcon_core.package_selection:Skipping package 'nao_meshes' in 'src/nao_meshes'
[0.503s] INFO:colcon.colcon_core.package_selection:Skipping package 'pepper_meshes' in 'src/pepper_meshes'
[0.504s] Level 1:colcon.colcon_core.package_discovery:discover_packages(prefix_path) check parameters
[0.504s] Level 1:colcon.colcon_core.package_discovery:discover_packages(prefix_path) discover
[0.506s] DEBUG:colcon.colcon_installed_package_information.package_discovery:Found 8 installed packages in /home/chris/ros_ws/install
[0.507s] DEBUG:colcon.colcon_installed_package_information.package_discovery:Found 277 installed packages in /opt/ros/humble
[0.520s] Level 1:colcon.colcon_core.package_discovery:discover_packages(prefix_path) using defaults
[0.553s] Level 5:colcon.colcon_core.verb:set package 'naoqi_bridge_msgs' build argument 'cmake_args' from command line to 'None'
[0.553s] Level 5:colcon.colcon_core.verb:set package 'naoqi_bridge_msgs' build argument 'cmake_target' from command line to 'None'
[0.553s] Level 5:colcon.colcon_core.verb:set package 'naoqi_bridge_msgs' build argument 'cmake_target_skip_unavailable' from command line to 'False'
[0.553s] Level 5:colcon.colcon_core.verb:set package 'naoqi_bridge_msgs' build argument 'cmake_clean_cache' from command line to 'False'
[0.554s] Level 5:colcon.colcon_core.verb:set package 'naoqi_bridge_msgs' build argument 'cmake_clean_first' from command line to 'False'
[0.554s] Level 5:colcon.colcon_core.verb:set package 'naoqi_bridge_msgs' build argument 'cmake_force_configure' from command line to 'False'
[0.554s] Level 5:colcon.colcon_core.verb:set package 'naoqi_bridge_msgs' build argument 'ament_cmake_args' from command line to 'None'
[0.554s] Level 5:colcon.colcon_core.verb:set package 'naoqi_bridge_msgs' build argument 'catkin_cmake_args' from command line to 'None'
[0.554s] Level 5:colcon.colcon_core.verb:set package 'naoqi_bridge_msgs' build argument 'catkin_skip_building_tests' from command line to 'False'
[0.554s] DEBUG:colcon.colcon_core.verb:Building package 'naoqi_bridge_msgs' with the following arguments: {'ament_cmake_args': None, 'build_base': '/home/chris/ros_ws/build/naoqi_bridge_msgs', 'catkin_cmake_args': None, 'catkin_skip_building_tests': False, 'cmake_args': None, 'cmake_clean_cache': False, 'cmake_clean_first': False, 'cmake_force_configure': False, 'cmake_target': None, 'cmake_target_skip_unavailable': False, 'install_base': '/home/chris/ros_ws/install/naoqi_bridge_msgs', 'merge_install': False, 'path': '/home/chris/ros_ws/src/naoqi_bridge_msgs', 'symlink_install': True, 'test_result_base': None}
[0.554s] Level 5:colcon.colcon_core.verb:set package 'naoqi_libqi' build argument 'cmake_args' from command line to 'None'
[0.554s] Level 5:colcon.colcon_core.verb:set package 'naoqi_libqi' build argument 'cmake_target' from command line to 'None'
[0.555s] Level 5:colcon.colcon_core.verb:set package 'naoqi_libqi' build argument 'cmake_target_skip_unavailable' from command line to 'False'
[0.555s] Level 5:colcon.colcon_core.verb:set package 'naoqi_libqi' build argument 'cmake_clean_cache' from command line to 'False'
[0.555s] Level 5:colcon.colcon_core.verb:set package 'naoqi_libqi' build argument 'cmake_clean_first' from command line to 'False'
[0.555s] Level 5:colcon.colcon_core.verb:set package 'naoqi_libqi' build argument 'cmake_force_configure' from command line to 'False'
[0.555s] Level 5:colcon.colcon_core.verb:set package 'naoqi_libqi' build argument 'ament_cmake_args' from command line to 'None'
[0.555s] Level 5:colcon.colcon_core.verb:set package 'naoqi_libqi' build argument 'catkin_cmake_args' from command line to 'None'
[0.555s] Level 5:colcon.colcon_core.verb:set package 'naoqi_libqi' build argument 'catkin_skip_building_tests' from command line to 'False'
[0.555s] DEBUG:colcon.colcon_core.verb:Building package 'naoqi_libqi' with the following arguments: {'ament_cmake_args': None, 'build_base': '/home/chris/ros_ws/build/naoqi_libqi', 'catkin_cmake_args': None, 'catkin_skip_building_tests': False, 'cmake_args': None, 'cmake_clean_cache': False, 'cmake_clean_first': False, 'cmake_force_configure': False, 'cmake_target': None, 'cmake_target_skip_unavailable': False, 'install_base': '/home/chris/ros_ws/install/naoqi_libqi', 'merge_install': False, 'path': '/home/chris/ros_ws/src/naoqi_libqi', 'symlink_install': True, 'test_result_base': None}
[0.555s] Level 5:colcon.colcon_core.verb:set package 'wall_follower' build argument 'cmake_args' from command line to 'None'
[0.555s] Level 5:colcon.colcon_core.verb:set package 'wall_follower' build argument 'cmake_target' from command line to 'None'
[0.555s] Level 5:colcon.colcon_core.verb:set package 'wall_follower' build argument 'cmake_target_skip_unavailable' from command line to 'False'
[0.555s] Level 5:colcon.colcon_core.verb:set package 'wall_follower' build argument 'cmake_clean_cache' from command line to 'False'
[0.555s] Level 5:colcon.colcon_core.verb:set package 'wall_follower' build argument 'cmake_clean_first' from command line to 'False'
[0.555s] Level 5:colcon.colcon_core.verb:set package 'wall_follower' build argument 'cmake_force_configure' from command line to 'False'
[0.555s] Level 5:colcon.colcon_core.verb:set package 'wall_follower' build argument 'ament_cmake_args' from command line to 'None'
[0.555s] Level 5:colcon.colcon_core.verb:set package 'wall_follower' build argument 'catkin_cmake_args' from command line to 'None'
[0.555s] Level 5:colcon.colcon_core.verb:set package 'wall_follower' build argument 'catkin_skip_building_tests' from command line to 'False'
[0.555s] DEBUG:colcon.colcon_core.verb:Building package 'wall_follower' with the following arguments: {'ament_cmake_args': None, 'build_base': '/home/chris/ros_ws/build/wall_follower', 'catkin_cmake_args': None, 'catkin_skip_building_tests': False, 'cmake_args': None, 'cmake_clean_cache': False, 'cmake_clean_first': False, 'cmake_force_configure': False, 'cmake_target': None, 'cmake_target_skip_unavailable': False, 'install_base': '/home/chris/ros_ws/install/wall_follower', 'merge_install': False, 'path': '/home/chris/ros_ws/src/wall_follower', 'symlink_install': True, 'test_result_base': None}
[0.556s] Level 5:colcon.colcon_core.verb:set package 'naoqi_libqicore' build argument 'cmake_args' from command line to 'None'
[0.556s] Level 5:colcon.colcon_core.verb:set package 'naoqi_libqicore' build argument 'cmake_target' from command line to 'None'
[0.556s] Level 5:colcon.colcon_core.verb:set package 'naoqi_libqicore' build argument 'cmake_target_skip_unavailable' from command line to 'False'
[0.556s] Level 5:colcon.colcon_core.verb:set package 'naoqi_libqicore' build argument 'cmake_clean_cache' from command line to 'False'
[0.556s] Level 5:colcon.colcon_core.verb:set package 'naoqi_libqicore' build argument 'cmake_clean_first' from command line to 'False'
[0.556s] Level 5:colcon.colcon_core.verb:set package 'naoqi_libqicore' build argument 'cmake_force_configure' from command line to 'False'
[0.556s] Level 5:colcon.colcon_core.verb:set package 'naoqi_libqicore' build argument 'ament_cmake_args' from command line to 'None'
[0.556s] Level 5:colcon.colcon_core.verb:set package 'naoqi_libqicore' build argument 'catkin_cmake_args' from command line to 'None'
[0.556s] Level 5:colcon.colcon_core.verb:set package 'naoqi_libqicore' build argument 'catkin_skip_building_tests' from command line to 'False'
[0.556s] DEBUG:colcon.colcon_core.verb:Building package 'naoqi_libqicore' with the following arguments: {'ament_cmake_args': None, 'build_base': '/home/chris/ros_ws/build/naoqi_libqicore', 'catkin_cmake_args': None, 'catkin_skip_building_tests': False, 'cmake_args': None, 'cmake_clean_cache': False, 'cmake_clean_first': False, 'cmake_force_configure': False, 'cmake_target': None, 'cmake_target_skip_unavailable': False, 'install_base': '/home/chris/ros_ws/install/naoqi_libqicore', 'merge_install': False, 'path': '/home/chris/ros_ws/src/naoqi_libqicore', 'symlink_install': True, 'test_result_base': None}
[0.556s] Level 5:colcon.colcon_core.verb:set package 'pepper_wall_follower' build argument 'cmake_args' from command line to 'None'
[0.556s] Level 5:colcon.colcon_core.verb:set package 'pepper_wall_follower' build argument 'cmake_target' from command line to 'None'
[0.556s] Level 5:colcon.colcon_core.verb:set package 'pepper_wall_follower' build argument 'cmake_target_skip_unavailable' from command line to 'False'
[0.556s] Level 5:colcon.colcon_core.verb:set package 'pepper_wall_follower' build argument 'cmake_clean_cache' from command line to 'False'
[0.556s] Level 5:colcon.colcon_core.verb:set package 'pepper_wall_follower' build argument 'cmake_clean_first' from command line to 'False'
[0.556s] Level 5:colcon.colcon_core.verb:set package 'pepper_wall_follower' build argument 'cmake_force_configure' from command line to 'False'
[0.556s] Level 5:colcon.colcon_core.verb:set package 'pepper_wall_follower' build argument 'ament_cmake_args' from command line to 'None'
[0.556s] Level 5:colcon.colcon_core.verb:set package 'pepper_wall_follower' build argument 'catkin_cmake_args' from command line to 'None'
[0.556s] Level 5:colcon.colcon_core.verb:set package 'pepper_wall_follower' build argument 'catkin_skip_building_tests' from command line to 'False'
[0.556s] DEBUG:colcon.colcon_core.verb:Building package 'pepper_wall_follower' with the following arguments: {'ament_cmake_args': None, 'build_base': '/home/chris/ros_ws/build/pepper_wall_follower', 'catkin_cmake_args': None, 'catkin_skip_building_tests': False, 'cmake_args': None, 'cmake_clean_cache': False, 'cmake_clean_first': False, 'cmake_force_configure': False, 'cmake_target': None, 'cmake_target_skip_unavailable': False, 'install_base': '/home/chris/ros_ws/install/pepper_wall_follower', 'merge_install': False, 'path': '/home/chris/ros_ws/src/pepper_wall_follower', 'symlink_install': True, 'test_result_base': None}
[0.557s] Level 5:colcon.colcon_core.verb:set package 'naoqi_driver' build argument 'cmake_args' from command line to 'None'
[0.557s] Level 5:colcon.colcon_core.verb:set package 'naoqi_driver' build argument 'cmake_target' from command line to 'None'
[0.557s] Level 5:colcon.colcon_core.verb:set package 'naoqi_driver' build argument 'cmake_target_skip_unavailable' from command line to 'False'
[0.557s] Level 5:colcon.colcon_core.verb:set package 'naoqi_driver' build argument 'cmake_clean_cache' from command line to 'False'
[0.557s] Level 5:colcon.colcon_core.verb:set package 'naoqi_driver' build argument 'cmake_clean_first' from command line to 'False'
[0.557s] Level 5:colcon.colcon_core.verb:set package 'naoqi_driver' build argument 'cmake_force_configure' from command line to 'False'
[0.557s] Level 5:colcon.colcon_core.verb:set package 'naoqi_driver' build argument 'ament_cmake_args' from command line to 'None'
[0.557s] Level 5:colcon.colcon_core.verb:set package 'naoqi_driver' build argument 'catkin_cmake_args' from command line to 'None'
[0.557s] Level 5:colcon.colcon_core.verb:set package 'naoqi_driver' build argument 'catkin_skip_building_tests' from command line to 'False'
[0.557s] DEBUG:colcon.colcon_core.verb:Building package 'naoqi_driver' with the following arguments: {'ament_cmake_args': None, 'build_base': '/home/chris/ros_ws/build/naoqi_driver', 'catkin_cmake_args': None, 'catkin_skip_building_tests': False, 'cmake_args': None, 'cmake_clean_cache': False, 'cmake_clean_first': False, 'cmake_force_configure': False, 'cmake_target': None, 'cmake_target_skip_unavailable': False, 'install_base': '/home/chris/ros_ws/install/naoqi_driver', 'merge_install': False, 'path': '/home/chris/ros_ws/src/naoqi_driver2', 'symlink_install': True, 'test_result_base': None}
[0.557s] INFO:colcon.colcon_core.executor:Executing jobs using 'parallel' executor
[0.559s] DEBUG:colcon.colcon_parallel_executor.executor.parallel:run_until_complete
[0.559s] INFO:colcon.colcon_ros.task.ament_cmake.build:Building ROS package in '/home/chris/ros_ws/src/naoqi_bridge_msgs' with build type 'ament_cmake'
[0.560s] INFO:colcon.colcon_cmake.task.cmake.build:Building CMake package in '/home/chris/ros_ws/src/naoqi_bridge_msgs'
[0.562s] INFO:colcon.colcon_core.plugin_system:Skipping extension 'colcon_core.shell.bat': Not used on non-Windows systems
[0.562s] INFO:colcon.colcon_core.shell:Skip shell extension 'powershell' for command environment: Not usable outside of PowerShell
[0.562s] DEBUG:colcon.colcon_core.shell:Skip shell extension 'dsv' for command environment
[0.576s] DEBUG:colcon.colcon_core.event_handler.log_command:Invoking command in '/home/chris/ros_ws/build/naoqi_bridge_msgs': CMAKE_PREFIX_PATH=${CMAKE_PREFIX_PATH}:/opt/ros/humble /usr/bin/cmake --build /home/chris/ros_ws/build/naoqi_bridge_msgs -- -j20 -l20
[1.090s] DEBUG:colcon.colcon_core.event_handler.log_command:Invoked command in '/home/chris/ros_ws/build/naoqi_bridge_msgs' returned '0': CMAKE_PREFIX_PATH=${CMAKE_PREFIX_PATH}:/opt/ros/humble /usr/bin/cmake --build /home/chris/ros_ws/build/naoqi_bridge_msgs -- -j20 -l20
[1.102s] DEBUG:colcon.colcon_core.event_handler.log_command:Invoking command in '/home/chris/ros_ws/build/naoqi_bridge_msgs': CMAKE_PREFIX_PATH=${CMAKE_PREFIX_PATH}:/opt/ros/humble /usr/bin/cmake --install /home/chris/ros_ws/build/naoqi_bridge_msgs
[1.311s] Level 1:colcon.colcon_core.environment:create_environment_scripts_only(naoqi_bridge_msgs)
[1.311s] DEBUG:colcon.colcon_core.event_handler.log_command:Invoked command in '/home/chris/ros_ws/build/naoqi_bridge_msgs' returned '0': CMAKE_PREFIX_PATH=${CMAKE_PREFIX_PATH}:/opt/ros/humble /usr/bin/cmake --install /home/chris/ros_ws/build/naoqi_bridge_msgs
[1.314s] Level 1:colcon.colcon_core.environment:checking '/home/chris/ros_ws/install/naoqi_bridge_msgs' for CMake module files
[1.314s] Level 1:colcon.colcon_core.environment:checking '/home/chris/ros_ws/install/naoqi_bridge_msgs' for CMake config files
[1.319s] Level 1:colcon.colcon_core.shell:create_environment_hook('naoqi_bridge_msgs', 'cmake_prefix_path')
[1.319s] INFO:colcon.colcon_core.shell:Creating environment hook '/home/chris/ros_ws/install/naoqi_bridge_msgs/share/naoqi_bridge_msgs/hook/cmake_prefix_path.ps1'
[1.320s] INFO:colcon.colcon_core.shell:Creating environment descriptor '/home/chris/ros_ws/install/naoqi_bridge_msgs/share/naoqi_bridge_msgs/hook/cmake_prefix_path.dsv'
[1.321s] INFO:colcon.colcon_core.shell:Creating environment hook '/home/chris/ros_ws/install/naoqi_bridge_msgs/share/naoqi_bridge_msgs/hook/cmake_prefix_path.sh'
[1.322s] Level 1:colcon.colcon_core.environment:checking '/home/chris/ros_ws/install/naoqi_bridge_msgs/lib'
[1.323s] Level 1:colcon.colcon_core.shell:create_environment_hook('naoqi_bridge_msgs', 'ld_library_path_lib')
[1.323s] INFO:colcon.colcon_core.shell:Creating environment hook '/home/chris/ros_ws/install/naoqi_bridge_msgs/share/naoqi_bridge_msgs/hook/ld_library_path_lib.ps1'
[1.324s] INFO:colcon.colcon_core.shell:Creating environment descriptor '/home/chris/ros_ws/install/naoqi_bridge_msgs/share/naoqi_bridge_msgs/hook/ld_library_path_lib.dsv'
[1.324s] INFO:colcon.colcon_core.shell:Creating environment hook '/home/chris/ros_ws/install/naoqi_bridge_msgs/share/naoqi_bridge_msgs/hook/ld_library_path_lib.sh'
[1.324s] Level 1:colcon.colcon_core.environment:checking '/home/chris/ros_ws/install/naoqi_bridge_msgs/bin'
[1.325s] Level 1:colcon.colcon_core.environment:checking '/home/chris/ros_ws/install/naoqi_bridge_msgs/lib/pkgconfig/naoqi_bridge_msgs.pc'
[1.325s] Level 1:colcon.colcon_core.environment:checking '/home/chris/ros_ws/install/naoqi_bridge_msgs/lib/python3.10/site-packages'
[1.325s] Level 1:colcon.colcon_core.environment:checking '/home/chris/ros_ws/install/naoqi_bridge_msgs/bin'
[1.326s] INFO:colcon.colcon_core.shell:Creating package script '/home/chris/ros_ws/install/naoqi_bridge_msgs/share/naoqi_bridge_msgs/package.ps1'
[1.327s] INFO:colcon.colcon_core.shell:Creating package descriptor '/home/chris/ros_ws/install/naoqi_bridge_msgs/share/naoqi_bridge_msgs/package.dsv'
[1.327s] INFO:colcon.colcon_core.shell:Creating package script '/home/chris/ros_ws/install/naoqi_bridge_msgs/share/naoqi_bridge_msgs/package.sh'
[1.328s] INFO:colcon.colcon_core.shell:Creating package script '/home/chris/ros_ws/install/naoqi_bridge_msgs/share/naoqi_bridge_msgs/package.bash'
[1.329s] INFO:colcon.colcon_core.shell:Creating package script '/home/chris/ros_ws/install/naoqi_bridge_msgs/share/naoqi_bridge_msgs/package.zsh'
[1.331s] Level 1:colcon.colcon_core.environment:create_file_with_runtime_dependencies(/home/chris/ros_ws/install/naoqi_bridge_msgs/share/colcon-core/packages/naoqi_bridge_msgs)
[1.331s] Level 1:colcon.colcon_core.environment:create_environment_scripts_only(naoqi_bridge_msgs)
[1.332s] Level 1:colcon.colcon_core.environment:checking '/home/chris/ros_ws/install/naoqi_bridge_msgs' for CMake module files
[1.332s] Level 1:colcon.colcon_core.environment:checking '/home/chris/ros_ws/install/naoqi_bridge_msgs' for CMake config files
[1.339s] Level 1:colcon.colcon_core.shell:create_environment_hook('naoqi_bridge_msgs', 'cmake_prefix_path')
[1.339s] INFO:colcon.colcon_core.shell:Creating environment hook '/home/chris/ros_ws/install/naoqi_bridge_msgs/share/naoqi_bridge_msgs/hook/cmake_prefix_path.ps1'
[1.340s] INFO:colcon.colcon_core.shell:Creating environment descriptor '/home/chris/ros_ws/install/naoqi_bridge_msgs/share/naoqi_bridge_msgs/hook/cmake_prefix_path.dsv'
[1.341s] INFO:colcon.colcon_core.shell:Creating environment hook '/home/chris/ros_ws/install/naoqi_bridge_msgs/share/naoqi_bridge_msgs/hook/cmake_prefix_path.sh'
[1.342s] Level 1:colcon.colcon_core.environment:checking '/home/chris/ros_ws/install/naoqi_bridge_msgs/lib'
[1.342s] Level 1:colcon.colcon_core.shell:create_environment_hook('naoqi_bridge_msgs', 'ld_library_path_lib')
[1.343s] INFO:colcon.colcon_core.shell:Creating environment hook '/home/chris/ros_ws/install/naoqi_bridge_msgs/share/naoqi_bridge_msgs/hook/ld_library_path_lib.ps1'
[1.343s] INFO:colcon.colcon_core.shell:Creating environment descriptor '/home/chris/ros_ws/install/naoqi_bridge_msgs/share/naoqi_bridge_msgs/hook/ld_library_path_lib.dsv'
[1.344s] INFO:colcon.colcon_core.shell:Creating environment hook '/home/chris/ros_ws/install/naoqi_bridge_msgs/share/naoqi_bridge_msgs/hook/ld_library_path_lib.sh'
[1.344s] Level 1:colcon.colcon_core.environment:checking '/home/chris/ros_ws/install/naoqi_bridge_msgs/bin'
[1.344s] Level 1:colcon.colcon_core.environment:checking '/home/chris/ros_ws/install/naoqi_bridge_msgs/lib/pkgconfig/naoqi_bridge_msgs.pc'
[1.344s] Level 1:colcon.colcon_core.environment:checking '/home/chris/ros_ws/install/naoqi_bridge_msgs/lib/python3.10/site-packages'
[1.345s] Level 1:colcon.colcon_core.environment:checking '/home/chris/ros_ws/install/naoqi_bridge_msgs/bin'
[1.345s] INFO:colcon.colcon_core.shell:Creating package script '/home/chris/ros_ws/install/naoqi_bridge_msgs/share/naoqi_bridge_msgs/package.ps1'
[1.346s] INFO:colcon.colcon_core.shell:Creating package descriptor '/home/chris/ros_ws/install/naoqi_bridge_msgs/share/naoqi_bridge_msgs/package.dsv'
[1.347s] INFO:colcon.colcon_core.shell:Creating package script '/home/chris/ros_ws/install/naoqi_bridge_msgs/share/naoqi_bridge_msgs/package.sh'
[1.347s] INFO:colcon.colcon_core.shell:Creating package script '/home/chris/ros_ws/install/naoqi_bridge_msgs/share/naoqi_bridge_msgs/package.bash'
[1.347s] INFO:colcon.colcon_core.shell:Creating package script '/home/chris/ros_ws/install/naoqi_bridge_msgs/share/naoqi_bridge_msgs/package.zsh'
[1.348s] Level 1:colcon.colcon_core.environment:create_file_with_runtime_dependencies(/home/chris/ros_ws/install/naoqi_bridge_msgs/share/colcon-core/packages/naoqi_bridge_msgs)
[1.348s] INFO:colcon.colcon_ros.task.ament_cmake.build:Building ROS package in '/home/chris/ros_ws/src/naoqi_libqi' with build type 'ament_cmake'
[1.348s] INFO:colcon.colcon_cmake.task.cmake.build:Building CMake package in '/home/chris/ros_ws/src/naoqi_libqi'
[1.349s] INFO:colcon.colcon_core.shell:Skip shell extension 'powershell' for command environment: Not usable outside of PowerShell
[1.349s] DEBUG:colcon.colcon_core.shell:Skip shell extension 'dsv' for command environment
[1.369s] DEBUG:colcon.colcon_core.event_handler.log_command:Invoking command in '/home/chris/ros_ws/build/naoqi_libqi': CMAKE_PREFIX_PATH=${CMAKE_PREFIX_PATH}:/opt/ros/humble /usr/bin/cmake --build /home/chris/ros_ws/build/naoqi_libqi -- -j20 -l20
[1.823s] DEBUG:colcon.colcon_core.event_handler.log_command:Invoked command in '/home/chris/ros_ws/build/naoqi_libqi' returned '0': CMAKE_PREFIX_PATH=${CMAKE_PREFIX_PATH}:/opt/ros/humble /usr/bin/cmake --build /home/chris/ros_ws/build/naoqi_libqi -- -j20 -l20
[1.826s] DEBUG:colcon.colcon_core.event_handler.log_command:Invoking command in '/home/chris/ros_ws/build/naoqi_libqi': CMAKE_PREFIX_PATH=${CMAKE_PREFIX_PATH}:/opt/ros/humble /usr/bin/cmake --install /home/chris/ros_ws/build/naoqi_libqi
[1.876s] Level 1:colcon.colcon_core.environment:create_environment_scripts_only(naoqi_libqi)
[1.876s] Level 1:colcon.colcon_core.environment:checking '/home/chris/ros_ws/install/naoqi_libqi' for CMake module files
[1.878s] DEBUG:colcon.colcon_core.event_handler.log_command:Invoked command in '/home/chris/ros_ws/build/naoqi_libqi' returned '0': CMAKE_PREFIX_PATH=${CMAKE_PREFIX_PATH}:/opt/ros/humble /usr/bin/cmake --install /home/chris/ros_ws/build/naoqi_libqi
[1.879s] Level 1:colcon.colcon_core.environment:checking '/home/chris/ros_ws/install/naoqi_libqi' for CMake config files
[1.881s] Level 1:colcon.colcon_core.shell:create_environment_hook('naoqi_libqi', 'cmake_prefix_path')
[1.881s] INFO:colcon.colcon_core.shell:Creating environment hook '/home/chris/ros_ws/install/naoqi_libqi/share/naoqi_libqi/hook/cmake_prefix_path.ps1'
[1.882s] INFO:colcon.colcon_core.shell:Creating environment descriptor '/home/chris/ros_ws/install/naoqi_libqi/share/naoqi_libqi/hook/cmake_prefix_path.dsv'
[1.883s] INFO:colcon.colcon_core.shell:Creating environment hook '/home/chris/ros_ws/install/naoqi_libqi/share/naoqi_libqi/hook/cmake_prefix_path.sh'
[1.885s] Level 1:colcon.colcon_core.environment:checking '/home/chris/ros_ws/install/naoqi_libqi/lib'
[1.885s] Level 1:colcon.colcon_core.shell:create_environment_hook('naoqi_libqi', 'ld_library_path_lib')
[1.885s] INFO:colcon.colcon_core.shell:Creating environment hook '/home/chris/ros_ws/install/naoqi_libqi/share/naoqi_libqi/hook/ld_library_path_lib.ps1'
[1.886s] INFO:colcon.colcon_core.shell:Creating environment descriptor '/home/chris/ros_ws/install/naoqi_libqi/share/naoqi_libqi/hook/ld_library_path_lib.dsv'
[1.886s] INFO:colcon.colcon_core.shell:Creating environment hook '/home/chris/ros_ws/install/naoqi_libqi/share/naoqi_libqi/hook/ld_library_path_lib.sh'
[1.887s] Level 1:colcon.colcon_core.environment:checking '/home/chris/ros_ws/install/naoqi_libqi/bin'
[1.887s] Level 1:colcon.colcon_core.environment:checking '/home/chris/ros_ws/install/naoqi_libqi/lib/pkgconfig/naoqi_libqi.pc'
[1.887s] Level 1:colcon.colcon_core.environment:checking '/home/chris/ros_ws/install/naoqi_libqi/lib/python3.10/site-packages'
[1.888s] Level 1:colcon.colcon_core.environment:checking '/home/chris/ros_ws/install/naoqi_libqi/bin'
[1.888s] INFO:colcon.colcon_core.shell:Creating package script '/home/chris/ros_ws/install/naoqi_libqi/share/naoqi_libqi/package.ps1'
[1.889s] INFO:colcon.colcon_core.shell:Creating package descriptor '/home/chris/ros_ws/install/naoqi_libqi/share/naoqi_libqi/package.dsv'
[1.890s] INFO:colcon.colcon_core.shell:Creating package script '/home/chris/ros_ws/install/naoqi_libqi/share/naoqi_libqi/package.sh'
[1.890s] INFO:colcon.colcon_core.shell:Creating package script '/home/chris/ros_ws/install/naoqi_libqi/share/naoqi_libqi/package.bash'
[1.891s] INFO:colcon.colcon_core.shell:Creating package script '/home/chris/ros_ws/install/naoqi_libqi/share/naoqi_libqi/package.zsh'
[1.891s] Level 1:colcon.colcon_core.environment:create_file_with_runtime_dependencies(/home/chris/ros_ws/install/naoqi_libqi/share/colcon-core/packages/naoqi_libqi)
[1.892s] Level 1:colcon.colcon_core.environment:create_environment_scripts_only(naoqi_libqi)
[1.892s] Level 1:colcon.colcon_core.environment:checking '/home/chris/ros_ws/install/naoqi_libqi' for CMake module files
[1.893s] Level 1:colcon.colcon_core.environment:checking '/home/chris/ros_ws/install/naoqi_libqi' for CMake config files
[1.894s] Level 1:colcon.colcon_core.shell:create_environment_hook('naoqi_libqi', 'cmake_prefix_path')
[1.894s] INFO:colcon.colcon_core.shell:Creating environment hook '/home/chris/ros_ws/install/naoqi_libqi/share/naoqi_libqi/hook/cmake_prefix_path.ps1'
[1.895s] INFO:colcon.colcon_core.shell:Creating environment descriptor '/home/chris/ros_ws/install/naoqi_libqi/share/naoqi_libqi/hook/cmake_prefix_path.dsv'
[1.895s] INFO:colcon.colcon_core.shell:Creating environment hook '/home/chris/ros_ws/install/naoqi_libqi/share/naoqi_libqi/hook/cmake_prefix_path.sh'
[1.896s] Level 1:colcon.colcon_core.environment:checking '/home/chris/ros_ws/install/naoqi_libqi/lib'
[1.896s] Level 1:colcon.colcon_core.shell:create_environment_hook('naoqi_libqi', 'ld_library_path_lib')
[1.896s] INFO:colcon.colcon_core.shell:Creating environment hook '/home/chris/ros_ws/install/naoqi_libqi/share/naoqi_libqi/hook/ld_library_path_lib.ps1'
[1.897s] INFO:colcon.colcon_core.shell:Creating environment descriptor '/home/chris/ros_ws/install/naoqi_libqi/share/naoqi_libqi/hook/ld_library_path_lib.dsv'
[1.898s] INFO:colcon.colcon_core.shell:Creating environment hook '/home/chris/ros_ws/install/naoqi_libqi/share/naoqi_libqi/hook/ld_library_path_lib.sh'
[1.898s] Level 1:colcon.colcon_core.environment:checking '/home/chris/ros_ws/install/naoqi_libqi/bin'
[1.899s] Level 1:colcon.colcon_core.environment:checking '/home/chris/ros_ws/install/naoqi_libqi/lib/pkgconfig/naoqi_libqi.pc'
[1.899s] Level 1:colcon.colcon_core.environment:checking '/home/chris/ros_ws/install/naoqi_libqi/lib/python3.10/site-packages'
[1.899s] Level 1:colcon.colcon_core.environment:checking '/home/chris/ros_ws/install/naoqi_libqi/bin'
[1.900s] INFO:colcon.colcon_core.shell:Creating package script '/home/chris/ros_ws/install/naoqi_libqi/share/naoqi_libqi/package.ps1'
[1.901s] INFO:colcon.colcon_core.shell:Creating package descriptor '/home/chris/ros_ws/install/naoqi_libqi/share/naoqi_libqi/package.dsv'
[1.902s] INFO:colcon.colcon_core.shell:Creating package script '/home/chris/ros_ws/install/naoqi_libqi/share/naoqi_libqi/package.sh'
[1.902s] INFO:colcon.colcon_core.shell:Creating package script '/home/chris/ros_ws/install/naoqi_libqi/share/naoqi_libqi/package.bash'
[1.903s] INFO:colcon.colcon_core.shell:Creating package script '/home/chris/ros_ws/install/naoqi_libqi/share/naoqi_libqi/package.zsh'
[1.904s] Level 1:colcon.colcon_core.environment:create_file_with_runtime_dependencies(/home/chris/ros_ws/install/naoqi_libqi/share/colcon-core/packages/naoqi_libqi)
[1.905s] INFO:colcon.colcon_ros.task.ament_cmake.build:Building ROS package in '/home/chris/ros_ws/src/naoqi_libqicore' with build type 'ament_cmake'
[1.905s] INFO:colcon.colcon_cmake.task.cmake.build:Building CMake package in '/home/chris/ros_ws/src/naoqi_libqicore'
[1.905s] INFO:colcon.colcon_core.shell:Skip shell extension 'powershell' for command environment: Not usable outside of PowerShell
[1.905s] DEBUG:colcon.colcon_core.shell:Skip shell extension 'dsv' for command environment
[2.048s] DEBUG:colcon.colcon_core.event_handler.log_command:Invoking command in '/home/chris/ros_ws/build/naoqi_libqicore': CMAKE_PREFIX_PATH=/home/chris/ros_ws/install/naoqi_libqi:/home/chris/ros_ws/install/wall_follower:/home/chris/ros_ws/install/pepper_wall_follower:/home/chris/ros_ws/install/pepper_meshes:/home/chris/ros_ws/install/naoqi_driver:/home/chris/ros_ws/install/naoqi_libqicore:/home/chris/ros_ws/install/naoqi_bridge_msgs:/home/chris/ros_ws/install/nao_meshes:/opt/ros/humble LD_LIBRARY_PATH=/home/chris/ros_ws/install/naoqi_libqi/lib:/home/chris/ros_ws/install/naoqi_driver/lib:/home/chris/ros_ws/install/naoqi_libqicore/lib:/home/chris/ros_ws/install/naoqi_bridge_msgs/lib:/opt/ros/humble/opt/rviz_ogre_vendor/lib:/opt/ros/humble/lib/x86_64-linux-gnu:/opt/ros/humble/lib /usr/bin/cmake --build /home/chris/ros_ws/build/naoqi_libqicore -- -j20 -l20
[2.157s] DEBUG:colcon.colcon_core.event_handler.log_command:Invoked command in '/home/chris/ros_ws/build/naoqi_libqicore' returned '0': CMAKE_PREFIX_PATH=/home/chris/ros_ws/install/naoqi_libqi:/home/chris/ros_ws/install/wall_follower:/home/chris/ros_ws/install/pepper_wall_follower:/home/chris/ros_ws/install/pepper_meshes:/home/chris/ros_ws/install/naoqi_driver:/home/chris/ros_ws/install/naoqi_libqicore:/home/chris/ros_ws/install/naoqi_bridge_msgs:/home/chris/ros_ws/install/nao_meshes:/opt/ros/humble LD_LIBRARY_PATH=/home/chris/ros_ws/install/naoqi_libqi/lib:/home/chris/ros_ws/install/naoqi_driver/lib:/home/chris/ros_ws/install/naoqi_libqicore/lib:/home/chris/ros_ws/install/naoqi_bridge_msgs/lib:/opt/ros/humble/opt/rviz_ogre_vendor/lib:/opt/ros/humble/lib/x86_64-linux-gnu:/opt/ros/humble/lib /usr/bin/cmake --build /home/chris/ros_ws/build/naoqi_libqicore -- -j20 -l20
[2.161s] DEBUG:colcon.colcon_core.event_handler.log_command:Invoking command in '/home/chris/ros_ws/build/naoqi_libqicore': CMAKE_PREFIX_PATH=/home/chris/ros_ws/install/naoqi_libqi:/home/chris/ros_ws/install/wall_follower:/home/chris/ros_ws/install/pepper_wall_follower:/home/chris/ros_ws/install/pepper_meshes:/home/chris/ros_ws/install/naoqi_driver:/home/chris/ros_ws/install/naoqi_libqicore:/home/chris/ros_ws/install/naoqi_bridge_msgs:/home/chris/ros_ws/install/nao_meshes:/opt/ros/humble LD_LIBRARY_PATH=/home/chris/ros_ws/install/naoqi_libqi/lib:/home/chris/ros_ws/install/naoqi_driver/lib:/home/chris/ros_ws/install/naoqi_libqicore/lib:/home/chris/ros_ws/install/naoqi_bridge_msgs/lib:/opt/ros/humble/opt/rviz_ogre_vendor/lib:/opt/ros/humble/lib/x86_64-linux-gnu:/opt/ros/humble/lib /usr/bin/cmake --install /home/chris/ros_ws/build/naoqi_libqicore
[2.192s] Level 1:colcon.colcon_core.environment:create_environment_scripts_only(naoqi_libqicore)
[2.193s] Level 1:colcon.colcon_core.environment:checking '/home/chris/ros_ws/install/naoqi_libqicore' for CMake module files
[2.194s] DEBUG:colcon.colcon_core.event_handler.log_command:Invoked command in '/home/chris/ros_ws/build/naoqi_libqicore' returned '0': CMAKE_PREFIX_PATH=/home/chris/ros_ws/install/naoqi_libqi:/home/chris/ros_ws/install/wall_follower:/home/chris/ros_ws/install/pepper_wall_follower:/home/chris/ros_ws/install/pepper_meshes:/home/chris/ros_ws/install/naoqi_driver:/home/chris/ros_ws/install/naoqi_libqicore:/home/chris/ros_ws/install/naoqi_bridge_msgs:/home/chris/ros_ws/install/nao_meshes:/opt/ros/humble LD_LIBRARY_PATH=/home/chris/ros_ws/install/naoqi_libqi/lib:/home/chris/ros_ws/install/naoqi_driver/lib:/home/chris/ros_ws/install/naoqi_libqicore/lib:/home/chris/ros_ws/install/naoqi_bridge_msgs/lib:/opt/ros/humble/opt/rviz_ogre_vendor/lib:/opt/ros/humble/lib/x86_64-linux-gnu:/opt/ros/humble/lib /usr/bin/cmake --install /home/chris/ros_ws/build/naoqi_libqicore
[2.195s] Level 1:colcon.colcon_core.environment:checking '/home/chris/ros_ws/install/naoqi_libqicore' for CMake config files
[2.195s] Level 1:colcon.colcon_core.shell:create_environment_hook('naoqi_libqicore', 'cmake_prefix_path')
[2.196s] INFO:colcon.colcon_core.shell:Creating environment hook '/home/chris/ros_ws/install/naoqi_libqicore/share/naoqi_libqicore/hook/cmake_prefix_path.ps1'
[2.196s] INFO:colcon.colcon_core.shell:Creating environment descriptor '/home/chris/ros_ws/install/naoqi_libqicore/share/naoqi_libqicore/hook/cmake_prefix_path.dsv'
[2.197s] INFO:colcon.colcon_core.shell:Creating environment hook '/home/chris/ros_ws/install/naoqi_libqicore/share/naoqi_libqicore/hook/cmake_prefix_path.sh'
[2.198s] Level 1:colcon.colcon_core.environment:checking '/home/chris/ros_ws/install/naoqi_libqicore/lib'
[2.198s] Level 1:colcon.colcon_core.environment:checking '/home/chris/ros_ws/install/naoqi_libqicore/bin'
[2.198s] Level 1:colcon.colcon_core.environment:checking '/home/chris/ros_ws/install/naoqi_libqicore/lib/pkgconfig/naoqi_libqicore.pc'
[2.198s] Level 1:colcon.colcon_core.environment:checking '/home/chris/ros_ws/install/naoqi_libqicore/lib/python3.10/site-packages'
[2.198s] Level 1:colcon.colcon_core.environment:checking '/home/chris/ros_ws/install/naoqi_libqicore/bin'
[2.199s] INFO:colcon.colcon_core.shell:Creating package script '/home/chris/ros_ws/install/naoqi_libqicore/share/naoqi_libqicore/package.ps1'
[2.199s] INFO:colcon.colcon_core.shell:Creating package descriptor '/home/chris/ros_ws/install/naoqi_libqicore/share/naoqi_libqicore/package.dsv'
[2.199s] INFO:colcon.colcon_core.shell:Creating package script '/home/chris/ros_ws/install/naoqi_libqicore/share/naoqi_libqicore/package.sh'
[2.200s] INFO:colcon.colcon_core.shell:Creating package script '/home/chris/ros_ws/install/naoqi_libqicore/share/naoqi_libqicore/package.bash'
[2.200s] INFO:colcon.colcon_core.shell:Creating package script '/home/chris/ros_ws/install/naoqi_libqicore/share/naoqi_libqicore/package.zsh'
[2.200s] Level 1:colcon.colcon_core.environment:create_file_with_runtime_dependencies(/home/chris/ros_ws/install/naoqi_libqicore/share/colcon-core/packages/naoqi_libqicore)
[2.201s] Level 1:colcon.colcon_core.environment:create_environment_scripts_only(naoqi_libqicore)
[2.201s] Level 1:colcon.colcon_core.environment:checking '/home/chris/ros_ws/install/naoqi_libqicore' for CMake module files
[2.202s] Level 1:colcon.colcon_core.environment:checking '/home/chris/ros_ws/install/naoqi_libqicore' for CMake config files
[2.202s] Level 1:colcon.colcon_core.shell:create_environment_hook('naoqi_libqicore', 'cmake_prefix_path')
[2.202s] INFO:colcon.colcon_core.shell:Creating environment hook '/home/chris/ros_ws/install/naoqi_libqicore/share/naoqi_libqicore/hook/cmake_prefix_path.ps1'
[2.203s] INFO:colcon.colcon_core.shell:Creating environment descriptor '/home/chris/ros_ws/install/naoqi_libqicore/share/naoqi_libqicore/hook/cmake_prefix_path.dsv'
[2.203s] INFO:colcon.colcon_core.shell:Creating environment hook '/home/chris/ros_ws/install/naoqi_libqicore/share/naoqi_libqicore/hook/cmake_prefix_path.sh'
[2.204s] Level 1:colcon.colcon_core.environment:checking '/home/chris/ros_ws/install/naoqi_libqicore/lib'
[2.204s] Level 1:colcon.colcon_core.environment:checking '/home/chris/ros_ws/install/naoqi_libqicore/bin'
[2.204s] Level 1:colcon.colcon_core.environment:checking '/home/chris/ros_ws/install/naoqi_libqicore/lib/pkgconfig/naoqi_libqicore.pc'
[2.204s] Level 1:colcon.colcon_core.environment:checking '/home/chris/ros_ws/install/naoqi_libqicore/lib/python3.10/site-packages'
[2.204s] Level 1:colcon.colcon_core.environment:checking '/home/chris/ros_ws/install/naoqi_libqicore/bin'
[2.205s] INFO:colcon.colcon_core.shell:Creating package script '/home/chris/ros_ws/install/naoqi_libqicore/share/naoqi_libqicore/package.ps1'
[2.206s] INFO:colcon.colcon_core.shell:Creating package descriptor '/home/chris/ros_ws/install/naoqi_libqicore/share/naoqi_libqicore/package.dsv'
[2.206s] INFO:colcon.colcon_core.shell:Creating package script '/home/chris/ros_ws/install/naoqi_libqicore/share/naoqi_libqicore/package.sh'
[2.207s] INFO:colcon.colcon_core.shell:Creating package script '/home/chris/ros_ws/install/naoqi_libqicore/share/naoqi_libqicore/package.bash'
[2.207s] INFO:colcon.colcon_core.shell:Creating package script '/home/chris/ros_ws/install/naoqi_libqicore/share/naoqi_libqicore/package.zsh'
[2.208s] Level 1:colcon.colcon_core.environment:create_file_with_runtime_dependencies(/home/chris/ros_ws/install/naoqi_libqicore/share/colcon-core/packages/naoqi_libqicore)
[2.209s] INFO:colcon.colcon_ros.task.ament_cmake.build:Building ROS package in '/home/chris/ros_ws/src/wall_follower' with build type 'ament_cmake'
[2.209s] INFO:colcon.colcon_cmake.task.cmake.build:Building CMake package in '/home/chris/ros_ws/src/wall_follower'
[2.210s] INFO:colcon.colcon_core.shell:Skip shell extension 'powershell' for command environment: Not usable outside of PowerShell
[2.210s] DEBUG:colcon.colcon_core.shell:Skip shell extension 'dsv' for command environment
[2.222s] DEBUG:colcon.colcon_core.event_handler.log_command:Invoking command in '/home/chris/ros_ws/build/wall_follower': CMAKE_PREFIX_PATH=${CMAKE_PREFIX_PATH}:/opt/ros/humble /usr/bin/cmake --build /home/chris/ros_ws/build/wall_follower -- -j20 -l20
[2.300s] DEBUG:colcon.colcon_core.event_handler.log_command:Invoked command in '/home/chris/ros_ws/build/wall_follower' returned '2': CMAKE_PREFIX_PATH=${CMAKE_PREFIX_PATH}:/opt/ros/humble /usr/bin/cmake --build /home/chris/ros_ws/build/wall_follower -- -j20 -l20
[2.301s] Level 1:colcon.colcon_core.environment:create_environment_scripts_only(wall_follower)
[2.301s] Level 1:colcon.colcon_core.environment:checking '/home/chris/ros_ws/install/wall_follower' for CMake module files
[2.302s] Level 1:colcon.colcon_core.environment:checking '/home/chris/ros_ws/install/wall_follower' for CMake config files
[2.302s] Level 1:colcon.colcon_core.shell:create_environment_hook('wall_follower', 'cmake_prefix_path')
[2.303s] INFO:colcon.colcon_core.shell:Creating environment hook '/home/chris/ros_ws/install/wall_follower/share/wall_follower/hook/cmake_prefix_path.ps1'
[2.303s] INFO:colcon.colcon_core.shell:Creating environment descriptor '/home/chris/ros_ws/install/wall_follower/share/wall_follower/hook/cmake_prefix_path.dsv'
[2.304s] INFO:colcon.colcon_core.shell:Creating environment hook '/home/chris/ros_ws/install/wall_follower/share/wall_follower/hook/cmake_prefix_path.sh'
[2.304s] Level 1:colcon.colcon_core.environment:checking '/home/chris/ros_ws/install/wall_follower/lib'
[2.305s] Level 1:colcon.colcon_core.environment:checking '/home/chris/ros_ws/install/wall_follower/bin'
[2.305s] Level 1:colcon.colcon_core.environment:checking '/home/chris/ros_ws/install/wall_follower/lib/pkgconfig/wall_follower.pc'
[2.305s] Level 1:colcon.colcon_core.environment:checking '/home/chris/ros_ws/install/wall_follower/lib/python3.10/site-packages'
[2.306s] Level 1:colcon.colcon_core.environment:checking '/home/chris/ros_ws/install/wall_follower/bin'
[2.306s] INFO:colcon.colcon_core.shell:Creating package script '/home/chris/ros_ws/install/wall_follower/share/wall_follower/package.ps1'
[2.307s] INFO:colcon.colcon_core.shell:Creating package descriptor '/home/chris/ros_ws/install/wall_follower/share/wall_follower/package.dsv'
[2.307s] INFO:colcon.colcon_core.shell:Creating package script '/home/chris/ros_ws/install/wall_follower/share/wall_follower/package.sh'
[2.308s] INFO:colcon.colcon_core.shell:Creating package script '/home/chris/ros_ws/install/wall_follower/share/wall_follower/package.bash'
[2.308s] INFO:colcon.colcon_core.shell:Creating package script '/home/chris/ros_ws/install/wall_follower/share/wall_follower/package.zsh'
[2.309s] Level 1:colcon.colcon_core.environment:create_file_with_runtime_dependencies(/home/chris/ros_ws/install/wall_follower/share/colcon-core/packages/wall_follower)
[2.320s] DEBUG:colcon.colcon_parallel_executor.executor.parallel:closing loop
[2.320s] DEBUG:colcon.colcon_parallel_executor.executor.parallel:loop closed
[2.320s] DEBUG:colcon.colcon_parallel_executor.executor.parallel:run_until_complete finished with '2'
[2.320s] DEBUG:colcon.colcon_core.event_reactor:joining thread
[2.416s] INFO:colcon.colcon_core.plugin_system:Skipping extension 'colcon_notification.desktop_notification.notify_send': Could not find 'notify-send'
[2.417s] INFO:colcon.colcon_core.plugin_system:Skipping extension 'colcon_notification.desktop_notification.terminal_notifier': Not used on non-Darwin systems
[2.417s] INFO:colcon.colcon_core.plugin_system:Skipping extension 'colcon_notification.desktop_notification.win32': Not used on non-Windows systems
[2.417s] INFO:colcon.colcon_notification.desktop_notification:Sending desktop notification using 'notify2'
[2.417s] DEBUG:colcon.colcon_notification.desktop_notification.notify2:Failed to initialize notify2: org.freedesktop.DBus.Error.FileNotFound: Failed to connect to socket /run/user/1000/bus: No such file or directory
[2.417s] DEBUG:colcon.colcon_core.event_reactor:joined thread
[2.418s] INFO:colcon.colcon_core.shell:Creating prefix script '/home/chris/ros_ws/install/local_setup.ps1'
[2.420s] INFO:colcon.colcon_core.shell:Creating prefix util module '/home/chris/ros_ws/install/_local_setup_util_ps1.py'
[2.422s] INFO:colcon.colcon_core.shell:Creating prefix chain script '/home/chris/ros_ws/install/setup.ps1'
[2.424s] INFO:colcon.colcon_core.shell:Creating prefix script '/home/chris/ros_ws/install/local_setup.sh'
[2.426s] INFO:colcon.colcon_core.shell:Creating prefix util module '/home/chris/ros_ws/install/_local_setup_util_sh.py'
[2.426s] INFO:colcon.colcon_core.shell:Creating prefix chain script '/home/chris/ros_ws/install/setup.sh'
[2.428s] INFO:colcon.colcon_core.shell:Creating prefix script '/home/chris/ros_ws/install/local_setup.bash'
[2.429s] INFO:colcon.colcon_core.shell:Creating prefix chain script '/home/chris/ros_ws/install/setup.bash'
[2.430s] INFO:colcon.colcon_core.shell:Creating prefix script '/home/chris/ros_ws/install/local_setup.zsh'
[2.431s] INFO:colcon.colcon_core.shell:Creating prefix chain script '/home/chris/ros_ws/install/setup.zsh'
