[0.165s] Invoking command in '/home/chris/ros_ws/build/naoqi_libqicore': AMENT_PREFIX_PATH=/home/chris/ros_ws/install/naoqi_libqi:${AMENT_PREFIX_PATH} CMAKE_PREFIX_PATH=/home/chris/ros_ws/install/naoqi_libqi:/opt/ros/humble LD_LIBRARY_PATH=/home/chris/ros_ws/install/naoqi_libqi/lib:${LD_LIBRARY_PATH} /usr/bin/cmake /home/chris/ros_ws/src/naoqi_libqicore -DAMENT_CMAKE_SYMLINK_INSTALL=1 -DCMAKE_INSTALL_PREFIX=/home/chris/ros_ws/install/naoqi_libqicore
[0.331s] -- The C compiler identification is GNU 11.4.0
[1.586s] -- The CXX compiler identification is GNU 11.4.0
[2.378s] -- Detecting C compiler ABI info
[2.517s] -- Detecting C compiler ABI info - done
[2.524s] -- Check for working C compiler: /usr/bin/cc - skipped
[2.525s] -- Detecting C compile features
[2.526s] -- Detecting C compile features - done
[2.530s] -- Detecting CXX compiler ABI info
[2.750s] -- Detecting CXX compiler ABI info - done
[2.756s] -- Check for working CXX compiler: /usr/bin/c++ - skipped
[2.756s] -- Detecting CXX compile features
[2.756s] -- Detecting CXX compile features - done
[2.761s] -- Found ament_cmake: 1.3.12 (/opt/ros/humble/share/ament_cmake/cmake)
[2.922s] -- Found Python3: /usr/bin/python3 (found version "3.10.12") found components: Interpreter 
[2.993s] -- Override CMake install command with custom implementation using symlinks instead of copying resources
[3.026s] -- Found naoqi_libqi: 3.0.3 (/home/chris/ros_ws/install/naoqi_libqi/share/naoqi_libqi/cmake)
[3.554s] -- Configuring done
[3.564s] -- Generating done
[3.566s] -- Build files have been written to: /home/chris/ros_ws/build/naoqi_libqicore
[3.571s] Invoked command in '/home/chris/ros_ws/build/naoqi_libqicore' returned '0': AMENT_PREFIX_PATH=/home/chris/ros_ws/install/naoqi_libqi:${AMENT_PREFIX_PATH} CMAKE_PREFIX_PATH=/home/chris/ros_ws/install/naoqi_libqi:/opt/ros/humble LD_LIBRARY_PATH=/home/chris/ros_ws/install/naoqi_libqi/lib:${LD_LIBRARY_PATH} /usr/bin/cmake /home/chris/ros_ws/src/naoqi_libqicore -DAMENT_CMAKE_SYMLINK_INSTALL=1 -DCMAKE_INSTALL_PREFIX=/home/chris/ros_ws/install/naoqi_libqicore
[3.573s] Invoking command in '/home/chris/ros_ws/build/naoqi_libqicore': AMENT_PREFIX_PATH=/home/chris/ros_ws/install/naoqi_libqi:${AMENT_PREFIX_PATH} CMAKE_PREFIX_PATH=/home/chris/ros_ws/install/naoqi_libqi:/opt/ros/humble LD_LIBRARY_PATH=/home/chris/ros_ws/install/naoqi_libqi/lib:${LD_LIBRARY_PATH} /usr/bin/cmake --build /home/chris/ros_ws/build/naoqi_libqicore -- -j20 -l20
[3.625s] [  9%] [32mBuilding CXX object libqicore/CMakeFiles/qicore.dir/src/loglistener_proxy.cpp.o[0m
[3.625s] [ 18%] [32mBuilding CXX object libqicore/CMakeFiles/qicore.dir/src/logprovider_proxy.cpp.o[0m
[3.625s] [ 27%] [32mBuilding CXX object libqicore/CMakeFiles/qicore.dir/src/registration.cpp.o[0m
[3.626s] [ 36%] [32mBuilding CXX object libqicore/CMakeFiles/qicore.dir/src/logproviderimpl.cpp.o[0m
[3.628s] [ 45%] [32mBuilding CXX object libqicore/CMakeFiles/qicore.dir/src/fileoperation.cpp.o[0m
[3.628s] [ 54%] [32mBuilding CXX object libqicore/CMakeFiles/qicore.dir/src/logmanager_proxy.cpp.o[0m
[3.629s] [ 63%] [32mBuilding CXX object libqicore/CMakeFiles/qicore.dir/src/fileimpl.cpp.o[0m
[3.630s] [ 72%] [32mBuilding CXX object libqicore/CMakeFiles/qicore.dir/src/file_proxy.cpp.o[0m
[3.631s] [ 81%] [32mBuilding CXX object libqicore/CMakeFiles/qicore.dir/src/progressnotifier_proxy.cpp.o[0m
[3.633s] [ 90%] [32mBuilding CXX object libqicore/CMakeFiles/qicore.dir/src/progressnotifier.cpp.o[0m
[26.461s] [100%] [32m[1mLinking CXX static library libqicore.a[0m
[26.643s] [100%] Built target qicore
[26.655s] Invoked command in '/home/chris/ros_ws/build/naoqi_libqicore' returned '0': AMENT_PREFIX_PATH=/home/chris/ros_ws/install/naoqi_libqi:${AMENT_PREFIX_PATH} CMAKE_PREFIX_PATH=/home/chris/ros_ws/install/naoqi_libqi:/opt/ros/humble LD_LIBRARY_PATH=/home/chris/ros_ws/install/naoqi_libqi/lib:${LD_LIBRARY_PATH} /usr/bin/cmake --build /home/chris/ros_ws/build/naoqi_libqicore -- -j20 -l20
[26.657s] Invoking command in '/home/chris/ros_ws/build/naoqi_libqicore': AMENT_PREFIX_PATH=/home/chris/ros_ws/install/naoqi_libqi:${AMENT_PREFIX_PATH} CMAKE_PREFIX_PATH=/home/chris/ros_ws/install/naoqi_libqi:/opt/ros/humble LD_LIBRARY_PATH=/home/chris/ros_ws/install/naoqi_libqi/lib:${LD_LIBRARY_PATH} /usr/bin/cmake --install /home/chris/ros_ws/build/naoqi_libqicore
[26.664s] -- Install configuration: ""
[26.664s] -- Execute custom install script
[26.665s] -- Symlinking: /home/chris/ros_ws/install/naoqi_libqicore/include/qicore/api.hpp
[26.674s] -- Symlinking: /home/chris/ros_ws/install/naoqi_libqicore/include/qicore/loglistener.hpp
[26.682s] -- Symlinking: /home/chris/ros_ws/install/naoqi_libqicore/include/qicore/logmanager.hpp
[26.692s] -- Symlinking: /home/chris/ros_ws/install/naoqi_libqicore/include/qicore/logmessage.hpp
[26.702s] -- Symlinking: /home/chris/ros_ws/install/naoqi_libqicore/include/qicore/logprovider.hpp
[26.712s] -- Symlinking: /home/chris/ros_ws/install/naoqi_libqicore/include/qicore/file.hpp
[26.720s] -- Symlinking: /home/chris/ros_ws/install/naoqi_libqicore/include/qicore/fileoperation.hxx
[26.730s] -- Symlinking: /home/chris/ros_ws/install/naoqi_libqicore/lib/libqicore.a
[26.740s] -- Symlinking: /home/chris/ros_ws/install/naoqi_libqicore/share/naoqi_libqicore/package.xml
[26.752s] -- Symlinking: /home/chris/ros_ws/install/naoqi_libqicore/share/naoqi_libqicore/environment/library_path.sh
[26.760s] -- Symlinking: /home/chris/ros_ws/install/naoqi_libqicore/share/naoqi_libqicore/environment/library_path.dsv
[26.772s] -- Symlinking: /home/chris/ros_ws/install/naoqi_libqicore/share/ament_index/resource_index/package_run_dependencies/naoqi_libqicore
[26.788s] -- Symlinking: /home/chris/ros_ws/install/naoqi_libqicore/share/ament_index/resource_index/parent_prefix_path/naoqi_libqicore
[26.804s] -- Symlinking: /home/chris/ros_ws/install/naoqi_libqicore/share/naoqi_libqicore/environment/ament_prefix_path.sh
[26.817s] -- Symlinking: /home/chris/ros_ws/install/naoqi_libqicore/share/naoqi_libqicore/environment/ament_prefix_path.dsv
[26.828s] -- Symlinking: /home/chris/ros_ws/install/naoqi_libqicore/share/naoqi_libqicore/environment/path.sh
[26.838s] -- Symlinking: /home/chris/ros_ws/install/naoqi_libqicore/share/naoqi_libqicore/environment/path.dsv
[26.849s] -- Symlinking: /home/chris/ros_ws/install/naoqi_libqicore/share/naoqi_libqicore/local_setup.bash
[26.858s] -- Symlinking: /home/chris/ros_ws/install/naoqi_libqicore/share/naoqi_libqicore/local_setup.sh
[26.867s] -- Symlinking: /home/chris/ros_ws/install/naoqi_libqicore/share/naoqi_libqicore/local_setup.zsh
[26.876s] -- Symlinking: /home/chris/ros_ws/install/naoqi_libqicore/share/naoqi_libqicore/local_setup.dsv
[26.885s] -- Symlinking: /home/chris/ros_ws/install/naoqi_libqicore/share/naoqi_libqicore/package.dsv
[26.895s] -- Symlinking: /home/chris/ros_ws/install/naoqi_libqicore/share/ament_index/resource_index/packages/naoqi_libqicore
[26.909s] -- Symlinking: /home/chris/ros_ws/install/naoqi_libqicore/share/naoqi_libqicore/cmake/ament_cmake_export_libraries-extras.cmake
[26.923s] -- Symlinking: /home/chris/ros_ws/install/naoqi_libqicore/share/naoqi_libqicore/cmake/ament_cmake_export_include_directories-extras.cmake
[26.936s] -- Symlinking: /home/chris/ros_ws/install/naoqi_libqicore/share/naoqi_libqicore/cmake/ament_cmake_export_dependencies-extras.cmake
[26.950s] -- Symlinking: /home/chris/ros_ws/install/naoqi_libqicore/share/naoqi_libqicore/cmake/naoqi_libqicoreConfig.cmake
[26.965s] -- Symlinking: /home/chris/ros_ws/install/naoqi_libqicore/share/naoqi_libqicore/cmake/naoqi_libqicoreConfig-version.cmake
[26.980s] -- Up-to-date symlink: /home/chris/ros_ws/install/naoqi_libqicore/share/naoqi_libqicore/package.xml
[26.984s] Invoked command in '/home/chris/ros_ws/build/naoqi_libqicore' returned '0': AMENT_PREFIX_PATH=/home/chris/ros_ws/install/naoqi_libqi:${AMENT_PREFIX_PATH} CMAKE_PREFIX_PATH=/home/chris/ros_ws/install/naoqi_libqi:/opt/ros/humble LD_LIBRARY_PATH=/home/chris/ros_ws/install/naoqi_libqi/lib:${LD_LIBRARY_PATH} /usr/bin/cmake --install /home/chris/ros_ws/build/naoqi_libqicore
