[0.650s] Invoking command in '/home/chris/ros_ws/build/naoqi_driver': CMAKE_PREFIX_PATH=/home/chris/ros_ws/install/naoqi_libqicore:/home/chris/ros_ws/install/naoqi_libqi:/home/chris/ros_ws/install/naoqi_bridge_msgs:/home/chris/ros_ws/install/pepper_meshes:/home/chris/ros_ws/install/naoqi_driver:/home/chris/ros_ws/install/nao_meshes:/opt/ros/humble LD_LIBRARY_PATH=/home/chris/ros_ws/install/naoqi_libqi/lib:/home/chris/ros_ws/install/naoqi_bridge_msgs/lib:/home/chris/ros_ws/install/naoqi_driver/lib:/home/chris/ros_ws/install/naoqi_libqicore/lib:/opt/ros/humble/opt/rviz_ogre_vendor/lib:/opt/ros/humble/lib/x86_64-linux-gnu:/opt/ros/humble/lib /usr/bin/cmake --build /home/chris/ros_ws/build/naoqi_driver -- -j20 -l20
[0.858s] [  2%] [32mBuilding CXX object CMakeFiles/naoqi_driver.dir/src/naoqi_driver.cpp.o[0m
[5.553s] In file included from [01m[K/usr/include/boost/bind.hpp:30[m[K,
[5.553s]                  from [01m[K/usr/include/boost/property_tree/json_parser/detail/parser.hpp:7[m[K,
[5.553s]                  from [01m[K/usr/include/boost/property_tree/json_parser/detail/read.hpp:13[m[K,
[5.554s]                  from [01m[K/usr/include/boost/property_tree/json_parser.hpp:16[m[K,
[5.554s]                  from [01m[K/home/chris/ros_ws/src/naoqi_driver2/src/naoqi_driver.cpp:21[m[K:
[5.554s] [01m[K/usr/include/boost/bind.hpp:36:1:[m[K [01;36m[Knote: [m[K‘[01m[K#pragma message: The practice of declaring the Bind placeholders (_1, _2, ...) in the global namespace is deprecated. Please use <boost/bind/bind.hpp> + using namespace boost::placeholders, or define BOOST_BIND_GLOBAL_PLACEHOLDERS to retain the current behavior.[m[K’
[5.554s]    36 | [01;36m[KBOOST_PRAGMA_MESSAGE[m[K(
[5.554s]       | [01;36m[K^~~~~~~~~~~~~~~~~~~~[m[K
[36.070s] [  4%] [32m[1mLinking CXX shared library libnaoqi_driver.so[0m
[51.337s] [ 95%] Built target naoqi_driver
[51.412s] [ 97%] [32m[1mLinking CXX executable naoqi_driver_node[0m
[62.081s] [100%] Built target naoqi_driver_node
[62.099s] Invoked command in '/home/chris/ros_ws/build/naoqi_driver' returned '0': CMAKE_PREFIX_PATH=/home/chris/ros_ws/install/naoqi_libqicore:/home/chris/ros_ws/install/naoqi_libqi:/home/chris/ros_ws/install/naoqi_bridge_msgs:/home/chris/ros_ws/install/pepper_meshes:/home/chris/ros_ws/install/naoqi_driver:/home/chris/ros_ws/install/nao_meshes:/opt/ros/humble LD_LIBRARY_PATH=/home/chris/ros_ws/install/naoqi_libqi/lib:/home/chris/ros_ws/install/naoqi_bridge_msgs/lib:/home/chris/ros_ws/install/naoqi_driver/lib:/home/chris/ros_ws/install/naoqi_libqicore/lib:/opt/ros/humble/opt/rviz_ogre_vendor/lib:/opt/ros/humble/lib/x86_64-linux-gnu:/opt/ros/humble/lib /usr/bin/cmake --build /home/chris/ros_ws/build/naoqi_driver -- -j20 -l20
[62.100s] Invoking command in '/home/chris/ros_ws/build/naoqi_driver': CMAKE_PREFIX_PATH=/home/chris/ros_ws/install/naoqi_libqicore:/home/chris/ros_ws/install/naoqi_libqi:/home/chris/ros_ws/install/naoqi_bridge_msgs:/home/chris/ros_ws/install/pepper_meshes:/home/chris/ros_ws/install/naoqi_driver:/home/chris/ros_ws/install/nao_meshes:/opt/ros/humble LD_LIBRARY_PATH=/home/chris/ros_ws/install/naoqi_libqi/lib:/home/chris/ros_ws/install/naoqi_bridge_msgs/lib:/home/chris/ros_ws/install/naoqi_driver/lib:/home/chris/ros_ws/install/naoqi_libqicore/lib:/opt/ros/humble/opt/rviz_ogre_vendor/lib:/opt/ros/humble/lib/x86_64-linux-gnu:/opt/ros/humble/lib /usr/bin/cmake --install /home/chris/ros_ws/build/naoqi_driver
[62.107s] -- Install configuration: ""
[62.107s] -- Execute custom install script
[62.108s] -- Up-to-date symlink: /home/chris/ros_ws/install/naoqi_driver/lib//libnaoqi_driver.so
[62.108s] -- Up-to-date symlink: /home/chris/ros_ws/install/naoqi_driver/lib/naoqi_driver/naoqi_driver_node
[62.108s] -- Up-to-date symlink: /home/chris/ros_ws/install/naoqi_driver/share/naoqi_driver/share/boot_config.json
[62.109s] -- Up-to-date symlink: /home/chris/ros_ws/install/naoqi_driver/share/naoqi_driver/share/nao.rviz
[62.109s] -- Up-to-date symlink: /home/chris/ros_ws/install/naoqi_driver/share/naoqi_driver/share/pepper.rviz
[62.109s] -- Up-to-date symlink: /home/chris/ros_ws/install/naoqi_driver/share/naoqi_driver/share/urdf/nao.urdf
[62.109s] -- Up-to-date symlink: /home/chris/ros_ws/install/naoqi_driver/share/naoqi_driver/share/urdf/pepper.urdf
[62.109s] -- Up-to-date symlink: /home/chris/ros_ws/install/naoqi_driver/share/naoqi_driver/share/urdf/romeo.urdf
[62.109s] -- Up-to-date symlink: /home/chris/ros_ws/install/naoqi_driver/share/naoqi_driver/launch/naoqi_driver.launch
[62.109s] -- Up-to-date symlink: /home/chris/ros_ws/install/naoqi_driver/share/naoqi_driver/launch/naoqi_driver.launch.py
[62.110s] -- Up-to-date symlink: /home/chris/ros_ws/install/naoqi_driver/share/naoqi_driver/environment/library_path.sh
[62.110s] -- Up-to-date symlink: /home/chris/ros_ws/install/naoqi_driver/share/naoqi_driver/environment/library_path.dsv
[62.110s] -- Up-to-date symlink: /home/chris/ros_ws/install/naoqi_driver/share/ament_index/resource_index/package_run_dependencies/naoqi_driver
[62.110s] -- Up-to-date symlink: /home/chris/ros_ws/install/naoqi_driver/share/ament_index/resource_index/parent_prefix_path/naoqi_driver
[62.110s] -- Up-to-date symlink: /home/chris/ros_ws/install/naoqi_driver/share/naoqi_driver/environment/ament_prefix_path.sh
[62.111s] -- Up-to-date symlink: /home/chris/ros_ws/install/naoqi_driver/share/naoqi_driver/environment/ament_prefix_path.dsv
[62.111s] -- Up-to-date symlink: /home/chris/ros_ws/install/naoqi_driver/share/naoqi_driver/environment/path.sh
[62.111s] -- Up-to-date symlink: /home/chris/ros_ws/install/naoqi_driver/share/naoqi_driver/environment/path.dsv
[62.112s] -- Up-to-date symlink: /home/chris/ros_ws/install/naoqi_driver/share/naoqi_driver/local_setup.bash
[62.112s] -- Up-to-date symlink: /home/chris/ros_ws/install/naoqi_driver/share/naoqi_driver/local_setup.sh
[62.112s] -- Up-to-date symlink: /home/chris/ros_ws/install/naoqi_driver/share/naoqi_driver/local_setup.zsh
[62.113s] -- Up-to-date symlink: /home/chris/ros_ws/install/naoqi_driver/share/naoqi_driver/local_setup.dsv
[62.113s] -- Symlinking: /home/chris/ros_ws/install/naoqi_driver/share/naoqi_driver/package.dsv
[62.124s] -- Up-to-date symlink: /home/chris/ros_ws/install/naoqi_driver/share/ament_index/resource_index/packages/naoqi_driver
[62.124s] -- Up-to-date symlink: /home/chris/ros_ws/install/naoqi_driver/share/naoqi_driver/cmake/ament_cmake_export_libraries-extras.cmake
[62.124s] -- Up-to-date symlink: /home/chris/ros_ws/install/naoqi_driver/share/naoqi_driver/cmake/naoqi_driverConfig.cmake
[62.124s] -- Up-to-date symlink: /home/chris/ros_ws/install/naoqi_driver/share/naoqi_driver/cmake/naoqi_driverConfig-version.cmake
[62.125s] -- Up-to-date symlink: /home/chris/ros_ws/install/naoqi_driver/share/naoqi_driver/package.xml
[62.129s] Invoked command in '/home/chris/ros_ws/build/naoqi_driver' returned '0': CMAKE_PREFIX_PATH=/home/chris/ros_ws/install/naoqi_libqicore:/home/chris/ros_ws/install/naoqi_libqi:/home/chris/ros_ws/install/naoqi_bridge_msgs:/home/chris/ros_ws/install/pepper_meshes:/home/chris/ros_ws/install/naoqi_driver:/home/chris/ros_ws/install/nao_meshes:/opt/ros/humble LD_LIBRARY_PATH=/home/chris/ros_ws/install/naoqi_libqi/lib:/home/chris/ros_ws/install/naoqi_bridge_msgs/lib:/home/chris/ros_ws/install/naoqi_driver/lib:/home/chris/ros_ws/install/naoqi_libqicore/lib:/opt/ros/humble/opt/rviz_ogre_vendor/lib:/opt/ros/humble/lib/x86_64-linux-gnu:/opt/ros/humble/lib /usr/bin/cmake --install /home/chris/ros_ws/build/naoqi_driver
