[0.045s] Invoking command in '/home/chris/ros_ws/build/naoqi_libqi': CMAKE_PREFIX_PATH=${CMAKE_PREFIX_PATH}:/opt/ros/humble /usr/bin/cmake /home/chris/ros_ws/src/naoqi_libqi -DCMAKE_BUILD_TYPE=Release -DAMENT_CMAKE_SYMLINK_INSTALL=1 -DCMAKE_INSTALL_PREFIX=/home/chris/ros_ws/install/naoqi_libqi
[0.367s] -- Found ament_cmake: 1.3.12 (/opt/ros/humble/share/ament_cmake/cmake)
[0.370s] -- Override CMake install command with custom implementation using symlinks instead of copying resources
[0.370s] -- Found Boost: /usr/lib/x86_64-linux-gnu/cmake/Boost-1.74.0/BoostConfig.cmake (found version "1.74.0") found components: chrono filesystem program_options regex system thread random 
[0.370s] -- Found ament_cmake_gtest: 1.3.12 (/opt/ros/humble/share/ament_cmake_gtest/cmake)
[0.370s] -- Found Boost: /usr/lib/x86_64-linux-gnu/cmake/Boost-1.74.0/BoostConfig.cmake (found version "1.74.0") found components: system thread date_time 
[0.371s] -- Found gtest sources under '/opt/ros/humble/src/gtest_vendor': C++ tests using 'Google Test' will be built
[0.454s] -- Configuring done
[0.456s] [33mCMake Warning (dev) at CMakeLists.txt:418 (add_library):
[0.456s]   Policy CMP0115 is not set: Source file extensions must be explicit.  Run
[0.456s]   "cmake --help-policy CMP0115" for policy details.  Use the cmake_policy
[0.456s]   command to set the policy and suppress this warning.
[0.456s] 
[0.456s]   File:
[0.456s] 
[0.456s]     /home/chris/ros_ws/src/naoqi_libqi/qi/config.hpp.in
[0.456s] This warning is for project developers.  Use -Wno-dev to suppress it.
[0.456s] [0m
[0.512s] -- Generating done
[0.522s] -- Build files have been written to: /home/chris/ros_ws/build/naoqi_libqi
[0.529s] Invoked command in '/home/chris/ros_ws/build/naoqi_libqi' returned '0': CMAKE_PREFIX_PATH=${CMAKE_PREFIX_PATH}:/opt/ros/humble /usr/bin/cmake /home/chris/ros_ws/src/naoqi_libqi -DCMAKE_BUILD_TYPE=Release -DAMENT_CMAKE_SYMLINK_INSTALL=1 -DCMAKE_INSTALL_PREFIX=/home/chris/ros_ws/install/naoqi_libqi
[0.532s] Invoking command in '/home/chris/ros_ws/build/naoqi_libqi': CMAKE_PREFIX_PATH=${CMAKE_PREFIX_PATH}:/opt/ros/humble /usr/bin/cmake --build /home/chris/ros_ws/build/naoqi_libqi
[0.582s] [35m[1mConsolidate compiler generated dependencies of target gtest_main[0m
[0.584s] [35m[1mConsolidate compiler generated dependencies of target gtest[0m
[0.602s] [  2%] Built target gtest_main
[0.605s] [  3%] Built target gtest
[0.668s] [35m[1mConsolidate compiler generated dependencies of target test_ka[0m
[0.766s] [ 30%] Built target test_ka
[0.805s] [35m[1mConsolidate compiler generated dependencies of target qi[0m
[1.283s] [ 98%] Built target qi
[1.301s] [35m[1mConsolidate compiler generated dependencies of target qitestutils[0m
[1.336s] [100%] Built target qitestutils
[1.356s] Invoked command in '/home/chris/ros_ws/build/naoqi_libqi' returned '0': CMAKE_PREFIX_PATH=${CMAKE_PREFIX_PATH}:/opt/ros/humble /usr/bin/cmake --build /home/chris/ros_ws/build/naoqi_libqi
[1.373s] Invoking command in '/home/chris/ros_ws/build/naoqi_libqi': CMAKE_PREFIX_PATH=${CMAKE_PREFIX_PATH}:/opt/ros/humble /usr/bin/cmake --install /home/chris/ros_ws/build/naoqi_libqi
[1.381s] -- Install configuration: "Release"
[1.382s] -- Execute custom install script
[1.383s] -- Up-to-date symlink: /home/chris/ros_ws/install/naoqi_libqi/include/qi/actor.hpp
[1.383s] -- Up-to-date symlink: /home/chris/ros_ws/install/naoqi_libqi/include/qi/anyfunction.hpp
[1.384s] -- Up-to-date symlink: /home/chris/ros_ws/install/naoqi_libqi/include/qi/anymodule.hpp
[1.384s] -- Up-to-date symlink: /home/chris/ros_ws/install/naoqi_libqi/include/qi/anyobject.hpp
[1.384s] -- Up-to-date symlink: /home/chris/ros_ws/install/naoqi_libqi/include/qi/anyvalue.hpp
[1.384s] -- Up-to-date symlink: /home/chris/ros_ws/install/naoqi_libqi/include/qi/api.hpp
[1.384s] -- Up-to-date symlink: /home/chris/ros_ws/install/naoqi_libqi/include/qi/application.hpp
[1.385s] -- Up-to-date symlink: /home/chris/ros_ws/install/naoqi_libqi/include/qi/applicationsession.hpp
[1.385s] -- Up-to-date symlink: /home/chris/ros_ws/install/naoqi_libqi/include/qi/assert.hpp
[1.385s] -- Up-to-date symlink: /home/chris/ros_ws/install/naoqi_libqi/include/qi/async.hpp
[1.386s] -- Up-to-date symlink: /home/chris/ros_ws/install/naoqi_libqi/include/qi/atomic.hpp
[1.386s] -- Up-to-date symlink: /home/chris/ros_ws/install/naoqi_libqi/include/qi/binarycodec.hpp
[1.387s] -- Up-to-date symlink: /home/chris/ros_ws/install/naoqi_libqi/include/qi/buffer.hpp
[1.387s] -- Up-to-date symlink: /home/chris/ros_ws/install/naoqi_libqi/include/qi/clock.hpp
[1.387s] -- Up-to-date symlink: /home/chris/ros_ws/install/naoqi_libqi/include/qi/config.dox
[1.387s] -- Up-to-date symlink: /home/chris/ros_ws/install/naoqi_libqi/include/qi/config.hpp.in
[1.387s] -- Up-to-date symlink: /home/chris/ros_ws/install/naoqi_libqi/include/qi/detail/async.hxx
[1.388s] -- Up-to-date symlink: /home/chris/ros_ws/install/naoqi_libqi/include/qi/detail/clock.hxx
[1.388s] -- Up-to-date symlink: /home/chris/ros_ws/install/naoqi_libqi/include/qi/detail/eventloop.hxx
[1.388s] -- Up-to-date symlink: /home/chris/ros_ws/install/naoqi_libqi/include/qi/detail/executioncontext.hpp
[1.388s] -- Up-to-date symlink: /home/chris/ros_ws/install/naoqi_libqi/include/qi/detail/future.hxx
[1.388s] -- Up-to-date symlink: /home/chris/ros_ws/install/naoqi_libqi/include/qi/detail/future_fwd.hpp
[1.388s] -- Up-to-date symlink: /home/chris/ros_ws/install/naoqi_libqi/include/qi/detail/futurebarrier.hpp
[1.389s] -- Up-to-date symlink: /home/chris/ros_ws/install/naoqi_libqi/include/qi/detail/futureunwrap.hpp
[1.389s] -- Up-to-date symlink: /home/chris/ros_ws/install/naoqi_libqi/include/qi/detail/log.hxx
[1.390s] -- Up-to-date symlink: /home/chris/ros_ws/install/naoqi_libqi/include/qi/detail/mpl.hpp
[1.390s] -- Up-to-date symlink: /home/chris/ros_ws/install/naoqi_libqi/include/qi/detail/print.hpp
[1.390s] -- Up-to-date symlink: /home/chris/ros_ws/install/naoqi_libqi/include/qi/detail/trackable.hxx
[1.391s] -- Up-to-date symlink: /home/chris/ros_ws/install/naoqi_libqi/include/qi/either.hpp
[1.391s] -- Up-to-date symlink: /home/chris/ros_ws/install/naoqi_libqi/include/qi/eventloop.hpp
[1.391s] -- Up-to-date symlink: /home/chris/ros_ws/install/naoqi_libqi/include/qi/flags.hpp
[1.391s] -- Up-to-date symlink: /home/chris/ros_ws/install/naoqi_libqi/include/qi/future.hpp
[1.392s] -- Up-to-date symlink: /home/chris/ros_ws/install/naoqi_libqi/include/qi/futuregroup.hpp
[1.392s] -- Up-to-date symlink: /home/chris/ros_ws/install/naoqi_libqi/include/qi/getenv.hpp
[1.392s] -- Up-to-date symlink: /home/chris/ros_ws/install/naoqi_libqi/include/qi/iocolor.hpp
[1.393s] -- Up-to-date symlink: /home/chris/ros_ws/install/naoqi_libqi/include/qi/jsoncodec.hpp
[1.393s] -- Up-to-date symlink: /home/chris/ros_ws/install/naoqi_libqi/include/qi/log.hpp
[1.394s] -- Up-to-date symlink: /home/chris/ros_ws/install/naoqi_libqi/include/qi/log/androidloghandler.hpp
[1.394s] -- Up-to-date symlink: /home/chris/ros_ws/install/naoqi_libqi/include/qi/log/consoleloghandler.hpp
[1.394s] -- Up-to-date symlink: /home/chris/ros_ws/install/naoqi_libqi/include/qi/log/csvloghandler.hpp
[1.394s] -- Up-to-date symlink: /home/chris/ros_ws/install/naoqi_libqi/include/qi/log/fileloghandler.hpp
[1.394s] -- Up-to-date symlink: /home/chris/ros_ws/install/naoqi_libqi/include/qi/log/headfileloghandler.hpp
[1.394s] -- Up-to-date symlink: /home/chris/ros_ws/install/naoqi_libqi/include/qi/log/journaldloghandler.hpp
[1.394s] -- Up-to-date symlink: /home/chris/ros_ws/install/naoqi_libqi/include/qi/log/tailfileloghandler.hpp
[1.394s] -- Up-to-date symlink: /home/chris/ros_ws/install/naoqi_libqi/include/qi/macro.hpp
[1.394s] -- Up-to-date symlink: /home/chris/ros_ws/install/naoqi_libqi/include/qi/messaging/authprovider.hpp
[1.395s] -- Up-to-date symlink: /home/chris/ros_ws/install/naoqi_libqi/include/qi/messaging/authproviderfactory.hpp
[1.395s] -- Up-to-date symlink: /home/chris/ros_ws/install/naoqi_libqi/include/qi/messaging/autoservice.hpp
[1.395s] -- Up-to-date symlink: /home/chris/ros_ws/install/naoqi_libqi/include/qi/messaging/clientauthenticator.hpp
[1.395s] -- Up-to-date symlink: /home/chris/ros_ws/install/naoqi_libqi/include/qi/messaging/clientauthenticatorfactory.hpp
[1.396s] -- Up-to-date symlink: /home/chris/ros_ws/install/naoqi_libqi/include/qi/messaging/detail/autoservice.hxx
[1.397s] -- Up-to-date symlink: /home/chris/ros_ws/install/naoqi_libqi/include/qi/messaging/gateway.hpp
[1.397s] -- Up-to-date symlink: /home/chris/ros_ws/install/naoqi_libqi/include/qi/messaging/messagesocket_fwd.hpp
[1.397s] -- Up-to-date symlink: /home/chris/ros_ws/install/naoqi_libqi/include/qi/messaging/servicedirectoryproxy.hpp
[1.398s] -- Up-to-date symlink: /home/chris/ros_ws/install/naoqi_libqi/include/qi/messaging/serviceinfo.hpp
[1.398s] -- Up-to-date symlink: /home/chris/ros_ws/install/naoqi_libqi/include/qi/numeric.hpp
[1.398s] -- Up-to-date symlink: /home/chris/ros_ws/install/naoqi_libqi/include/qi/objectuid.hpp
[1.399s] -- Up-to-date symlink: /home/chris/ros_ws/install/naoqi_libqi/include/qi/os.hpp
[1.400s] -- Up-to-date symlink: /home/chris/ros_ws/install/naoqi_libqi/include/qi/path.hpp
[1.400s] -- Up-to-date symlink: /home/chris/ros_ws/install/naoqi_libqi/include/qi/path_conf.hpp
[1.400s] -- Up-to-date symlink: /home/chris/ros_ws/install/naoqi_libqi/include/qi/perf/dataperf.dox
[1.401s] -- Up-to-date symlink: /home/chris/ros_ws/install/naoqi_libqi/include/qi/perf/dataperf.hpp
[1.401s] -- Up-to-date symlink: /home/chris/ros_ws/install/naoqi_libqi/include/qi/perf/dataperfsuite.dox
[1.402s] -- Up-to-date symlink: /home/chris/ros_ws/install/naoqi_libqi/include/qi/perf/dataperfsuite.hpp
[1.402s] -- Up-to-date symlink: /home/chris/ros_ws/install/naoqi_libqi/include/qi/perf/detail/dataperfsuite.hxx
[1.403s] -- Up-to-date symlink: /home/chris/ros_ws/install/naoqi_libqi/include/qi/perf/measure.hpp
[1.403s] -- Up-to-date symlink: /home/chris/ros_ws/install/naoqi_libqi/include/qi/periodictask.hpp
[1.403s] -- Up-to-date symlink: /home/chris/ros_ws/install/naoqi_libqi/include/qi/preproc.hpp
[1.404s] -- Up-to-date symlink: /home/chris/ros_ws/install/naoqi_libqi/include/qi/property.hpp
[1.404s] -- Up-to-date symlink: /home/chris/ros_ws/install/naoqi_libqi/include/qi/ptruid.hpp
[1.404s] -- Up-to-date symlink: /home/chris/ros_ws/install/naoqi_libqi/include/qi/qi.hpp
[1.405s] -- Up-to-date symlink: /home/chris/ros_ws/install/naoqi_libqi/include/qi/session.hpp
[1.405s] -- Up-to-date symlink: /home/chris/ros_ws/install/naoqi_libqi/include/qi/signal.hpp
[1.405s] -- Up-to-date symlink: /home/chris/ros_ws/install/naoqi_libqi/include/qi/signalspy.hpp
[1.405s] -- Up-to-date symlink: /home/chris/ros_ws/install/naoqi_libqi/include/qi/signature.hpp
[1.405s] -- Up-to-date symlink: /home/chris/ros_ws/install/naoqi_libqi/include/qi/stats.hpp
[1.406s] -- Up-to-date symlink: /home/chris/ros_ws/install/naoqi_libqi/include/qi/strand.hpp
[1.406s] -- Up-to-date symlink: /home/chris/ros_ws/install/naoqi_libqi/include/qi/tag.hpp
[1.406s] -- Up-to-date symlink: /home/chris/ros_ws/install/naoqi_libqi/include/qi/trackable.hpp
[1.407s] -- Up-to-date symlink: /home/chris/ros_ws/install/naoqi_libqi/include/qi/translator.hpp
[1.407s] -- Up-to-date symlink: /home/chris/ros_ws/install/naoqi_libqi/include/qi/type/detail/accessor.hxx
[1.407s] -- Up-to-date symlink: /home/chris/ros_ws/install/naoqi_libqi/include/qi/type/detail/anyfunction.hxx
[1.408s] -- Up-to-date symlink: /home/chris/ros_ws/install/naoqi_libqi/include/qi/type/detail/anyfunctionfactory.hxx
[1.408s] -- Up-to-date symlink: /home/chris/ros_ws/install/naoqi_libqi/include/qi/type/detail/anyiterator.hpp
[1.408s] -- Up-to-date symlink: /home/chris/ros_ws/install/naoqi_libqi/include/qi/type/detail/anyiterator.hxx
[1.409s] -- Up-to-date symlink: /home/chris/ros_ws/install/naoqi_libqi/include/qi/type/detail/anyreference.hpp
[1.409s] -- Up-to-date symlink: /home/chris/ros_ws/install/naoqi_libqi/include/qi/type/detail/anyreference.hxx
[1.409s] -- Up-to-date symlink: /home/chris/ros_ws/install/naoqi_libqi/include/qi/type/detail/anyvalue.hpp
[1.410s] -- Up-to-date symlink: /home/chris/ros_ws/install/naoqi_libqi/include/qi/type/detail/anyvalue.hxx
[1.410s] -- Up-to-date symlink: /home/chris/ros_ws/install/naoqi_libqi/include/qi/type/detail/bindtype.hxx
[1.410s] -- Up-to-date symlink: /home/chris/ros_ws/install/naoqi_libqi/include/qi/type/detail/buffertypeinterface.hxx
[1.411s] -- Up-to-date symlink: /home/chris/ros_ws/install/naoqi_libqi/include/qi/type/detail/dynamicobjectbuilder.hxx
[1.411s] -- Up-to-date symlink: /home/chris/ros_ws/install/naoqi_libqi/include/qi/type/detail/dynamictypeinterface.hxx
[1.412s] -- Up-to-date symlink: /home/chris/ros_ws/install/naoqi_libqi/include/qi/type/detail/functionsignature.hxx
[1.412s] -- Up-to-date symlink: /home/chris/ros_ws/install/naoqi_libqi/include/qi/type/detail/futureadapter.hpp
[1.412s] -- Up-to-date symlink: /home/chris/ros_ws/install/naoqi_libqi/include/qi/type/detail/futureadapter.hxx
[1.413s] -- Up-to-date symlink: /home/chris/ros_ws/install/naoqi_libqi/include/qi/type/detail/genericobject.hpp
[1.413s] -- Up-to-date symlink: /home/chris/ros_ws/install/naoqi_libqi/include/qi/type/detail/hasless.hxx
[1.413s] -- Up-to-date symlink: /home/chris/ros_ws/install/naoqi_libqi/include/qi/type/detail/inttypeinterface.hxx
[1.413s] -- Up-to-date symlink: /home/chris/ros_ws/install/naoqi_libqi/include/qi/type/detail/listtypeinterface.hxx
[1.413s] -- Up-to-date symlink: /home/chris/ros_ws/install/naoqi_libqi/include/qi/type/detail/manageable.hpp
[1.413s] -- Up-to-date symlink: /home/chris/ros_ws/install/naoqi_libqi/include/qi/type/detail/maptypeinterface.hxx
[1.414s] -- Up-to-date symlink: /home/chris/ros_ws/install/naoqi_libqi/include/qi/type/detail/object.hxx
[1.414s] -- Up-to-date symlink: /home/chris/ros_ws/install/naoqi_libqi/include/qi/type/detail/objecttypebuilder.hxx
[1.414s] -- Up-to-date symlink: /home/chris/ros_ws/install/naoqi_libqi/include/qi/type/detail/optionaltypeinterface.hxx
[1.414s] -- Up-to-date symlink: /home/chris/ros_ws/install/naoqi_libqi/include/qi/type/detail/pointertypeinterface.hxx
[1.414s] -- Up-to-date symlink: /home/chris/ros_ws/install/naoqi_libqi/include/qi/type/detail/property.hxx
[1.414s] -- Up-to-date symlink: /home/chris/ros_ws/install/naoqi_libqi/include/qi/type/detail/proxyregister.hpp
[1.415s] -- Up-to-date symlink: /home/chris/ros_ws/install/naoqi_libqi/include/qi/type/detail/signal.hxx
[1.415s] -- Up-to-date symlink: /home/chris/ros_ws/install/naoqi_libqi/include/qi/type/detail/staticobjecttype.hpp
[1.415s] -- Up-to-date symlink: /home/chris/ros_ws/install/naoqi_libqi/include/qi/type/detail/stringtypeinterface.hxx
[1.415s] -- Up-to-date symlink: /home/chris/ros_ws/install/naoqi_libqi/include/qi/type/detail/structtypeinterface.hxx
[1.415s] -- Up-to-date symlink: /home/chris/ros_ws/install/naoqi_libqi/include/qi/type/detail/traceanalyzer.hpp
[1.415s] -- Up-to-date symlink: /home/chris/ros_ws/install/naoqi_libqi/include/qi/type/detail/type.hpp
[1.416s] -- Up-to-date symlink: /home/chris/ros_ws/install/naoqi_libqi/include/qi/type/detail/type.hxx
[1.416s] -- Up-to-date symlink: /home/chris/ros_ws/install/naoqi_libqi/include/qi/type/detail/typedispatcher.hxx
[1.416s] -- Up-to-date symlink: /home/chris/ros_ws/install/naoqi_libqi/include/qi/type/detail/typeimpl.hxx
[1.416s] -- Up-to-date symlink: /home/chris/ros_ws/install/naoqi_libqi/include/qi/type/detail/typeinterface.hpp
[1.416s] -- Up-to-date symlink: /home/chris/ros_ws/install/naoqi_libqi/include/qi/type/dynamicobject.hpp
[1.416s] -- Up-to-date symlink: /home/chris/ros_ws/install/naoqi_libqi/include/qi/type/dynamicobjectbuilder.hpp
[1.416s] -- Up-to-date symlink: /home/chris/ros_ws/install/naoqi_libqi/include/qi/type/fwd.hpp
[1.416s] -- Up-to-date symlink: /home/chris/ros_ws/install/naoqi_libqi/include/qi/type/metamethod.hpp
[1.416s] -- Up-to-date symlink: /home/chris/ros_ws/install/naoqi_libqi/include/qi/type/metaobject.hpp
[1.416s] -- Up-to-date symlink: /home/chris/ros_ws/install/naoqi_libqi/include/qi/type/metaproperty.hpp
[1.416s] -- Up-to-date symlink: /home/chris/ros_ws/install/naoqi_libqi/include/qi/type/metasignal.hpp
[1.416s] -- Up-to-date symlink: /home/chris/ros_ws/install/naoqi_libqi/include/qi/type/objecttypebuilder.hpp
[1.416s] -- Up-to-date symlink: /home/chris/ros_ws/install/naoqi_libqi/include/qi/type/proxyproperty.hpp
[1.417s] -- Up-to-date symlink: /home/chris/ros_ws/install/naoqi_libqi/include/qi/type/proxysignal.hpp
[1.417s] -- Up-to-date symlink: /home/chris/ros_ws/install/naoqi_libqi/include/qi/type/typedispatcher.hpp
[1.417s] -- Up-to-date symlink: /home/chris/ros_ws/install/naoqi_libqi/include/qi/type/typeinterface.hpp
[1.417s] -- Up-to-date symlink: /home/chris/ros_ws/install/naoqi_libqi/include/qi/type/typeobject.hpp
[1.417s] -- Up-to-date symlink: /home/chris/ros_ws/install/naoqi_libqi/include/qi/types.hpp
[1.417s] -- Up-to-date symlink: /home/chris/ros_ws/install/naoqi_libqi/include/qi/uri.hpp
[1.417s] -- Up-to-date symlink: /home/chris/ros_ws/install/naoqi_libqi/include/qi/url.hpp
[1.417s] -- Up-to-date symlink: /home/chris/ros_ws/install/naoqi_libqi/include/qi/uuid.hpp
[1.417s] -- Up-to-date symlink: /home/chris/ros_ws/install/naoqi_libqi/include/qi/version.hpp
[1.417s] -- Up-to-date symlink: /home/chris/ros_ws/install/naoqi_libqi/include/ka/AUTHORS
[1.417s] -- Up-to-date symlink: /home/chris/ros_ws/install/naoqi_libqi/include/ka/README.md
[1.417s] -- Up-to-date symlink: /home/chris/ros_ws/install/naoqi_libqi/include/ka/algorithm.hpp
[1.417s] -- Up-to-date symlink: /home/chris/ros_ws/install/naoqi_libqi/include/ka/ark/inputiter.hpp
[1.417s] -- Up-to-date symlink: /home/chris/ros_ws/install/naoqi_libqi/include/ka/ark/mutable.hpp
[1.417s] -- Up-to-date symlink: /home/chris/ros_ws/install/naoqi_libqi/include/ka/base64.hpp
[1.417s] -- Up-to-date symlink: /home/chris/ros_ws/install/naoqi_libqi/include/ka/concept.hpp
[1.417s] -- Up-to-date symlink: /home/chris/ros_ws/install/naoqi_libqi/include/ka/conceptpredicate.hpp
[1.417s] -- Up-to-date symlink: /home/chris/ros_ws/install/naoqi_libqi/include/ka/empty.hpp
[1.418s] -- Up-to-date symlink: /home/chris/ros_ws/install/naoqi_libqi/include/ka/errorhandling.hpp
[1.418s] -- Up-to-date symlink: /home/chris/ros_ws/install/naoqi_libqi/include/ka/flatten.hpp
[1.418s] -- Up-to-date symlink: /home/chris/ros_ws/install/naoqi_libqi/include/ka/functional.hpp
[1.418s] -- Up-to-date symlink: /home/chris/ros_ws/install/naoqi_libqi/include/ka/functor.hpp
[1.418s] -- Up-to-date symlink: /home/chris/ros_ws/install/naoqi_libqi/include/ka/functorcontainer.hpp
[1.418s] -- Up-to-date symlink: /home/chris/ros_ws/install/naoqi_libqi/include/ka/indexed.hpp
[1.418s] -- Up-to-date symlink: /home/chris/ros_ws/install/naoqi_libqi/include/ka/integersequence.hpp
[1.418s] -- Up-to-date symlink: /home/chris/ros_ws/install/naoqi_libqi/include/ka/iterator.hpp
[1.418s] -- Up-to-date symlink: /home/chris/ros_ws/install/naoqi_libqi/include/ka/libka.png
[1.418s] -- Up-to-date symlink: /home/chris/ros_ws/install/naoqi_libqi/include/ka/macro.hpp
[1.418s] -- Up-to-date symlink: /home/chris/ros_ws/install/naoqi_libqi/include/ka/macroregular.hpp
[1.418s] -- Up-to-date symlink: /home/chris/ros_ws/install/naoqi_libqi/include/ka/memory.hpp
[1.418s] -- Up-to-date symlink: /home/chris/ros_ws/install/naoqi_libqi/include/ka/moveoncopy.hpp
[1.418s] -- Up-to-date symlink: /home/chris/ros_ws/install/naoqi_libqi/include/ka/mutablestore.hpp
[1.418s] -- Up-to-date symlink: /home/chris/ros_ws/install/naoqi_libqi/include/ka/mutex.hpp
[1.418s] -- Up-to-date symlink: /home/chris/ros_ws/install/naoqi_libqi/include/ka/opt.hpp
[1.418s] -- Up-to-date symlink: /home/chris/ros_ws/install/naoqi_libqi/include/ka/parse.hpp
[1.418s] -- Up-to-date symlink: /home/chris/ros_ws/install/naoqi_libqi/include/ka/productiter.hpp
[1.419s] -- Up-to-date symlink: /home/chris/ros_ws/install/naoqi_libqi/include/ka/range.hpp
[1.419s] -- Up-to-date symlink: /home/chris/ros_ws/install/naoqi_libqi/include/ka/relationpredicate.hpp
[1.419s] -- Up-to-date symlink: /home/chris/ros_ws/install/naoqi_libqi/include/ka/scoped.hpp
[1.419s] -- Up-to-date symlink: /home/chris/ros_ws/install/naoqi_libqi/include/ka/sha1.hpp
[1.419s] -- Up-to-date symlink: /home/chris/ros_ws/install/naoqi_libqi/include/ka/src.hpp
[1.419s] -- Up-to-date symlink: /home/chris/ros_ws/install/naoqi_libqi/include/ka/testutils.hpp
[1.419s] -- Up-to-date symlink: /home/chris/ros_ws/install/naoqi_libqi/include/ka/typetraits.hpp
[1.419s] -- Up-to-date symlink: /home/chris/ros_ws/install/naoqi_libqi/include/ka/unit.hpp
[1.419s] -- Up-to-date symlink: /home/chris/ros_ws/install/naoqi_libqi/include/ka/uri.hpp
[1.419s] -- Up-to-date symlink: /home/chris/ros_ws/install/naoqi_libqi/include/ka/uri/io.hpp
[1.419s] -- Up-to-date symlink: /home/chris/ros_ws/install/naoqi_libqi/include/ka/uri/parsing.hpp
[1.419s] -- Up-to-date symlink: /home/chris/ros_ws/install/naoqi_libqi/include/ka/uri/uri.hpp
[1.419s] -- Up-to-date symlink: /home/chris/ros_ws/install/naoqi_libqi/include/ka/uri/uri_fwd.hpp
[1.419s] -- Up-to-date symlink: /home/chris/ros_ws/install/naoqi_libqi/include/ka/utility.hpp
[1.420s] -- Up-to-date symlink: /home/chris/ros_ws/install/naoqi_libqi/include/ka/zero.hpp
[1.420s] -- Up-to-date symlink: /home/chris/ros_ws/install/naoqi_libqi/include/qi/config.hpp
[1.420s] -- Up-to-date symlink: /home/chris/ros_ws/install/naoqi_libqi/lib/libqi.so
[1.420s] -- Up-to-date symlink: /home/chris/ros_ws/install/naoqi_libqi/share/naoqi_libqi/package.xml
[1.420s] -- Up-to-date symlink: /home/chris/ros_ws/install/naoqi_libqi/share/naoqi_libqi/environment/library_path.sh
[1.420s] -- Up-to-date symlink: /home/chris/ros_ws/install/naoqi_libqi/share/naoqi_libqi/environment/library_path.dsv
[1.420s] -- Up-to-date symlink: /home/chris/ros_ws/install/naoqi_libqi/share/ament_index/resource_index/package_run_dependencies/naoqi_libqi
[1.420s] -- Up-to-date symlink: /home/chris/ros_ws/install/naoqi_libqi/share/ament_index/resource_index/parent_prefix_path/naoqi_libqi
[1.420s] -- Up-to-date symlink: /home/chris/ros_ws/install/naoqi_libqi/share/naoqi_libqi/environment/ament_prefix_path.sh
[1.420s] -- Up-to-date symlink: /home/chris/ros_ws/install/naoqi_libqi/share/naoqi_libqi/environment/ament_prefix_path.dsv
[1.420s] -- Up-to-date symlink: /home/chris/ros_ws/install/naoqi_libqi/share/naoqi_libqi/environment/path.sh
[1.420s] -- Up-to-date symlink: /home/chris/ros_ws/install/naoqi_libqi/share/naoqi_libqi/environment/path.dsv
[1.421s] -- Up-to-date symlink: /home/chris/ros_ws/install/naoqi_libqi/share/naoqi_libqi/local_setup.bash
[1.421s] -- Up-to-date symlink: /home/chris/ros_ws/install/naoqi_libqi/share/naoqi_libqi/local_setup.sh
[1.421s] -- Up-to-date symlink: /home/chris/ros_ws/install/naoqi_libqi/share/naoqi_libqi/local_setup.zsh
[1.421s] -- Up-to-date symlink: /home/chris/ros_ws/install/naoqi_libqi/share/naoqi_libqi/local_setup.dsv
[1.421s] -- Symlinking: /home/chris/ros_ws/install/naoqi_libqi/share/naoqi_libqi/package.dsv
[1.428s] -- Up-to-date symlink: /home/chris/ros_ws/install/naoqi_libqi/share/ament_index/resource_index/packages/naoqi_libqi
[1.428s] -- Up-to-date symlink: /home/chris/ros_ws/install/naoqi_libqi/share/naoqi_libqi/cmake/ament_cmake_export_include_directories-extras.cmake
[1.429s] -- Up-to-date symlink: /home/chris/ros_ws/install/naoqi_libqi/share/naoqi_libqi/cmake/ament_cmake_export_libraries-extras.cmake
[1.429s] -- Up-to-date symlink: /home/chris/ros_ws/install/naoqi_libqi/share/naoqi_libqi/cmake/naoqi_libqiConfig.cmake
[1.429s] -- Up-to-date symlink: /home/chris/ros_ws/install/naoqi_libqi/share/naoqi_libqi/cmake/naoqi_libqiConfig-version.cmake
[1.429s] -- Up-to-date symlink: /home/chris/ros_ws/install/naoqi_libqi/share/naoqi_libqi/package.xml
[1.434s] Invoked command in '/home/chris/ros_ws/build/naoqi_libqi' returned '0': CMAKE_PREFIX_PATH=${CMAKE_PREFIX_PATH}:/opt/ros/humble /usr/bin/cmake --install /home/chris/ros_ws/build/naoqi_libqi
