[0.746s] Invoking command in '/home/chris/ros_ws/src/key_teleop': PYTHONPATH=/home/chris/ros_ws/build/key_teleop/prefix_override:/usr/lib/python3/dist-packages/colcon_core/task/python/colcon_distutils_commands:/home/chris/ros_ws/install/key_teleop/lib/python3.10/site-packages:${PYTHONPATH} /usr/bin/python3 -W ignore:setup.py install is deprecated -W ignore:easy_install command is deprecated setup.py egg_info --egg-base ../../build/key_teleop build --build-base /home/chris/ros_ws/build/key_teleop/build install --record /home/chris/ros_ws/build/key_teleop/install.log --single-version-externally-managed install_data
[0.942s] running egg_info
[0.943s] creating ../../build/key_teleop/key_teleop.egg-info
[0.944s] writing ../../build/key_teleop/key_teleop.egg-info/PKG-INFO
[0.944s] writing dependency_links to ../../build/key_teleop/key_teleop.egg-info/dependency_links.txt
[0.944s] writing entry points to ../../build/key_teleop/key_teleop.egg-info/entry_points.txt
[0.944s] writing requirements to ../../build/key_teleop/key_teleop.egg-info/requires.txt
[0.944s] writing top-level names to ../../build/key_teleop/key_teleop.egg-info/top_level.txt
[0.944s] writing manifest file '../../build/key_teleop/key_teleop.egg-info/SOURCES.txt'
[0.946s] reading manifest file '../../build/key_teleop/key_teleop.egg-info/SOURCES.txt'
[0.946s] adding license file 'LICENSE'
[0.946s] writing manifest file '../../build/key_teleop/key_teleop.egg-info/SOURCES.txt'
[0.947s] running build
[0.947s] running build_py
[0.947s] creating /home/chris/ros_ws/build/key_teleop/build
[0.947s] creating /home/chris/ros_ws/build/key_teleop/build/lib
[0.947s] creating /home/chris/ros_ws/build/key_teleop/build/lib/key_teleop
[0.947s] copying key_teleop/__init__.py -> /home/chris/ros_ws/build/key_teleop/build/lib/key_teleop
[0.947s] copying key_teleop/key_teleop.py -> /home/chris/ros_ws/build/key_teleop/build/lib/key_teleop
[0.947s] running install
[0.948s] running install_lib
[0.948s] creating /home/chris/ros_ws/install/key_teleop/lib/python3.10/site-packages/key_teleop
[0.948s] copying /home/chris/ros_ws/build/key_teleop/build/lib/key_teleop/__init__.py -> /home/chris/ros_ws/install/key_teleop/lib/python3.10/site-packages/key_teleop
[0.949s] copying /home/chris/ros_ws/build/key_teleop/build/lib/key_teleop/key_teleop.py -> /home/chris/ros_ws/install/key_teleop/lib/python3.10/site-packages/key_teleop
[0.949s] byte-compiling /home/chris/ros_ws/install/key_teleop/lib/python3.10/site-packages/key_teleop/__init__.py to __init__.cpython-310.pyc
[0.950s] byte-compiling /home/chris/ros_ws/install/key_teleop/lib/python3.10/site-packages/key_teleop/key_teleop.py to key_teleop.cpython-310.pyc
[0.951s] running install_data
[0.951s] copying package.xml -> /home/chris/ros_ws/install/key_teleop/share/key_teleop
[0.951s] creating /home/chris/ros_ws/install/key_teleop/share/key_teleop/config
[0.952s] copying config/key_teleop.yaml -> /home/chris/ros_ws/install/key_teleop/share/key_teleop/config
[0.952s] creating /home/chris/ros_ws/install/key_teleop/share/ament_index
[0.953s] creating /home/chris/ros_ws/install/key_teleop/share/ament_index/resource_index
[0.953s] creating /home/chris/ros_ws/install/key_teleop/share/ament_index/resource_index/packages
[0.953s] copying resource/key_teleop -> /home/chris/ros_ws/install/key_teleop/share/ament_index/resource_index/packages
[0.953s] running install_egg_info
[0.955s] Copying ../../build/key_teleop/key_teleop.egg-info to /home/chris/ros_ws/install/key_teleop/lib/python3.10/site-packages/key_teleop-1.8.0-py3.10.egg-info
[0.955s] running install_scripts
[0.972s] Installing key_teleop script to /home/chris/ros_ws/install/key_teleop/lib/key_teleop
[0.973s] writing list of installed files to '/home/chris/ros_ws/build/key_teleop/install.log'
[0.991s] Invoked command in '/home/chris/ros_ws/src/key_teleop' returned '0': PYTHONPATH=/home/chris/ros_ws/build/key_teleop/prefix_override:/usr/lib/python3/dist-packages/colcon_core/task/python/colcon_distutils_commands:/home/chris/ros_ws/install/key_teleop/lib/python3.10/site-packages:${PYTHONPATH} /usr/bin/python3 -W ignore:setup.py install is deprecated -W ignore:easy_install command is deprecated setup.py egg_info --egg-base ../../build/key_teleop build --build-base /home/chris/ros_ws/build/key_teleop/build install --record /home/chris/ros_ws/build/key_teleop/install.log --single-version-externally-managed install_data
