running egg_info
writing ../../build/transform/transform.egg-info/PKG-INFO
writing dependency_links to ../../build/transform/transform.egg-info/dependency_links.txt
writing entry points to ../../build/transform/transform.egg-info/entry_points.txt
writing requirements to ../../build/transform/transform.egg-info/requires.txt
writing top-level names to ../../build/transform/transform.egg-info/top_level.txt
reading manifest file '../../build/transform/transform.egg-info/SOURCES.txt'
writing manifest file '../../build/transform/transform.egg-info/SOURCES.txt'
running build
running build_py
copying transform/transform.py -> /home/chris/ros_ws/build/transform/build/lib/transform
running install
running install_lib
copying /home/chris/ros_ws/build/transform/build/lib/transform/transform.py -> /home/chris/ros_ws/install/transform/lib/python3.10/site-packages/transform
byte-compiling /home/chris/ros_ws/install/transform/lib/python3.10/site-packages/transform/transform.py to transform.cpython-310.pyc
running install_data
running install_egg_info
removing '/home/chris/ros_ws/install/transform/lib/python3.10/site-packages/transform-0.0.1-py3.10.egg-info' (and everything under it)
Copying ../../build/transform/transform.egg-info to /home/chris/ros_ws/install/transform/lib/python3.10/site-packages/transform-0.0.1-py3.10.egg-info
running install_scripts
Installing pepper_tf script to /home/chris/ros_ws/install/transform/lib/transform
writing list of installed files to '/home/chris/ros_ws/build/transform/install.log'
