[0.105s] Invoking command in '/home/chris/ros_ws/build/pepper_wall_follower': CMAKE_PREFIX_PATH=/home/chris/ros_ws/install/naoqi_bridge_msgs:/home/chris/ros_ws/install/pepper_meshes:/home/chris/ros_ws/install/naoqi_driver:/home/chris/ros_ws/install/naoqi_libqicore:/home/chris/ros_ws/install/naoqi_libqi:/home/chris/ros_ws/install/nao_meshes:/opt/ros/humble LD_LIBRARY_PATH=/home/chris/ros_ws/install/naoqi_bridge_msgs/lib:/home/chris/ros_ws/install/naoqi_driver/lib:/home/chris/ros_ws/install/naoqi_libqicore/lib:/home/chris/ros_ws/install/naoqi_libqi/lib:/opt/ros/humble/opt/rviz_ogre_vendor/lib:/opt/ros/humble/lib/x86_64-linux-gnu:/opt/ros/humble/lib /usr/bin/cmake /home/chris/ros_ws/src/pepper_wall_follower -DAMENT_CMAKE_SYMLINK_INSTALL=1 -DCMAKE_INSTALL_PREFIX=/home/chris/ros_ws/install/pepper_wall_follower
[0.372s] -- The C compiler identification is GNU 11.4.0
[1.341s] -- The CXX compiler identification is GNU 11.4.0
[1.792s] -- Detecting C compiler ABI info
[1.960s] -- Detecting C compiler ABI info - done
[1.966s] -- Check for working C compiler: /usr/bin/cc - skipped
[1.967s] -- Detecting C compile features
[1.968s] -- Detecting C compile features - done
[1.974s] -- Detecting CXX compiler ABI info
[2.230s] -- Detecting CXX compiler ABI info - done
[2.241s] -- Check for working CXX compiler: /usr/bin/c++ - skipped
[2.241s] -- Detecting CXX compile features
[2.242s] -- Detecting CXX compile features - done
[2.257s] -- Found ament_cmake: 1.3.12 (/opt/ros/humble/share/ament_cmake/cmake)
[2.437s] -- Found Python3: /usr/bin/python3 (found version "3.10.12") found components: Interpreter 
[2.570s] -- Override CMake install command with custom implementation using symlinks instead of copying resources
[2.643s] -- Found rclcpp: 16.0.15 (/opt/ros/humble/share/rclcpp/cmake)
[3.075s] -- Found rosidl_generator_c: 3.1.7 (/opt/ros/humble/share/rosidl_generator_c/cmake)
[3.083s] -- Found rosidl_adapter: 3.1.7 (/opt/ros/humble/share/rosidl_adapter/cmake)
[3.098s] -- Found rosidl_generator_cpp: 3.1.7 (/opt/ros/humble/share/rosidl_generator_cpp/cmake)
[3.118s] -- Using all available rosidl_typesupport_c: rosidl_typesupport_fastrtps_c;rosidl_typesupport_introspection_c
[3.144s] -- Using all available rosidl_typesupport_cpp: rosidl_typesupport_fastrtps_cpp;rosidl_typesupport_introspection_cpp
[3.225s] -- Found rmw_implementation_cmake: 6.1.2 (/opt/ros/humble/share/rmw_implementation_cmake/cmake)
[3.231s] -- Found rmw_fastrtps_cpp: 6.2.8 (/opt/ros/humble/share/rmw_fastrtps_cpp/cmake)
[6.921s] -- Found OpenSSL: /usr/lib/x86_64-linux-gnu/libcrypto.so (found version "3.0.2")  
[9.206s] -- Found FastRTPS: /opt/ros/humble/include  
[13.268s] -- Using RMW implementation 'rmw_fastrtps_cpp' as default
[13.281s] -- Looking for pthread.h
[13.439s] -- Looking for pthread.h - found
[13.439s] -- Performing Test CMAKE_HAVE_LIBC_PTHREAD
[13.717s] -- Performing Test CMAKE_HAVE_LIBC_PTHREAD - Success
[13.718s] -- Found Threads: TRUE  
[13.795s] -- Found geometry_msgs: 4.9.0 (/opt/ros/humble/share/geometry_msgs/cmake)
[13.817s] -- Found sensor_msgs: 4.9.0 (/opt/ros/humble/share/sensor_msgs/cmake)
[13.842s] -- Found nav_msgs: 4.9.0 (/opt/ros/humble/share/nav_msgs/cmake)
[13.867s] -- Found naoqi_bridge_msgs: 2.1.0 (/home/chris/ros_ws/install/naoqi_bridge_msgs/share/naoqi_bridge_msgs/cmake)
[13.966s] -- Found ament_lint_auto: 0.12.14 (/opt/ros/humble/share/ament_lint_auto/cmake)
[14.065s] -- Added test 'lint_cmake' to check CMake code style
[14.067s] -- Added test 'xmllint' to check XML markup files
[14.070s] -- Configuring done
[14.075s] -- Generating done
[14.078s] -- Build files have been written to: /home/chris/ros_ws/build/pepper_wall_follower
[14.089s] Invoked command in '/home/chris/ros_ws/build/pepper_wall_follower' returned '0': CMAKE_PREFIX_PATH=/home/chris/ros_ws/install/naoqi_bridge_msgs:/home/chris/ros_ws/install/pepper_meshes:/home/chris/ros_ws/install/naoqi_driver:/home/chris/ros_ws/install/naoqi_libqicore:/home/chris/ros_ws/install/naoqi_libqi:/home/chris/ros_ws/install/nao_meshes:/opt/ros/humble LD_LIBRARY_PATH=/home/chris/ros_ws/install/naoqi_bridge_msgs/lib:/home/chris/ros_ws/install/naoqi_driver/lib:/home/chris/ros_ws/install/naoqi_libqicore/lib:/home/chris/ros_ws/install/naoqi_libqi/lib:/opt/ros/humble/opt/rviz_ogre_vendor/lib:/opt/ros/humble/lib/x86_64-linux-gnu:/opt/ros/humble/lib /usr/bin/cmake /home/chris/ros_ws/src/pepper_wall_follower -DAMENT_CMAKE_SYMLINK_INSTALL=1 -DCMAKE_INSTALL_PREFIX=/home/chris/ros_ws/install/pepper_wall_follower
[14.089s] Invoking command in '/home/chris/ros_ws/build/pepper_wall_follower': CMAKE_PREFIX_PATH=/home/chris/ros_ws/install/naoqi_bridge_msgs:/home/chris/ros_ws/install/pepper_meshes:/home/chris/ros_ws/install/naoqi_driver:/home/chris/ros_ws/install/naoqi_libqicore:/home/chris/ros_ws/install/naoqi_libqi:/home/chris/ros_ws/install/nao_meshes:/opt/ros/humble LD_LIBRARY_PATH=/home/chris/ros_ws/install/naoqi_bridge_msgs/lib:/home/chris/ros_ws/install/naoqi_driver/lib:/home/chris/ros_ws/install/naoqi_libqicore/lib:/home/chris/ros_ws/install/naoqi_libqi/lib:/opt/ros/humble/opt/rviz_ogre_vendor/lib:/opt/ros/humble/lib/x86_64-linux-gnu:/opt/ros/humble/lib /usr/bin/cmake --build /home/chris/ros_ws/build/pepper_wall_follower -- -j20 -l20
[14.126s] Invoked command in '/home/chris/ros_ws/build/pepper_wall_follower' returned '0': CMAKE_PREFIX_PATH=/home/chris/ros_ws/install/naoqi_bridge_msgs:/home/chris/ros_ws/install/pepper_meshes:/home/chris/ros_ws/install/naoqi_driver:/home/chris/ros_ws/install/naoqi_libqicore:/home/chris/ros_ws/install/naoqi_libqi:/home/chris/ros_ws/install/nao_meshes:/opt/ros/humble LD_LIBRARY_PATH=/home/chris/ros_ws/install/naoqi_bridge_msgs/lib:/home/chris/ros_ws/install/naoqi_driver/lib:/home/chris/ros_ws/install/naoqi_libqicore/lib:/home/chris/ros_ws/install/naoqi_libqi/lib:/opt/ros/humble/opt/rviz_ogre_vendor/lib:/opt/ros/humble/lib/x86_64-linux-gnu:/opt/ros/humble/lib /usr/bin/cmake --build /home/chris/ros_ws/build/pepper_wall_follower -- -j20 -l20
[14.129s] Invoking command in '/home/chris/ros_ws/build/pepper_wall_follower': CMAKE_PREFIX_PATH=/home/chris/ros_ws/install/naoqi_bridge_msgs:/home/chris/ros_ws/install/pepper_meshes:/home/chris/ros_ws/install/naoqi_driver:/home/chris/ros_ws/install/naoqi_libqicore:/home/chris/ros_ws/install/naoqi_libqi:/home/chris/ros_ws/install/nao_meshes:/opt/ros/humble LD_LIBRARY_PATH=/home/chris/ros_ws/install/naoqi_bridge_msgs/lib:/home/chris/ros_ws/install/naoqi_driver/lib:/home/chris/ros_ws/install/naoqi_libqicore/lib:/home/chris/ros_ws/install/naoqi_libqi/lib:/opt/ros/humble/opt/rviz_ogre_vendor/lib:/opt/ros/humble/lib/x86_64-linux-gnu:/opt/ros/humble/lib /usr/bin/cmake --install /home/chris/ros_ws/build/pepper_wall_follower
[14.134s] -- Install configuration: ""
[14.135s] -- Execute custom install script
[14.136s] -- Symlinking: /home/chris/ros_ws/install/pepper_wall_follower/share/ament_index/resource_index/package_run_dependencies/pepper_wall_follower
[14.144s] -- Symlinking: /home/chris/ros_ws/install/pepper_wall_follower/share/ament_index/resource_index/parent_prefix_path/pepper_wall_follower
[14.152s] -- Symlinking: /home/chris/ros_ws/install/pepper_wall_follower/share/pepper_wall_follower/environment/ament_prefix_path.sh
[14.161s] -- Symlinking: /home/chris/ros_ws/install/pepper_wall_follower/share/pepper_wall_follower/environment/ament_prefix_path.dsv
[14.170s] -- Symlinking: /home/chris/ros_ws/install/pepper_wall_follower/share/pepper_wall_follower/environment/path.sh
[14.179s] -- Symlinking: /home/chris/ros_ws/install/pepper_wall_follower/share/pepper_wall_follower/environment/path.dsv
[14.187s] -- Symlinking: /home/chris/ros_ws/install/pepper_wall_follower/share/pepper_wall_follower/local_setup.bash
[14.196s] -- Symlinking: /home/chris/ros_ws/install/pepper_wall_follower/share/pepper_wall_follower/local_setup.sh
[14.204s] -- Symlinking: /home/chris/ros_ws/install/pepper_wall_follower/share/pepper_wall_follower/local_setup.zsh
[14.211s] -- Symlinking: /home/chris/ros_ws/install/pepper_wall_follower/share/pepper_wall_follower/local_setup.dsv
[14.219s] -- Symlinking: /home/chris/ros_ws/install/pepper_wall_follower/share/pepper_wall_follower/package.dsv
[14.228s] -- Symlinking: /home/chris/ros_ws/install/pepper_wall_follower/share/ament_index/resource_index/packages/pepper_wall_follower
[14.236s] -- Symlinking: /home/chris/ros_ws/install/pepper_wall_follower/share/pepper_wall_follower/cmake/pepper_wall_followerConfig.cmake
[14.244s] -- Symlinking: /home/chris/ros_ws/install/pepper_wall_follower/share/pepper_wall_follower/cmake/pepper_wall_followerConfig-version.cmake
[14.253s] -- Symlinking: /home/chris/ros_ws/install/pepper_wall_follower/share/pepper_wall_follower/package.xml
[14.263s] Invoked command in '/home/chris/ros_ws/build/pepper_wall_follower' returned '0': CMAKE_PREFIX_PATH=/home/chris/ros_ws/install/naoqi_bridge_msgs:/home/chris/ros_ws/install/pepper_meshes:/home/chris/ros_ws/install/naoqi_driver:/home/chris/ros_ws/install/naoqi_libqicore:/home/chris/ros_ws/install/naoqi_libqi:/home/chris/ros_ws/install/nao_meshes:/opt/ros/humble LD_LIBRARY_PATH=/home/chris/ros_ws/install/naoqi_bridge_msgs/lib:/home/chris/ros_ws/install/naoqi_driver/lib:/home/chris/ros_ws/install/naoqi_libqicore/lib:/home/chris/ros_ws/install/naoqi_libqi/lib:/opt/ros/humble/opt/rviz_ogre_vendor/lib:/opt/ros/humble/lib/x86_64-linux-gnu:/opt/ros/humble/lib /usr/bin/cmake --install /home/chris/ros_ws/build/pepper_wall_follower
