-- The C compiler identification is GNU 11.4.0
-- The CXX compiler identification is GNU 11.4.0
-- Detecting C compiler ABI info
-- Detecting C compiler ABI info - done
-- Check for working C compiler: /usr/bin/cc - skipped
-- Detecting C compile features
-- Detecting C compile features - done
-- Detecting CXX compiler ABI info
-- Detecting CXX compiler ABI info - done
-- Check for working CXX compiler: /usr/bin/c++ - skipped
-- Detecting CXX compile features
-- Detecting CXX compile features - done
-- MOBILE_BUILD=OFF
-- Checking for module 'eigen3'
--   Found eigen3, version 3.4.0
-- Found Eigen: /usr/include/eigen3 (Required is at least version "3.1") 
-- Eigen found (include: /usr/include/eigen3, version: 3.4.0)
-- Checking for module 'libusb-1.0'
--   Found libusb-1.0, version 1.0.25
-- Found libusb: /usr/lib/x86_64-linux-gnu/libusb-1.0.so  
-- OpenNI found (version: 1.5.4.0, include: /usr/include/ni, lib: /usr/lib/libOpenNI.so;libusb::libusb)
-- Eigen found (include: /usr/include/eigen3, version: 3.4.0)
-- Checking for module 'flann'
--   Found flann, version 1.9.1
-- Found FLANN: /usr/lib/x86_64-linux-gnu/libflann_cpp.so  
-- FLANN found (include: /usr/include, lib: /usr/lib/x86_64-linux-gnu/libflann_cpp.so)
-- Found Qhull version 8.0.2
-- OpenNI found (version: 1.5.4.0, include: /usr/include/ni, lib: /usr/lib/libOpenNI.so;libusb::libusb)
-- Found PCL_COMMON: /usr/lib/x86_64-linux-gnu/libpcl_common.so  
-- Found PCL_OCTREE: /usr/lib/x86_64-linux-gnu/libpcl_octree.so  
-- Found PCL_IO: /usr/lib/x86_64-linux-gnu/libpcl_io.so  
-- Found PCL_KDTREE: /usr/lib/x86_64-linux-gnu/libpcl_kdtree.so  
-- Found PCL_SEARCH: /usr/lib/x86_64-linux-gnu/libpcl_search.so  
-- Found PCL_SURFACE: /usr/lib/x86_64-linux-gnu/libpcl_surface.so  
-- Found PCL_FILTERS: /usr/lib/x86_64-linux-gnu/libpcl_filters.so  
-- Found PCL_2D: /usr/include/pcl-1.12  
-- Found PCL_FEATURES: /usr/lib/x86_64-linux-gnu/libpcl_features.so  
-- Found PCL_REGISTRATION: /usr/lib/x86_64-linux-gnu/libpcl_registration.so  
-- Found PCL_SAMPLE_CONSENSUS: /usr/lib/x86_64-linux-gnu/libpcl_sample_consensus.so  
-- Found PCL_GEOMETRY: /usr/include/pcl-1.12  
-- Found PCL_ML: /usr/lib/x86_64-linux-gnu/libpcl_ml.so  
-- Found PCL_SEGMENTATION: /usr/lib/x86_64-linux-gnu/libpcl_segmentation.so  
-- Found PCL_VISUALIZATION: /usr/lib/x86_64-linux-gnu/libpcl_visualization.so  
-- PCL definitions don't contain "-march=native", make sure all libraries using Eigen are also compiled without that flag to avoid some segmentation faults (with gdb referring to some Eigen functions).
-- Found SQLite3: /usr/include /usr/lib/x86_64-linux-gnu/libsqlite3.so
-- Found OpenMP_C: -fopenmp (found version "4.5") 
-- Found OpenMP_CXX: -fopenmp (found version "4.5") 
-- Found OpenMP: TRUE (found version "4.5") found components: C CXX 
-- Found OpenMP: /usr/lib/gcc/x86_64-linux-gnu/11/libgomp.so;/usr/lib/x86_64-linux-gnu/libpthread.a
-- Add PCL_OMP to definitions
-- Found OpenCV: /usr/include/opencv4
-- Found PCL: /usr/include/pcl-1.12;/usr/include/eigen3;/usr/include;/usr/include/ni
-- Found ZLIB: /usr/include
-- Found Threads: TRUE  
-- Found GLEW: /usr/lib/x86_64-linux-gnu/libGLEW.so  
-- Found OpenGL: /usr/lib/x86_64-linux-gnu/libOpenGL.so  found components: OpenGL GLX 
-- Found Python3: /usr/bin/python3.10 (found suitable version "3.10.12", minimum required is "3.10") found components: Interpreter Development.Module Development.Embed 
-- Found MPI_C: /usr/lib/x86_64-linux-gnu/libmpi.so (found version "3.1") 
-- Found MPI: TRUE (found version "3.1") found components: C 
-- Found HDF5: /usr/lib/x86_64-linux-gnu/hdf5/serial/libhdf5.so;/usr/lib/x86_64-linux-gnu/libcrypto.so;/usr/lib/x86_64-linux-gnu/libcurl.so;/usr/lib/x86_64-linux-gnu/libpthread.a;/usr/lib/x86_64-linux-gnu/libsz.so;/usr/lib/x86_64-linux-gnu/libz.so;/usr/lib/x86_64-linux-gnu/libdl.a;/usr/lib/x86_64-linux-gnu/libm.so (found version "1.10.7") found components: C HL 
-- Found NetCDF: /usr/include (found version "4.8.1") 
-- Found OGG: /usr/lib/x86_64-linux-gnu/libogg.so  
-- Found THEORA: /usr/lib/x86_64-linux-gnu/libtheora.so  
-- Found JsonCpp: /usr/lib/x86_64-linux-gnu/libjsoncpp.so (found suitable version "1.9.5", minimum required is "0.7.0") 
-- Found LibXml2: /usr/lib/x86_64-linux-gnu/libxml2.so (found version "2.9.13") 
-- Found ZLIB: /usr/lib/x86_64-linux-gnu/libz.so (found version "1.2.11") 
-- Found GL2PS: /usr/lib/x86_64-linux-gnu/libgl2ps.so (found suitable version "1.4.2", minimum required is "1.4.2") 
-- Found PNG: /usr/lib/x86_64-linux-gnu/libpng.so (found version "1.6.37") 
-- Found SQLite3: /usr/include (found version "3.37.2") 
-- Found LibPROJ: /usr/lib/x86_64-linux-gnu/libproj.so (found version "8.2.1") 
-- Found Eigen3: /usr/include/eigen3 (found version "3.4.0") 
-- Found X11: /usr/include   
-- Found EXPAT: /usr/lib/x86_64-linux-gnu/libexpat.so (found version "2.4.7") 
-- Found double-conversion: /usr/lib/x86_64-linux-gnu/libdouble-conversion.so  
-- Found LZ4: /usr/lib/x86_64-linux-gnu/liblz4.so (found version "1.9.3") 
-- Found LZMA: /usr/lib/x86_64-linux-gnu/liblzma.so (found version "5.2.5") 
-- Found JPEG: /usr/lib/x86_64-linux-gnu/libjpeg.so (found version "80") 
-- Found TIFF: /usr/lib/x86_64-linux-gnu/libtiff.so (found version "4.3.0")  
-- Found Freetype: /usr/lib/x86_64-linux-gnu/libfreetype.so (found version "2.11.1") 
-- Found utf8cpp: /usr/include/utf8cpp  
-- VTK>=9 detected, will use VTK_QT_VERSION=5 for Qt version.
-- VTK_RENDERING_BACKEND=
-- Found OpenNI2: /usr/include/openni2
-- Found DC1394: /usr/include/dc1394
-- Found Eigen3: /usr/include/eigen3 (Required is at least version "3.0.0") 
-- Found OpenGL: /usr/lib/x86_64-linux-gnu/libOpenGL.so   
-- Found g2o (targets)
-- g2o include dir: /opt/ros/humble/include
-- Latest g2o factory version detected with shared ptr (factory file: /opt/ros/humble/include/g2o/core/factory.h).
-- GTSAM include directory:  /opt/ros/humble/lib/cmake/GTSAM/../../../include
-- FlyCapture2_INCLUDE_DIR=FlyCapture2_INCLUDE_DIR-NOTFOUND
-- FlyCapture2_LIBRARY=FlyCapture2_LIBRARY-NOTFOUND
-- Triclops_INCLUDE_DIR=Triclops_INCLUDE_DIR-NOTFOUND
-- Triclops_LIBRARY=Triclops_LIBRARY-NOTFOUND
-- FlyCaptureBridge_LIBRARY=FlyCaptureBridge_LIBRARY-NOTFOUND
-- Found Boost: /usr/lib/x86_64-linux-gnu/cmake/Boost-1.74.0/BoostConfig.cmake (found version "1.74.0") found components: thread filesystem system program_options date_time 
-- Found Boost: /usr/lib/x86_64-linux-gnu/cmake/Boost-1.74.0/BoostConfig.cmake (found version "1.74.0") found components: thread filesystem system program_options date_time chrono 
-- Found libpointmatcher: /opt/ros/humble/include;/usr/include/eigen3
-- Found Boost: /usr/lib/x86_64-linux-gnu/cmake/Boost-1.74.0/BoostConfig.cmake (found version "1.74.0") found components: thread filesystem program_options date_time 
-- Found Boost: /usr/lib/x86_64-linux-gnu/cmake/Boost-1.74.0/BoostConfig.cmake (found version "1.74.0") found components: thread filesystem system program_options date_time chrono timer serialization 
-- Found RealSense2: 
-- Found octomap 1.9.7: /usr/include
-- Architecture: x86_64
-- Performing Test COMPILER_SUPPORTS_CXX17
-- Performing Test COMPILER_SUPPORTS_CXX17 - Success
-- Found Pthreads
-- Performing Test COMPILER_HAS_HIDDEN_VISIBILITY
-- Performing Test COMPILER_HAS_HIDDEN_VISIBILITY - Success
-- Performing Test COMPILER_HAS_HIDDEN_INLINE_VISIBILITY
-- Performing Test COMPILER_HAS_HIDDEN_INLINE_VISIBILITY - Success
-- Performing Test COMPILER_HAS_DEPRECATED_ATTR
-- Performing Test COMPILER_HAS_DEPRECATED_ATTR - Success
-- --------------------------------------------
-- Info :
--   RTAB-Map Version =     0.23.3
--   CMAKE_VERSION =        3.22.1
--   CMAKE_INSTALL_PREFIX = /home/chris/ros_ws/install/rtabmap
--   CMAKE_BUILD_TYPE =     Release
--   CMAKE_INSTALL_LIBDIR = lib
--   BUILD_APP =            ON
--   BUILD_TOOLS =          ON
--   BUILD_EXAMPLES =       ON
--   BUILD_SHARED_LIBS =    ON
--   CMAKE_CXX_FLAGS =  -fmessage-length=0 -fopenmp -std=c++17
--   FLANN_KDTREE_MEM_OPT = OFF
--   PCL_DEFINITIONS = -DDISABLE_OPENNI2;-DDISABLE_PCAP;-DDISABLE_PNG
--   PCL_VERSION = 1.12.1
-- 
-- Optional dependencies ('*' affects some default parameters) :
--  *With OpenCV 4.5.4 xfeatures2d = NO, nonfree = NO (License: Apache 2)
--   With Qt 5.15.3            = YES (License: Open Source or Commercial)
--   With VTK 9.1              = YES (License: BSD)
--   With external SQLite3     = YES (License: Public Domain)
--   With ORB OcTree           = YES (License: GPLv3)
--   With SuperPoint           = NO (WITH_TORCH=OFF)
--   With Superpoint Rpautrat  = NO (WITH_TORCH=OFF)
--   With Python3              = NO (WITH_PYTHON=OFF)
--   With Madgwick             = YES (License: GPL)
--   With FastCV               = NO (FastCV not found)
--   With PDAL                 = NO (PDAL not found)
--   With libLAS               = NO (WITH_LIBLAS=OFF)
--   With CudaSift             = NO (WITH_CUDASIFT=OFF)
-- 
--  Solvers:
--   With TORO                 = YES (License: Creative Commons [Attribution-NonCommercial-ShareAlike])
--  *With g2o 1.0.0            = YES (License: BSD)
--  *With GTSAM 4.2.0          = YES (License: BSD)
--  *With Ceres                = NO (WITH_CERES=OFF)
--   With MRPT                 = NO (MRPT not found)
--   With VERTIGO              = YES (License: GPLv3)
--   With cvsba                = NO (WITH_CVSBA=OFF)
--  *With libpointmatcher 1.3.1 = YES (License: BSD)
--   With CCCoreLib            = NO (WITH_CCCORELIB=OFF)
--   With Open3D               = NO (WITH_OPEN3D=OFF)
--   With OpenGV               = NO (OpenGV not found)
-- 
--  Reconstruction Approaches:
--   With OctoMap 1.9.7        = YES (License: BSD)
--   With GridMap              = NO (WITH_GRIDMAP=OFF)
--   With CPUTSDF              = NO (WITH_CPUTSDF=OFF)
--   With OpenChisel           = NO (WITH_OPENCHISEL=OFF)
--   With AliceVision          = NO (WITH_ALICE_VISION=OFF)
-- 
--  Camera Drivers:
--   With Freenect             = NO (libfreenect not found)
--   With OpenNI               = YES (License: Apache v2)
--   With OpenNI2              = YES (License: Apache v2)
--   With Freenect2            = NO (libfreenect2 not found)
--   With Kinect for Windows 2 = NO (Kinect for Windows 2 SDK not found)
--   With Kinect for Azure     = NO (Kinect for Azure SDK not found)
--   With dc1394               = YES (License: LGPL)
--   With FlyCapture2/Triclops = NO (Point Grey SDK not found)
--   With ZED                  = NO (ZED sdk and/or cuda not found)
--   With ZEDOC                = NO (ZED Open Capture not found)
--   With RealSense            = NO (librealsense not found)
--   With RealSense2 2.56.4    = YES (License: Apache-2)
--   With MyntEyeS             = NO (mynteye s sdk not found)
--   With DepthAI              = NO (WITH_DEPTHAI=OFF)
--   With XVisio SDK           = NO (WITH_XVSDK=OFF)
--   With Orbbec SDK           = NO (WITH_ORBBEC_SDK=OFF)
-- 
--  Odometry Approaches:
--   With loam_velodyne        = NO (WITH_LOAM=OFF)
--   With floam                = NO (WITH_FLOAM=OFF)
--   With libfovis             = NO (WITH_FOVIS=OFF)
--   With libviso2             = NO (WITH_VISO2=OFF)
--   With dvo_core             = NO (WITH_DVO=OFF)
--   With okvis                = NO (WITH_OKVIS=OFF)
--   With msckf_vio            = NO (WITH_MSCKF_VIO=OFF)
--   With VINS-Fusion          = NO (WITH_VINS_FUSION=OFF)
--   With OpenVINS             = NO (WITH_OPENVINS=OFF)
--   With ORB_SLAM             = NO (WITH_ORB_SLAM=OFF)
--   With cuVSLAM              = NO (WITH_CUVSLAM=OFF)
-- Show all options with: cmake -LA | grep WITH_
-- --------------------------------------------
-- Configuring done
-- Generating done
-- Build files have been written to: /home/chris/ros_ws/build/rtabmap
