[0.318s] Invoking command in '/home/chris/ros_ws/build/pepper_wall_follower': CMAKE_PREFIX_PATH=/home/chris/ros_ws/install/naoqi_bridge_msgs:/home/chris/ros_ws/install/wall_follower:/home/chris/ros_ws/install/pepper_wall_follower:/home/chris/ros_ws/install/pepper_meshes:/home/chris/ros_ws/install/naoqi_driver:/home/chris/ros_ws/install/naoqi_libqicore:/home/chris/ros_ws/install/naoqi_libqi:/home/chris/ros_ws/install/nao_meshes:/opt/ros/humble LD_LIBRARY_PATH=/home/chris/ros_ws/install/naoqi_bridge_msgs/lib:/home/chris/ros_ws/install/naoqi_driver/lib:/home/chris/ros_ws/install/naoqi_libqicore/lib:/home/chris/ros_ws/install/naoqi_libqi/lib:/opt/ros/humble/opt/rviz_ogre_vendor/lib:/opt/ros/humble/lib/x86_64-linux-gnu:/opt/ros/humble/lib /usr/bin/cmake --build /home/chris/ros_ws/build/pepper_wall_follower -- -j20 -l20
[0.378s] [35m[1mConsolidate compiler generated dependencies of target pepper_wall_follower[0m
[0.402s] [ 50%] [32mBuilding CXX object CMakeFiles/pepper_wall_follower.dir/src/pepper_wall_follower.cpp.o[0m
[14.822s] [100%] [32m[1mLinking CXX executable pepper_wall_follower[0m
[16.044s] [100%] Built target pepper_wall_follower
[16.057s] Invoked command in '/home/chris/ros_ws/build/pepper_wall_follower' returned '0': CMAKE_PREFIX_PATH=/home/chris/ros_ws/install/naoqi_bridge_msgs:/home/chris/ros_ws/install/wall_follower:/home/chris/ros_ws/install/pepper_wall_follower:/home/chris/ros_ws/install/pepper_meshes:/home/chris/ros_ws/install/naoqi_driver:/home/chris/ros_ws/install/naoqi_libqicore:/home/chris/ros_ws/install/naoqi_libqi:/home/chris/ros_ws/install/nao_meshes:/opt/ros/humble LD_LIBRARY_PATH=/home/chris/ros_ws/install/naoqi_bridge_msgs/lib:/home/chris/ros_ws/install/naoqi_driver/lib:/home/chris/ros_ws/install/naoqi_libqicore/lib:/home/chris/ros_ws/install/naoqi_libqi/lib:/opt/ros/humble/opt/rviz_ogre_vendor/lib:/opt/ros/humble/lib/x86_64-linux-gnu:/opt/ros/humble/lib /usr/bin/cmake --build /home/chris/ros_ws/build/pepper_wall_follower -- -j20 -l20
[16.060s] Invoking command in '/home/chris/ros_ws/build/pepper_wall_follower': CMAKE_PREFIX_PATH=/home/chris/ros_ws/install/naoqi_bridge_msgs:/home/chris/ros_ws/install/wall_follower:/home/chris/ros_ws/install/pepper_wall_follower:/home/chris/ros_ws/install/pepper_meshes:/home/chris/ros_ws/install/naoqi_driver:/home/chris/ros_ws/install/naoqi_libqicore:/home/chris/ros_ws/install/naoqi_libqi:/home/chris/ros_ws/install/nao_meshes:/opt/ros/humble LD_LIBRARY_PATH=/home/chris/ros_ws/install/naoqi_bridge_msgs/lib:/home/chris/ros_ws/install/naoqi_driver/lib:/home/chris/ros_ws/install/naoqi_libqicore/lib:/home/chris/ros_ws/install/naoqi_libqi/lib:/opt/ros/humble/opt/rviz_ogre_vendor/lib:/opt/ros/humble/lib/x86_64-linux-gnu:/opt/ros/humble/lib /usr/bin/cmake --install /home/chris/ros_ws/build/pepper_wall_follower
[16.067s] -- Install configuration: ""
[16.069s] -- Execute custom install script
[16.069s] -- Up-to-date symlink: /home/chris/ros_ws/install/pepper_wall_follower/lib/pepper_wall_follower/pepper_wall_follower
[16.070s] -- Up-to-date symlink: /home/chris/ros_ws/install/pepper_wall_follower/share/pepper_wall_follower/launch/pepper_wall_follower.launch.py
[16.070s] -- Up-to-date symlink: /home/chris/ros_ws/install/pepper_wall_follower/share/ament_index/resource_index/package_run_dependencies/pepper_wall_follower
[16.070s] -- Up-to-date symlink: /home/chris/ros_ws/install/pepper_wall_follower/share/ament_index/resource_index/parent_prefix_path/pepper_wall_follower
[16.070s] -- Up-to-date symlink: /home/chris/ros_ws/install/pepper_wall_follower/share/pepper_wall_follower/environment/ament_prefix_path.sh
[16.071s] -- Up-to-date symlink: /home/chris/ros_ws/install/pepper_wall_follower/share/pepper_wall_follower/environment/ament_prefix_path.dsv
[16.071s] -- Up-to-date symlink: /home/chris/ros_ws/install/pepper_wall_follower/share/pepper_wall_follower/environment/path.sh
[16.071s] -- Up-to-date symlink: /home/chris/ros_ws/install/pepper_wall_follower/share/pepper_wall_follower/environment/path.dsv
[16.071s] -- Up-to-date symlink: /home/chris/ros_ws/install/pepper_wall_follower/share/pepper_wall_follower/local_setup.bash
[16.071s] -- Up-to-date symlink: /home/chris/ros_ws/install/pepper_wall_follower/share/pepper_wall_follower/local_setup.sh
[16.071s] -- Up-to-date symlink: /home/chris/ros_ws/install/pepper_wall_follower/share/pepper_wall_follower/local_setup.zsh
[16.071s] -- Up-to-date symlink: /home/chris/ros_ws/install/pepper_wall_follower/share/pepper_wall_follower/local_setup.dsv
[16.072s] -- Symlinking: /home/chris/ros_ws/install/pepper_wall_follower/share/pepper_wall_follower/package.dsv
[16.082s] -- Up-to-date symlink: /home/chris/ros_ws/install/pepper_wall_follower/share/ament_index/resource_index/packages/pepper_wall_follower
[16.083s] -- Up-to-date symlink: /home/chris/ros_ws/install/pepper_wall_follower/share/pepper_wall_follower/cmake/ament_cmake_export_include_directories-extras.cmake
[16.083s] -- Up-to-date symlink: /home/chris/ros_ws/install/pepper_wall_follower/share/pepper_wall_follower/cmake/ament_cmake_export_dependencies-extras.cmake
[16.083s] -- Up-to-date symlink: /home/chris/ros_ws/install/pepper_wall_follower/share/pepper_wall_follower/cmake/pepper_wall_followerConfig.cmake
[16.083s] -- Up-to-date symlink: /home/chris/ros_ws/install/pepper_wall_follower/share/pepper_wall_follower/cmake/pepper_wall_followerConfig-version.cmake
[16.083s] -- Up-to-date symlink: /home/chris/ros_ws/install/pepper_wall_follower/share/pepper_wall_follower/package.xml
[16.083s] -- Up-to-date symlink: /home/chris/ros_ws/install/pepper_wall_follower/lib/pepper_wall_follower/pepper_wall_follower
[16.084s] -- Up-to-date symlink: /home/chris/ros_ws/install/pepper_wall_follower/share/pepper_wall_follower/launch/pepper_wall_follower.launch.py
[16.084s] -- Up-to-date symlink: /home/chris/ros_ws/install/pepper_wall_follower/share/ament_index/resource_index/package_run_dependencies/pepper_wall_follower
[16.084s] -- Up-to-date symlink: /home/chris/ros_ws/install/pepper_wall_follower/share/ament_index/resource_index/parent_prefix_path/pepper_wall_follower
[16.084s] -- Up-to-date symlink: /home/chris/ros_ws/install/pepper_wall_follower/share/pepper_wall_follower/environment/ament_prefix_path.sh
[16.084s] -- Up-to-date symlink: /home/chris/ros_ws/install/pepper_wall_follower/share/pepper_wall_follower/environment/ament_prefix_path.dsv
[16.085s] -- Up-to-date symlink: /home/chris/ros_ws/install/pepper_wall_follower/share/pepper_wall_follower/environment/path.sh
[16.085s] -- Up-to-date symlink: /home/chris/ros_ws/install/pepper_wall_follower/share/pepper_wall_follower/environment/path.dsv
[16.085s] -- Up-to-date symlink: /home/chris/ros_ws/install/pepper_wall_follower/share/pepper_wall_follower/local_setup.bash
[16.085s] -- Up-to-date symlink: /home/chris/ros_ws/install/pepper_wall_follower/share/pepper_wall_follower/local_setup.sh
[16.086s] -- Up-to-date symlink: /home/chris/ros_ws/install/pepper_wall_follower/share/pepper_wall_follower/local_setup.zsh
[16.086s] -- Up-to-date symlink: /home/chris/ros_ws/install/pepper_wall_follower/share/pepper_wall_follower/local_setup.dsv
[16.086s] -- Up-to-date symlink: /home/chris/ros_ws/install/pepper_wall_follower/share/pepper_wall_follower/package.dsv
[16.086s] -- Up-to-date symlink: /home/chris/ros_ws/install/pepper_wall_follower/share/ament_index/resource_index/packages/pepper_wall_follower
[16.086s] -- Up-to-date symlink: /home/chris/ros_ws/install/pepper_wall_follower/share/pepper_wall_follower/cmake/ament_cmake_export_include_directories-extras.cmake
[16.086s] -- Up-to-date symlink: /home/chris/ros_ws/install/pepper_wall_follower/share/pepper_wall_follower/cmake/ament_cmake_export_dependencies-extras.cmake
[16.087s] -- Up-to-date symlink: /home/chris/ros_ws/install/pepper_wall_follower/share/pepper_wall_follower/cmake/pepper_wall_followerConfig.cmake
[16.087s] -- Up-to-date symlink: /home/chris/ros_ws/install/pepper_wall_follower/share/pepper_wall_follower/cmake/pepper_wall_followerConfig-version.cmake
[16.087s] -- Up-to-date symlink: /home/chris/ros_ws/install/pepper_wall_follower/share/pepper_wall_follower/package.xml
[16.089s] Invoked command in '/home/chris/ros_ws/build/pepper_wall_follower' returned '0': CMAKE_PREFIX_PATH=/home/chris/ros_ws/install/naoqi_bridge_msgs:/home/chris/ros_ws/install/wall_follower:/home/chris/ros_ws/install/pepper_wall_follower:/home/chris/ros_ws/install/pepper_meshes:/home/chris/ros_ws/install/naoqi_driver:/home/chris/ros_ws/install/naoqi_libqicore:/home/chris/ros_ws/install/naoqi_libqi:/home/chris/ros_ws/install/nao_meshes:/opt/ros/humble LD_LIBRARY_PATH=/home/chris/ros_ws/install/naoqi_bridge_msgs/lib:/home/chris/ros_ws/install/naoqi_driver/lib:/home/chris/ros_ws/install/naoqi_libqicore/lib:/home/chris/ros_ws/install/naoqi_libqi/lib:/opt/ros/humble/opt/rviz_ogre_vendor/lib:/opt/ros/humble/lib/x86_64-linux-gnu:/opt/ros/humble/lib /usr/bin/cmake --install /home/chris/ros_ws/build/pepper_wall_follower
