[0.010s] Invoking command in '/home/chris/ros_ws/build/naoqi_libqi': CMAKE_PREFIX_PATH=${CMAKE_PREFIX_PATH}:/opt/ros/humble /usr/bin/cmake --build /home/chris/ros_ws/build/naoqi_libqi -- -j20 -l20
[0.064s] [  2%] Built target gtest_main
[0.065s] [  3%] Built target gtest
[0.132s] [ 30%] Built target test_ka
[0.255s] [ 98%] Built target qi
[0.283s] [100%] Built target qitestutils
[0.299s] Invoked command in '/home/chris/ros_ws/build/naoqi_libqi' returned '0': CMAKE_PREFIX_PATH=${CMAKE_PREFIX_PATH}:/opt/ros/humble /usr/bin/cmake --build /home/chris/ros_ws/build/naoqi_libqi -- -j20 -l20
[0.301s] Invoking command in '/home/chris/ros_ws/build/naoqi_libqi': CMAKE_PREFIX_PATH=${CMAKE_PREFIX_PATH}:/opt/ros/humble /usr/bin/cmake --install /home/chris/ros_ws/build/naoqi_libqi
[0.308s] -- Install configuration: ""
[0.308s] -- Execute custom install script
[0.309s] -- Up-to-date symlink: /home/chris/ros_ws/install/naoqi_libqi/include/qi/actor.hpp
[0.309s] -- Up-to-date symlink: /home/chris/ros_ws/install/naoqi_libqi/include/qi/anyfunction.hpp
[0.309s] -- Up-to-date symlink: /home/chris/ros_ws/install/naoqi_libqi/include/qi/anymodule.hpp
[0.309s] -- Up-to-date symlink: /home/chris/ros_ws/install/naoqi_libqi/include/qi/anyobject.hpp
[0.309s] -- Up-to-date symlink: /home/chris/ros_ws/install/naoqi_libqi/include/qi/anyvalue.hpp
[0.309s] -- Up-to-date symlink: /home/chris/ros_ws/install/naoqi_libqi/include/qi/api.hpp
[0.310s] -- Up-to-date symlink: /home/chris/ros_ws/install/naoqi_libqi/include/qi/application.hpp
[0.310s] -- Up-to-date symlink: /home/chris/ros_ws/install/naoqi_libqi/include/qi/applicationsession.hpp
[0.310s] -- Up-to-date symlink: /home/chris/ros_ws/install/naoqi_libqi/include/qi/assert.hpp
[0.310s] -- Up-to-date symlink: /home/chris/ros_ws/install/naoqi_libqi/include/qi/async.hpp
[0.310s] -- Up-to-date symlink: /home/chris/ros_ws/install/naoqi_libqi/include/qi/atomic.hpp
[0.310s] -- Up-to-date symlink: /home/chris/ros_ws/install/naoqi_libqi/include/qi/binarycodec.hpp
[0.310s] -- Up-to-date symlink: /home/chris/ros_ws/install/naoqi_libqi/include/qi/buffer.hpp
[0.311s] -- Up-to-date symlink: /home/chris/ros_ws/install/naoqi_libqi/include/qi/clock.hpp
[0.311s] -- Up-to-date symlink: /home/chris/ros_ws/install/naoqi_libqi/include/qi/config.dox
[0.311s] -- Up-to-date symlink: /home/chris/ros_ws/install/naoqi_libqi/include/qi/config.hpp.in
[0.311s] -- Up-to-date symlink: /home/chris/ros_ws/install/naoqi_libqi/include/qi/detail/async.hxx
[0.311s] -- Up-to-date symlink: /home/chris/ros_ws/install/naoqi_libqi/include/qi/detail/clock.hxx
[0.311s] -- Up-to-date symlink: /home/chris/ros_ws/install/naoqi_libqi/include/qi/detail/eventloop.hxx
[0.311s] -- Up-to-date symlink: /home/chris/ros_ws/install/naoqi_libqi/include/qi/detail/executioncontext.hpp
[0.311s] -- Up-to-date symlink: /home/chris/ros_ws/install/naoqi_libqi/include/qi/detail/future.hxx
[0.311s] -- Up-to-date symlink: /home/chris/ros_ws/install/naoqi_libqi/include/qi/detail/future_fwd.hpp
[0.312s] -- Up-to-date symlink: /home/chris/ros_ws/install/naoqi_libqi/include/qi/detail/futurebarrier.hpp
[0.312s] -- Up-to-date symlink: /home/chris/ros_ws/install/naoqi_libqi/include/qi/detail/futureunwrap.hpp
[0.312s] -- Up-to-date symlink: /home/chris/ros_ws/install/naoqi_libqi/include/qi/detail/log.hxx
[0.312s] -- Up-to-date symlink: /home/chris/ros_ws/install/naoqi_libqi/include/qi/detail/mpl.hpp
[0.312s] -- Up-to-date symlink: /home/chris/ros_ws/install/naoqi_libqi/include/qi/detail/print.hpp
[0.312s] -- Up-to-date symlink: /home/chris/ros_ws/install/naoqi_libqi/include/qi/detail/trackable.hxx
[0.312s] -- Up-to-date symlink: /home/chris/ros_ws/install/naoqi_libqi/include/qi/either.hpp
[0.312s] -- Up-to-date symlink: /home/chris/ros_ws/install/naoqi_libqi/include/qi/eventloop.hpp
[0.313s] -- Up-to-date symlink: /home/chris/ros_ws/install/naoqi_libqi/include/qi/flags.hpp
[0.313s] -- Up-to-date symlink: /home/chris/ros_ws/install/naoqi_libqi/include/qi/future.hpp
[0.313s] -- Up-to-date symlink: /home/chris/ros_ws/install/naoqi_libqi/include/qi/futuregroup.hpp
[0.313s] -- Up-to-date symlink: /home/chris/ros_ws/install/naoqi_libqi/include/qi/getenv.hpp
[0.313s] -- Up-to-date symlink: /home/chris/ros_ws/install/naoqi_libqi/include/qi/iocolor.hpp
[0.313s] -- Up-to-date symlink: /home/chris/ros_ws/install/naoqi_libqi/include/qi/jsoncodec.hpp
[0.313s] -- Up-to-date symlink: /home/chris/ros_ws/install/naoqi_libqi/include/qi/log.hpp
[0.313s] -- Up-to-date symlink: /home/chris/ros_ws/install/naoqi_libqi/include/qi/log/androidloghandler.hpp
[0.314s] -- Up-to-date symlink: /home/chris/ros_ws/install/naoqi_libqi/include/qi/log/consoleloghandler.hpp
[0.314s] -- Up-to-date symlink: /home/chris/ros_ws/install/naoqi_libqi/include/qi/log/csvloghandler.hpp
[0.314s] -- Up-to-date symlink: /home/chris/ros_ws/install/naoqi_libqi/include/qi/log/fileloghandler.hpp
[0.314s] -- Up-to-date symlink: /home/chris/ros_ws/install/naoqi_libqi/include/qi/log/headfileloghandler.hpp
[0.314s] -- Up-to-date symlink: /home/chris/ros_ws/install/naoqi_libqi/include/qi/log/journaldloghandler.hpp
[0.314s] -- Up-to-date symlink: /home/chris/ros_ws/install/naoqi_libqi/include/qi/log/tailfileloghandler.hpp
[0.314s] -- Up-to-date symlink: /home/chris/ros_ws/install/naoqi_libqi/include/qi/macro.hpp
[0.314s] -- Up-to-date symlink: /home/chris/ros_ws/install/naoqi_libqi/include/qi/messaging/authprovider.hpp
[0.314s] -- Up-to-date symlink: /home/chris/ros_ws/install/naoqi_libqi/include/qi/messaging/authproviderfactory.hpp
[0.315s] -- Up-to-date symlink: /home/chris/ros_ws/install/naoqi_libqi/include/qi/messaging/autoservice.hpp
[0.315s] -- Up-to-date symlink: /home/chris/ros_ws/install/naoqi_libqi/include/qi/messaging/clientauthenticator.hpp
[0.315s] -- Up-to-date symlink: /home/chris/ros_ws/install/naoqi_libqi/include/qi/messaging/clientauthenticatorfactory.hpp
[0.315s] -- Up-to-date symlink: /home/chris/ros_ws/install/naoqi_libqi/include/qi/messaging/detail/autoservice.hxx
[0.315s] -- Up-to-date symlink: /home/chris/ros_ws/install/naoqi_libqi/include/qi/messaging/gateway.hpp
[0.315s] -- Up-to-date symlink: /home/chris/ros_ws/install/naoqi_libqi/include/qi/messaging/messagesocket_fwd.hpp
[0.315s] -- Up-to-date symlink: /home/chris/ros_ws/install/naoqi_libqi/include/qi/messaging/servicedirectoryproxy.hpp
[0.315s] -- Up-to-date symlink: /home/chris/ros_ws/install/naoqi_libqi/include/qi/messaging/serviceinfo.hpp
[0.316s] -- Up-to-date symlink: /home/chris/ros_ws/install/naoqi_libqi/include/qi/numeric.hpp
[0.316s] -- Up-to-date symlink: /home/chris/ros_ws/install/naoqi_libqi/include/qi/objectuid.hpp
[0.316s] -- Up-to-date symlink: /home/chris/ros_ws/install/naoqi_libqi/include/qi/os.hpp
[0.316s] -- Up-to-date symlink: /home/chris/ros_ws/install/naoqi_libqi/include/qi/path.hpp
[0.316s] -- Up-to-date symlink: /home/chris/ros_ws/install/naoqi_libqi/include/qi/path_conf.hpp
[0.316s] -- Up-to-date symlink: /home/chris/ros_ws/install/naoqi_libqi/include/qi/perf/dataperf.dox
[0.316s] -- Up-to-date symlink: /home/chris/ros_ws/install/naoqi_libqi/include/qi/perf/dataperf.hpp
[0.316s] -- Up-to-date symlink: /home/chris/ros_ws/install/naoqi_libqi/include/qi/perf/dataperfsuite.dox
[0.316s] -- Up-to-date symlink: /home/chris/ros_ws/install/naoqi_libqi/include/qi/perf/dataperfsuite.hpp
[0.316s] -- Up-to-date symlink: /home/chris/ros_ws/install/naoqi_libqi/include/qi/perf/detail/dataperfsuite.hxx
[0.316s] -- Up-to-date symlink: /home/chris/ros_ws/install/naoqi_libqi/include/qi/perf/measure.hpp
[0.316s] -- Up-to-date symlink: /home/chris/ros_ws/install/naoqi_libqi/include/qi/periodictask.hpp
[0.316s] -- Up-to-date symlink: /home/chris/ros_ws/install/naoqi_libqi/include/qi/preproc.hpp
[0.317s] -- Up-to-date symlink: /home/chris/ros_ws/install/naoqi_libqi/include/qi/property.hpp
[0.317s] -- Up-to-date symlink: /home/chris/ros_ws/install/naoqi_libqi/include/qi/ptruid.hpp
[0.317s] -- Up-to-date symlink: /home/chris/ros_ws/install/naoqi_libqi/include/qi/qi.hpp
[0.317s] -- Up-to-date symlink: /home/chris/ros_ws/install/naoqi_libqi/include/qi/session.hpp
[0.317s] -- Up-to-date symlink: /home/chris/ros_ws/install/naoqi_libqi/include/qi/signal.hpp
[0.317s] -- Up-to-date symlink: /home/chris/ros_ws/install/naoqi_libqi/include/qi/signalspy.hpp
[0.317s] -- Up-to-date symlink: /home/chris/ros_ws/install/naoqi_libqi/include/qi/signature.hpp
[0.318s] -- Up-to-date symlink: /home/chris/ros_ws/install/naoqi_libqi/include/qi/stats.hpp
[0.318s] -- Up-to-date symlink: /home/chris/ros_ws/install/naoqi_libqi/include/qi/strand.hpp
[0.318s] -- Up-to-date symlink: /home/chris/ros_ws/install/naoqi_libqi/include/qi/tag.hpp
[0.318s] -- Up-to-date symlink: /home/chris/ros_ws/install/naoqi_libqi/include/qi/trackable.hpp
[0.318s] -- Up-to-date symlink: /home/chris/ros_ws/install/naoqi_libqi/include/qi/translator.hpp
[0.318s] -- Up-to-date symlink: /home/chris/ros_ws/install/naoqi_libqi/include/qi/type/detail/accessor.hxx
[0.318s] -- Up-to-date symlink: /home/chris/ros_ws/install/naoqi_libqi/include/qi/type/detail/anyfunction.hxx
[0.319s] -- Up-to-date symlink: /home/chris/ros_ws/install/naoqi_libqi/include/qi/type/detail/anyfunctionfactory.hxx
[0.319s] -- Up-to-date symlink: /home/chris/ros_ws/install/naoqi_libqi/include/qi/type/detail/anyiterator.hpp
[0.319s] -- Up-to-date symlink: /home/chris/ros_ws/install/naoqi_libqi/include/qi/type/detail/anyiterator.hxx
[0.319s] -- Up-to-date symlink: /home/chris/ros_ws/install/naoqi_libqi/include/qi/type/detail/anyreference.hpp
[0.319s] -- Up-to-date symlink: /home/chris/ros_ws/install/naoqi_libqi/include/qi/type/detail/anyreference.hxx
[0.319s] -- Up-to-date symlink: /home/chris/ros_ws/install/naoqi_libqi/include/qi/type/detail/anyvalue.hpp
[0.319s] -- Up-to-date symlink: /home/chris/ros_ws/install/naoqi_libqi/include/qi/type/detail/anyvalue.hxx
[0.319s] -- Up-to-date symlink: /home/chris/ros_ws/install/naoqi_libqi/include/qi/type/detail/bindtype.hxx
[0.320s] -- Up-to-date symlink: /home/chris/ros_ws/install/naoqi_libqi/include/qi/type/detail/buffertypeinterface.hxx
[0.320s] -- Up-to-date symlink: /home/chris/ros_ws/install/naoqi_libqi/include/qi/type/detail/dynamicobjectbuilder.hxx
[0.320s] -- Up-to-date symlink: /home/chris/ros_ws/install/naoqi_libqi/include/qi/type/detail/dynamictypeinterface.hxx
[0.320s] -- Up-to-date symlink: /home/chris/ros_ws/install/naoqi_libqi/include/qi/type/detail/functionsignature.hxx
[0.320s] -- Up-to-date symlink: /home/chris/ros_ws/install/naoqi_libqi/include/qi/type/detail/futureadapter.hpp
[0.320s] -- Up-to-date symlink: /home/chris/ros_ws/install/naoqi_libqi/include/qi/type/detail/futureadapter.hxx
[0.320s] -- Up-to-date symlink: /home/chris/ros_ws/install/naoqi_libqi/include/qi/type/detail/genericobject.hpp
[0.320s] -- Up-to-date symlink: /home/chris/ros_ws/install/naoqi_libqi/include/qi/type/detail/hasless.hxx
[0.320s] -- Up-to-date symlink: /home/chris/ros_ws/install/naoqi_libqi/include/qi/type/detail/inttypeinterface.hxx
[0.320s] -- Up-to-date symlink: /home/chris/ros_ws/install/naoqi_libqi/include/qi/type/detail/listtypeinterface.hxx
[0.320s] -- Up-to-date symlink: /home/chris/ros_ws/install/naoqi_libqi/include/qi/type/detail/manageable.hpp
[0.321s] -- Up-to-date symlink: /home/chris/ros_ws/install/naoqi_libqi/include/qi/type/detail/maptypeinterface.hxx
[0.321s] -- Up-to-date symlink: /home/chris/ros_ws/install/naoqi_libqi/include/qi/type/detail/object.hxx
[0.321s] -- Up-to-date symlink: /home/chris/ros_ws/install/naoqi_libqi/include/qi/type/detail/objecttypebuilder.hxx
[0.321s] -- Up-to-date symlink: /home/chris/ros_ws/install/naoqi_libqi/include/qi/type/detail/optionaltypeinterface.hxx
[0.321s] -- Up-to-date symlink: /home/chris/ros_ws/install/naoqi_libqi/include/qi/type/detail/pointertypeinterface.hxx
[0.321s] -- Up-to-date symlink: /home/chris/ros_ws/install/naoqi_libqi/include/qi/type/detail/property.hxx
[0.321s] -- Up-to-date symlink: /home/chris/ros_ws/install/naoqi_libqi/include/qi/type/detail/proxyregister.hpp
[0.322s] -- Up-to-date symlink: /home/chris/ros_ws/install/naoqi_libqi/include/qi/type/detail/signal.hxx
[0.322s] -- Up-to-date symlink: /home/chris/ros_ws/install/naoqi_libqi/include/qi/type/detail/staticobjecttype.hpp
[0.322s] -- Up-to-date symlink: /home/chris/ros_ws/install/naoqi_libqi/include/qi/type/detail/stringtypeinterface.hxx
[0.322s] -- Up-to-date symlink: /home/chris/ros_ws/install/naoqi_libqi/include/qi/type/detail/structtypeinterface.hxx
[0.322s] -- Up-to-date symlink: /home/chris/ros_ws/install/naoqi_libqi/include/qi/type/detail/traceanalyzer.hpp
[0.322s] -- Up-to-date symlink: /home/chris/ros_ws/install/naoqi_libqi/include/qi/type/detail/type.hpp
[0.322s] -- Up-to-date symlink: /home/chris/ros_ws/install/naoqi_libqi/include/qi/type/detail/type.hxx
[0.322s] -- Up-to-date symlink: /home/chris/ros_ws/install/naoqi_libqi/include/qi/type/detail/typedispatcher.hxx
[0.322s] -- Up-to-date symlink: /home/chris/ros_ws/install/naoqi_libqi/include/qi/type/detail/typeimpl.hxx
[0.322s] -- Up-to-date symlink: /home/chris/ros_ws/install/naoqi_libqi/include/qi/type/detail/typeinterface.hpp
[0.323s] -- Up-to-date symlink: /home/chris/ros_ws/install/naoqi_libqi/include/qi/type/dynamicobject.hpp
[0.323s] -- Up-to-date symlink: /home/chris/ros_ws/install/naoqi_libqi/include/qi/type/dynamicobjectbuilder.hpp
[0.323s] -- Up-to-date symlink: /home/chris/ros_ws/install/naoqi_libqi/include/qi/type/fwd.hpp
[0.323s] -- Up-to-date symlink: /home/chris/ros_ws/install/naoqi_libqi/include/qi/type/metamethod.hpp
[0.323s] -- Up-to-date symlink: /home/chris/ros_ws/install/naoqi_libqi/include/qi/type/metaobject.hpp
[0.323s] -- Up-to-date symlink: /home/chris/ros_ws/install/naoqi_libqi/include/qi/type/metaproperty.hpp
[0.323s] -- Up-to-date symlink: /home/chris/ros_ws/install/naoqi_libqi/include/qi/type/metasignal.hpp
[0.323s] -- Up-to-date symlink: /home/chris/ros_ws/install/naoqi_libqi/include/qi/type/objecttypebuilder.hpp
[0.324s] -- Up-to-date symlink: /home/chris/ros_ws/install/naoqi_libqi/include/qi/type/proxyproperty.hpp
[0.324s] -- Up-to-date symlink: /home/chris/ros_ws/install/naoqi_libqi/include/qi/type/proxysignal.hpp
[0.324s] -- Up-to-date symlink: /home/chris/ros_ws/install/naoqi_libqi/include/qi/type/typedispatcher.hpp
[0.324s] -- Up-to-date symlink: /home/chris/ros_ws/install/naoqi_libqi/include/qi/type/typeinterface.hpp
[0.324s] -- Up-to-date symlink: /home/chris/ros_ws/install/naoqi_libqi/include/qi/type/typeobject.hpp
[0.325s] -- Up-to-date symlink: /home/chris/ros_ws/install/naoqi_libqi/include/qi/types.hpp
[0.325s] -- Up-to-date symlink: /home/chris/ros_ws/install/naoqi_libqi/include/qi/uri.hpp
[0.325s] -- Up-to-date symlink: /home/chris/ros_ws/install/naoqi_libqi/include/qi/url.hpp
[0.325s] -- Up-to-date symlink: /home/chris/ros_ws/install/naoqi_libqi/include/qi/uuid.hpp
[0.325s] -- Up-to-date symlink: /home/chris/ros_ws/install/naoqi_libqi/include/qi/version.hpp
[0.325s] -- Up-to-date symlink: /home/chris/ros_ws/install/naoqi_libqi/include/ka/AUTHORS
[0.325s] -- Up-to-date symlink: /home/chris/ros_ws/install/naoqi_libqi/include/ka/README.md
[0.325s] -- Up-to-date symlink: /home/chris/ros_ws/install/naoqi_libqi/include/ka/algorithm.hpp
[0.326s] -- Up-to-date symlink: /home/chris/ros_ws/install/naoqi_libqi/include/ka/ark/inputiter.hpp
[0.326s] -- Up-to-date symlink: /home/chris/ros_ws/install/naoqi_libqi/include/ka/ark/mutable.hpp
[0.326s] -- Up-to-date symlink: /home/chris/ros_ws/install/naoqi_libqi/include/ka/base64.hpp
[0.326s] -- Up-to-date symlink: /home/chris/ros_ws/install/naoqi_libqi/include/ka/concept.hpp
[0.326s] -- Up-to-date symlink: /home/chris/ros_ws/install/naoqi_libqi/include/ka/conceptpredicate.hpp
[0.326s] -- Up-to-date symlink: /home/chris/ros_ws/install/naoqi_libqi/include/ka/empty.hpp
[0.326s] -- Up-to-date symlink: /home/chris/ros_ws/install/naoqi_libqi/include/ka/errorhandling.hpp
[0.326s] -- Up-to-date symlink: /home/chris/ros_ws/install/naoqi_libqi/include/ka/flatten.hpp
[0.326s] -- Up-to-date symlink: /home/chris/ros_ws/install/naoqi_libqi/include/ka/functional.hpp
[0.326s] -- Up-to-date symlink: /home/chris/ros_ws/install/naoqi_libqi/include/ka/functor.hpp
[0.327s] -- Up-to-date symlink: /home/chris/ros_ws/install/naoqi_libqi/include/ka/functorcontainer.hpp
[0.327s] -- Up-to-date symlink: /home/chris/ros_ws/install/naoqi_libqi/include/ka/indexed.hpp
[0.327s] -- Up-to-date symlink: /home/chris/ros_ws/install/naoqi_libqi/include/ka/integersequence.hpp
[0.327s] -- Up-to-date symlink: /home/chris/ros_ws/install/naoqi_libqi/include/ka/iterator.hpp
[0.327s] -- Up-to-date symlink: /home/chris/ros_ws/install/naoqi_libqi/include/ka/libka.png
[0.327s] -- Up-to-date symlink: /home/chris/ros_ws/install/naoqi_libqi/include/ka/macro.hpp
[0.327s] -- Up-to-date symlink: /home/chris/ros_ws/install/naoqi_libqi/include/ka/macroregular.hpp
[0.327s] -- Up-to-date symlink: /home/chris/ros_ws/install/naoqi_libqi/include/ka/memory.hpp
[0.328s] -- Up-to-date symlink: /home/chris/ros_ws/install/naoqi_libqi/include/ka/moveoncopy.hpp
[0.328s] -- Up-to-date symlink: /home/chris/ros_ws/install/naoqi_libqi/include/ka/mutablestore.hpp
[0.328s] -- Up-to-date symlink: /home/chris/ros_ws/install/naoqi_libqi/include/ka/mutex.hpp
[0.328s] -- Up-to-date symlink: /home/chris/ros_ws/install/naoqi_libqi/include/ka/opt.hpp
[0.328s] -- Up-to-date symlink: /home/chris/ros_ws/install/naoqi_libqi/include/ka/parse.hpp
[0.328s] -- Up-to-date symlink: /home/chris/ros_ws/install/naoqi_libqi/include/ka/productiter.hpp
[0.329s] -- Up-to-date symlink: /home/chris/ros_ws/install/naoqi_libqi/include/ka/range.hpp
[0.329s] -- Up-to-date symlink: /home/chris/ros_ws/install/naoqi_libqi/include/ka/relationpredicate.hpp
[0.329s] -- Up-to-date symlink: /home/chris/ros_ws/install/naoqi_libqi/include/ka/scoped.hpp
[0.329s] -- Up-to-date symlink: /home/chris/ros_ws/install/naoqi_libqi/include/ka/sha1.hpp
[0.329s] -- Up-to-date symlink: /home/chris/ros_ws/install/naoqi_libqi/include/ka/src.hpp
[0.329s] -- Up-to-date symlink: /home/chris/ros_ws/install/naoqi_libqi/include/ka/testutils.hpp
[0.329s] -- Up-to-date symlink: /home/chris/ros_ws/install/naoqi_libqi/include/ka/typetraits.hpp
[0.329s] -- Up-to-date symlink: /home/chris/ros_ws/install/naoqi_libqi/include/ka/unit.hpp
[0.329s] -- Up-to-date symlink: /home/chris/ros_ws/install/naoqi_libqi/include/ka/uri.hpp
[0.329s] -- Up-to-date symlink: /home/chris/ros_ws/install/naoqi_libqi/include/ka/uri/io.hpp
[0.329s] -- Up-to-date symlink: /home/chris/ros_ws/install/naoqi_libqi/include/ka/uri/parsing.hpp
[0.329s] -- Up-to-date symlink: /home/chris/ros_ws/install/naoqi_libqi/include/ka/uri/uri.hpp
[0.329s] -- Up-to-date symlink: /home/chris/ros_ws/install/naoqi_libqi/include/ka/uri/uri_fwd.hpp
[0.329s] -- Up-to-date symlink: /home/chris/ros_ws/install/naoqi_libqi/include/ka/utility.hpp
[0.329s] -- Up-to-date symlink: /home/chris/ros_ws/install/naoqi_libqi/include/ka/zero.hpp
[0.329s] -- Up-to-date symlink: /home/chris/ros_ws/install/naoqi_libqi/include/qi/config.hpp
[0.329s] -- Up-to-date symlink: /home/chris/ros_ws/install/naoqi_libqi/lib/libqi.so
[0.329s] -- Up-to-date symlink: /home/chris/ros_ws/install/naoqi_libqi/share/naoqi_libqi/package.xml
[0.329s] -- Up-to-date symlink: /home/chris/ros_ws/install/naoqi_libqi/share/naoqi_libqi/environment/library_path.sh
[0.329s] -- Up-to-date symlink: /home/chris/ros_ws/install/naoqi_libqi/share/naoqi_libqi/environment/library_path.dsv
[0.329s] -- Up-to-date symlink: /home/chris/ros_ws/install/naoqi_libqi/share/ament_index/resource_index/package_run_dependencies/naoqi_libqi
[0.330s] -- Up-to-date symlink: /home/chris/ros_ws/install/naoqi_libqi/share/ament_index/resource_index/parent_prefix_path/naoqi_libqi
[0.330s] -- Up-to-date symlink: /home/chris/ros_ws/install/naoqi_libqi/share/naoqi_libqi/environment/ament_prefix_path.sh
[0.330s] -- Up-to-date symlink: /home/chris/ros_ws/install/naoqi_libqi/share/naoqi_libqi/environment/ament_prefix_path.dsv
[0.330s] -- Up-to-date symlink: /home/chris/ros_ws/install/naoqi_libqi/share/naoqi_libqi/environment/path.sh
[0.330s] -- Up-to-date symlink: /home/chris/ros_ws/install/naoqi_libqi/share/naoqi_libqi/environment/path.dsv
[0.330s] -- Up-to-date symlink: /home/chris/ros_ws/install/naoqi_libqi/share/naoqi_libqi/local_setup.bash
[0.330s] -- Up-to-date symlink: /home/chris/ros_ws/install/naoqi_libqi/share/naoqi_libqi/local_setup.sh
[0.330s] -- Up-to-date symlink: /home/chris/ros_ws/install/naoqi_libqi/share/naoqi_libqi/local_setup.zsh
[0.330s] -- Up-to-date symlink: /home/chris/ros_ws/install/naoqi_libqi/share/naoqi_libqi/local_setup.dsv
[0.330s] -- Symlinking: /home/chris/ros_ws/install/naoqi_libqi/share/naoqi_libqi/package.dsv
[0.338s] -- Up-to-date symlink: /home/chris/ros_ws/install/naoqi_libqi/share/ament_index/resource_index/packages/naoqi_libqi
[0.339s] -- Up-to-date symlink: /home/chris/ros_ws/install/naoqi_libqi/share/naoqi_libqi/cmake/ament_cmake_export_include_directories-extras.cmake
[0.339s] -- Up-to-date symlink: /home/chris/ros_ws/install/naoqi_libqi/share/naoqi_libqi/cmake/ament_cmake_export_libraries-extras.cmake
[0.339s] -- Up-to-date symlink: /home/chris/ros_ws/install/naoqi_libqi/share/naoqi_libqi/cmake/naoqi_libqiConfig.cmake
[0.339s] -- Up-to-date symlink: /home/chris/ros_ws/install/naoqi_libqi/share/naoqi_libqi/cmake/naoqi_libqiConfig-version.cmake
[0.339s] -- Up-to-date symlink: /home/chris/ros_ws/install/naoqi_libqi/share/naoqi_libqi/package.xml
[0.341s] Invoked command in '/home/chris/ros_ws/build/naoqi_libqi' returned '0': CMAKE_PREFIX_PATH=${CMAKE_PREFIX_PATH}:/opt/ros/humble /usr/bin/cmake --install /home/chris/ros_ws/build/naoqi_libqi
