[35m[1mConsolidate compiler generated dependencies of target naoqi_driver[0m
[  2%] [32mBuilding CXX object CMakeFiles/naoqi_driver.dir/src/naoqi_driver.cpp.o[0m
[  4%] [32mBuilding CXX object CMakeFiles/naoqi_driver.dir/src/event/audio.cpp.o[0m
[  6%] [32mBuilding CXX object CMakeFiles/naoqi_driver.dir/src/event/touch.cpp.o[0m
[  9%] [32mBuilding CXX object CMakeFiles/naoqi_driver.dir/src/converters/joint_state.cpp.o[0m
[ 11%] [32mBuilding CXX object CMakeFiles/naoqi_driver.dir/src/converters/memory/bool.cpp.o[0m
[ 13%] [32mBuilding CXX object CMakeFiles/naoqi_driver.dir/src/converters/sonar.cpp.o[0m
[ 16%] [32mBuilding CXX object CMakeFiles/naoqi_driver.dir/src/publishers/joint_state.cpp.o[0m
[ 18%] [32mBuilding CXX object CMakeFiles/naoqi_driver.dir/src/converters/odom.cpp.o[0m
[ 23%] [32mBuilding CXX object CMakeFiles/naoqi_driver.dir/src/publishers/log.cpp.o[0m
[ 23%] [32mBuilding CXX object CMakeFiles/naoqi_driver.dir/src/publishers/camera.cpp.o[0m
[ 25%] [32mBuilding CXX object CMakeFiles/naoqi_driver.dir/src/publishers/sonar.cpp.o[0m
[ 27%] [32mBuilding CXX object CMakeFiles/naoqi_driver.dir/src/subscribers/moveto.cpp.o[0m
[ 30%] [32mBuilding CXX object CMakeFiles/naoqi_driver.dir/src/subscribers/teleop.cpp.o[0m
[ 32%] [32mBuilding CXX object CMakeFiles/naoqi_driver.dir/src/services/robot_config.cpp.o[0m
[ 34%] [32mBuilding CXX object CMakeFiles/naoqi_driver.dir/src/subscribers/speech.cpp.o[0m
[ 37%] [32mBuilding CXX object CMakeFiles/naoqi_driver.dir/src/services/set_language.cpp.o[0m
[ 39%] [32mBuilding CXX object CMakeFiles/naoqi_driver.dir/src/services/get_language.cpp.o[0m
[ 41%] [32mBuilding CXX object CMakeFiles/naoqi_driver.dir/src/recorder/camera.cpp.o[0m
[ 46%] [32mBuilding CXX object CMakeFiles/naoqi_driver.dir/src/actions/listen.cpp.o[0m
[ 46%] [32mBuilding CXX object CMakeFiles/naoqi_driver.dir/src/recorder/diagnostics.cpp.o[0m
In file included from [01m[K/usr/include/boost/bind.hpp:30[m[K,
                 from [01m[K/usr/include/boost/property_tree/json_parser/detail/parser.hpp:7[m[K,
                 from [01m[K/usr/include/boost/property_tree/json_parser/detail/read.hpp:13[m[K,
                 from [01m[K/usr/include/boost/property_tree/json_parser.hpp:16[m[K,
                 from [01m[K/home/chris/ros_ws/src/naoqi_driver2/src/naoqi_driver.cpp:21[m[K:
[01m[K/usr/include/boost/bind.hpp:36:1:[m[K [01;36m[Knote: [m[K‘[01m[K#pragma message: The practice of declaring the Bind placeholders (_1, _2, ...) in the global namespace is deprecated. Please use <boost/bind/bind.hpp> + using namespace boost::placeholders, or define BOOST_BIND_GLOBAL_PLACEHOLDERS to retain the current behavior.[m[K’
   36 | [01;36m[KBOOST_PRAGMA_MESSAGE[m[K(
      | [01;36m[K^~~~~~~~~~~~~~~~~~~~[m[K
[ 48%] [32mBuilding CXX object CMakeFiles/naoqi_driver.dir/src/recorder/joint_state.cpp.o[0m
[01m[Kc++:[m[K [01;31m[Kfatal error: [m[KKilled signal terminated program cc1plus
compilation terminated.
gmake[2]: *** [CMakeFiles/naoqi_driver.dir/build.make:132: CMakeFiles/naoqi_driver.dir/src/event/audio.cpp.o] Error 1
gmake[2]: *** Waiting for unfinished jobs....
[01m[Kc++:[m[K [01;31m[Kfatal error: [m[KKilled signal terminated program cc1plus
compilation terminated.
gmake[2]: *** [CMakeFiles/naoqi_driver.dir/build.make:76: CMakeFiles/naoqi_driver.dir/src/naoqi_driver.cpp.o] Error 1
[01m[Kc++:[m[K [01;31m[Kfatal error: [m[KKilled signal terminated program cc1plus
compilation terminated.
gmake[2]: *** [CMakeFiles/naoqi_driver.dir/build.make:454: CMakeFiles/naoqi_driver.dir/src/subscribers/moveto.cpp.o] Error 1
[01m[Kc++:[m[K [01;31m[Kfatal error: [m[KKilled signal terminated program cc1plus
compilation terminated.
gmake[2]: *** [CMakeFiles/naoqi_driver.dir/build.make:244: CMakeFiles/naoqi_driver.dir/src/converters/joint_state.cpp.o] Error 1
[01m[Kc++:[m[K [01;31m[Kfatal error: [m[KKilled signal terminated program cc1plus
compilation terminated.
gmake[2]: *** [CMakeFiles/naoqi_driver.dir/build.make:342: CMakeFiles/naoqi_driver.dir/src/converters/sonar.cpp.o] Error 1
[01m[Kc++:[m[K [01;31m[Kfatal error: [m[KKilled signal terminated program cc1plus
compilation terminated.
gmake[2]: *** [CMakeFiles/naoqi_driver.dir/build.make:440: CMakeFiles/naoqi_driver.dir/src/subscribers/teleop.cpp.o] Error 1
[01m[Kc++:[m[K [01;31m[Kfatal error: [m[KKilled signal terminated program cc1plus
compilation terminated.
gmake[2]: *** [CMakeFiles/naoqi_driver.dir/build.make:468: CMakeFiles/naoqi_driver.dir/src/subscribers/speech.cpp.o] Error 1
gmake[1]: *** [CMakeFiles/Makefile2:139: CMakeFiles/naoqi_driver.dir/all] Error 2
gmake: *** [Makefile:146: all] Error 2
