[0.561s] Invoking command in '/home/chris/ros_ws/build/naoqi_driver': AMENT_PREFIX_PATH=/home/chris/ros_ws/install/naoqi_libqicore:/home/chris/ros_ws/install/naoqi_libqi:/home/chris/ros_ws/install/naoqi_bridge_msgs:${AMENT_PREFIX_PATH} CMAKE_PREFIX_PATH=/home/chris/ros_ws/install/naoqi_libqicore:/home/chris/ros_ws/install/naoqi_libqi:/home/chris/ros_ws/install/naoqi_bridge_msgs:/opt/ros/humble LD_LIBRARY_PATH=/home/chris/ros_ws/install/naoqi_libqicore/lib:/home/chris/ros_ws/install/naoqi_libqi/lib:/home/chris/ros_ws/install/naoqi_bridge_msgs/lib:${LD_LIBRARY_PATH} PYTHONPATH=/home/chris/ros_ws/install/naoqi_bridge_msgs/local/lib/python3.10/dist-packages:${PYTHONPATH} /usr/bin/cmake --build /home/chris/ros_ws/build/naoqi_driver -- -j20 -l20
[0.684s] [35m[1mConsolidate compiler generated dependencies of target naoqi_driver[0m
[0.755s] [  2%] [32mBuilding CXX object CMakeFiles/naoqi_driver.dir/src/naoqi_driver.cpp.o[0m
[0.778s] [  4%] [32mBuilding CXX object CMakeFiles/naoqi_driver.dir/src/event/audio.cpp.o[0m
[0.778s] [  6%] [32mBuilding CXX object CMakeFiles/naoqi_driver.dir/src/event/touch.cpp.o[0m
[0.791s] [  9%] [32mBuilding CXX object CMakeFiles/naoqi_driver.dir/src/converters/joint_state.cpp.o[0m
[0.793s] [ 11%] [32mBuilding CXX object CMakeFiles/naoqi_driver.dir/src/converters/memory/bool.cpp.o[0m
[0.796s] [ 13%] [32mBuilding CXX object CMakeFiles/naoqi_driver.dir/src/converters/sonar.cpp.o[0m
[0.797s] [ 16%] [32mBuilding CXX object CMakeFiles/naoqi_driver.dir/src/publishers/joint_state.cpp.o[0m
[0.797s] [ 18%] [32mBuilding CXX object CMakeFiles/naoqi_driver.dir/src/converters/odom.cpp.o[0m
[0.799s] [ 23%] [32mBuilding CXX object CMakeFiles/naoqi_driver.dir/src/publishers/log.cpp.o[0m
[0.799s] [ 23%] [32mBuilding CXX object CMakeFiles/naoqi_driver.dir/src/publishers/camera.cpp.o[0m
[0.800s] [ 25%] [32mBuilding CXX object CMakeFiles/naoqi_driver.dir/src/publishers/sonar.cpp.o[0m
[0.801s] [ 27%] [32mBuilding CXX object CMakeFiles/naoqi_driver.dir/src/subscribers/moveto.cpp.o[0m
[0.802s] [ 30%] [32mBuilding CXX object CMakeFiles/naoqi_driver.dir/src/subscribers/teleop.cpp.o[0m
[0.804s] [ 32%] [32mBuilding CXX object CMakeFiles/naoqi_driver.dir/src/services/robot_config.cpp.o[0m
[0.804s] [ 34%] [32mBuilding CXX object CMakeFiles/naoqi_driver.dir/src/subscribers/speech.cpp.o[0m
[0.805s] [ 37%] [32mBuilding CXX object CMakeFiles/naoqi_driver.dir/src/services/set_language.cpp.o[0m
[0.806s] [ 39%] [32mBuilding CXX object CMakeFiles/naoqi_driver.dir/src/services/get_language.cpp.o[0m
[0.806s] [ 41%] [32mBuilding CXX object CMakeFiles/naoqi_driver.dir/src/recorder/camera.cpp.o[0m
[0.807s] [ 46%] [32mBuilding CXX object CMakeFiles/naoqi_driver.dir/src/actions/listen.cpp.o[0m
[0.808s] [ 46%] [32mBuilding CXX object CMakeFiles/naoqi_driver.dir/src/recorder/diagnostics.cpp.o[0m
[7.534s] In file included from [01m[K/usr/include/boost/bind.hpp:30[m[K,
[7.534s]                  from [01m[K/usr/include/boost/property_tree/json_parser/detail/parser.hpp:7[m[K,
[7.541s]                  from [01m[K/usr/include/boost/property_tree/json_parser/detail/read.hpp:13[m[K,
[7.542s]                  from [01m[K/usr/include/boost/property_tree/json_parser.hpp:16[m[K,
[7.542s]                  from [01m[K/home/chris/ros_ws/src/naoqi_driver2/src/naoqi_driver.cpp:21[m[K:
[7.542s] [01m[K/usr/include/boost/bind.hpp:36:1:[m[K [01;36m[Knote: [m[K‘[01m[K#pragma message: The practice of declaring the Bind placeholders (_1, _2, ...) in the global namespace is deprecated. Please use <boost/bind/bind.hpp> + using namespace boost::placeholders, or define BOOST_BIND_GLOBAL_PLACEHOLDERS to retain the current behavior.[m[K’
[7.542s]    36 | [01;36m[KBOOST_PRAGMA_MESSAGE[m[K(
[7.542s]       | [01;36m[K^~~~~~~~~~~~~~~~~~~~[m[K
[10.543s] [ 48%] [32mBuilding CXX object CMakeFiles/naoqi_driver.dir/src/recorder/joint_state.cpp.o[0m
[34.619s] [01m[Kc++:[m[K [01;31m[Kfatal error: [m[KKilled signal terminated program cc1plus
[34.631s] compilation terminated.
[34.631s] gmake[2]: *** [CMakeFiles/naoqi_driver.dir/build.make:132: CMakeFiles/naoqi_driver.dir/src/event/audio.cpp.o] Error 1
[34.631s] gmake[2]: *** Waiting for unfinished jobs....
[69.390s] [01m[Kc++:[m[K [01;31m[Kfatal error: [m[KKilled signal terminated program cc1plus
[69.398s] compilation terminated.
[69.398s] gmake[2]: *** [CMakeFiles/naoqi_driver.dir/build.make:76: CMakeFiles/naoqi_driver.dir/src/naoqi_driver.cpp.o] Error 1
[99.171s] [01m[Kc++:[m[K [01;31m[Kfatal error: [m[KKilled signal terminated program cc1plus
[99.174s] compilation terminated.
[99.178s] gmake[2]: *** [CMakeFiles/naoqi_driver.dir/build.make:454: CMakeFiles/naoqi_driver.dir/src/subscribers/moveto.cpp.o] Error 1
[174.361s] [01m[Kc++:[m[K [01;31m[Kfatal error: [m[KKilled signal terminated program cc1plus
[174.363s] compilation terminated.
[174.363s] gmake[2]: *** [CMakeFiles/naoqi_driver.dir/build.make:244: CMakeFiles/naoqi_driver.dir/src/converters/joint_state.cpp.o] Error 1
[229.520s] [01m[Kc++:[m[K [01;31m[Kfatal error: [m[KKilled signal terminated program cc1plus
[229.522s] compilation terminated.
[229.522s] gmake[2]: *** [CMakeFiles/naoqi_driver.dir/build.make:342: CMakeFiles/naoqi_driver.dir/src/converters/sonar.cpp.o] Error 1
[274.492s] [01m[Kc++:[m[K [01;31m[Kfatal error: [m[KKilled signal terminated program cc1plus
[274.494s] compilation terminated.
[274.495s] gmake[2]: *** [CMakeFiles/naoqi_driver.dir/build.make:440: CMakeFiles/naoqi_driver.dir/src/subscribers/teleop.cpp.o] Error 1
[401.862s] [01m[Kc++:[m[K [01;31m[Kfatal error: [m[KKilled signal terminated program cc1plus
[401.863s] compilation terminated.
[401.863s] gmake[2]: *** [CMakeFiles/naoqi_driver.dir/build.make:468: CMakeFiles/naoqi_driver.dir/src/subscribers/speech.cpp.o] Error 1
[412.363s] gmake[1]: *** [CMakeFiles/Makefile2:139: CMakeFiles/naoqi_driver.dir/all] Error 2
[412.370s] gmake: *** [Makefile:146: all] Error 2
[412.409s] Invoked command in '/home/chris/ros_ws/build/naoqi_driver' returned '2': AMENT_PREFIX_PATH=/home/chris/ros_ws/install/naoqi_libqicore:/home/chris/ros_ws/install/naoqi_libqi:/home/chris/ros_ws/install/naoqi_bridge_msgs:${AMENT_PREFIX_PATH} CMAKE_PREFIX_PATH=/home/chris/ros_ws/install/naoqi_libqicore:/home/chris/ros_ws/install/naoqi_libqi:/home/chris/ros_ws/install/naoqi_bridge_msgs:/opt/ros/humble LD_LIBRARY_PATH=/home/chris/ros_ws/install/naoqi_libqicore/lib:/home/chris/ros_ws/install/naoqi_libqi/lib:/home/chris/ros_ws/install/naoqi_bridge_msgs/lib:${LD_LIBRARY_PATH} PYTHONPATH=/home/chris/ros_ws/install/naoqi_bridge_msgs/local/lib/python3.10/dist-packages:${PYTHONPATH} /usr/bin/cmake --build /home/chris/ros_ws/build/naoqi_driver -- -j20 -l20
