[0.983s] Invoking command in '/home/chris/ros_ws/build/naoqi_driver': CMAKE_PREFIX_PATH=/home/chris/ros_ws/install/naoqi_libqicore:/home/chris/ros_ws/install/naoqi_libqi:/home/chris/ros_ws/install/naoqi_bridge_msgs:/home/chris/ros_ws/install/wall_follower:/home/chris/ros_ws/install/pepper_wall_follower:/home/chris/ros_ws/install/pepper_meshes:/home/chris/ros_ws/install/naoqi_driver:/home/chris/ros_ws/install/nao_meshes:/opt/ros/humble LD_LIBRARY_PATH=/home/chris/ros_ws/install/naoqi_libqi/lib:/home/chris/ros_ws/install/naoqi_bridge_msgs/lib:/home/chris/ros_ws/install/naoqi_driver/lib:/home/chris/ros_ws/install/naoqi_libqicore/lib:/opt/ros/humble/opt/rviz_ogre_vendor/lib:/opt/ros/humble/lib/x86_64-linux-gnu:/opt/ros/humble/lib /usr/bin/cmake --build /home/chris/ros_ws/build/naoqi_driver -- -j20 -l20
[1.289s] [ 95%] Built target naoqi_driver
[1.366s] [100%] Built target naoqi_driver_node
[1.389s] Invoked command in '/home/chris/ros_ws/build/naoqi_driver' returned '0': CMAKE_PREFIX_PATH=/home/chris/ros_ws/install/naoqi_libqicore:/home/chris/ros_ws/install/naoqi_libqi:/home/chris/ros_ws/install/naoqi_bridge_msgs:/home/chris/ros_ws/install/wall_follower:/home/chris/ros_ws/install/pepper_wall_follower:/home/chris/ros_ws/install/pepper_meshes:/home/chris/ros_ws/install/naoqi_driver:/home/chris/ros_ws/install/nao_meshes:/opt/ros/humble LD_LIBRARY_PATH=/home/chris/ros_ws/install/naoqi_libqi/lib:/home/chris/ros_ws/install/naoqi_bridge_msgs/lib:/home/chris/ros_ws/install/naoqi_driver/lib:/home/chris/ros_ws/install/naoqi_libqicore/lib:/opt/ros/humble/opt/rviz_ogre_vendor/lib:/opt/ros/humble/lib/x86_64-linux-gnu:/opt/ros/humble/lib /usr/bin/cmake --build /home/chris/ros_ws/build/naoqi_driver -- -j20 -l20
[1.396s] Invoking command in '/home/chris/ros_ws/build/naoqi_driver': CMAKE_PREFIX_PATH=/home/chris/ros_ws/install/naoqi_libqicore:/home/chris/ros_ws/install/naoqi_libqi:/home/chris/ros_ws/install/naoqi_bridge_msgs:/home/chris/ros_ws/install/wall_follower:/home/chris/ros_ws/install/pepper_wall_follower:/home/chris/ros_ws/install/pepper_meshes:/home/chris/ros_ws/install/naoqi_driver:/home/chris/ros_ws/install/nao_meshes:/opt/ros/humble LD_LIBRARY_PATH=/home/chris/ros_ws/install/naoqi_libqi/lib:/home/chris/ros_ws/install/naoqi_bridge_msgs/lib:/home/chris/ros_ws/install/naoqi_driver/lib:/home/chris/ros_ws/install/naoqi_libqicore/lib:/opt/ros/humble/opt/rviz_ogre_vendor/lib:/opt/ros/humble/lib/x86_64-linux-gnu:/opt/ros/humble/lib /usr/bin/cmake --install /home/chris/ros_ws/build/naoqi_driver
[1.409s] -- Install configuration: ""
[1.410s] -- Execute custom install script
[1.412s] -- Up-to-date symlink: /home/chris/ros_ws/install/naoqi_driver/lib//libnaoqi_driver.so
[1.412s] -- Up-to-date symlink: /home/chris/ros_ws/install/naoqi_driver/lib/naoqi_driver/naoqi_driver_node
[1.413s] -- Up-to-date symlink: /home/chris/ros_ws/install/naoqi_driver/share/naoqi_driver/share/boot_config.json
[1.413s] -- Up-to-date symlink: /home/chris/ros_ws/install/naoqi_driver/share/naoqi_driver/share/nao.rviz
[1.413s] -- Up-to-date symlink: /home/chris/ros_ws/install/naoqi_driver/share/naoqi_driver/share/pepper.rviz
[1.413s] -- Up-to-date symlink: /home/chris/ros_ws/install/naoqi_driver/share/naoqi_driver/share/urdf/nao.urdf
[1.414s] -- Up-to-date symlink: /home/chris/ros_ws/install/naoqi_driver/share/naoqi_driver/share/urdf/pepper.urdf
[1.416s] -- Up-to-date symlink: /home/chris/ros_ws/install/naoqi_driver/share/naoqi_driver/share/urdf/romeo.urdf
[1.416s] -- Up-to-date symlink: /home/chris/ros_ws/install/naoqi_driver/share/naoqi_driver/launch/naoqi_driver.launch
[1.417s] -- Up-to-date symlink: /home/chris/ros_ws/install/naoqi_driver/share/naoqi_driver/launch/naoqi_driver.launch.py
[1.417s] -- Up-to-date symlink: /home/chris/ros_ws/install/naoqi_driver/share/naoqi_driver/environment/library_path.sh
[1.417s] -- Up-to-date symlink: /home/chris/ros_ws/install/naoqi_driver/share/naoqi_driver/environment/library_path.dsv
[1.417s] -- Up-to-date symlink: /home/chris/ros_ws/install/naoqi_driver/share/ament_index/resource_index/package_run_dependencies/naoqi_driver
[1.418s] -- Up-to-date symlink: /home/chris/ros_ws/install/naoqi_driver/share/ament_index/resource_index/parent_prefix_path/naoqi_driver
[1.418s] -- Up-to-date symlink: /home/chris/ros_ws/install/naoqi_driver/share/naoqi_driver/environment/ament_prefix_path.sh
[1.419s] -- Up-to-date symlink: /home/chris/ros_ws/install/naoqi_driver/share/naoqi_driver/environment/ament_prefix_path.dsv
[1.419s] -- Up-to-date symlink: /home/chris/ros_ws/install/naoqi_driver/share/naoqi_driver/environment/path.sh
[1.419s] -- Up-to-date symlink: /home/chris/ros_ws/install/naoqi_driver/share/naoqi_driver/environment/path.dsv
[1.419s] -- Up-to-date symlink: /home/chris/ros_ws/install/naoqi_driver/share/naoqi_driver/local_setup.bash
[1.420s] -- Up-to-date symlink: /home/chris/ros_ws/install/naoqi_driver/share/naoqi_driver/local_setup.sh
[1.420s] -- Up-to-date symlink: /home/chris/ros_ws/install/naoqi_driver/share/naoqi_driver/local_setup.zsh
[1.421s] -- Up-to-date symlink: /home/chris/ros_ws/install/naoqi_driver/share/naoqi_driver/local_setup.dsv
[1.421s] -- Symlinking: /home/chris/ros_ws/install/naoqi_driver/share/naoqi_driver/package.dsv
[1.438s] -- Up-to-date symlink: /home/chris/ros_ws/install/naoqi_driver/share/ament_index/resource_index/packages/naoqi_driver
[1.438s] -- Up-to-date symlink: /home/chris/ros_ws/install/naoqi_driver/share/naoqi_driver/cmake/ament_cmake_export_libraries-extras.cmake
[1.439s] -- Up-to-date symlink: /home/chris/ros_ws/install/naoqi_driver/share/naoqi_driver/cmake/naoqi_driverConfig.cmake
[1.439s] -- Up-to-date symlink: /home/chris/ros_ws/install/naoqi_driver/share/naoqi_driver/cmake/naoqi_driverConfig-version.cmake
[1.439s] -- Up-to-date symlink: /home/chris/ros_ws/install/naoqi_driver/share/naoqi_driver/package.xml
[1.445s] Invoked command in '/home/chris/ros_ws/build/naoqi_driver' returned '0': CMAKE_PREFIX_PATH=/home/chris/ros_ws/install/naoqi_libqicore:/home/chris/ros_ws/install/naoqi_libqi:/home/chris/ros_ws/install/naoqi_bridge_msgs:/home/chris/ros_ws/install/wall_follower:/home/chris/ros_ws/install/pepper_wall_follower:/home/chris/ros_ws/install/pepper_meshes:/home/chris/ros_ws/install/naoqi_driver:/home/chris/ros_ws/install/nao_meshes:/opt/ros/humble LD_LIBRARY_PATH=/home/chris/ros_ws/install/naoqi_libqi/lib:/home/chris/ros_ws/install/naoqi_bridge_msgs/lib:/home/chris/ros_ws/install/naoqi_driver/lib:/home/chris/ros_ws/install/naoqi_libqicore/lib:/opt/ros/humble/opt/rviz_ogre_vendor/lib:/opt/ros/humble/lib/x86_64-linux-gnu:/opt/ros/humble/lib /usr/bin/cmake --install /home/chris/ros_ws/build/naoqi_driver
