[0.105s] Invoking command in '/home/chris/ros_ws/build/isaac_ros_visual_slam_interfaces': CMAKE_PREFIX_PATH=${CMAKE_PREFIX_PATH}:/opt/ros/humble /usr/bin/cmake /home/chris/ros_ws/isaac_ros_visual_slam/isaac_ros_visual_slam_interfaces -DCMAKE_BUILD_TYPE=Release -DAMENT_CMAKE_SYMLINK_INSTALL=1 -DCMAKE_INSTALL_PREFIX=/home/chris/ros_ws/install/isaac_ros_visual_slam_interfaces
[1.127s] -- The C compiler identification is GNU 11.4.0
[1.130s] -- The CXX compiler identification is GNU 11.4.0
[1.588s] -- Detecting C compiler ABI info
[2.010s] -- Detecting C compiler ABI info - done
[2.025s] -- Check for working C compiler: /usr/bin/cc - skipped
[2.026s] -- Detecting C compile features
[2.027s] -- Detecting C compile features - done
[2.034s] -- Detecting CXX compiler ABI info
[2.364s] -- Detecting CXX compiler ABI info - done
[2.379s] -- Check for working CXX compiler: /usr/bin/c++ - skipped
[2.379s] -- Detecting CXX compile features
[2.381s] -- Detecting CXX compile features - done
[2.389s] -- Found ament_cmake_auto: 1.3.12 (/opt/ros/humble/share/ament_cmake_auto/cmake)
[2.736s] -- Found Python3: /usr/bin/python3 (found version "3.10.12") found components: Interpreter 
[2.875s] -- Override CMake install command with custom implementation using symlinks instead of copying resources
[3.088s] -- Using all available rosidl_typesupport_c: rosidl_typesupport_fastrtps_c;rosidl_typesupport_introspection_c
[3.103s] -- Found rosidl_adapter: 3.1.7 (/opt/ros/humble/share/rosidl_adapter/cmake)
[3.604s] -- Using all available rosidl_typesupport_cpp: rosidl_typesupport_fastrtps_cpp;rosidl_typesupport_introspection_cpp
[8.235s] -- Found ament_cmake_ros: 0.10.0 (/opt/ros/humble/share/ament_cmake_ros/cmake)
[8.741s] -- Using all available rosidl_typesupport_c: rosidl_typesupport_fastrtps_c;rosidl_typesupport_introspection_c
[9.353s] -- Using all available rosidl_typesupport_cpp: rosidl_typesupport_fastrtps_cpp;rosidl_typesupport_introspection_cpp
[9.529s] -- Found PythonInterp: /usr/bin/python3 (found suitable version "3.10.12", minimum required is "3.6") 
[9.533s] -- Found python_cmake_module: 0.10.0 (/opt/ros/humble/share/python_cmake_module/cmake)
[10.258s] -- Found PythonLibs: /usr/lib/x86_64-linux-gnu/libpython3.10.so (found suitable version "3.10.12", minimum required is "3.5") 
[10.259s] -- Using PYTHON_EXECUTABLE: /usr/bin/python3
[10.259s] -- Using PYTHON_INCLUDE_DIRS: /usr/include/python3.10
[10.259s] -- Using PYTHON_LIBRARIES: /usr/lib/x86_64-linux-gnu/libpython3.10.so
[10.292s] -- Found PythonExtra: .so  
[10.486s] -- Found ament_lint_auto: 0.12.14 (/opt/ros/humble/share/ament_lint_auto/cmake)
[10.525s] [31mCMake Error at /opt/ros/humble/share/ament_cmake_core/cmake/index/ament_index_get_resource.cmake:62 (message):
[10.526s]   ament_index_get_resource() called with not existing resource
[10.526s]   ('isaac_ros_common_cmake_path' 'isaac_ros_common')
[10.526s] Call Stack (most recent call first):
[10.527s]   CMakeLists.txt:64 (ament_index_get_resource)
[10.527s] 
[10.527s] [0m
[10.527s] -- Configuring incomplete, errors occurred!
[10.527s] See also "/home/chris/ros_ws/build/isaac_ros_visual_slam_interfaces/CMakeFiles/CMakeOutput.log".
