[0.219s] Invoking command in '/home/chris/ros_ws/build/naoqi_libqicore': CMAKE_PREFIX_PATH=/home/chris/ros_ws/install/naoqi_libqi:/home/chris/ros_ws/install/pepper_meshes:/home/chris/ros_ws/install/naoqi_driver:/home/chris/ros_ws/install/naoqi_libqicore:/home/chris/ros_ws/install/naoqi_bridge_msgs:/home/chris/ros_ws/install/nao_meshes:/opt/ros/humble LD_LIBRARY_PATH=/home/chris/ros_ws/install/naoqi_libqi/lib:/home/chris/ros_ws/install/naoqi_driver/lib:/home/chris/ros_ws/install/naoqi_libqicore/lib:/home/chris/ros_ws/install/naoqi_bridge_msgs/lib:/opt/ros/humble/opt/rviz_ogre_vendor/lib:/opt/ros/humble/lib/x86_64-linux-gnu:/opt/ros/humble/lib /usr/bin/cmake --build /home/chris/ros_ws/build/naoqi_libqicore -- -j20 -l20
[0.300s] [100%] Built target qicore
[0.309s] Invoked command in '/home/chris/ros_ws/build/naoqi_libqicore' returned '0': CMAKE_PREFIX_PATH=/home/chris/ros_ws/install/naoqi_libqi:/home/chris/ros_ws/install/pepper_meshes:/home/chris/ros_ws/install/naoqi_driver:/home/chris/ros_ws/install/naoqi_libqicore:/home/chris/ros_ws/install/naoqi_bridge_msgs:/home/chris/ros_ws/install/nao_meshes:/opt/ros/humble LD_LIBRARY_PATH=/home/chris/ros_ws/install/naoqi_libqi/lib:/home/chris/ros_ws/install/naoqi_driver/lib:/home/chris/ros_ws/install/naoqi_libqicore/lib:/home/chris/ros_ws/install/naoqi_bridge_msgs/lib:/opt/ros/humble/opt/rviz_ogre_vendor/lib:/opt/ros/humble/lib/x86_64-linux-gnu:/opt/ros/humble/lib /usr/bin/cmake --build /home/chris/ros_ws/build/naoqi_libqicore -- -j20 -l20
[0.311s] Invoking command in '/home/chris/ros_ws/build/naoqi_libqicore': CMAKE_PREFIX_PATH=/home/chris/ros_ws/install/naoqi_libqi:/home/chris/ros_ws/install/pepper_meshes:/home/chris/ros_ws/install/naoqi_driver:/home/chris/ros_ws/install/naoqi_libqicore:/home/chris/ros_ws/install/naoqi_bridge_msgs:/home/chris/ros_ws/install/nao_meshes:/opt/ros/humble LD_LIBRARY_PATH=/home/chris/ros_ws/install/naoqi_libqi/lib:/home/chris/ros_ws/install/naoqi_driver/lib:/home/chris/ros_ws/install/naoqi_libqicore/lib:/home/chris/ros_ws/install/naoqi_bridge_msgs/lib:/opt/ros/humble/opt/rviz_ogre_vendor/lib:/opt/ros/humble/lib/x86_64-linux-gnu:/opt/ros/humble/lib /usr/bin/cmake --install /home/chris/ros_ws/build/naoqi_libqicore
[0.317s] -- Install configuration: ""
[0.318s] -- Execute custom install script
[0.319s] -- Up-to-date symlink: /home/chris/ros_ws/install/naoqi_libqicore/include/qicore/api.hpp
[0.319s] -- Up-to-date symlink: /home/chris/ros_ws/install/naoqi_libqicore/include/qicore/loglistener.hpp
[0.320s] -- Up-to-date symlink: /home/chris/ros_ws/install/naoqi_libqicore/include/qicore/logmanager.hpp
[0.320s] -- Up-to-date symlink: /home/chris/ros_ws/install/naoqi_libqicore/include/qicore/logmessage.hpp
[0.320s] -- Up-to-date symlink: /home/chris/ros_ws/install/naoqi_libqicore/include/qicore/logprovider.hpp
[0.321s] -- Up-to-date symlink: /home/chris/ros_ws/install/naoqi_libqicore/include/qicore/file.hpp
[0.321s] -- Up-to-date symlink: /home/chris/ros_ws/install/naoqi_libqicore/include/qicore/fileoperation.hxx
[0.322s] -- Up-to-date symlink: /home/chris/ros_ws/install/naoqi_libqicore/lib/libqicore.a
[0.322s] -- Up-to-date symlink: /home/chris/ros_ws/install/naoqi_libqicore/share/naoqi_libqicore/package.xml
[0.322s] -- Up-to-date symlink: /home/chris/ros_ws/install/naoqi_libqicore/share/naoqi_libqicore/environment/library_path.sh
[0.323s] -- Up-to-date symlink: /home/chris/ros_ws/install/naoqi_libqicore/share/naoqi_libqicore/environment/library_path.dsv
[0.323s] -- Up-to-date symlink: /home/chris/ros_ws/install/naoqi_libqicore/share/ament_index/resource_index/package_run_dependencies/naoqi_libqicore
[0.323s] -- Up-to-date symlink: /home/chris/ros_ws/install/naoqi_libqicore/share/ament_index/resource_index/parent_prefix_path/naoqi_libqicore
[0.324s] -- Up-to-date symlink: /home/chris/ros_ws/install/naoqi_libqicore/share/naoqi_libqicore/environment/ament_prefix_path.sh
[0.324s] -- Up-to-date symlink: /home/chris/ros_ws/install/naoqi_libqicore/share/naoqi_libqicore/environment/ament_prefix_path.dsv
[0.325s] -- Up-to-date symlink: /home/chris/ros_ws/install/naoqi_libqicore/share/naoqi_libqicore/environment/path.sh
[0.325s] -- Up-to-date symlink: /home/chris/ros_ws/install/naoqi_libqicore/share/naoqi_libqicore/environment/path.dsv
[0.326s] -- Up-to-date symlink: /home/chris/ros_ws/install/naoqi_libqicore/share/naoqi_libqicore/local_setup.bash
[0.326s] -- Up-to-date symlink: /home/chris/ros_ws/install/naoqi_libqicore/share/naoqi_libqicore/local_setup.sh
[0.326s] -- Up-to-date symlink: /home/chris/ros_ws/install/naoqi_libqicore/share/naoqi_libqicore/local_setup.zsh
[0.327s] -- Up-to-date symlink: /home/chris/ros_ws/install/naoqi_libqicore/share/naoqi_libqicore/local_setup.dsv
[0.327s] -- Symlinking: /home/chris/ros_ws/install/naoqi_libqicore/share/naoqi_libqicore/package.dsv
[0.337s] -- Up-to-date symlink: /home/chris/ros_ws/install/naoqi_libqicore/share/ament_index/resource_index/packages/naoqi_libqicore
[0.337s] -- Up-to-date symlink: /home/chris/ros_ws/install/naoqi_libqicore/share/naoqi_libqicore/cmake/ament_cmake_export_libraries-extras.cmake
[0.338s] -- Up-to-date symlink: /home/chris/ros_ws/install/naoqi_libqicore/share/naoqi_libqicore/cmake/ament_cmake_export_include_directories-extras.cmake
[0.339s] -- Up-to-date symlink: /home/chris/ros_ws/install/naoqi_libqicore/share/naoqi_libqicore/cmake/ament_cmake_export_dependencies-extras.cmake
[0.339s] -- Up-to-date symlink: /home/chris/ros_ws/install/naoqi_libqicore/share/naoqi_libqicore/cmake/naoqi_libqicoreConfig.cmake
[0.339s] -- Up-to-date symlink: /home/chris/ros_ws/install/naoqi_libqicore/share/naoqi_libqicore/cmake/naoqi_libqicoreConfig-version.cmake
[0.339s] -- Up-to-date symlink: /home/chris/ros_ws/install/naoqi_libqicore/share/naoqi_libqicore/package.xml
[0.344s] Invoked command in '/home/chris/ros_ws/build/naoqi_libqicore' returned '0': CMAKE_PREFIX_PATH=/home/chris/ros_ws/install/naoqi_libqi:/home/chris/ros_ws/install/pepper_meshes:/home/chris/ros_ws/install/naoqi_driver:/home/chris/ros_ws/install/naoqi_libqicore:/home/chris/ros_ws/install/naoqi_bridge_msgs:/home/chris/ros_ws/install/nao_meshes:/opt/ros/humble LD_LIBRARY_PATH=/home/chris/ros_ws/install/naoqi_libqi/lib:/home/chris/ros_ws/install/naoqi_driver/lib:/home/chris/ros_ws/install/naoqi_libqicore/lib:/home/chris/ros_ws/install/naoqi_bridge_msgs/lib:/opt/ros/humble/opt/rviz_ogre_vendor/lib:/opt/ros/humble/lib/x86_64-linux-gnu:/opt/ros/humble/lib /usr/bin/cmake --install /home/chris/ros_ws/build/naoqi_libqicore
