[0.266s] Invoking command in '/home/chris/ros_ws/build/pepper_wall_follower': CMAKE_PREFIX_PATH=/home/chris/ros_ws/install/naoqi_bridge_msgs:/home/chris/ros_ws/install/wall_follower:/home/chris/ros_ws/install/pepper_wall_follower:/home/chris/ros_ws/install/pepper_meshes:/home/chris/ros_ws/install/naoqi_driver:/home/chris/ros_ws/install/naoqi_libqicore:/home/chris/ros_ws/install/naoqi_libqi:/home/chris/ros_ws/install/nao_meshes:/opt/ros/humble LD_LIBRARY_PATH=/home/chris/ros_ws/install/naoqi_bridge_msgs/lib:/home/chris/ros_ws/install/naoqi_driver/lib:/home/chris/ros_ws/install/naoqi_libqicore/lib:/home/chris/ros_ws/install/naoqi_libqi/lib:/opt/ros/humble/opt/rviz_ogre_vendor/lib:/opt/ros/humble/lib/x86_64-linux-gnu:/opt/ros/humble/lib /usr/bin/cmake --build /home/chris/ros_ws/build/pepper_wall_follower -- -j20 -l20
[0.354s] [ 50%] [32mBuilding CXX object CMakeFiles/pepper_wall_follower.dir/src/pepper_wall_follower.cpp.o[0m
[14.811s] [32m[1mLinking CXX executable pepper_wall_follower[0m
[16.078s] Built target pepper_wall_follower
[16.099s] Invoked command in '/home/chris/ros_ws/build/pepper_wall_follower' returned '0': CMAKE_PREFIX_PATH=/home/chris/ros_ws/install/naoqi_bridge_msgs:/home/chris/ros_ws/install/wall_follower:/home/chris/ros_ws/install/pepper_wall_follower:/home/chris/ros_ws/install/pepper_meshes:/home/chris/ros_ws/install/naoqi_driver:/home/chris/ros_ws/install/naoqi_libqicore:/home/chris/ros_ws/install/naoqi_libqi:/home/chris/ros_ws/install/nao_meshes:/opt/ros/humble LD_LIBRARY_PATH=/home/chris/ros_ws/install/naoqi_bridge_msgs/lib:/home/chris/ros_ws/install/naoqi_driver/lib:/home/chris/ros_ws/install/naoqi_libqicore/lib:/home/chris/ros_ws/install/naoqi_libqi/lib:/opt/ros/humble/opt/rviz_ogre_vendor/lib:/opt/ros/humble/lib/x86_64-linux-gnu:/opt/ros/humble/lib /usr/bin/cmake --build /home/chris/ros_ws/build/pepper_wall_follower -- -j20 -l20
[16.104s] Invoking command in '/home/chris/ros_ws/build/pepper_wall_follower': CMAKE_PREFIX_PATH=/home/chris/ros_ws/install/naoqi_bridge_msgs:/home/chris/ros_ws/install/wall_follower:/home/chris/ros_ws/install/pepper_wall_follower:/home/chris/ros_ws/install/pepper_meshes:/home/chris/ros_ws/install/naoqi_driver:/home/chris/ros_ws/install/naoqi_libqicore:/home/chris/ros_ws/install/naoqi_libqi:/home/chris/ros_ws/install/nao_meshes:/opt/ros/humble LD_LIBRARY_PATH=/home/chris/ros_ws/install/naoqi_bridge_msgs/lib:/home/chris/ros_ws/install/naoqi_driver/lib:/home/chris/ros_ws/install/naoqi_libqicore/lib:/home/chris/ros_ws/install/naoqi_libqi/lib:/opt/ros/humble/opt/rviz_ogre_vendor/lib:/opt/ros/humble/lib/x86_64-linux-gnu:/opt/ros/humble/lib /usr/bin/cmake --install /home/chris/ros_ws/build/pepper_wall_follower
[16.118s] -- Install configuration: ""
[16.119s] -- Execute custom install script
[16.120s] -- Up-to-date symlink: /home/chris/ros_ws/install/pepper_wall_follower/lib/pepper_wall_follower/pepper_wall_follower
[16.121s] -- Up-to-date symlink: /home/chris/ros_ws/install/pepper_wall_follower/share/pepper_wall_follower/launch/pepper_wall_follower.launch.py
[16.121s] -- Up-to-date symlink: /home/chris/ros_ws/install/pepper_wall_follower/share/ament_index/resource_index/package_run_dependencies/pepper_wall_follower
[16.122s] -- Up-to-date symlink: /home/chris/ros_ws/install/pepper_wall_follower/share/ament_index/resource_index/parent_prefix_path/pepper_wall_follower
[16.122s] -- Up-to-date symlink: /home/chris/ros_ws/install/pepper_wall_follower/share/pepper_wall_follower/environment/ament_prefix_path.sh
[16.122s] -- Up-to-date symlink: /home/chris/ros_ws/install/pepper_wall_follower/share/pepper_wall_follower/environment/ament_prefix_path.dsv
[16.122s] -- Up-to-date symlink: /home/chris/ros_ws/install/pepper_wall_follower/share/pepper_wall_follower/environment/path.sh
[16.123s] -- Up-to-date symlink: /home/chris/ros_ws/install/pepper_wall_follower/share/pepper_wall_follower/environment/path.dsv
[16.123s] -- Up-to-date symlink: /home/chris/ros_ws/install/pepper_wall_follower/share/pepper_wall_follower/local_setup.bash
[16.124s] -- Up-to-date symlink: /home/chris/ros_ws/install/pepper_wall_follower/share/pepper_wall_follower/local_setup.sh
[16.124s] -- Up-to-date symlink: /home/chris/ros_ws/install/pepper_wall_follower/share/pepper_wall_follower/local_setup.zsh
[16.125s] -- Up-to-date symlink: /home/chris/ros_ws/install/pepper_wall_follower/share/pepper_wall_follower/local_setup.dsv
[16.125s] -- Symlinking: /home/chris/ros_ws/install/pepper_wall_follower/share/pepper_wall_follower/package.dsv
[16.138s] -- Up-to-date symlink: /home/chris/ros_ws/install/pepper_wall_follower/share/ament_index/resource_index/packages/pepper_wall_follower
[16.138s] -- Up-to-date symlink: /home/chris/ros_ws/install/pepper_wall_follower/share/pepper_wall_follower/cmake/ament_cmake_export_include_directories-extras.cmake
[16.138s] -- Up-to-date symlink: /home/chris/ros_ws/install/pepper_wall_follower/share/pepper_wall_follower/cmake/ament_cmake_export_dependencies-extras.cmake
[16.138s] -- Up-to-date symlink: /home/chris/ros_ws/install/pepper_wall_follower/share/pepper_wall_follower/cmake/pepper_wall_followerConfig.cmake
[16.138s] -- Up-to-date symlink: /home/chris/ros_ws/install/pepper_wall_follower/share/pepper_wall_follower/cmake/pepper_wall_followerConfig-version.cmake
[16.139s] -- Up-to-date symlink: /home/chris/ros_ws/install/pepper_wall_follower/share/pepper_wall_follower/package.xml
[16.139s] -- Up-to-date symlink: /home/chris/ros_ws/install/pepper_wall_follower/lib/pepper_wall_follower/pepper_wall_follower
[16.139s] -- Up-to-date symlink: /home/chris/ros_ws/install/pepper_wall_follower/share/pepper_wall_follower/launch/pepper_wall_follower.launch.py
[16.139s] -- Up-to-date symlink: /home/chris/ros_ws/install/pepper_wall_follower/share/ament_index/resource_index/package_run_dependencies/pepper_wall_follower
[16.140s] -- Up-to-date symlink: /home/chris/ros_ws/install/pepper_wall_follower/share/ament_index/resource_index/parent_prefix_path/pepper_wall_follower
[16.140s] -- Up-to-date symlink: /home/chris/ros_ws/install/pepper_wall_follower/share/pepper_wall_follower/environment/ament_prefix_path.sh
[16.140s] -- Up-to-date symlink: /home/chris/ros_ws/install/pepper_wall_follower/share/pepper_wall_follower/environment/ament_prefix_path.dsv
[16.141s] -- Up-to-date symlink: /home/chris/ros_ws/install/pepper_wall_follower/share/pepper_wall_follower/environment/path.sh
[16.141s] -- Up-to-date symlink: /home/chris/ros_ws/install/pepper_wall_follower/share/pepper_wall_follower/environment/path.dsv
[16.141s] -- Up-to-date symlink: /home/chris/ros_ws/install/pepper_wall_follower/share/pepper_wall_follower/local_setup.bash
[16.141s] -- Up-to-date symlink: /home/chris/ros_ws/install/pepper_wall_follower/share/pepper_wall_follower/local_setup.sh
[16.141s] -- Up-to-date symlink: /home/chris/ros_ws/install/pepper_wall_follower/share/pepper_wall_follower/local_setup.zsh
[16.141s] -- Up-to-date symlink: /home/chris/ros_ws/install/pepper_wall_follower/share/pepper_wall_follower/local_setup.dsv
[16.141s] -- Up-to-date symlink: /home/chris/ros_ws/install/pepper_wall_follower/share/pepper_wall_follower/package.dsv
[16.141s] -- Up-to-date symlink: /home/chris/ros_ws/install/pepper_wall_follower/share/ament_index/resource_index/packages/pepper_wall_follower
[16.142s] -- Up-to-date symlink: /home/chris/ros_ws/install/pepper_wall_follower/share/pepper_wall_follower/cmake/ament_cmake_export_include_directories-extras.cmake
[16.142s] -- Up-to-date symlink: /home/chris/ros_ws/install/pepper_wall_follower/share/pepper_wall_follower/cmake/ament_cmake_export_dependencies-extras.cmake
[16.142s] -- Up-to-date symlink: /home/chris/ros_ws/install/pepper_wall_follower/share/pepper_wall_follower/cmake/pepper_wall_followerConfig.cmake
[16.142s] -- Up-to-date symlink: /home/chris/ros_ws/install/pepper_wall_follower/share/pepper_wall_follower/cmake/pepper_wall_followerConfig-version.cmake
[16.142s] -- Up-to-date symlink: /home/chris/ros_ws/install/pepper_wall_follower/share/pepper_wall_follower/package.xml
[16.145s] Invoked command in '/home/chris/ros_ws/build/pepper_wall_follower' returned '0': CMAKE_PREFIX_PATH=/home/chris/ros_ws/install/naoqi_bridge_msgs:/home/chris/ros_ws/install/wall_follower:/home/chris/ros_ws/install/pepper_wall_follower:/home/chris/ros_ws/install/pepper_meshes:/home/chris/ros_ws/install/naoqi_driver:/home/chris/ros_ws/install/naoqi_libqicore:/home/chris/ros_ws/install/naoqi_libqi:/home/chris/ros_ws/install/nao_meshes:/opt/ros/humble LD_LIBRARY_PATH=/home/chris/ros_ws/install/naoqi_bridge_msgs/lib:/home/chris/ros_ws/install/naoqi_driver/lib:/home/chris/ros_ws/install/naoqi_libqicore/lib:/home/chris/ros_ws/install/naoqi_libqi/lib:/opt/ros/humble/opt/rviz_ogre_vendor/lib:/opt/ros/humble/lib/x86_64-linux-gnu:/opt/ros/humble/lib /usr/bin/cmake --install /home/chris/ros_ws/build/pepper_wall_follower
