[0.678s] Invoking command in '/home/chris/ros_ws/src/key_teleop': PYTHONPATH=/home/chris/ros_ws/build/key_teleop/prefix_override:/usr/lib/python3/dist-packages/colcon_core/task/python/colcon_distutils_commands:/home/chris/ros_ws/install/key_teleop/lib/python3.10/site-packages:${PYTHONPATH} /usr/bin/python3 -W ignore:setup.py install is deprecated -W ignore:easy_install command is deprecated setup.py egg_info --egg-base ../../build/key_teleop build --build-base /home/chris/ros_ws/build/key_teleop/build install --record /home/chris/ros_ws/build/key_teleop/install.log --single-version-externally-managed install_data
[0.866s] running egg_info
[0.867s] writing ../../build/key_teleop/key_teleop.egg-info/PKG-INFO
[0.868s] writing dependency_links to ../../build/key_teleop/key_teleop.egg-info/dependency_links.txt
[0.868s] writing entry points to ../../build/key_teleop/key_teleop.egg-info/entry_points.txt
[0.868s] writing requirements to ../../build/key_teleop/key_teleop.egg-info/requires.txt
[0.868s] writing top-level names to ../../build/key_teleop/key_teleop.egg-info/top_level.txt
[0.869s] reading manifest file '../../build/key_teleop/key_teleop.egg-info/SOURCES.txt'
[0.870s] adding license file 'LICENSE'
[0.871s] writing manifest file '../../build/key_teleop/key_teleop.egg-info/SOURCES.txt'
[0.871s] running build
[0.871s] running build_py
[0.871s] copying key_teleop/key_teleop.py -> /home/chris/ros_ws/build/key_teleop/build/lib/key_teleop
[0.871s] running install
[0.871s] running install_lib
[0.872s] copying /home/chris/ros_ws/build/key_teleop/build/lib/key_teleop/key_teleop.py -> /home/chris/ros_ws/install/key_teleop/lib/python3.10/site-packages/key_teleop
[0.873s] byte-compiling /home/chris/ros_ws/install/key_teleop/lib/python3.10/site-packages/key_teleop/key_teleop.py to key_teleop.cpython-310.pyc
[0.875s] running install_data
[0.876s] running install_egg_info
[0.877s] removing '/home/chris/ros_ws/install/key_teleop/lib/python3.10/site-packages/key_teleop-1.8.0-py3.10.egg-info' (and everything under it)
[0.877s] Copying ../../build/key_teleop/key_teleop.egg-info to /home/chris/ros_ws/install/key_teleop/lib/python3.10/site-packages/key_teleop-1.8.0-py3.10.egg-info
[0.879s] running install_scripts
[0.897s] Installing key_teleop script to /home/chris/ros_ws/install/key_teleop/lib/key_teleop
[0.897s] writing list of installed files to '/home/chris/ros_ws/build/key_teleop/install.log'
[0.920s] Invoked command in '/home/chris/ros_ws/src/key_teleop' returned '0': PYTHONPATH=/home/chris/ros_ws/build/key_teleop/prefix_override:/usr/lib/python3/dist-packages/colcon_core/task/python/colcon_distutils_commands:/home/chris/ros_ws/install/key_teleop/lib/python3.10/site-packages:${PYTHONPATH} /usr/bin/python3 -W ignore:setup.py install is deprecated -W ignore:easy_install command is deprecated setup.py egg_info --egg-base ../../build/key_teleop build --build-base /home/chris/ros_ws/build/key_teleop/build install --record /home/chris/ros_ws/build/key_teleop/install.log --single-version-externally-managed install_data
