[35m[1mConsolidate compiler generated dependencies of target naoqi_driver[0m
[  2%] [32mBuilding CXX object CMakeFiles/naoqi_driver.dir/src/naoqi_driver.cpp.o[0m
[  4%] [32mBuilding CXX object CMakeFiles/naoqi_driver.dir/src/event/audio.cpp.o[0m
[  6%] [32mBuilding CXX object CMakeFiles/naoqi_driver.dir/src/converters/joint_state.cpp.o[0m
[  9%] [32mBuilding CXX object CMakeFiles/naoqi_driver.dir/src/converters/sonar.cpp.o[0m
[ 11%] [32mBuilding CXX object CMakeFiles/naoqi_driver.dir/src/subscribers/speech.cpp.o[0m
[ 13%] [32mBuilding CXX object CMakeFiles/naoqi_driver.dir/src/subscribers/moveto.cpp.o[0m
[ 16%] [32mBuilding CXX object CMakeFiles/naoqi_driver.dir/src/subscribers/teleop.cpp.o[0m
[ 18%] [32mBuilding CXX object CMakeFiles/naoqi_driver.dir/src/tools/robot_description.cpp.o[0m
[ 20%] [32mBuilding CXX object CMakeFiles/naoqi_driver.dir/src/recorder/log.cpp.o[0m
[ 23%] [32mBuilding CXX object CMakeFiles/naoqi_driver.dir/src/recorder/sonar.cpp.o[0m
[ 25%] [32mBuilding CXX object CMakeFiles/naoqi_driver.dir/src/tools/from_any_value.cpp.o[0m
In file included from [01m[K/usr/include/boost/bind.hpp:30[m[K,
                 from [01m[K/usr/include/boost/property_tree/json_parser/detail/parser.hpp:7[m[K,
                 from [01m[K/usr/include/boost/property_tree/json_parser/detail/read.hpp:13[m[K,
                 from [01m[K/usr/include/boost/property_tree/json_parser.hpp:16[m[K,
                 from [01m[K/home/chris/ros_ws/src/naoqi_driver2/src/naoqi_driver.cpp:21[m[K:
[01m[K/usr/include/boost/bind.hpp:36:1:[m[K [01;36m[Knote: [m[K‘[01m[K#pragma message: The practice of declaring the Bind placeholders (_1, _2, ...) in the global namespace is deprecated. Please use <boost/bind/bind.hpp> + using namespace boost::placeholders, or define BOOST_BIND_GLOBAL_PLACEHOLDERS to retain the current behavior.[m[K’
   36 | [01;36m[KBOOST_PRAGMA_MESSAGE[m[K(
      | [01;36m[K^~~~~~~~~~~~~~~~~~~~[m[K
[ 27%] [32m[1mLinking CXX shared library libnaoqi_driver.so[0m
[ 95%] Built target naoqi_driver
[ 97%] [32mBuilding CXX object CMakeFiles/naoqi_driver_node.dir/src/external_registration.cpp.o[0m
[100%] [32m[1mLinking CXX executable naoqi_driver_node[0m
[100%] Built target naoqi_driver_node
-- Install configuration: ""
-- Execute custom install script
-- Symlinking: /home/chris/ros_ws/install/naoqi_driver/lib//libnaoqi_driver.so
-- Symlinking: /home/chris/ros_ws/install/naoqi_driver/lib/naoqi_driver/naoqi_driver_node
-- Symlinking: /home/chris/ros_ws/install/naoqi_driver/share/naoqi_driver/share/boot_config.json
-- Symlinking: /home/chris/ros_ws/install/naoqi_driver/share/naoqi_driver/share/nao.rviz
-- Symlinking: /home/chris/ros_ws/install/naoqi_driver/share/naoqi_driver/share/pepper.rviz
-- Symlinking: /home/chris/ros_ws/install/naoqi_driver/share/naoqi_driver/share/urdf/nao.urdf
-- Symlinking: /home/chris/ros_ws/install/naoqi_driver/share/naoqi_driver/share/urdf/pepper.urdf
-- Symlinking: /home/chris/ros_ws/install/naoqi_driver/share/naoqi_driver/share/urdf/romeo.urdf
-- Symlinking: /home/chris/ros_ws/install/naoqi_driver/share/naoqi_driver/launch/naoqi_driver.launch
-- Symlinking: /home/chris/ros_ws/install/naoqi_driver/share/naoqi_driver/launch/naoqi_driver.launch.py
-- Symlinking: /home/chris/ros_ws/install/naoqi_driver/share/naoqi_driver/environment/library_path.sh
-- Symlinking: /home/chris/ros_ws/install/naoqi_driver/share/naoqi_driver/environment/library_path.dsv
-- Symlinking: /home/chris/ros_ws/install/naoqi_driver/share/ament_index/resource_index/package_run_dependencies/naoqi_driver
-- Symlinking: /home/chris/ros_ws/install/naoqi_driver/share/ament_index/resource_index/parent_prefix_path/naoqi_driver
-- Symlinking: /home/chris/ros_ws/install/naoqi_driver/share/naoqi_driver/environment/ament_prefix_path.sh
-- Symlinking: /home/chris/ros_ws/install/naoqi_driver/share/naoqi_driver/environment/ament_prefix_path.dsv
-- Symlinking: /home/chris/ros_ws/install/naoqi_driver/share/naoqi_driver/environment/path.sh
-- Symlinking: /home/chris/ros_ws/install/naoqi_driver/share/naoqi_driver/environment/path.dsv
-- Symlinking: /home/chris/ros_ws/install/naoqi_driver/share/naoqi_driver/local_setup.bash
-- Symlinking: /home/chris/ros_ws/install/naoqi_driver/share/naoqi_driver/local_setup.sh
-- Symlinking: /home/chris/ros_ws/install/naoqi_driver/share/naoqi_driver/local_setup.zsh
-- Symlinking: /home/chris/ros_ws/install/naoqi_driver/share/naoqi_driver/local_setup.dsv
-- Symlinking: /home/chris/ros_ws/install/naoqi_driver/share/naoqi_driver/package.dsv
-- Symlinking: /home/chris/ros_ws/install/naoqi_driver/share/ament_index/resource_index/packages/naoqi_driver
-- Symlinking: /home/chris/ros_ws/install/naoqi_driver/share/naoqi_driver/cmake/ament_cmake_export_libraries-extras.cmake
-- Symlinking: /home/chris/ros_ws/install/naoqi_driver/share/naoqi_driver/cmake/naoqi_driverConfig.cmake
-- Symlinking: /home/chris/ros_ws/install/naoqi_driver/share/naoqi_driver/cmake/naoqi_driverConfig-version.cmake
-- Symlinking: /home/chris/ros_ws/install/naoqi_driver/share/naoqi_driver/package.xml
