[0.299s] DEBUG:colcon:Command line arguments: ['/usr/bin/colcon', 'build', '--symlink-install', '--packages-skip', 'nao_meshes', 'pepper_meshes', '--parallel-workers', '1']
[0.299s] DEBUG:colcon:Parsed command line arguments: Namespace(log_base=None, log_level=None, verb_name='build', build_base='build', install_base='install', merge_install=False, symlink_install=True, test_result_base=None, continue_on_error=False, executor='parallel', parallel_workers=1, event_handlers=None, ignore_user_meta=False, metas=['./colcon.meta'], base_paths=['.'], packages_ignore=None, packages_ignore_regex=None, paths=None, packages_up_to=None, packages_up_to_regex=None, packages_above=None, packages_above_and_dependencies=None, packages_above_depth=None, packages_select_by_dep=None, packages_skip_by_dep=None, packages_skip_up_to=None, packages_select_build_failed=False, packages_skip_build_finished=False, packages_select_test_failures=False, packages_skip_test_passed=False, packages_select=None, packages_skip=['nao_meshes', 'pepper_meshes'], packages_select_regex=None, packages_skip_regex=None, packages_start=None, packages_end=None, allow_overriding=[], cmake_args=None, cmake_target=None, cmake_target_skip_unavailable=False, cmake_clean_cache=False, cmake_clean_first=False, cmake_force_configure=False, ament_cmake_args=None, catkin_cmake_args=None, catkin_skip_building_tests=False, verb_parser=<colcon_defaults.argument_parser.defaults.DefaultArgumentsDecorator object at 0x7991d062b6d0>, verb_extension=<colcon_core.verb.build.BuildVerb object at 0x7991d0768100>, main=<bound method BuildVerb.main of <colcon_core.verb.build.BuildVerb object at 0x7991d0768100>>)
[0.438s] Level 1:colcon.colcon_core.package_discovery:discover_packages(colcon_meta) check parameters
[0.438s] Level 1:colcon.colcon_core.package_discovery:discover_packages(recursive) check parameters
[0.438s] Level 1:colcon.colcon_core.package_discovery:discover_packages(ignore) check parameters
[0.438s] Level 1:colcon.colcon_core.package_discovery:discover_packages(path) check parameters
[0.438s] Level 1:colcon.colcon_core.package_discovery:discover_packages(colcon_meta) discover
[0.438s] Level 1:colcon.colcon_core.package_discovery:discover_packages(recursive) discover
[0.438s] INFO:colcon.colcon_core.package_discovery:Crawling recursively for packages in '/home/chris/ros_ws'
[0.438s] Level 1:colcon.colcon_core.package_identification:_identify(.) by extensions ['ignore', 'ignore_ament_install']
[0.438s] Level 1:colcon.colcon_core.package_identification:_identify(.) by extension 'ignore'
[0.438s] Level 1:colcon.colcon_core.package_identification:_identify(.) by extension 'ignore_ament_install'
[0.438s] Level 1:colcon.colcon_core.package_identification:_identify(.) by extensions ['colcon_pkg']
[0.438s] Level 1:colcon.colcon_core.package_identification:_identify(.) by extension 'colcon_pkg'
[0.438s] Level 1:colcon.colcon_core.package_identification:_identify(.) by extensions ['colcon_meta']
[0.438s] Level 1:colcon.colcon_core.package_identification:_identify(.) by extension 'colcon_meta'
[0.438s] Level 1:colcon.colcon_core.package_identification:_identify(.) by extensions ['ros']
[0.438s] Level 1:colcon.colcon_core.package_identification:_identify(.) by extension 'ros'
[0.450s] Level 1:colcon.colcon_core.package_identification:_identify(.) by extensions ['cmake', 'python']
[0.450s] Level 1:colcon.colcon_core.package_identification:_identify(.) by extension 'cmake'
[0.450s] Level 1:colcon.colcon_core.package_identification:_identify(.) by extension 'python'
[0.450s] Level 1:colcon.colcon_core.package_identification:_identify(.) by extensions ['python_setup_py']
[0.450s] Level 1:colcon.colcon_core.package_identification:_identify(.) by extension 'python_setup_py'
[0.451s] Level 1:colcon.colcon_core.package_identification:_identify(build) by extensions ['ignore', 'ignore_ament_install']
[0.451s] Level 1:colcon.colcon_core.package_identification:_identify(build) by extension 'ignore'
[0.451s] Level 1:colcon.colcon_core.package_identification:_identify(build) ignored
[0.451s] Level 1:colcon.colcon_core.package_identification:_identify(install) by extensions ['ignore', 'ignore_ament_install']
[0.451s] Level 1:colcon.colcon_core.package_identification:_identify(install) by extension 'ignore'
[0.451s] Level 1:colcon.colcon_core.package_identification:_identify(install) ignored
[0.451s] Level 1:colcon.colcon_core.package_identification:_identify(log) by extensions ['ignore', 'ignore_ament_install']
[0.451s] Level 1:colcon.colcon_core.package_identification:_identify(log) by extension 'ignore'
[0.451s] Level 1:colcon.colcon_core.package_identification:_identify(log) ignored
[0.451s] Level 1:colcon.colcon_core.package_identification:_identify(src) by extensions ['ignore', 'ignore_ament_install']
[0.452s] Level 1:colcon.colcon_core.package_identification:_identify(src) by extension 'ignore'
[0.452s] Level 1:colcon.colcon_core.package_identification:_identify(src) by extension 'ignore_ament_install'
[0.452s] Level 1:colcon.colcon_core.package_identification:_identify(src) by extensions ['colcon_pkg']
[0.452s] Level 1:colcon.colcon_core.package_identification:_identify(src) by extension 'colcon_pkg'
[0.452s] Level 1:colcon.colcon_core.package_identification:_identify(src) by extensions ['colcon_meta']
[0.452s] Level 1:colcon.colcon_core.package_identification:_identify(src) by extension 'colcon_meta'
[0.452s] Level 1:colcon.colcon_core.package_identification:_identify(src) by extensions ['ros']
[0.452s] Level 1:colcon.colcon_core.package_identification:_identify(src) by extension 'ros'
[0.452s] Level 1:colcon.colcon_core.package_identification:_identify(src) by extensions ['cmake', 'python']
[0.453s] Level 1:colcon.colcon_core.package_identification:_identify(src) by extension 'cmake'
[0.453s] Level 1:colcon.colcon_core.package_identification:_identify(src) by extension 'python'
[0.453s] Level 1:colcon.colcon_core.package_identification:_identify(src) by extensions ['python_setup_py']
[0.453s] Level 1:colcon.colcon_core.package_identification:_identify(src) by extension 'python_setup_py'
[0.453s] Level 1:colcon.colcon_core.package_identification:_identify(src/build) by extensions ['ignore', 'ignore_ament_install']
[0.453s] Level 1:colcon.colcon_core.package_identification:_identify(src/build) by extension 'ignore'
[0.453s] Level 1:colcon.colcon_core.package_identification:_identify(src/build) ignored
[0.453s] Level 1:colcon.colcon_core.package_identification:_identify(src/install) by extensions ['ignore', 'ignore_ament_install']
[0.453s] Level 1:colcon.colcon_core.package_identification:_identify(src/install) by extension 'ignore'
[0.453s] Level 1:colcon.colcon_core.package_identification:_identify(src/install) ignored
[0.453s] Level 1:colcon.colcon_core.package_identification:_identify(src/log) by extensions ['ignore', 'ignore_ament_install']
[0.453s] Level 1:colcon.colcon_core.package_identification:_identify(src/log) by extension 'ignore'
[0.453s] Level 1:colcon.colcon_core.package_identification:_identify(src/log) ignored
[0.453s] Level 1:colcon.colcon_core.package_identification:_identify(src/nao_meshes) by extensions ['ignore', 'ignore_ament_install']
[0.453s] Level 1:colcon.colcon_core.package_identification:_identify(src/nao_meshes) by extension 'ignore'
[0.453s] Level 1:colcon.colcon_core.package_identification:_identify(src/nao_meshes) by extension 'ignore_ament_install'
[0.453s] Level 1:colcon.colcon_core.package_identification:_identify(src/nao_meshes) by extensions ['colcon_pkg']
[0.453s] Level 1:colcon.colcon_core.package_identification:_identify(src/nao_meshes) by extension 'colcon_pkg'
[0.453s] Level 1:colcon.colcon_core.package_identification:_identify(src/nao_meshes) by extensions ['colcon_meta']
[0.453s] Level 1:colcon.colcon_core.package_identification:_identify(src/nao_meshes) by extension 'colcon_meta'
[0.453s] Level 1:colcon.colcon_core.package_identification:_identify(src/nao_meshes) by extensions ['ros']
[0.454s] Level 1:colcon.colcon_core.package_identification:_identify(src/nao_meshes) by extension 'ros'
[0.456s] DEBUG:colcon.colcon_core.package_identification:Package 'src/nao_meshes' with type 'ros.ament_cmake' and name 'nao_meshes'
[0.456s] Level 1:colcon.colcon_core.package_identification:_identify(src/naoqi_bridge_msgs) by extensions ['ignore', 'ignore_ament_install']
[0.456s] Level 1:colcon.colcon_core.package_identification:_identify(src/naoqi_bridge_msgs) by extension 'ignore'
[0.457s] Level 1:colcon.colcon_core.package_identification:_identify(src/naoqi_bridge_msgs) by extension 'ignore_ament_install'
[0.457s] Level 1:colcon.colcon_core.package_identification:_identify(src/naoqi_bridge_msgs) by extensions ['colcon_pkg']
[0.457s] Level 1:colcon.colcon_core.package_identification:_identify(src/naoqi_bridge_msgs) by extension 'colcon_pkg'
[0.457s] Level 1:colcon.colcon_core.package_identification:_identify(src/naoqi_bridge_msgs) by extensions ['colcon_meta']
[0.457s] Level 1:colcon.colcon_core.package_identification:_identify(src/naoqi_bridge_msgs) by extension 'colcon_meta'
[0.457s] Level 1:colcon.colcon_core.package_identification:_identify(src/naoqi_bridge_msgs) by extensions ['ros']
[0.457s] Level 1:colcon.colcon_core.package_identification:_identify(src/naoqi_bridge_msgs) by extension 'ros'
[0.458s] DEBUG:colcon.colcon_core.package_identification:Package 'src/naoqi_bridge_msgs' with type 'ros.ament_cmake' and name 'naoqi_bridge_msgs'
[0.458s] Level 1:colcon.colcon_core.package_identification:_identify(src/naoqi_driver2) by extensions ['ignore', 'ignore_ament_install']
[0.458s] Level 1:colcon.colcon_core.package_identification:_identify(src/naoqi_driver2) by extension 'ignore'
[0.458s] Level 1:colcon.colcon_core.package_identification:_identify(src/naoqi_driver2) by extension 'ignore_ament_install'
[0.458s] Level 1:colcon.colcon_core.package_identification:_identify(src/naoqi_driver2) by extensions ['colcon_pkg']
[0.458s] Level 1:colcon.colcon_core.package_identification:_identify(src/naoqi_driver2) by extension 'colcon_pkg'
[0.459s] Level 1:colcon.colcon_core.package_identification:_identify(src/naoqi_driver2) by extensions ['colcon_meta']
[0.459s] Level 1:colcon.colcon_core.package_identification:_identify(src/naoqi_driver2) by extension 'colcon_meta'
[0.459s] Level 1:colcon.colcon_core.package_identification:_identify(src/naoqi_driver2) by extensions ['ros']
[0.459s] Level 1:colcon.colcon_core.package_identification:_identify(src/naoqi_driver2) by extension 'ros'
[0.460s] DEBUG:colcon.colcon_core.package_identification:Package 'src/naoqi_driver2' with type 'ros.ament_cmake' and name 'naoqi_driver'
[0.460s] Level 1:colcon.colcon_core.package_identification:_identify(src/naoqi_libqi) by extensions ['ignore', 'ignore_ament_install']
[0.460s] Level 1:colcon.colcon_core.package_identification:_identify(src/naoqi_libqi) by extension 'ignore'
[0.461s] Level 1:colcon.colcon_core.package_identification:_identify(src/naoqi_libqi) by extension 'ignore_ament_install'
[0.461s] Level 1:colcon.colcon_core.package_identification:_identify(src/naoqi_libqi) by extensions ['colcon_pkg']
[0.461s] Level 1:colcon.colcon_core.package_identification:_identify(src/naoqi_libqi) by extension 'colcon_pkg'
[0.461s] Level 1:colcon.colcon_core.package_identification:_identify(src/naoqi_libqi) by extensions ['colcon_meta']
[0.461s] Level 1:colcon.colcon_core.package_identification:_identify(src/naoqi_libqi) by extension 'colcon_meta'
[0.461s] Level 1:colcon.colcon_core.package_identification:_identify(src/naoqi_libqi) by extensions ['ros']
[0.461s] Level 1:colcon.colcon_core.package_identification:_identify(src/naoqi_libqi) by extension 'ros'
[0.461s] DEBUG:colcon.colcon_core.package_identification:Package 'src/naoqi_libqi' with type 'ros.ament_cmake' and name 'naoqi_libqi'
[0.462s] Level 1:colcon.colcon_core.package_identification:_identify(src/naoqi_libqicore) by extensions ['ignore', 'ignore_ament_install']
[0.462s] Level 1:colcon.colcon_core.package_identification:_identify(src/naoqi_libqicore) by extension 'ignore'
[0.462s] Level 1:colcon.colcon_core.package_identification:_identify(src/naoqi_libqicore) by extension 'ignore_ament_install'
[0.462s] Level 1:colcon.colcon_core.package_identification:_identify(src/naoqi_libqicore) by extensions ['colcon_pkg']
[0.462s] Level 1:colcon.colcon_core.package_identification:_identify(src/naoqi_libqicore) by extension 'colcon_pkg'
[0.462s] Level 1:colcon.colcon_core.package_identification:_identify(src/naoqi_libqicore) by extensions ['colcon_meta']
[0.462s] Level 1:colcon.colcon_core.package_identification:_identify(src/naoqi_libqicore) by extension 'colcon_meta'
[0.462s] Level 1:colcon.colcon_core.package_identification:_identify(src/naoqi_libqicore) by extensions ['ros']
[0.462s] Level 1:colcon.colcon_core.package_identification:_identify(src/naoqi_libqicore) by extension 'ros'
[0.462s] DEBUG:colcon.colcon_core.package_identification:Package 'src/naoqi_libqicore' with type 'ros.ament_cmake' and name 'naoqi_libqicore'
[0.463s] Level 1:colcon.colcon_core.package_identification:_identify(src/pepper_meshes) by extensions ['ignore', 'ignore_ament_install']
[0.463s] Level 1:colcon.colcon_core.package_identification:_identify(src/pepper_meshes) by extension 'ignore'
[0.463s] Level 1:colcon.colcon_core.package_identification:_identify(src/pepper_meshes) by extension 'ignore_ament_install'
[0.463s] Level 1:colcon.colcon_core.package_identification:_identify(src/pepper_meshes) by extensions ['colcon_pkg']
[0.463s] Level 1:colcon.colcon_core.package_identification:_identify(src/pepper_meshes) by extension 'colcon_pkg'
[0.463s] Level 1:colcon.colcon_core.package_identification:_identify(src/pepper_meshes) by extensions ['colcon_meta']
[0.463s] Level 1:colcon.colcon_core.package_identification:_identify(src/pepper_meshes) by extension 'colcon_meta'
[0.463s] Level 1:colcon.colcon_core.package_identification:_identify(src/pepper_meshes) by extensions ['ros']
[0.463s] Level 1:colcon.colcon_core.package_identification:_identify(src/pepper_meshes) by extension 'ros'
[0.463s] DEBUG:colcon.colcon_core.package_identification:Package 'src/pepper_meshes' with type 'ros.ament_cmake' and name 'pepper_meshes'
[0.463s] Level 1:colcon.colcon_core.package_identification:_identify(src/pepper_wall_follower) by extensions ['ignore', 'ignore_ament_install']
[0.463s] Level 1:colcon.colcon_core.package_identification:_identify(src/pepper_wall_follower) by extension 'ignore'
[0.464s] Level 1:colcon.colcon_core.package_identification:_identify(src/pepper_wall_follower) by extension 'ignore_ament_install'
[0.464s] Level 1:colcon.colcon_core.package_identification:_identify(src/pepper_wall_follower) by extensions ['colcon_pkg']
[0.464s] Level 1:colcon.colcon_core.package_identification:_identify(src/pepper_wall_follower) by extension 'colcon_pkg'
[0.464s] Level 1:colcon.colcon_core.package_identification:_identify(src/pepper_wall_follower) by extensions ['colcon_meta']
[0.464s] Level 1:colcon.colcon_core.package_identification:_identify(src/pepper_wall_follower) by extension 'colcon_meta'
[0.464s] Level 1:colcon.colcon_core.package_identification:_identify(src/pepper_wall_follower) by extensions ['ros']
[0.464s] Level 1:colcon.colcon_core.package_identification:_identify(src/pepper_wall_follower) by extension 'ros'
[0.465s] DEBUG:colcon.colcon_core.package_identification:Package 'src/pepper_wall_follower' with type 'ros.ament_cmake' and name 'pepper_wall_follower'
[0.465s] Level 1:colcon.colcon_core.package_identification:_identify(src/wall_follower) by extensions ['ignore', 'ignore_ament_install']
[0.465s] Level 1:colcon.colcon_core.package_identification:_identify(src/wall_follower) by extension 'ignore'
[0.465s] Level 1:colcon.colcon_core.package_identification:_identify(src/wall_follower) by extension 'ignore_ament_install'
[0.465s] Level 1:colcon.colcon_core.package_identification:_identify(src/wall_follower) by extensions ['colcon_pkg']
[0.465s] Level 1:colcon.colcon_core.package_identification:_identify(src/wall_follower) by extension 'colcon_pkg'
[0.465s] Level 1:colcon.colcon_core.package_identification:_identify(src/wall_follower) by extensions ['colcon_meta']
[0.465s] Level 1:colcon.colcon_core.package_identification:_identify(src/wall_follower) by extension 'colcon_meta'
[0.465s] Level 1:colcon.colcon_core.package_identification:_identify(src/wall_follower) by extensions ['ros']
[0.465s] Level 1:colcon.colcon_core.package_identification:_identify(src/wall_follower) by extension 'ros'
[0.466s] DEBUG:colcon.colcon_core.package_identification:Package 'src/wall_follower' with type 'ros.ament_cmake' and name 'wall_follower'
[0.466s] Level 1:colcon.colcon_core.package_discovery:discover_packages(recursive) using defaults
[0.466s] Level 1:colcon.colcon_core.package_discovery:discover_packages(ignore) discover
[0.466s] Level 1:colcon.colcon_core.package_discovery:discover_packages(ignore) using defaults
[0.466s] Level 1:colcon.colcon_core.package_discovery:discover_packages(path) discover
[0.466s] Level 1:colcon.colcon_core.package_discovery:discover_packages(path) using defaults
[0.485s] DEBUG:colcon.colcon_core.package_augmentation.check_dependency_constraint:naoqi_driver depends on naoqi_bridge_msgs which has version 2.1.0 which satisfies to be greater than or equal to 2.0.0
[0.486s] INFO:colcon.colcon_core.package_selection:Skipping package 'nao_meshes' in 'src/nao_meshes'
[0.486s] INFO:colcon.colcon_core.package_selection:Skipping package 'pepper_meshes' in 'src/pepper_meshes'
[0.487s] Level 1:colcon.colcon_core.package_discovery:discover_packages(prefix_path) check parameters
[0.487s] Level 1:colcon.colcon_core.package_discovery:discover_packages(prefix_path) discover
[0.489s] DEBUG:colcon.colcon_installed_package_information.package_discovery:Found 8 installed packages in /home/chris/ros_ws/install
[0.490s] DEBUG:colcon.colcon_installed_package_information.package_discovery:Found 277 installed packages in /opt/ros/humble
[0.502s] Level 1:colcon.colcon_core.package_discovery:discover_packages(prefix_path) using defaults
[0.534s] Level 5:colcon.colcon_core.verb:set package 'naoqi_bridge_msgs' build argument 'cmake_args' from command line to 'None'
[0.534s] Level 5:colcon.colcon_core.verb:set package 'naoqi_bridge_msgs' build argument 'cmake_target' from command line to 'None'
[0.534s] Level 5:colcon.colcon_core.verb:set package 'naoqi_bridge_msgs' build argument 'cmake_target_skip_unavailable' from command line to 'False'
[0.534s] Level 5:colcon.colcon_core.verb:set package 'naoqi_bridge_msgs' build argument 'cmake_clean_cache' from command line to 'False'
[0.534s] Level 5:colcon.colcon_core.verb:set package 'naoqi_bridge_msgs' build argument 'cmake_clean_first' from command line to 'False'
[0.534s] Level 5:colcon.colcon_core.verb:set package 'naoqi_bridge_msgs' build argument 'cmake_force_configure' from command line to 'False'
[0.534s] Level 5:colcon.colcon_core.verb:set package 'naoqi_bridge_msgs' build argument 'ament_cmake_args' from command line to 'None'
[0.534s] Level 5:colcon.colcon_core.verb:set package 'naoqi_bridge_msgs' build argument 'catkin_cmake_args' from command line to 'None'
[0.534s] Level 5:colcon.colcon_core.verb:set package 'naoqi_bridge_msgs' build argument 'catkin_skip_building_tests' from command line to 'False'
[0.535s] DEBUG:colcon.colcon_core.verb:Building package 'naoqi_bridge_msgs' with the following arguments: {'ament_cmake_args': None, 'build_base': '/home/chris/ros_ws/build/naoqi_bridge_msgs', 'catkin_cmake_args': None, 'catkin_skip_building_tests': False, 'cmake_args': None, 'cmake_clean_cache': False, 'cmake_clean_first': False, 'cmake_force_configure': False, 'cmake_target': None, 'cmake_target_skip_unavailable': False, 'install_base': '/home/chris/ros_ws/install/naoqi_bridge_msgs', 'merge_install': False, 'path': '/home/chris/ros_ws/src/naoqi_bridge_msgs', 'symlink_install': True, 'test_result_base': None}
[0.535s] Level 5:colcon.colcon_core.verb:set package 'naoqi_libqi' build argument 'cmake_args' from command line to 'None'
[0.535s] Level 5:colcon.colcon_core.verb:set package 'naoqi_libqi' build argument 'cmake_target' from command line to 'None'
[0.535s] Level 5:colcon.colcon_core.verb:set package 'naoqi_libqi' build argument 'cmake_target_skip_unavailable' from command line to 'False'
[0.535s] Level 5:colcon.colcon_core.verb:set package 'naoqi_libqi' build argument 'cmake_clean_cache' from command line to 'False'
[0.535s] Level 5:colcon.colcon_core.verb:set package 'naoqi_libqi' build argument 'cmake_clean_first' from command line to 'False'
[0.535s] Level 5:colcon.colcon_core.verb:set package 'naoqi_libqi' build argument 'cmake_force_configure' from command line to 'False'
[0.535s] Level 5:colcon.colcon_core.verb:set package 'naoqi_libqi' build argument 'ament_cmake_args' from command line to 'None'
[0.535s] Level 5:colcon.colcon_core.verb:set package 'naoqi_libqi' build argument 'catkin_cmake_args' from command line to 'None'
[0.535s] Level 5:colcon.colcon_core.verb:set package 'naoqi_libqi' build argument 'catkin_skip_building_tests' from command line to 'False'
[0.535s] DEBUG:colcon.colcon_core.verb:Building package 'naoqi_libqi' with the following arguments: {'ament_cmake_args': None, 'build_base': '/home/chris/ros_ws/build/naoqi_libqi', 'catkin_cmake_args': None, 'catkin_skip_building_tests': False, 'cmake_args': None, 'cmake_clean_cache': False, 'cmake_clean_first': False, 'cmake_force_configure': False, 'cmake_target': None, 'cmake_target_skip_unavailable': False, 'install_base': '/home/chris/ros_ws/install/naoqi_libqi', 'merge_install': False, 'path': '/home/chris/ros_ws/src/naoqi_libqi', 'symlink_install': True, 'test_result_base': None}
[0.535s] Level 5:colcon.colcon_core.verb:set package 'wall_follower' build argument 'cmake_args' from command line to 'None'
[0.536s] Level 5:colcon.colcon_core.verb:set package 'wall_follower' build argument 'cmake_target' from command line to 'None'
[0.536s] Level 5:colcon.colcon_core.verb:set package 'wall_follower' build argument 'cmake_target_skip_unavailable' from command line to 'False'
[0.536s] Level 5:colcon.colcon_core.verb:set package 'wall_follower' build argument 'cmake_clean_cache' from command line to 'False'
[0.536s] Level 5:colcon.colcon_core.verb:set package 'wall_follower' build argument 'cmake_clean_first' from command line to 'False'
[0.536s] Level 5:colcon.colcon_core.verb:set package 'wall_follower' build argument 'cmake_force_configure' from command line to 'False'
[0.536s] Level 5:colcon.colcon_core.verb:set package 'wall_follower' build argument 'ament_cmake_args' from command line to 'None'
[0.536s] Level 5:colcon.colcon_core.verb:set package 'wall_follower' build argument 'catkin_cmake_args' from command line to 'None'
[0.536s] Level 5:colcon.colcon_core.verb:set package 'wall_follower' build argument 'catkin_skip_building_tests' from command line to 'False'
[0.536s] DEBUG:colcon.colcon_core.verb:Building package 'wall_follower' with the following arguments: {'ament_cmake_args': None, 'build_base': '/home/chris/ros_ws/build/wall_follower', 'catkin_cmake_args': None, 'catkin_skip_building_tests': False, 'cmake_args': None, 'cmake_clean_cache': False, 'cmake_clean_first': False, 'cmake_force_configure': False, 'cmake_target': None, 'cmake_target_skip_unavailable': False, 'install_base': '/home/chris/ros_ws/install/wall_follower', 'merge_install': False, 'path': '/home/chris/ros_ws/src/wall_follower', 'symlink_install': True, 'test_result_base': None}
[0.536s] Level 5:colcon.colcon_core.verb:set package 'naoqi_libqicore' build argument 'cmake_args' from command line to 'None'
[0.536s] Level 5:colcon.colcon_core.verb:set package 'naoqi_libqicore' build argument 'cmake_target' from command line to 'None'
[0.536s] Level 5:colcon.colcon_core.verb:set package 'naoqi_libqicore' build argument 'cmake_target_skip_unavailable' from command line to 'False'
[0.536s] Level 5:colcon.colcon_core.verb:set package 'naoqi_libqicore' build argument 'cmake_clean_cache' from command line to 'False'
[0.536s] Level 5:colcon.colcon_core.verb:set package 'naoqi_libqicore' build argument 'cmake_clean_first' from command line to 'False'
[0.536s] Level 5:colcon.colcon_core.verb:set package 'naoqi_libqicore' build argument 'cmake_force_configure' from command line to 'False'
[0.536s] Level 5:colcon.colcon_core.verb:set package 'naoqi_libqicore' build argument 'ament_cmake_args' from command line to 'None'
[0.536s] Level 5:colcon.colcon_core.verb:set package 'naoqi_libqicore' build argument 'catkin_cmake_args' from command line to 'None'
[0.536s] Level 5:colcon.colcon_core.verb:set package 'naoqi_libqicore' build argument 'catkin_skip_building_tests' from command line to 'False'
[0.536s] DEBUG:colcon.colcon_core.verb:Building package 'naoqi_libqicore' with the following arguments: {'ament_cmake_args': None, 'build_base': '/home/chris/ros_ws/build/naoqi_libqicore', 'catkin_cmake_args': None, 'catkin_skip_building_tests': False, 'cmake_args': None, 'cmake_clean_cache': False, 'cmake_clean_first': False, 'cmake_force_configure': False, 'cmake_target': None, 'cmake_target_skip_unavailable': False, 'install_base': '/home/chris/ros_ws/install/naoqi_libqicore', 'merge_install': False, 'path': '/home/chris/ros_ws/src/naoqi_libqicore', 'symlink_install': True, 'test_result_base': None}
[0.536s] Level 5:colcon.colcon_core.verb:set package 'pepper_wall_follower' build argument 'cmake_args' from command line to 'None'
[0.536s] Level 5:colcon.colcon_core.verb:set package 'pepper_wall_follower' build argument 'cmake_target' from command line to 'None'
[0.536s] Level 5:colcon.colcon_core.verb:set package 'pepper_wall_follower' build argument 'cmake_target_skip_unavailable' from command line to 'False'
[0.537s] Level 5:colcon.colcon_core.verb:set package 'pepper_wall_follower' build argument 'cmake_clean_cache' from command line to 'False'
[0.537s] Level 5:colcon.colcon_core.verb:set package 'pepper_wall_follower' build argument 'cmake_clean_first' from command line to 'False'
[0.537s] Level 5:colcon.colcon_core.verb:set package 'pepper_wall_follower' build argument 'cmake_force_configure' from command line to 'False'
[0.537s] Level 5:colcon.colcon_core.verb:set package 'pepper_wall_follower' build argument 'ament_cmake_args' from command line to 'None'
[0.537s] Level 5:colcon.colcon_core.verb:set package 'pepper_wall_follower' build argument 'catkin_cmake_args' from command line to 'None'
[0.537s] Level 5:colcon.colcon_core.verb:set package 'pepper_wall_follower' build argument 'catkin_skip_building_tests' from command line to 'False'
[0.537s] DEBUG:colcon.colcon_core.verb:Building package 'pepper_wall_follower' with the following arguments: {'ament_cmake_args': None, 'build_base': '/home/chris/ros_ws/build/pepper_wall_follower', 'catkin_cmake_args': None, 'catkin_skip_building_tests': False, 'cmake_args': None, 'cmake_clean_cache': False, 'cmake_clean_first': False, 'cmake_force_configure': False, 'cmake_target': None, 'cmake_target_skip_unavailable': False, 'install_base': '/home/chris/ros_ws/install/pepper_wall_follower', 'merge_install': False, 'path': '/home/chris/ros_ws/src/pepper_wall_follower', 'symlink_install': True, 'test_result_base': None}
[0.537s] Level 5:colcon.colcon_core.verb:set package 'naoqi_driver' build argument 'cmake_args' from command line to 'None'
[0.537s] Level 5:colcon.colcon_core.verb:set package 'naoqi_driver' build argument 'cmake_target' from command line to 'None'
[0.537s] Level 5:colcon.colcon_core.verb:set package 'naoqi_driver' build argument 'cmake_target_skip_unavailable' from command line to 'False'
[0.537s] Level 5:colcon.colcon_core.verb:set package 'naoqi_driver' build argument 'cmake_clean_cache' from command line to 'False'
[0.537s] Level 5:colcon.colcon_core.verb:set package 'naoqi_driver' build argument 'cmake_clean_first' from command line to 'False'
[0.537s] Level 5:colcon.colcon_core.verb:set package 'naoqi_driver' build argument 'cmake_force_configure' from command line to 'False'
[0.537s] Level 5:colcon.colcon_core.verb:set package 'naoqi_driver' build argument 'ament_cmake_args' from command line to 'None'
[0.537s] Level 5:colcon.colcon_core.verb:set package 'naoqi_driver' build argument 'catkin_cmake_args' from command line to 'None'
[0.537s] Level 5:colcon.colcon_core.verb:set package 'naoqi_driver' build argument 'catkin_skip_building_tests' from command line to 'False'
[0.537s] DEBUG:colcon.colcon_core.verb:Building package 'naoqi_driver' with the following arguments: {'ament_cmake_args': None, 'build_base': '/home/chris/ros_ws/build/naoqi_driver', 'catkin_cmake_args': None, 'catkin_skip_building_tests': False, 'cmake_args': None, 'cmake_clean_cache': False, 'cmake_clean_first': False, 'cmake_force_configure': False, 'cmake_target': None, 'cmake_target_skip_unavailable': False, 'install_base': '/home/chris/ros_ws/install/naoqi_driver', 'merge_install': False, 'path': '/home/chris/ros_ws/src/naoqi_driver2', 'symlink_install': True, 'test_result_base': None}
[0.537s] INFO:colcon.colcon_core.executor:Executing jobs using 'parallel' executor
[0.539s] DEBUG:colcon.colcon_parallel_executor.executor.parallel:run_until_complete
[0.540s] INFO:colcon.colcon_ros.task.ament_cmake.build:Building ROS package in '/home/chris/ros_ws/src/naoqi_bridge_msgs' with build type 'ament_cmake'
[0.540s] INFO:colcon.colcon_cmake.task.cmake.build:Building CMake package in '/home/chris/ros_ws/src/naoqi_bridge_msgs'
[0.543s] INFO:colcon.colcon_core.plugin_system:Skipping extension 'colcon_core.shell.bat': Not used on non-Windows systems
[0.543s] INFO:colcon.colcon_core.shell:Skip shell extension 'powershell' for command environment: Not usable outside of PowerShell
[0.543s] DEBUG:colcon.colcon_core.shell:Skip shell extension 'dsv' for command environment
[0.556s] DEBUG:colcon.colcon_core.event_handler.log_command:Invoking command in '/home/chris/ros_ws/build/naoqi_bridge_msgs': CMAKE_PREFIX_PATH=${CMAKE_PREFIX_PATH}:/opt/ros/humble /usr/bin/cmake --build /home/chris/ros_ws/build/naoqi_bridge_msgs -- -j20 -l20
[0.931s] DEBUG:colcon.colcon_core.event_handler.log_command:Invoked command in '/home/chris/ros_ws/build/naoqi_bridge_msgs' returned '0': CMAKE_PREFIX_PATH=${CMAKE_PREFIX_PATH}:/opt/ros/humble /usr/bin/cmake --build /home/chris/ros_ws/build/naoqi_bridge_msgs -- -j20 -l20
[0.942s] DEBUG:colcon.colcon_core.event_handler.log_command:Invoking command in '/home/chris/ros_ws/build/naoqi_bridge_msgs': CMAKE_PREFIX_PATH=${CMAKE_PREFIX_PATH}:/opt/ros/humble /usr/bin/cmake --install /home/chris/ros_ws/build/naoqi_bridge_msgs
[1.140s] Level 1:colcon.colcon_core.environment:create_environment_scripts_only(naoqi_bridge_msgs)
[1.140s] DEBUG:colcon.colcon_core.event_handler.log_command:Invoked command in '/home/chris/ros_ws/build/naoqi_bridge_msgs' returned '0': CMAKE_PREFIX_PATH=${CMAKE_PREFIX_PATH}:/opt/ros/humble /usr/bin/cmake --install /home/chris/ros_ws/build/naoqi_bridge_msgs
[1.142s] Level 1:colcon.colcon_core.environment:checking '/home/chris/ros_ws/install/naoqi_bridge_msgs' for CMake module files
[1.143s] Level 1:colcon.colcon_core.environment:checking '/home/chris/ros_ws/install/naoqi_bridge_msgs' for CMake config files
[1.148s] Level 1:colcon.colcon_core.shell:create_environment_hook('naoqi_bridge_msgs', 'cmake_prefix_path')
[1.148s] INFO:colcon.colcon_core.shell:Creating environment hook '/home/chris/ros_ws/install/naoqi_bridge_msgs/share/naoqi_bridge_msgs/hook/cmake_prefix_path.ps1'
[1.149s] INFO:colcon.colcon_core.shell:Creating environment descriptor '/home/chris/ros_ws/install/naoqi_bridge_msgs/share/naoqi_bridge_msgs/hook/cmake_prefix_path.dsv'
[1.150s] INFO:colcon.colcon_core.shell:Creating environment hook '/home/chris/ros_ws/install/naoqi_bridge_msgs/share/naoqi_bridge_msgs/hook/cmake_prefix_path.sh'
[1.151s] Level 1:colcon.colcon_core.environment:checking '/home/chris/ros_ws/install/naoqi_bridge_msgs/lib'
[1.151s] Level 1:colcon.colcon_core.shell:create_environment_hook('naoqi_bridge_msgs', 'ld_library_path_lib')
[1.151s] INFO:colcon.colcon_core.shell:Creating environment hook '/home/chris/ros_ws/install/naoqi_bridge_msgs/share/naoqi_bridge_msgs/hook/ld_library_path_lib.ps1'
[1.152s] INFO:colcon.colcon_core.shell:Creating environment descriptor '/home/chris/ros_ws/install/naoqi_bridge_msgs/share/naoqi_bridge_msgs/hook/ld_library_path_lib.dsv'
[1.152s] INFO:colcon.colcon_core.shell:Creating environment hook '/home/chris/ros_ws/install/naoqi_bridge_msgs/share/naoqi_bridge_msgs/hook/ld_library_path_lib.sh'
[1.153s] Level 1:colcon.colcon_core.environment:checking '/home/chris/ros_ws/install/naoqi_bridge_msgs/bin'
[1.153s] Level 1:colcon.colcon_core.environment:checking '/home/chris/ros_ws/install/naoqi_bridge_msgs/lib/pkgconfig/naoqi_bridge_msgs.pc'
[1.153s] Level 1:colcon.colcon_core.environment:checking '/home/chris/ros_ws/install/naoqi_bridge_msgs/lib/python3.10/site-packages'
[1.154s] Level 1:colcon.colcon_core.environment:checking '/home/chris/ros_ws/install/naoqi_bridge_msgs/bin'
[1.154s] INFO:colcon.colcon_core.shell:Creating package script '/home/chris/ros_ws/install/naoqi_bridge_msgs/share/naoqi_bridge_msgs/package.ps1'
[1.155s] INFO:colcon.colcon_core.shell:Creating package descriptor '/home/chris/ros_ws/install/naoqi_bridge_msgs/share/naoqi_bridge_msgs/package.dsv'
[1.155s] INFO:colcon.colcon_core.shell:Creating package script '/home/chris/ros_ws/install/naoqi_bridge_msgs/share/naoqi_bridge_msgs/package.sh'
[1.156s] INFO:colcon.colcon_core.shell:Creating package script '/home/chris/ros_ws/install/naoqi_bridge_msgs/share/naoqi_bridge_msgs/package.bash'
[1.157s] INFO:colcon.colcon_core.shell:Creating package script '/home/chris/ros_ws/install/naoqi_bridge_msgs/share/naoqi_bridge_msgs/package.zsh'
[1.158s] Level 1:colcon.colcon_core.environment:create_file_with_runtime_dependencies(/home/chris/ros_ws/install/naoqi_bridge_msgs/share/colcon-core/packages/naoqi_bridge_msgs)
[1.159s] Level 1:colcon.colcon_core.environment:create_environment_scripts_only(naoqi_bridge_msgs)
[1.159s] Level 1:colcon.colcon_core.environment:checking '/home/chris/ros_ws/install/naoqi_bridge_msgs' for CMake module files
[1.160s] Level 1:colcon.colcon_core.environment:checking '/home/chris/ros_ws/install/naoqi_bridge_msgs' for CMake config files
[1.165s] Level 1:colcon.colcon_core.shell:create_environment_hook('naoqi_bridge_msgs', 'cmake_prefix_path')
[1.166s] INFO:colcon.colcon_core.shell:Creating environment hook '/home/chris/ros_ws/install/naoqi_bridge_msgs/share/naoqi_bridge_msgs/hook/cmake_prefix_path.ps1'
[1.166s] INFO:colcon.colcon_core.shell:Creating environment descriptor '/home/chris/ros_ws/install/naoqi_bridge_msgs/share/naoqi_bridge_msgs/hook/cmake_prefix_path.dsv'
[1.167s] INFO:colcon.colcon_core.shell:Creating environment hook '/home/chris/ros_ws/install/naoqi_bridge_msgs/share/naoqi_bridge_msgs/hook/cmake_prefix_path.sh'
[1.167s] Level 1:colcon.colcon_core.environment:checking '/home/chris/ros_ws/install/naoqi_bridge_msgs/lib'
[1.167s] Level 1:colcon.colcon_core.shell:create_environment_hook('naoqi_bridge_msgs', 'ld_library_path_lib')
[1.167s] INFO:colcon.colcon_core.shell:Creating environment hook '/home/chris/ros_ws/install/naoqi_bridge_msgs/share/naoqi_bridge_msgs/hook/ld_library_path_lib.ps1'
[1.168s] INFO:colcon.colcon_core.shell:Creating environment descriptor '/home/chris/ros_ws/install/naoqi_bridge_msgs/share/naoqi_bridge_msgs/hook/ld_library_path_lib.dsv'
[1.168s] INFO:colcon.colcon_core.shell:Creating environment hook '/home/chris/ros_ws/install/naoqi_bridge_msgs/share/naoqi_bridge_msgs/hook/ld_library_path_lib.sh'
[1.168s] Level 1:colcon.colcon_core.environment:checking '/home/chris/ros_ws/install/naoqi_bridge_msgs/bin'
[1.169s] Level 1:colcon.colcon_core.environment:checking '/home/chris/ros_ws/install/naoqi_bridge_msgs/lib/pkgconfig/naoqi_bridge_msgs.pc'
[1.169s] Level 1:colcon.colcon_core.environment:checking '/home/chris/ros_ws/install/naoqi_bridge_msgs/lib/python3.10/site-packages'
[1.169s] Level 1:colcon.colcon_core.environment:checking '/home/chris/ros_ws/install/naoqi_bridge_msgs/bin'
[1.169s] INFO:colcon.colcon_core.shell:Creating package script '/home/chris/ros_ws/install/naoqi_bridge_msgs/share/naoqi_bridge_msgs/package.ps1'
[1.170s] INFO:colcon.colcon_core.shell:Creating package descriptor '/home/chris/ros_ws/install/naoqi_bridge_msgs/share/naoqi_bridge_msgs/package.dsv'
[1.170s] INFO:colcon.colcon_core.shell:Creating package script '/home/chris/ros_ws/install/naoqi_bridge_msgs/share/naoqi_bridge_msgs/package.sh'
[1.171s] INFO:colcon.colcon_core.shell:Creating package script '/home/chris/ros_ws/install/naoqi_bridge_msgs/share/naoqi_bridge_msgs/package.bash'
[1.171s] INFO:colcon.colcon_core.shell:Creating package script '/home/chris/ros_ws/install/naoqi_bridge_msgs/share/naoqi_bridge_msgs/package.zsh'
[1.171s] Level 1:colcon.colcon_core.environment:create_file_with_runtime_dependencies(/home/chris/ros_ws/install/naoqi_bridge_msgs/share/colcon-core/packages/naoqi_bridge_msgs)
[1.172s] INFO:colcon.colcon_ros.task.ament_cmake.build:Building ROS package in '/home/chris/ros_ws/src/naoqi_libqi' with build type 'ament_cmake'
[1.172s] INFO:colcon.colcon_cmake.task.cmake.build:Building CMake package in '/home/chris/ros_ws/src/naoqi_libqi'
[1.172s] INFO:colcon.colcon_core.shell:Skip shell extension 'powershell' for command environment: Not usable outside of PowerShell
[1.172s] DEBUG:colcon.colcon_core.shell:Skip shell extension 'dsv' for command environment
[1.182s] DEBUG:colcon.colcon_core.event_handler.log_command:Invoking command in '/home/chris/ros_ws/build/naoqi_libqi': CMAKE_PREFIX_PATH=${CMAKE_PREFIX_PATH}:/opt/ros/humble /usr/bin/cmake --build /home/chris/ros_ws/build/naoqi_libqi -- -j20 -l20
[1.537s] DEBUG:colcon.colcon_core.event_handler.log_command:Invoked command in '/home/chris/ros_ws/build/naoqi_libqi' returned '0': CMAKE_PREFIX_PATH=${CMAKE_PREFIX_PATH}:/opt/ros/humble /usr/bin/cmake --build /home/chris/ros_ws/build/naoqi_libqi -- -j20 -l20
[1.541s] DEBUG:colcon.colcon_core.event_handler.log_command:Invoking command in '/home/chris/ros_ws/build/naoqi_libqi': CMAKE_PREFIX_PATH=${CMAKE_PREFIX_PATH}:/opt/ros/humble /usr/bin/cmake --install /home/chris/ros_ws/build/naoqi_libqi
[1.600s] Level 1:colcon.colcon_core.environment:create_environment_scripts_only(naoqi_libqi)
[1.600s] Level 1:colcon.colcon_core.environment:checking '/home/chris/ros_ws/install/naoqi_libqi' for CMake module files
[1.601s] DEBUG:colcon.colcon_core.event_handler.log_command:Invoked command in '/home/chris/ros_ws/build/naoqi_libqi' returned '0': CMAKE_PREFIX_PATH=${CMAKE_PREFIX_PATH}:/opt/ros/humble /usr/bin/cmake --install /home/chris/ros_ws/build/naoqi_libqi
[1.601s] Level 1:colcon.colcon_core.environment:checking '/home/chris/ros_ws/install/naoqi_libqi' for CMake config files
[1.602s] Level 1:colcon.colcon_core.shell:create_environment_hook('naoqi_libqi', 'cmake_prefix_path')
[1.602s] INFO:colcon.colcon_core.shell:Creating environment hook '/home/chris/ros_ws/install/naoqi_libqi/share/naoqi_libqi/hook/cmake_prefix_path.ps1'
[1.603s] INFO:colcon.colcon_core.shell:Creating environment descriptor '/home/chris/ros_ws/install/naoqi_libqi/share/naoqi_libqi/hook/cmake_prefix_path.dsv'
[1.603s] INFO:colcon.colcon_core.shell:Creating environment hook '/home/chris/ros_ws/install/naoqi_libqi/share/naoqi_libqi/hook/cmake_prefix_path.sh'
[1.604s] Level 1:colcon.colcon_core.environment:checking '/home/chris/ros_ws/install/naoqi_libqi/lib'
[1.604s] Level 1:colcon.colcon_core.shell:create_environment_hook('naoqi_libqi', 'ld_library_path_lib')
[1.605s] INFO:colcon.colcon_core.shell:Creating environment hook '/home/chris/ros_ws/install/naoqi_libqi/share/naoqi_libqi/hook/ld_library_path_lib.ps1'
[1.605s] INFO:colcon.colcon_core.shell:Creating environment descriptor '/home/chris/ros_ws/install/naoqi_libqi/share/naoqi_libqi/hook/ld_library_path_lib.dsv'
[1.606s] INFO:colcon.colcon_core.shell:Creating environment hook '/home/chris/ros_ws/install/naoqi_libqi/share/naoqi_libqi/hook/ld_library_path_lib.sh'
[1.606s] Level 1:colcon.colcon_core.environment:checking '/home/chris/ros_ws/install/naoqi_libqi/bin'
[1.606s] Level 1:colcon.colcon_core.environment:checking '/home/chris/ros_ws/install/naoqi_libqi/lib/pkgconfig/naoqi_libqi.pc'
[1.606s] Level 1:colcon.colcon_core.environment:checking '/home/chris/ros_ws/install/naoqi_libqi/lib/python3.10/site-packages'
[1.607s] Level 1:colcon.colcon_core.environment:checking '/home/chris/ros_ws/install/naoqi_libqi/bin'
[1.607s] INFO:colcon.colcon_core.shell:Creating package script '/home/chris/ros_ws/install/naoqi_libqi/share/naoqi_libqi/package.ps1'
[1.608s] INFO:colcon.colcon_core.shell:Creating package descriptor '/home/chris/ros_ws/install/naoqi_libqi/share/naoqi_libqi/package.dsv'
[1.608s] INFO:colcon.colcon_core.shell:Creating package script '/home/chris/ros_ws/install/naoqi_libqi/share/naoqi_libqi/package.sh'
[1.608s] INFO:colcon.colcon_core.shell:Creating package script '/home/chris/ros_ws/install/naoqi_libqi/share/naoqi_libqi/package.bash'
[1.609s] INFO:colcon.colcon_core.shell:Creating package script '/home/chris/ros_ws/install/naoqi_libqi/share/naoqi_libqi/package.zsh'
[1.609s] Level 1:colcon.colcon_core.environment:create_file_with_runtime_dependencies(/home/chris/ros_ws/install/naoqi_libqi/share/colcon-core/packages/naoqi_libqi)
[1.610s] Level 1:colcon.colcon_core.environment:create_environment_scripts_only(naoqi_libqi)
[1.610s] Level 1:colcon.colcon_core.environment:checking '/home/chris/ros_ws/install/naoqi_libqi' for CMake module files
[1.610s] Level 1:colcon.colcon_core.environment:checking '/home/chris/ros_ws/install/naoqi_libqi' for CMake config files
[1.611s] Level 1:colcon.colcon_core.shell:create_environment_hook('naoqi_libqi', 'cmake_prefix_path')
[1.612s] INFO:colcon.colcon_core.shell:Creating environment hook '/home/chris/ros_ws/install/naoqi_libqi/share/naoqi_libqi/hook/cmake_prefix_path.ps1'
[1.612s] INFO:colcon.colcon_core.shell:Creating environment descriptor '/home/chris/ros_ws/install/naoqi_libqi/share/naoqi_libqi/hook/cmake_prefix_path.dsv'
[1.613s] INFO:colcon.colcon_core.shell:Creating environment hook '/home/chris/ros_ws/install/naoqi_libqi/share/naoqi_libqi/hook/cmake_prefix_path.sh'
[1.613s] Level 1:colcon.colcon_core.environment:checking '/home/chris/ros_ws/install/naoqi_libqi/lib'
[1.613s] Level 1:colcon.colcon_core.shell:create_environment_hook('naoqi_libqi', 'ld_library_path_lib')
[1.613s] INFO:colcon.colcon_core.shell:Creating environment hook '/home/chris/ros_ws/install/naoqi_libqi/share/naoqi_libqi/hook/ld_library_path_lib.ps1'
[1.614s] INFO:colcon.colcon_core.shell:Creating environment descriptor '/home/chris/ros_ws/install/naoqi_libqi/share/naoqi_libqi/hook/ld_library_path_lib.dsv'
[1.614s] INFO:colcon.colcon_core.shell:Creating environment hook '/home/chris/ros_ws/install/naoqi_libqi/share/naoqi_libqi/hook/ld_library_path_lib.sh'
[1.614s] Level 1:colcon.colcon_core.environment:checking '/home/chris/ros_ws/install/naoqi_libqi/bin'
[1.615s] Level 1:colcon.colcon_core.environment:checking '/home/chris/ros_ws/install/naoqi_libqi/lib/pkgconfig/naoqi_libqi.pc'
[1.615s] Level 1:colcon.colcon_core.environment:checking '/home/chris/ros_ws/install/naoqi_libqi/lib/python3.10/site-packages'
[1.615s] Level 1:colcon.colcon_core.environment:checking '/home/chris/ros_ws/install/naoqi_libqi/bin'
[1.616s] INFO:colcon.colcon_core.shell:Creating package script '/home/chris/ros_ws/install/naoqi_libqi/share/naoqi_libqi/package.ps1'
[1.616s] INFO:colcon.colcon_core.shell:Creating package descriptor '/home/chris/ros_ws/install/naoqi_libqi/share/naoqi_libqi/package.dsv'
[1.617s] INFO:colcon.colcon_core.shell:Creating package script '/home/chris/ros_ws/install/naoqi_libqi/share/naoqi_libqi/package.sh'
[1.618s] INFO:colcon.colcon_core.shell:Creating package script '/home/chris/ros_ws/install/naoqi_libqi/share/naoqi_libqi/package.bash'
[1.618s] INFO:colcon.colcon_core.shell:Creating package script '/home/chris/ros_ws/install/naoqi_libqi/share/naoqi_libqi/package.zsh'
[1.619s] Level 1:colcon.colcon_core.environment:create_file_with_runtime_dependencies(/home/chris/ros_ws/install/naoqi_libqi/share/colcon-core/packages/naoqi_libqi)
[1.619s] INFO:colcon.colcon_ros.task.ament_cmake.build:Building ROS package in '/home/chris/ros_ws/src/naoqi_libqicore' with build type 'ament_cmake'
[1.620s] INFO:colcon.colcon_cmake.task.cmake.build:Building CMake package in '/home/chris/ros_ws/src/naoqi_libqicore'
[1.620s] INFO:colcon.colcon_core.shell:Skip shell extension 'powershell' for command environment: Not usable outside of PowerShell
[1.620s] DEBUG:colcon.colcon_core.shell:Skip shell extension 'dsv' for command environment
[1.960s] DEBUG:colcon.colcon_core.event_handler.log_command:Invoking command in '/home/chris/ros_ws/build/naoqi_libqicore': CMAKE_PREFIX_PATH=/home/chris/ros_ws/install/naoqi_libqi:/home/chris/ros_ws/install/wall_follower:/home/chris/ros_ws/install/pepper_wall_follower:/home/chris/ros_ws/install/pepper_meshes:/home/chris/ros_ws/install/naoqi_driver:/home/chris/ros_ws/install/naoqi_libqicore:/home/chris/ros_ws/install/naoqi_bridge_msgs:/home/chris/ros_ws/install/nao_meshes:/opt/ros/humble LD_LIBRARY_PATH=/home/chris/ros_ws/install/naoqi_libqi/lib:/home/chris/ros_ws/install/naoqi_driver/lib:/home/chris/ros_ws/install/naoqi_libqicore/lib:/home/chris/ros_ws/install/naoqi_bridge_msgs/lib:/opt/ros/humble/opt/rviz_ogre_vendor/lib:/opt/ros/humble/lib/x86_64-linux-gnu:/opt/ros/humble/lib /usr/bin/cmake --build /home/chris/ros_ws/build/naoqi_libqicore -- -j20 -l20
[2.056s] DEBUG:colcon.colcon_core.event_handler.log_command:Invoked command in '/home/chris/ros_ws/build/naoqi_libqicore' returned '0': CMAKE_PREFIX_PATH=/home/chris/ros_ws/install/naoqi_libqi:/home/chris/ros_ws/install/wall_follower:/home/chris/ros_ws/install/pepper_wall_follower:/home/chris/ros_ws/install/pepper_meshes:/home/chris/ros_ws/install/naoqi_driver:/home/chris/ros_ws/install/naoqi_libqicore:/home/chris/ros_ws/install/naoqi_bridge_msgs:/home/chris/ros_ws/install/nao_meshes:/opt/ros/humble LD_LIBRARY_PATH=/home/chris/ros_ws/install/naoqi_libqi/lib:/home/chris/ros_ws/install/naoqi_driver/lib:/home/chris/ros_ws/install/naoqi_libqicore/lib:/home/chris/ros_ws/install/naoqi_bridge_msgs/lib:/opt/ros/humble/opt/rviz_ogre_vendor/lib:/opt/ros/humble/lib/x86_64-linux-gnu:/opt/ros/humble/lib /usr/bin/cmake --build /home/chris/ros_ws/build/naoqi_libqicore -- -j20 -l20
[2.059s] DEBUG:colcon.colcon_core.event_handler.log_command:Invoking command in '/home/chris/ros_ws/build/naoqi_libqicore': CMAKE_PREFIX_PATH=/home/chris/ros_ws/install/naoqi_libqi:/home/chris/ros_ws/install/wall_follower:/home/chris/ros_ws/install/pepper_wall_follower:/home/chris/ros_ws/install/pepper_meshes:/home/chris/ros_ws/install/naoqi_driver:/home/chris/ros_ws/install/naoqi_libqicore:/home/chris/ros_ws/install/naoqi_bridge_msgs:/home/chris/ros_ws/install/nao_meshes:/opt/ros/humble LD_LIBRARY_PATH=/home/chris/ros_ws/install/naoqi_libqi/lib:/home/chris/ros_ws/install/naoqi_driver/lib:/home/chris/ros_ws/install/naoqi_libqicore/lib:/home/chris/ros_ws/install/naoqi_bridge_msgs/lib:/opt/ros/humble/opt/rviz_ogre_vendor/lib:/opt/ros/humble/lib/x86_64-linux-gnu:/opt/ros/humble/lib /usr/bin/cmake --install /home/chris/ros_ws/build/naoqi_libqicore
[2.081s] Level 1:colcon.colcon_core.environment:create_environment_scripts_only(naoqi_libqicore)
[2.082s] Level 1:colcon.colcon_core.environment:checking '/home/chris/ros_ws/install/naoqi_libqicore' for CMake module files
[2.082s] DEBUG:colcon.colcon_core.event_handler.log_command:Invoked command in '/home/chris/ros_ws/build/naoqi_libqicore' returned '0': CMAKE_PREFIX_PATH=/home/chris/ros_ws/install/naoqi_libqi:/home/chris/ros_ws/install/wall_follower:/home/chris/ros_ws/install/pepper_wall_follower:/home/chris/ros_ws/install/pepper_meshes:/home/chris/ros_ws/install/naoqi_driver:/home/chris/ros_ws/install/naoqi_libqicore:/home/chris/ros_ws/install/naoqi_bridge_msgs:/home/chris/ros_ws/install/nao_meshes:/opt/ros/humble LD_LIBRARY_PATH=/home/chris/ros_ws/install/naoqi_libqi/lib:/home/chris/ros_ws/install/naoqi_driver/lib:/home/chris/ros_ws/install/naoqi_libqicore/lib:/home/chris/ros_ws/install/naoqi_bridge_msgs/lib:/opt/ros/humble/opt/rviz_ogre_vendor/lib:/opt/ros/humble/lib/x86_64-linux-gnu:/opt/ros/humble/lib /usr/bin/cmake --install /home/chris/ros_ws/build/naoqi_libqicore
[2.083s] Level 1:colcon.colcon_core.environment:checking '/home/chris/ros_ws/install/naoqi_libqicore' for CMake config files
[2.083s] Level 1:colcon.colcon_core.shell:create_environment_hook('naoqi_libqicore', 'cmake_prefix_path')
[2.083s] INFO:colcon.colcon_core.shell:Creating environment hook '/home/chris/ros_ws/install/naoqi_libqicore/share/naoqi_libqicore/hook/cmake_prefix_path.ps1'
[2.084s] INFO:colcon.colcon_core.shell:Creating environment descriptor '/home/chris/ros_ws/install/naoqi_libqicore/share/naoqi_libqicore/hook/cmake_prefix_path.dsv'
[2.084s] INFO:colcon.colcon_core.shell:Creating environment hook '/home/chris/ros_ws/install/naoqi_libqicore/share/naoqi_libqicore/hook/cmake_prefix_path.sh'
[2.085s] Level 1:colcon.colcon_core.environment:checking '/home/chris/ros_ws/install/naoqi_libqicore/lib'
[2.085s] Level 1:colcon.colcon_core.environment:checking '/home/chris/ros_ws/install/naoqi_libqicore/bin'
[2.085s] Level 1:colcon.colcon_core.environment:checking '/home/chris/ros_ws/install/naoqi_libqicore/lib/pkgconfig/naoqi_libqicore.pc'
[2.085s] Level 1:colcon.colcon_core.environment:checking '/home/chris/ros_ws/install/naoqi_libqicore/lib/python3.10/site-packages'
[2.085s] Level 1:colcon.colcon_core.environment:checking '/home/chris/ros_ws/install/naoqi_libqicore/bin'
[2.086s] INFO:colcon.colcon_core.shell:Creating package script '/home/chris/ros_ws/install/naoqi_libqicore/share/naoqi_libqicore/package.ps1'
[2.086s] INFO:colcon.colcon_core.shell:Creating package descriptor '/home/chris/ros_ws/install/naoqi_libqicore/share/naoqi_libqicore/package.dsv'
[2.086s] INFO:colcon.colcon_core.shell:Creating package script '/home/chris/ros_ws/install/naoqi_libqicore/share/naoqi_libqicore/package.sh'
[2.087s] INFO:colcon.colcon_core.shell:Creating package script '/home/chris/ros_ws/install/naoqi_libqicore/share/naoqi_libqicore/package.bash'
[2.087s] INFO:colcon.colcon_core.shell:Creating package script '/home/chris/ros_ws/install/naoqi_libqicore/share/naoqi_libqicore/package.zsh'
[2.087s] Level 1:colcon.colcon_core.environment:create_file_with_runtime_dependencies(/home/chris/ros_ws/install/naoqi_libqicore/share/colcon-core/packages/naoqi_libqicore)
[2.088s] Level 1:colcon.colcon_core.environment:create_environment_scripts_only(naoqi_libqicore)
[2.088s] Level 1:colcon.colcon_core.environment:checking '/home/chris/ros_ws/install/naoqi_libqicore' for CMake module files
[2.088s] Level 1:colcon.colcon_core.environment:checking '/home/chris/ros_ws/install/naoqi_libqicore' for CMake config files
[2.088s] Level 1:colcon.colcon_core.shell:create_environment_hook('naoqi_libqicore', 'cmake_prefix_path')
[2.089s] INFO:colcon.colcon_core.shell:Creating environment hook '/home/chris/ros_ws/install/naoqi_libqicore/share/naoqi_libqicore/hook/cmake_prefix_path.ps1'
[2.089s] INFO:colcon.colcon_core.shell:Creating environment descriptor '/home/chris/ros_ws/install/naoqi_libqicore/share/naoqi_libqicore/hook/cmake_prefix_path.dsv'
[2.089s] INFO:colcon.colcon_core.shell:Creating environment hook '/home/chris/ros_ws/install/naoqi_libqicore/share/naoqi_libqicore/hook/cmake_prefix_path.sh'
[2.090s] Level 1:colcon.colcon_core.environment:checking '/home/chris/ros_ws/install/naoqi_libqicore/lib'
[2.090s] Level 1:colcon.colcon_core.environment:checking '/home/chris/ros_ws/install/naoqi_libqicore/bin'
[2.090s] Level 1:colcon.colcon_core.environment:checking '/home/chris/ros_ws/install/naoqi_libqicore/lib/pkgconfig/naoqi_libqicore.pc'
[2.090s] Level 1:colcon.colcon_core.environment:checking '/home/chris/ros_ws/install/naoqi_libqicore/lib/python3.10/site-packages'
[2.090s] Level 1:colcon.colcon_core.environment:checking '/home/chris/ros_ws/install/naoqi_libqicore/bin'
[2.091s] INFO:colcon.colcon_core.shell:Creating package script '/home/chris/ros_ws/install/naoqi_libqicore/share/naoqi_libqicore/package.ps1'
[2.091s] INFO:colcon.colcon_core.shell:Creating package descriptor '/home/chris/ros_ws/install/naoqi_libqicore/share/naoqi_libqicore/package.dsv'
[2.091s] INFO:colcon.colcon_core.shell:Creating package script '/home/chris/ros_ws/install/naoqi_libqicore/share/naoqi_libqicore/package.sh'
[2.092s] INFO:colcon.colcon_core.shell:Creating package script '/home/chris/ros_ws/install/naoqi_libqicore/share/naoqi_libqicore/package.bash'
[2.092s] INFO:colcon.colcon_core.shell:Creating package script '/home/chris/ros_ws/install/naoqi_libqicore/share/naoqi_libqicore/package.zsh'
[2.093s] Level 1:colcon.colcon_core.environment:create_file_with_runtime_dependencies(/home/chris/ros_ws/install/naoqi_libqicore/share/colcon-core/packages/naoqi_libqicore)
[2.093s] INFO:colcon.colcon_ros.task.ament_cmake.build:Building ROS package in '/home/chris/ros_ws/src/wall_follower' with build type 'ament_cmake'
[2.094s] INFO:colcon.colcon_cmake.task.cmake.build:Building CMake package in '/home/chris/ros_ws/src/wall_follower'
[2.094s] INFO:colcon.colcon_core.shell:Skip shell extension 'powershell' for command environment: Not usable outside of PowerShell
[2.094s] DEBUG:colcon.colcon_core.shell:Skip shell extension 'dsv' for command environment
[2.104s] DEBUG:colcon.colcon_core.event_handler.log_command:Invoking command in '/home/chris/ros_ws/build/wall_follower': CMAKE_PREFIX_PATH=${CMAKE_PREFIX_PATH}:/opt/ros/humble /usr/bin/cmake --build /home/chris/ros_ws/build/wall_follower -- -j20 -l20
[2.415s] DEBUG:colcon.colcon_core.event_handler.log_command:Invoked command in '/home/chris/ros_ws/build/wall_follower' returned '0': CMAKE_PREFIX_PATH=${CMAKE_PREFIX_PATH}:/opt/ros/humble /usr/bin/cmake --build /home/chris/ros_ws/build/wall_follower -- -j20 -l20
[2.417s] DEBUG:colcon.colcon_core.event_handler.log_command:Invoking command in '/home/chris/ros_ws/build/wall_follower': CMAKE_PREFIX_PATH=${CMAKE_PREFIX_PATH}:/opt/ros/humble /usr/bin/cmake --install /home/chris/ros_ws/build/wall_follower
[2.476s] Level 1:colcon.colcon_core.environment:create_environment_scripts_only(wall_follower)
[2.477s] Level 1:colcon.colcon_core.environment:checking '/home/chris/ros_ws/install/wall_follower' for CMake module files
[2.477s] DEBUG:colcon.colcon_core.event_handler.log_command:Invoked command in '/home/chris/ros_ws/build/wall_follower' returned '0': CMAKE_PREFIX_PATH=${CMAKE_PREFIX_PATH}:/opt/ros/humble /usr/bin/cmake --install /home/chris/ros_ws/build/wall_follower
[2.478s] Level 1:colcon.colcon_core.environment:checking '/home/chris/ros_ws/install/wall_follower' for CMake config files
[2.478s] Level 1:colcon.colcon_core.shell:create_environment_hook('wall_follower', 'cmake_prefix_path')
[2.478s] INFO:colcon.colcon_core.shell:Creating environment hook '/home/chris/ros_ws/install/wall_follower/share/wall_follower/hook/cmake_prefix_path.ps1'
[2.479s] INFO:colcon.colcon_core.shell:Creating environment descriptor '/home/chris/ros_ws/install/wall_follower/share/wall_follower/hook/cmake_prefix_path.dsv'
[2.479s] INFO:colcon.colcon_core.shell:Creating environment hook '/home/chris/ros_ws/install/wall_follower/share/wall_follower/hook/cmake_prefix_path.sh'
[2.480s] Level 1:colcon.colcon_core.environment:checking '/home/chris/ros_ws/install/wall_follower/lib'
[2.480s] Level 1:colcon.colcon_core.environment:checking '/home/chris/ros_ws/install/wall_follower/bin'
[2.480s] Level 1:colcon.colcon_core.environment:checking '/home/chris/ros_ws/install/wall_follower/lib/pkgconfig/wall_follower.pc'
[2.480s] Level 1:colcon.colcon_core.environment:checking '/home/chris/ros_ws/install/wall_follower/lib/python3.10/site-packages'
[2.480s] Level 1:colcon.colcon_core.environment:checking '/home/chris/ros_ws/install/wall_follower/bin'
[2.481s] INFO:colcon.colcon_core.shell:Creating package script '/home/chris/ros_ws/install/wall_follower/share/wall_follower/package.ps1'
[2.481s] INFO:colcon.colcon_core.shell:Creating package descriptor '/home/chris/ros_ws/install/wall_follower/share/wall_follower/package.dsv'
[2.482s] INFO:colcon.colcon_core.shell:Creating package script '/home/chris/ros_ws/install/wall_follower/share/wall_follower/package.sh'
[2.482s] INFO:colcon.colcon_core.shell:Creating package script '/home/chris/ros_ws/install/wall_follower/share/wall_follower/package.bash'
[2.482s] INFO:colcon.colcon_core.shell:Creating package script '/home/chris/ros_ws/install/wall_follower/share/wall_follower/package.zsh'
[2.483s] Level 1:colcon.colcon_core.environment:create_file_with_runtime_dependencies(/home/chris/ros_ws/install/wall_follower/share/colcon-core/packages/wall_follower)
[2.483s] Level 1:colcon.colcon_core.environment:create_environment_scripts_only(wall_follower)
[2.484s] Level 1:colcon.colcon_core.environment:checking '/home/chris/ros_ws/install/wall_follower' for CMake module files
[2.484s] Level 1:colcon.colcon_core.environment:checking '/home/chris/ros_ws/install/wall_follower' for CMake config files
[2.484s] Level 1:colcon.colcon_core.shell:create_environment_hook('wall_follower', 'cmake_prefix_path')
[2.485s] INFO:colcon.colcon_core.shell:Creating environment hook '/home/chris/ros_ws/install/wall_follower/share/wall_follower/hook/cmake_prefix_path.ps1'
[2.485s] INFO:colcon.colcon_core.shell:Creating environment descriptor '/home/chris/ros_ws/install/wall_follower/share/wall_follower/hook/cmake_prefix_path.dsv'
[2.485s] INFO:colcon.colcon_core.shell:Creating environment hook '/home/chris/ros_ws/install/wall_follower/share/wall_follower/hook/cmake_prefix_path.sh'
[2.486s] Level 1:colcon.colcon_core.environment:checking '/home/chris/ros_ws/install/wall_follower/lib'
[2.486s] Level 1:colcon.colcon_core.environment:checking '/home/chris/ros_ws/install/wall_follower/bin'
[2.486s] Level 1:colcon.colcon_core.environment:checking '/home/chris/ros_ws/install/wall_follower/lib/pkgconfig/wall_follower.pc'
[2.486s] Level 1:colcon.colcon_core.environment:checking '/home/chris/ros_ws/install/wall_follower/lib/python3.10/site-packages'
[2.487s] Level 1:colcon.colcon_core.environment:checking '/home/chris/ros_ws/install/wall_follower/bin'
[2.487s] INFO:colcon.colcon_core.shell:Creating package script '/home/chris/ros_ws/install/wall_follower/share/wall_follower/package.ps1'
[2.487s] INFO:colcon.colcon_core.shell:Creating package descriptor '/home/chris/ros_ws/install/wall_follower/share/wall_follower/package.dsv'
[2.488s] INFO:colcon.colcon_core.shell:Creating package script '/home/chris/ros_ws/install/wall_follower/share/wall_follower/package.sh'
[2.488s] INFO:colcon.colcon_core.shell:Creating package script '/home/chris/ros_ws/install/wall_follower/share/wall_follower/package.bash'
[2.489s] INFO:colcon.colcon_core.shell:Creating package script '/home/chris/ros_ws/install/wall_follower/share/wall_follower/package.zsh'
[2.489s] Level 1:colcon.colcon_core.environment:create_file_with_runtime_dependencies(/home/chris/ros_ws/install/wall_follower/share/colcon-core/packages/wall_follower)
[2.489s] INFO:colcon.colcon_ros.task.ament_cmake.build:Building ROS package in '/home/chris/ros_ws/src/pepper_wall_follower' with build type 'ament_cmake'
[2.490s] INFO:colcon.colcon_cmake.task.cmake.build:Building CMake package in '/home/chris/ros_ws/src/pepper_wall_follower'
[2.490s] INFO:colcon.colcon_core.shell:Skip shell extension 'powershell' for command environment: Not usable outside of PowerShell
[2.490s] DEBUG:colcon.colcon_core.shell:Skip shell extension 'dsv' for command environment
[2.651s] DEBUG:colcon.colcon_core.event_handler.log_command:Invoking command in '/home/chris/ros_ws/build/pepper_wall_follower': CMAKE_PREFIX_PATH=/home/chris/ros_ws/install/naoqi_bridge_msgs:/home/chris/ros_ws/install/wall_follower:/home/chris/ros_ws/install/pepper_wall_follower:/home/chris/ros_ws/install/pepper_meshes:/home/chris/ros_ws/install/naoqi_driver:/home/chris/ros_ws/install/naoqi_libqicore:/home/chris/ros_ws/install/naoqi_libqi:/home/chris/ros_ws/install/nao_meshes:/opt/ros/humble LD_LIBRARY_PATH=/home/chris/ros_ws/install/naoqi_bridge_msgs/lib:/home/chris/ros_ws/install/naoqi_driver/lib:/home/chris/ros_ws/install/naoqi_libqicore/lib:/home/chris/ros_ws/install/naoqi_libqi/lib:/opt/ros/humble/opt/rviz_ogre_vendor/lib:/opt/ros/humble/lib/x86_64-linux-gnu:/opt/ros/humble/lib /usr/bin/cmake --build /home/chris/ros_ws/build/pepper_wall_follower -- -j20 -l20
[8.710s] DEBUG:colcon.colcon_core.event_handler.log_command:Invoked command in '/home/chris/ros_ws/build/pepper_wall_follower' returned '2': CMAKE_PREFIX_PATH=/home/chris/ros_ws/install/naoqi_bridge_msgs:/home/chris/ros_ws/install/wall_follower:/home/chris/ros_ws/install/pepper_wall_follower:/home/chris/ros_ws/install/pepper_meshes:/home/chris/ros_ws/install/naoqi_driver:/home/chris/ros_ws/install/naoqi_libqicore:/home/chris/ros_ws/install/naoqi_libqi:/home/chris/ros_ws/install/nao_meshes:/opt/ros/humble LD_LIBRARY_PATH=/home/chris/ros_ws/install/naoqi_bridge_msgs/lib:/home/chris/ros_ws/install/naoqi_driver/lib:/home/chris/ros_ws/install/naoqi_libqicore/lib:/home/chris/ros_ws/install/naoqi_libqi/lib:/opt/ros/humble/opt/rviz_ogre_vendor/lib:/opt/ros/humble/lib/x86_64-linux-gnu:/opt/ros/humble/lib /usr/bin/cmake --build /home/chris/ros_ws/build/pepper_wall_follower -- -j20 -l20
[8.711s] Level 1:colcon.colcon_core.environment:create_environment_scripts_only(pepper_wall_follower)
[8.711s] Level 1:colcon.colcon_core.environment:checking '/home/chris/ros_ws/install/pepper_wall_follower' for CMake module files
[8.711s] Level 1:colcon.colcon_core.environment:checking '/home/chris/ros_ws/install/pepper_wall_follower' for CMake config files
[8.712s] Level 1:colcon.colcon_core.shell:create_environment_hook('pepper_wall_follower', 'cmake_prefix_path')
[8.712s] INFO:colcon.colcon_core.shell:Creating environment hook '/home/chris/ros_ws/install/pepper_wall_follower/share/pepper_wall_follower/hook/cmake_prefix_path.ps1'
[8.713s] INFO:colcon.colcon_core.shell:Creating environment descriptor '/home/chris/ros_ws/install/pepper_wall_follower/share/pepper_wall_follower/hook/cmake_prefix_path.dsv'
[8.713s] INFO:colcon.colcon_core.shell:Creating environment hook '/home/chris/ros_ws/install/pepper_wall_follower/share/pepper_wall_follower/hook/cmake_prefix_path.sh'
[8.714s] Level 1:colcon.colcon_core.environment:checking '/home/chris/ros_ws/install/pepper_wall_follower/lib'
[8.714s] Level 1:colcon.colcon_core.environment:checking '/home/chris/ros_ws/install/pepper_wall_follower/bin'
[8.714s] Level 1:colcon.colcon_core.environment:checking '/home/chris/ros_ws/install/pepper_wall_follower/lib/pkgconfig/pepper_wall_follower.pc'
[8.714s] Level 1:colcon.colcon_core.environment:checking '/home/chris/ros_ws/install/pepper_wall_follower/lib/python3.10/site-packages'
[8.715s] Level 1:colcon.colcon_core.environment:checking '/home/chris/ros_ws/install/pepper_wall_follower/bin'
[8.715s] INFO:colcon.colcon_core.shell:Creating package script '/home/chris/ros_ws/install/pepper_wall_follower/share/pepper_wall_follower/package.ps1'
[8.715s] INFO:colcon.colcon_core.shell:Creating package descriptor '/home/chris/ros_ws/install/pepper_wall_follower/share/pepper_wall_follower/package.dsv'
[8.716s] INFO:colcon.colcon_core.shell:Creating package script '/home/chris/ros_ws/install/pepper_wall_follower/share/pepper_wall_follower/package.sh'
[8.716s] INFO:colcon.colcon_core.shell:Creating package script '/home/chris/ros_ws/install/pepper_wall_follower/share/pepper_wall_follower/package.bash'
[8.717s] INFO:colcon.colcon_core.shell:Creating package script '/home/chris/ros_ws/install/pepper_wall_follower/share/pepper_wall_follower/package.zsh'
[8.717s] Level 1:colcon.colcon_core.environment:create_file_with_runtime_dependencies(/home/chris/ros_ws/install/pepper_wall_follower/share/colcon-core/packages/pepper_wall_follower)
[8.728s] DEBUG:colcon.colcon_parallel_executor.executor.parallel:closing loop
[8.729s] DEBUG:colcon.colcon_parallel_executor.executor.parallel:loop closed
[8.729s] DEBUG:colcon.colcon_parallel_executor.executor.parallel:run_until_complete finished with '2'
[8.729s] DEBUG:colcon.colcon_core.event_reactor:joining thread
[8.781s] INFO:colcon.colcon_core.plugin_system:Skipping extension 'colcon_notification.desktop_notification.notify_send': Could not find 'notify-send'
[8.782s] INFO:colcon.colcon_core.plugin_system:Skipping extension 'colcon_notification.desktop_notification.terminal_notifier': Not used on non-Darwin systems
[8.782s] INFO:colcon.colcon_core.plugin_system:Skipping extension 'colcon_notification.desktop_notification.win32': Not used on non-Windows systems
[8.782s] INFO:colcon.colcon_notification.desktop_notification:Sending desktop notification using 'notify2'
[8.782s] DEBUG:colcon.colcon_notification.desktop_notification.notify2:Failed to initialize notify2: org.freedesktop.DBus.Error.FileNotFound: Failed to connect to socket /run/user/1000/bus: No such file or directory
[8.782s] DEBUG:colcon.colcon_core.event_reactor:joined thread
[8.783s] INFO:colcon.colcon_core.shell:Creating prefix script '/home/chris/ros_ws/install/local_setup.ps1'
[8.784s] INFO:colcon.colcon_core.shell:Creating prefix util module '/home/chris/ros_ws/install/_local_setup_util_ps1.py'
[8.785s] INFO:colcon.colcon_core.shell:Creating prefix chain script '/home/chris/ros_ws/install/setup.ps1'
[8.786s] INFO:colcon.colcon_core.shell:Creating prefix script '/home/chris/ros_ws/install/local_setup.sh'
[8.786s] INFO:colcon.colcon_core.shell:Creating prefix util module '/home/chris/ros_ws/install/_local_setup_util_sh.py'
[8.787s] INFO:colcon.colcon_core.shell:Creating prefix chain script '/home/chris/ros_ws/install/setup.sh'
[8.788s] INFO:colcon.colcon_core.shell:Creating prefix script '/home/chris/ros_ws/install/local_setup.bash'
[8.789s] INFO:colcon.colcon_core.shell:Creating prefix chain script '/home/chris/ros_ws/install/setup.bash'
[8.790s] INFO:colcon.colcon_core.shell:Creating prefix script '/home/chris/ros_ws/install/local_setup.zsh'
[8.790s] INFO:colcon.colcon_core.shell:Creating prefix chain script '/home/chris/ros_ws/install/setup.zsh'
